IQ-TREE multicore version 2.2.6 COVID-edition for Linux 64-bit built Dec  8 2023
Developed by Bui Quang Minh, James Barbetti, Nguyen Lam Tung,
Olga Chernomor, Heiko Schmidt, Dominik Schrempf, Michael Woodhams, Ly Trong Nhan.

Host:    swizzle (AVX512, FMA3, 62 GB RAM)
Command: iqtree2 -s results_aves_mammal_150/modified_sequences.fasta -T AUTO -nt AUTO -m TEST -bb 1000 -alrt 1000 -pre results_aves_mammal_150/phylogenetic_tree
Seed:    694261 (Using SPRNG - Scalable Parallel Random Number Generator)
Time:    Wed Jun 19 05:52:58 2024
Kernel:  AVX+FMA - auto-detect threads (40 CPU cores detected)

Reading alignment file results_aves_mammal_150/modified_sequences.fasta ... Fasta format detected
Reading fasta file: done in 0.0207379 secs using 89.05% CPU
Alignment most likely contains DNA/RNA sequences
Constructing alignment: done in 0.00577307 secs using 100% CPU
Alignment has 297 sequences with 2280 columns, 1144 distinct patterns
1000 parsimony-informative, 146 singleton sites, 1134 constant sites
                                           Gap/Ambiguity  Composition  p-value
Analyzing sequences: done in 0.000779867 secs using 99.89% CPU
   1  KP413270.1left_bracketAVIANright_bracket     0.00%    passed     81.68%
   2  MF613918.1left_bracketAVIANright_bracket     0.00%    passed     49.36%
   3  MN988187.1left_bracketAVIANright_bracket     0.00%    passed     59.44%
   4  OQ794132.1left_bracketAVIANright_bracket     0.00%    passed     83.27%
   5  MW105029.1left_bracketAVIANright_bracket     0.00%    passed     73.77%
   6  MW106053.1left_bracketAVIANright_bracket     0.00%    passed     74.99%
   7  OQ964801.1left_bracketAVIANright_bracket     0.00%    passed     41.77%
   8  MW965659.1left_bracketAVIANright_bracket     0.00%    passed     92.27%
   9  CY196514.1left_bracketAVIANright_bracket     0.00%    passed     97.73%
  10  CY030966.1left_bracketAVIANright_bracket     0.00%    passed     88.78%
  11  HM145672.1left_bracketAVIANright_bracket     0.00%    passed     57.96%
  12  MW412625.1left_bracketAVIANright_bracket     0.00%    passed     82.38%
  13  OQ293818.1left_bracketAVIANright_bracket     0.00%    passed     88.51%
  14  MN988442.1left_bracketAVIANright_bracket     0.00%    passed     77.39%
  15  MF112278.1left_bracketAVIANright_bracket     0.00%    passed     86.11%
  16  MF113125.1left_bracketAVIANright_bracket     0.00%    passed     83.79%
  17  KY402070.1left_bracketAVIANright_bracket     0.00%    passed     81.25%
  18  KY550838.1left_bracketAVIANright_bracket     0.00%    passed     44.44%
  19  JN869514.1left_bracketAVIANright_bracket     0.00%    passed     76.50%
  20  MW105005.1left_bracketAVIANright_bracket     0.00%    passed     89.01%
  21  KU201845.1left_bracketAVIANright_bracket     0.00%    passed     92.48%
  22  MN988762.1left_bracketAVIANright_bracket     0.00%    passed     64.94%
  23  OL372100.1left_bracketAVIANright_bracket     0.00%    passed     96.49%
  24  MH285289.1left_bracketAVIANright_bracket     0.00%    passed     90.49%
  25  MG891832.1left_bracketAVIANright_bracket     0.00%    passed     95.99%
  26  HM145667.1left_bracketAVIANright_bracket     0.00%    passed     55.41%
  27  MN171439.1left_bracketAVIANright_bracket     0.00%    passed     92.20%
  28  KP413904.1left_bracketAVIANright_bracket     0.00%    passed     83.53%
  29  OQ794100.1left_bracketAVIANright_bracket     0.00%    passed     87.04%
  30  OQ967193.1left_bracketAVIANright_bracket     0.00%    passed     94.98%
  31  MK627840.1left_bracketAVIANright_bracket     0.00%    passed     99.83%
  32  MW872184.1left_bracketAVIANright_bracket     0.00%    passed     71.79%
  33  MZ564889.1left_bracketAVIANright_bracket     0.00%    passed     98.11%
  34  MF630210.1left_bracketAVIANright_bracket     0.00%    passed     84.34%
  35  KY550752.1left_bracketAVIANright_bracket     0.00%    passed     44.08%
  36  CY040955.1left_bracketAVIANright_bracket     0.00%    passed     93.51%
  37  KP415953.1left_bracketAVIANright_bracket     0.00%    passed     88.96%
  38  MF613741.1left_bracketAVIANright_bracket     0.00%    passed     50.22%
  39  MK446827.1left_bracketAVIANright_bracket     0.00%    passed     73.07%
  40  OQ965769.1left_bracketAVIANright_bracket     0.00%    passed     36.38%
  41  KP865916.1left_bracketAVIANright_bracket     0.00%    passed     99.06%
  42  CY185346.1left_bracketAVIANright_bracket     0.00%    passed     89.19%
  43  MK446813.1left_bracketAVIANright_bracket     0.00%    passed     72.82%
  44  KF260894.1left_bracketAVIANright_bracket     0.00%    passed     89.47%
  45  KP417116.1left_bracketAVIANright_bracket     0.00%    passed     64.78%
  46  CY146569.1left_bracketAVIANright_bracket     0.00%    passed     80.26%
  47  MH579285.1left_bracketAVIANright_bracket     0.00%    passed     67.75%
  48  MW108413.1left_bracketAVIANright_bracket     0.00%    passed     76.41%
  49  KP417655.1left_bracketAVIANright_bracket     0.00%    passed     80.11%
  50  KX061823.1left_bracketAVIANright_bracket     0.00%    passed     99.03%
  51  MG965789.1left_bracketAVIANright_bracket     0.00%    passed     94.04%
  52  KP413834.1left_bracketAVIANright_bracket     0.00%    passed     81.92%
  53  KY751295.1left_bracketAVIANright_bracket     0.00%    passed     85.69%
  54  MW105877.1left_bracketAVIANright_bracket     0.26%    passed     57.45%
  55  ON716316.1left_bracketAVIANright_bracket     0.00%    passed     93.04%
  56  MN566025.1left_bracketAVIANright_bracket     0.00%    passed     86.46%
  57  KP417615.1left_bracketAVIANright_bracket     0.00%    passed     80.11%
  58  OQ960361.1left_bracketAVIANright_bracket     0.00%    passed     39.06%
  59  KP416194.1left_bracketAVIANright_bracket     0.00%    passed     79.20%
  60  MT444223.1left_bracketAVIANright_bracket     0.00%    passed     56.82%
  61  OQ826091.1left_bracketAVIANright_bracket     0.00%    passed     84.62%
  62  CY146665.1left_bracketAVIANright_bracket     0.00%    passed     88.69%
  63  OQ959553.1left_bracketAVIANright_bracket     0.00%    passed     37.40%
  64  OQ964441.1left_bracketAVIANright_bracket     0.00%    passed     72.69%
  65  OL370403.1left_bracketAVIANright_bracket     0.00%    passed     87.28%
  66  JF965021.1left_bracketAVIANright_bracket     0.00%    passed     73.41%
  67  OQ962593.1left_bracketAVIANright_bracket     0.00%    passed     40.47%
  68  JN807899.1left_bracketAVIANright_bracket     0.00%    passed     90.82%
  69  MF112277.1left_bracketAVIANright_bracket     0.00%    passed     82.82%
  70  KC261451.1left_bracketAVIANright_bracket     0.00%    passed     98.59%
  71  OQ961761.1left_bracketAVIANright_bracket     0.00%    passed     93.73%
  72  KF260875.1left_bracketAVIANright_bracket     0.00%    passed     81.36%
  73  MK964972.1left_bracketAVIANright_bracket     0.00%    passed     33.57%
  74  KY584017.1left_bracketAVIANright_bracket     0.00%    passed     70.87%
  75  MF112272.1left_bracketAVIANright_bracket     0.00%    passed     85.17%
  76  LC279793.1left_bracketAVIANright_bracket     0.00%    passed     98.21%
  77  JX312549.1left_bracketAVIANright_bracket     0.00%    passed     70.91%
  78  MH209304.1left_bracketAVIANright_bracket     0.00%    passed     91.04%
  79  KP865883.1left_bracketAVIANright_bracket     0.00%    passed     91.81%
  80  KP285370.1left_bracketAVIANright_bracket     0.00%    passed     90.93%
  81  MZ564977.1left_bracketAVIANright_bracket     0.00%    passed     99.68%
  82  CY030950.1left_bracketAVIANright_bracket     0.00%    passed     89.99%
  83  OQ292594.1left_bracketAVIANright_bracket     0.00%    passed     92.92%
  84  KY584031.1left_bracketAVIANright_bracket     0.00%    passed     47.26%
  85  KC986316.1left_bracketAVIANright_bracket     0.00%    passed     55.16%
  86  OQ293162.1left_bracketAVIANright_bracket     0.00%    passed     91.24%
  87  KJ426318.1left_bracketAVIANright_bracket     0.00%    passed     74.76%
  88  CY030926.1left_bracketAVIANright_bracket     0.00%    passed     86.25%
  89  MK446814.1left_bracketAVIANright_bracket     0.00%    passed     74.75%
  90  MH498696.1left_bracketAVIANright_bracket     0.00%    passed     52.31%
  91  OQ962145.1left_bracketAVIANright_bracket     0.00%    passed     62.77%
  92  KP416362.1left_bracketAVIANright_bracket     0.00%    passed     82.83%
  93  MT828575.1left_bracketAVIANright_bracket     0.00%    passed     89.44%
  94  MN530165.1left_bracketAVIANright_bracket     0.00%    passed     88.59%
  95  MW106709.1left_bracketAVIANright_bracket     0.04%    passed     79.01%
  96  MK964583.1left_bracketAVIANright_bracket     0.00%    passed     28.16%
  97  MK446789.1left_bracketAVIANright_bracket     0.00%    passed     70.91%
  98  KT589154.1left_bracketAVIANright_bracket     0.00%    passed     96.45%
  99  MW108605.1left_bracketAVIANright_bracket     0.00%    passed     71.11%
 100  MF973222.1left_bracketAVIANright_bracket     0.00%    passed     92.14%
 101  KP286534.1left_bracketAVIANright_bracket     0.00%    passed     79.12%
 102  MT421309.1left_bracketAVIANright_bracket     0.00%    passed     62.79%
 103  ON374814.1left_bracketAVIANright_bracket     0.00%    passed     28.35%
 104  CY109519.1left_bracketAVIANright_bracket     0.00%    passed     53.12%
 105  MF112339.1left_bracketAVIANright_bracket     0.00%    passed     77.77%
 106  KX598539.1left_bracketAVIANright_bracket     0.00%    passed     69.47%
 107  KF357825.1left_bracketAVIANright_bracket     0.00%    passed     86.44%
 108  MW106317.1left_bracketAVIANright_bracket     0.00%    passed     74.62%
 109  MW265019.1left_bracketAVIANright_bracket     0.00%    passed     82.95%
 110  MW132957.1left_bracketAVIANright_bracket     0.00%    passed     44.92%
 111  HM145686.1left_bracketAVIANright_bracket     0.00%    passed     71.30%
 112  OM373259.1left_bracketAVIANright_bracket     0.00%    passed     99.32%
 113  OQ292586.1left_bracketAVIANright_bracket     0.00%    passed     89.44%
 114  MH932377.2left_bracketAVIANright_bracket     0.00%    passed     47.69%
 115  OQ965065.1left_bracketAVIANright_bracket     0.00%    passed     40.90%
 116  MW094629.1left_bracketAVIANright_bracket     0.00%    passed     83.50%
 117  MN647475.1left_bracketAVIANright_bracket     0.00%    passed     85.54%
 118  JN817611.1left_bracketAVIANright_bracket     0.00%    passed     69.72%
 119  OR497659.1left_bracketAVIANright_bracket     0.00%    passed     95.02%
 120  CY109303.1left_bracketAVIANright_bracket     0.00%    passed     81.12%
 121  HM145738.1left_bracketAVIANright_bracket     0.00%    passed     99.72%
 122  OM333407.1left_bracketAVIANright_bracket     0.00%    passed     91.69%
 123  KF260903.1left_bracketAVIANright_bracket     0.00%    passed     66.24%
 124  MN988355.1left_bracketAVIANright_bracket     0.00%    passed     82.08%
 125  CY196771.1left_bracketAVIANright_bracket     0.00%    passed     99.73%
 126  PP091191.1left_bracketAVIANright_bracket     0.00%    passed     86.44%
 127  MG599659.1left_bracketAVIANright_bracket     0.04%    passed     39.67%
 128  KP417875.1left_bracketAVIANright_bracket     0.00%    passed     86.79%
 129  KP418433.1left_bracketAVIANright_bracket     0.00%    passed     89.30%
 130  MH579071.1left_bracketAVIANright_bracket     0.00%    passed     41.43%
 131  OQ293490.1left_bracketAVIANright_bracket     0.00%    passed     87.80%
 132  MZ565305.1left_bracketAVIANright_bracket     0.00%    passed     99.18%
 133  MG706984.1left_bracketAVIANright_bracket     0.00%    passed     25.53%
 134  CY110663.1left_bracketAVIANright_bracket     0.00%    passed     57.02%
 135  KX598523.1left_bracketAVIANright_bracket     0.00%    passed     76.05%
 136  KP416916.1left_bracketAVIANright_bracket     0.00%    passed     89.48%
 137  KP732577.1left_bracketAVIANright_bracket     0.00%    passed     80.88%
 138  KY971035.1left_bracketAVIANright_bracket     0.00%    passed     99.84%
 139  MH498795.1left_bracketAVIANright_bracket     0.00%    passed     89.07%
 140  KP287499.1left_bracketAVIANright_bracket     0.00%    passed     84.62%
 141  MW095026.1left_bracketAVIANright_bracket     0.00%    passed     78.33%
 142  MW094458.1left_bracketAVIANright_bracket     0.00%    passed     82.17%
 143  KT388561.1left_bracketAVIANright_bracket     0.00%    passed     91.68%
 144  MK964487.1left_bracketAVIANright_bracket     0.00%    passed     99.37%
 145  MF629978.1left_bracketAVIANright_bracket     0.00%    passed     71.36%
 146  KF260874.1left_bracketAVIANright_bracket     0.00%    passed     79.20%
 147  KP285066.1left_bracketAVIANright_bracket     0.00%    passed     74.99%
 148  KT449712.1left_bracketAVIANright_bracket     0.00%    passed     83.29%
 149  HQ014837.1left_bracketAVIANright_bracket     0.00%    passed     98.83%
 150  OR730444.1left_bracketMAMMALright_bracket    0.00%    passed     75.50%
 151  PP398345.1left_bracketMAMMALright_bracket    0.00%    passed     99.18%
 152  KU591850.1left_bracketMAMMALright_bracket    0.04%    passed     47.30%
 153  KY509887.1left_bracketMAMMALright_bracket    0.00%    passed     76.18%
 154  MW169656.1left_bracketMAMMALright_bracket    0.00%    passed     15.78%
 155  KM028468.1left_bracketMAMMALright_bracket    0.04%    passed     95.81%
 156  PP338972.1left_bracketMAMMALright_bracket    0.00%    passed     99.85%
 157  PP658633.1left_bracketMAMMALright_bracket    0.00%    passed     61.55%
 158  OP954299.1left_bracketMAMMALright_bracket    0.00%    passed     65.22%
 159  KT840917.1left_bracketMAMMALright_bracket    0.00%    passed     50.33%
 160  KX907903.1left_bracketMAMMALright_bracket    0.00%    passed     84.13%
 161  OP085911.1left_bracketMAMMALright_bracket    0.00%    passed     72.15%
 162  CY159654.1left_bracketMAMMALright_bracket   39.04%    passed     41.54%
 163  MK651427.1left_bracketMAMMALright_bracket    0.00%    passed     92.65%
 164  MK502655.1left_bracketMAMMALright_bracket    0.00%    passed     87.29%
 165  MK960355.1left_bracketMAMMALright_bracket    0.00%    passed     36.71%
 166  OQ796973.1left_bracketMAMMALright_bracket    0.00%    passed     97.09%
 167  PP193665.1left_bracketMAMMALright_bracket    0.00%    passed     91.74%
 168  KM029140.1left_bracketMAMMALright_bracket    0.00%    passed     96.61%
 169  MK651337.1left_bracketMAMMALright_bracket    0.00%    passed     92.48%
 170  PP698969.1left_bracketMAMMALright_bracket    0.00%    passed     96.59%
 171  OP590460.1left_bracketMAMMALright_bracket    0.00%    passed     82.32%
 172  MT041178.1left_bracketMAMMALright_bracket    0.00%    passed     95.64%
 173  PP658617.1left_bracketMAMMALright_bracket    0.00%    passed     63.98%
 174  OP952387.1left_bracketMAMMALright_bracket    0.00%    passed     67.39%
 175  MN170143.1left_bracketMAMMALright_bracket    0.00%    passed     93.59%
 176  MZ665315.1left_bracketMAMMALright_bracket    0.00%    passed     77.56%
 177  MH156540.1left_bracketMAMMALright_bracket    0.00%    passed     89.42%
 178  MG914218.1left_bracketMAMMALright_bracket    0.00%    passed     39.61%
 179  OQ507027.1left_bracketMAMMALright_bracket    0.00%    passed     84.92%
 180  MK869074.1left_bracketMAMMALright_bracket    0.00%    passed     89.42%
 181  KP765853.1left_bracketMAMMALright_bracket    0.00%    passed     97.72%
 182  PP508619.1left_bracketMAMMALright_bracket    0.00%    passed     76.95%
 183  MZ477664.1left_bracketMAMMALright_bracket    0.00%    passed     52.91%
 184  KM028324.1left_bracketMAMMALright_bracket    0.00%    passed     65.04%
 185  PP558072.1left_bracketMAMMALright_bracket    0.00%    passed     99.45%
 186  PP509446.1left_bracketMAMMALright_bracket    0.00%    passed     73.28%
 187  MT823504.1left_bracketMAMMALright_bracket    0.00%    passed     92.12%
 188  PP553301.1left_bracketMAMMALright_bracket    0.00%    passed     99.48%
 189  KM359863.1left_bracketMAMMALright_bracket    0.00%    passed     11.00%
 190  OQ695094.1left_bracketMAMMALright_bracket    0.00%    passed     97.97%
 191  KX631943.1left_bracketMAMMALright_bracket    0.00%    passed     81.50%
 192  CY086917.1left_bracketMAMMALright_bracket    0.00%    passed     89.31%
 193  PP416341.1left_bracketMAMMALright_bracket    0.00%    passed     79.73%
 194  OR472746.1left_bracketMAMMALright_bracket    0.00%    passed     98.58%
 195  MK927689.1left_bracketMAMMALright_bracket    0.00%    passed     76.95%
 196  KR057308.1left_bracketMAMMALright_bracket    0.00%    passed     85.69%
 197  OR166947.1left_bracketMAMMALright_bracket    0.00%    passed     99.70%
 198  CY246072.1left_bracketMAMMALright_bracket    0.00%    passed     94.87%
 199  OQ786442.1left_bracketMAMMALright_bracket    0.00%    passed     78.47%
 200  MK927643.1left_bracketMAMMALright_bracket    0.00%    passed     88.88%
 201  PP399538.1left_bracketMAMMALright_bracket    0.00%    passed     91.74%
 202  OQ695102.1left_bracketMAMMALright_bracket    0.13%    passed     61.68%
 203  PP755980.1left_bracketMAMMALright_bracket    0.00%    passed     63.47%
 204  MG198917.1left_bracketMAMMALright_bracket    0.00%    passed     62.08%
 205  PP658635.1left_bracketMAMMALright_bracket    0.00%    passed     58.63%
 206  MK535422.1left_bracketMAMMALright_bracket    0.00%    passed     79.33%
 207  PP072596.1left_bracketMAMMALright_bracket    0.00%    passed     99.80%
 208  MK869122.1left_bracketMAMMALright_bracket    0.00%    passed     43.47%
 209  KU589995.1left_bracketMAMMALright_bracket    0.00%    passed     46.97%
 210  CY013564.1left_bracketMAMMALright_bracket    0.00%    passed     12.22%
 211  OQ240670.1left_bracketMAMMALright_bracket    0.00%    passed     72.11%
 212  KU590005.1left_bracketMAMMALright_bracket    0.00%    passed     44.15%
 213  PP498399.1left_bracketMAMMALright_bracket    0.00%    passed     99.60%
 214  MZ460879.1left_bracketMAMMALright_bracket    0.00%    passed     84.48%
 215  PP557881.1left_bracketMAMMALright_bracket    0.00%    passed     71.67%
 216  CY116063.1left_bracketMAMMALright_bracket    0.04%    passed     67.87%
 217  MK839850.1left_bracketMAMMALright_bracket    0.00%    passed     45.15%
 218  KC471470.1left_bracketMAMMALright_bracket    0.00%    passed     89.17%
 219  PP577775.1left_bracketMAMMALright_bracket    0.00%    passed     93.69%
 220  PP459870.1left_bracketMAMMALright_bracket    0.00%    passed     98.74%
 221  MK743385.1left_bracketMAMMALright_bracket    0.00%    passed     62.99%
 222  KX264688.1left_bracketMAMMALright_bracket    0.00%    passed     94.45%
 223  MK576961.1left_bracketMAMMALright_bracket    0.00%    passed     88.73%
 224  KX264685.1left_bracketMAMMALright_bracket    0.00%    passed     84.76%
 225  MH922886.1left_bracketMAMMALright_bracket    0.00%    passed     89.97%
 226  OQ796022.1left_bracketMAMMALright_bracket    0.00%    passed     99.70%
 227  PP093627.1left_bracketMAMMALright_bracket    0.00%    passed     88.28%
 228  KM029924.1left_bracketMAMMALright_bracket    0.00%    passed     94.41%
 229  OP952749.1left_bracketMAMMALright_bracket    0.00%    passed     67.39%
 230  MK785746.1left_bracketMAMMALright_bracket    0.00%    passed     96.22%
 231  MN170159.1left_bracketMAMMALright_bracket    0.00%    passed     47.15%
 232  MN573262.1left_bracketMAMMALright_bracket    0.00%    passed     65.15%
 233  PP432532.1left_bracketMAMMALright_bracket    0.00%    passed     99.74%
 234  KT838108.1left_bracketMAMMALright_bracket    0.00%    passed     35.89%
 235  PP260775.1left_bracketMAMMALright_bracket    0.00%    passed     99.65%
 236  KR052678.1left_bracketMAMMALright_bracket    0.00%    passed     95.27%
 237  MN608558.1left_bracketMAMMALright_bracket    0.00%    passed     46.12%
 238  OP590682.1left_bracketMAMMALright_bracket    0.00%    passed     82.32%
 239  PP073114.1left_bracketMAMMALright_bracket    0.00%    passed     92.14%
 240  KT843720.1left_bracketMAMMALright_bracket    0.00%    passed     51.31%
 241  OR728930.1left_bracketMAMMALright_bracket    0.00%    passed     96.22%
 242  MN198828.1left_bracketMAMMALright_bracket    0.00%    passed     90.27%
 243  OQ459870.1left_bracketMAMMALright_bracket    0.00%    passed     99.43%
 244  MG784652.1left_bracketMAMMALright_bracket    0.00%    passed     85.81%
 245  PP522580.1left_bracketMAMMALright_bracket    0.00%    passed     74.98%
 246  MN873859.1left_bracketMAMMALright_bracket    0.00%    passed     43.13%
 247  MK535814.1left_bracketMAMMALright_bracket    0.00%    passed     88.30%
 248  OR479494.1left_bracketMAMMALright_bracket    0.00%    passed     80.89%
 249  OP096952.1left_bracketMAMMALright_bracket    0.00%    passed     65.22%
 250  KC471366.1left_bracketMAMMALright_bracket    0.00%    passed     98.03%
 251  MT233558.1left_bracketMAMMALright_bracket    0.00%    passed     92.68%
 252  CY065291.1left_bracketMAMMALright_bracket    0.00%    passed     96.58%
 253  PP523077.1left_bracketMAMMALright_bracket    0.00%    passed     76.95%
 254  PP072473.1left_bracketMAMMALright_bracket    0.00%    passed     87.09%
 255  MN169943.1left_bracketMAMMALright_bracket    0.00%    passed     94.84%
 256  OQ754651.1left_bracketMAMMALright_bracket    0.00%    passed     80.89%
 257  MK109754.1left_bracketMAMMALright_bracket    0.00%    passed     86.86%
 258  MG279269.1left_bracketMAMMALright_bracket    0.04%    passed     52.19%
 259  OP959858.1left_bracketMAMMALright_bracket    0.00%    passed     60.19%
 260  MH425048.1left_bracketMAMMALright_bracket    0.00%    passed     87.87%
 261  MN934398.1left_bracketMAMMALright_bracket    0.00%    passed     32.87%
 262  OQ652859.1left_bracketMAMMALright_bracket    0.00%    passed     69.22%
 263  OR699593.1left_bracketMAMMALright_bracket    0.00%    passed     82.55%
 264  PP233977.1left_bracketMAMMALright_bracket    0.00%    passed     76.95%
 265  KC780717.1left_bracketMAMMALright_bracket    0.00%    passed     94.80%
 266  OQ917451.1left_bracketMAMMALright_bracket    0.00%    passed     75.13%
 267  MN416351.1left_bracketMAMMALright_bracket    0.00%    passed     65.58%
 268  OP951745.1left_bracketMAMMALright_bracket    0.00%    passed     67.77%
 269  PP072709.1left_bracketMAMMALright_bracket    0.00%    passed     99.47%
 270  KT841469.1left_bracketMAMMALright_bracket    0.00%    passed     57.01%
 271  MN081489.1left_bracketMAMMALright_bracket    0.00%    passed     44.43%
 272  PP508659.1left_bracketMAMMALright_bracket    0.00%    passed     70.66%
 273  JQ695876.1left_bracketMAMMALright_bracket    0.00%    passed     98.20%
 274  CY116312.1left_bracketMAMMALright_bracket    0.00%    passed     48.23%
 275  OP096989.1left_bracketMAMMALright_bracket    0.00%    passed     72.78%
 276  KY089204.1left_bracketMAMMALright_bracket    0.00%    passed     48.94%
 277  OR439806.1left_bracketMAMMALright_bracket    0.00%    passed     95.62%
 278  MG521054.1left_bracketMAMMALright_bracket    0.00%    passed     88.52%
 279  PP193407.1left_bracketMAMMALright_bracket    0.00%    passed     77.83%
 280  PP417047.1left_bracketMAMMALright_bracket    0.00%    passed     98.95%
 281  OR483614.1left_bracketMAMMALright_bracket    0.00%    passed     81.47%
 282  OQ368242.1left_bracketMAMMALright_bracket    0.00%    passed     79.03%
 283  KC473861.1left_bracketMAMMALright_bracket    0.00%    passed     97.68%
 284  MT666264.1left_bracketMAMMALright_bracket    0.00%    passed     70.36%
 285  KU322884.1left_bracketMAMMALright_bracket    0.00%    passed     16.47%
 286  MK848558.1left_bracketMAMMALright_bracket    0.00%    passed     90.21%
 287  MH620507.1left_bracketMAMMALright_bracket    0.00%    passed     84.66%
 288  CY131628.1left_bracketMAMMALright_bracket    0.00%    passed     88.07%
 289  KJ528296.1left_bracketMAMMALright_bracket    0.00%    passed     89.82%
 290  CY067275.1left_bracketMAMMALright_bracket    0.00%    passed     31.25%
 291  OQ796513.1left_bracketMAMMALright_bracket    0.00%    passed     77.05%
 292  MK640856.1left_bracketMAMMALright_bracket    0.00%    passed     54.62%
 293  KM028700.1left_bracketMAMMALright_bracket    0.00%    passed     96.61%
 294  MK576719.1left_bracketMAMMALright_bracket    0.00%    passed     51.19%
 295  KT843687.1left_bracketMAMMALright_bracket    0.00%    passed     51.31%
 296  KT835900.1left_bracketMAMMALright_bracket    0.00%    passed     48.94%
 297  MK960531.1left_bracketMAMMALright_bracket    0.00%    passed     44.02%
****  TOTAL                                        0.13%  0 sequences failed composition chi2 test (p-value<5%; df=3)
NOTE: KP417615.1left_bracketAVIANright_bracket is identical to KP417655.1left_bracketAVIANright_bracket but kept for subsequent analysis
NOTE: OP952749.1left_bracketMAMMALright_bracket is identical to OP952387.1left_bracketMAMMALright_bracket but kept for subsequent analysis
NOTE: PP523077.1left_bracketMAMMALright_bracket is identical to PP508619.1left_bracketMAMMALright_bracket but kept for subsequent analysis
NOTE: KT843687.1left_bracketMAMMALright_bracket is identical to KT843720.1left_bracketMAMMALright_bracket but kept for subsequent analysis
Checking for duplicate sequences: done in 0.00144601 secs using 99.86% CPU
Identifying sites to remove: done in 0.00503516 secs using 99.98% CPU
NOTE: 1 identical sequences (see below) will be ignored for subsequent analysis
NOTE: PP233977.1left_bracketMAMMALright_bracket (identical to PP508619.1left_bracketMAMMALright_bracket) is ignored but added at the end
Alignment was printed to results_aves_mammal_150/phylogenetic_tree.uniqueseq.phy

For your convenience alignment with unique sequences printed to results_aves_mammal_150/phylogenetic_tree.uniqueseq.phy


Create initial parsimony tree by phylogenetic likelihood library (PLL)... 0.068 seconds
Measuring multi-threading efficiency up to 40 CPU cores
Increase to 10 rounds for branch lengths
54 trees examined
Threads: 1 / Time: 40.357 sec / Speedup: 1.000 / Efficiency: 100% / LogL: -200764
Threads: 2 / Time: 25.107 sec / Speedup: 1.607 / Efficiency: 80% / LogL: -200764
Threads: 3 / Time: 20.977 sec / Speedup: 1.924 / Efficiency: 64% / LogL: -200764
Threads: 4 / Time: 18.520 sec / Speedup: 2.179 / Efficiency: 54% / LogL: -200764
Threads: 5 / Time: 17.956 sec / Speedup: 2.248 / Efficiency: 45% / LogL: -200764
Determining AUTO threadcount: done in 122.927 secs using 257.8% CPU
BEST NUMBER OF THREADS: 4

Perform fast likelihood tree search using GTR+I+G model...
Estimate model parameters (epsilon = 5.000)
Perform nearest neighbor interchange...
Optimizing NNI: done in 0.271641 secs using 397.9% CPU
Estimate model parameters (epsilon = 1.000)
1. Initial log-likelihood: -51405.907
Optimal log-likelihood: -51404.654
Rate parameters:  A-C: 1.63380  A-G: 10.88209  A-T: 0.88700  C-G: 0.08849  C-T: 15.75057  G-T: 1.00000
Base frequencies:  A: 0.337  C: 0.187  G: 0.257  T: 0.219
Proportion of invariable sites: 0.372
Gamma shape alpha: 0.657
Parameters optimization took 1 rounds (0.216 sec)
Time for fast ML tree search: 2.406 seconds

NOTE: ModelFinder requires 48 MB RAM!
ModelFinder will test up to 88 DNA models (sample size: 2280) ...
 No. Model         -LnL         df  AIC          AICc         BIC
  1  GTR+F         58659.013    597 118512.027   118936.529   121933.989
  2  GTR+F+I       52985.193    598 107166.385   107592.563   110594.080
  3  GTR+F+G4      51455.696    598 104107.391   104533.569   107535.086
  4  GTR+F+I+G4    51389.341    599 103976.683   104404.540   107410.109
  8  SYM+I+G4      51595.868    596 104383.736   104806.567   107799.967
 12  TVM+F+I+G4    51460.352    598 104116.703   104542.880   107544.398
 16  TVMe+I+G4     51596.113    595 104382.225   104803.389   107792.724
 20  TIM3+F+I+G4   51589.339    597 104372.678   104797.180   107794.640
 24  TIM3e+I+G4    51832.025    594 104852.051   105271.552   108256.817
 28  TIM2+F+I+G4   51515.589    597 104225.178   104649.680   107647.141
 32  TIM2e+I+G4    51719.856    594 104627.712   105047.213   108032.479
 36  TIM+F+I+G4    51500.008    597 104194.016   104618.518   107615.979
 40  TIMe+I+G4     51749.966    594 104687.931   105107.433   108092.698
 44  TPM3u+F+I+G4  51659.596    596 104511.192   104934.023   107927.423
 48  TPM3+I+G4     51832.079    593 104850.159   105268.002   108249.194
 52  TPM2u+F+I+G4  51586.750    596 104365.499   104788.330   107781.730
 56  TPM2+I+G4     51720.116    593 104626.233   105044.076   108025.267
 60  K3Pu+F+I+G4   51570.815    596 104333.630   104756.461   107749.861
 64  K3P+I+G4      51750.004    593 104686.008   105103.851   108085.043
 68  TN+F+I+G4     51589.462    596 104370.924   104793.755   107787.155
 72  TNe+I+G4      51833.223    593 104852.446   105270.290   108251.481
 76  HKY+F+I+G4    51659.622    595 104509.245   104930.409   107919.744
 80  K2P+I+G4      51833.282    592 104850.563   105266.753   108243.866
 84  F81+F+I+G4    57595.834    594 116379.667   116799.169   119784.434
 88  JC+I+G4       57960.067    591 117102.135   117516.675   120489.706
Akaike Information Criterion:           GTR+F+I+G4
Corrected Akaike Information Criterion: GTR+F+I+G4
Bayesian Information Criterion:         GTR+F+I+G4
Best-fit model: GTR+F+I+G4 chosen according to BIC

All model information printed to results_aves_mammal_150/phylogenetic_tree.model.gz
CPU time for ModelFinder: 382.642 seconds (0h:6m:22s)
Wall-clock time for ModelFinder: 139.495 seconds (0h:2m:19s)
Generating 1000 samples for ultrafast bootstrap (seed: 694261)...

NOTE: 48 MB RAM (0 GB) is required!
Estimate model parameters (epsilon = 0.100)
Thoroughly optimizing +I+G parameters from 10 start values...
Init pinv, alpha: 0.000, 1.070 / Estimate: 0.000, 0.242 / LogL: -51455.689
Init pinv, alpha: 0.055, 1.070 / Estimate: 0.454, 1.073 / LogL: -51389.276
Init pinv, alpha: 0.111, 1.070 / Estimate: 0.454, 1.068 / LogL: -51389.326
Init pinv, alpha: 0.166, 1.070 / Estimate: 0.454, 1.073 / LogL: -51389.261
Init pinv, alpha: 0.221, 1.070 / Estimate: 0.454, 1.073 / LogL: -51389.276
Init pinv, alpha: 0.276, 1.070 / Estimate: 0.454, 1.069 / LogL: -51389.332
Init pinv, alpha: 0.332, 1.070 / Estimate: 0.454, 1.071 / LogL: -51389.312
Init pinv, alpha: 0.387, 1.070 / Estimate: 0.454, 1.066 / LogL: -51389.374
Init pinv, alpha: 0.442, 1.070 / Estimate: 0.454, 1.069 / LogL: -51389.358
Init pinv, alpha: 0.497, 1.070 / Estimate: 0.461, 1.138 / LogL: -51389.282
Optimal pinv,alpha: 0.454, 1.073 / LogL: -51389.261

Parameters optimization took 34.396 sec
Wrote distance file to... 
Computing ML distances based on estimated model parameters...
Calculating distance matrix: done in 0.134992 secs using 400.5% CPU
Computing ML distances took 0.135690 sec (of wall-clock time) 0.542720 sec (of CPU time)
Setting up auxiliary I and S matrices: done in 0.000813007 secs using 422.6% CPU
Constructing RapidNJ tree: done in 0.0118618 secs using 479% CPU
Computing RapidNJ tree took 0.012727 sec (of wall-clock time) 0.062187 sec (of CPU time)
Log-likelihood of RapidNJ tree: -51885.407
--------------------------------------------------------------------
|             INITIALIZING CANDIDATE TREE SET                      |
--------------------------------------------------------------------
Generating 98 parsimony trees... 6.116 second
Computing log-likelihood of 98 initial trees ... 3.717 seconds
Current best score: -51389.261

Do NNI search on 20 best initial trees
Optimizing NNI: done in 0.379817 secs using 395% CPU
Estimate model parameters (epsilon = 0.100)
BETTER TREE FOUND at iteration 1: -51389.209
Optimizing NNI: done in 0.874488 secs using 396.8% CPU
Estimate model parameters (epsilon = 0.100)
BETTER TREE FOUND at iteration 2: -51363.771
Optimizing NNI: done in 1.08166 secs using 398.2% CPU
Optimizing NNI: done in 1.12298 secs using 396.8% CPU
Optimizing NNI: done in 1.05623 secs using 397.7% CPU
Optimizing NNI: done in 0.941174 secs using 395.3% CPU
Optimizing NNI: done in 1.17001 secs using 397.2% CPU
Optimizing NNI: done in 1.09074 secs using 395.2% CPU
Optimizing NNI: done in 0.984586 secs using 396.3% CPU
Optimizing NNI: done in 1.08939 secs using 397.4% CPU
Iteration 10 / LogL: -51375.933 / Time: 0h:0m:54s
Optimizing NNI: done in 0.923426 secs using 398.3% CPU
Optimizing NNI: done in 1.00995 secs using 395.6% CPU
Optimizing NNI: done in 0.828602 secs using 395.7% CPU
Optimizing NNI: done in 1.03853 secs using 398.4% CPU
Optimizing NNI: done in 0.843943 secs using 399.5% CPU
Optimizing NNI: done in 1.06524 secs using 399.3% CPU
Optimizing NNI: done in 0.990247 secs using 397.2% CPU
Optimizing NNI: done in 1.10234 secs using 395.3% CPU
Optimizing NNI: done in 1.17651 secs using 398.2% CPU
Optimizing NNI: done in 1.07146 secs using 397.8% CPU
Iteration 20 / LogL: -51372.372 / Time: 0h:1m:5s
Finish initializing candidate tree set (20)
Current best tree score: -51363.771 / CPU time: 30.091
Number of iterations: 20
--------------------------------------------------------------------
|               OPTIMIZING CANDIDATE TREE SET                      |
--------------------------------------------------------------------
Optimizing NNI: done in 1.21778 secs using 399.6% CPU
Optimizing NNI: done in 1.17175 secs using 398.9% CPU
Optimizing NNI: done in 1.24527 secs using 399% CPU
Optimizing NNI: done in 1.4636 secs using 396.7% CPU
Estimate model parameters (epsilon = 0.100)
BETTER TREE FOUND at iteration 24: -51359.611
Optimizing NNI: done in 1.30068 secs using 398.8% CPU
Optimizing NNI: done in 1.30715 secs using 398.5% CPU
Optimizing NNI: done in 1.3126 secs using 397.3% CPU
Optimizing NNI: done in 1.46447 secs using 396.9% CPU
Optimizing NNI: done in 0.763858 secs using 400% CPU
Optimizing NNI: done in 1.44142 secs using 399.7% CPU
Iteration 30 / LogL: -51376.070 / Time: 0h:1m:18s (0h:4m:12s left)
Optimizing NNI: done in 1.09152 secs using 400% CPU
Optimizing NNI: done in 1.43581 secs using 398.6% CPU
Optimizing NNI: done in 1.24117 secs using 399% CPU
Optimizing NNI: done in 1.18788 secs using 399.3% CPU
Optimizing NNI: done in 1.20664 secs using 399.3% CPU
Optimizing NNI: done in 1.35669 secs using 397.9% CPU
Optimizing NNI: done in 1.31688 secs using 399.4% CPU
Optimizing NNI: done in 1.25623 secs using 398.1% CPU
Optimizing NNI: done in 1.24923 secs using 397.7% CPU
Optimizing NNI: done in 1.51354 secs using 398.7% CPU
Iteration 40 / LogL: -51369.649 / Time: 0h:1m:31s (0h:3m:16s left)
Optimizing NNI: done in 1.453 secs using 397.8% CPU
Estimate model parameters (epsilon = 0.100)
BETTER TREE FOUND at iteration 41: -51359.028
Optimizing NNI: done in 1.14951 secs using 398.6% CPU
Optimizing NNI: done in 1.36463 secs using 398.5% CPU
Optimizing NNI: done in 1.20428 secs using 399% CPU
Optimizing NNI: done in 1.34911 secs using 397.8% CPU
Optimizing NNI: done in 1.2978 secs using 397.8% CPU
Optimizing NNI: done in 1.34435 secs using 399% CPU
Optimizing NNI: done in 1.01946 secs using 398.8% CPU
Optimizing NNI: done in 1.26629 secs using 399.7% CPU
Estimate model parameters (epsilon = 0.100)
BETTER TREE FOUND at iteration 49: -51358.257
Optimizing NNI: done in 1.24906 secs using 397.8% CPU
Estimate model parameters (epsilon = 0.100)
BETTER TREE FOUND at iteration 50: -51357.494
Iteration 50 / LogL: -51357.494 / Time: 0h:1m:44s (0h:3m:33s left)
Log-likelihood cutoff on original alignment: -51418.665
Optimizing NNI: done in 1.3448 secs using 398.4% CPU
Optimizing NNI: done in 1.26716 secs using 398.1% CPU
Optimizing NNI: done in 1.20129 secs using 398.6% CPU
Optimizing NNI: done in 1.04022 secs using 400% CPU
Optimizing NNI: done in 1.62891 secs using 397.7% CPU
Estimate model parameters (epsilon = 0.100)
BETTER TREE FOUND at iteration 55: -51357.482
Optimizing NNI: done in 1.19135 secs using 399.3% CPU
Optimizing NNI: done in 1.13905 secs using 397.5% CPU
Optimizing NNI: done in 1.16597 secs using 399.2% CPU
Optimizing NNI: done in 1.2001 secs using 399.3% CPU
Optimizing NNI: done in 1.2759 secs using 398.7% CPU
Iteration 60 / LogL: -51358.864 / Time: 0h:1m:58s (0h:3m:10s left)
Optimizing NNI: done in 1.0337 secs using 398.8% CPU
Optimizing NNI: done in 1.22951 secs using 399.3% CPU
Optimizing NNI: done in 1.34941 secs using 399.4% CPU
Optimizing NNI: done in 1.33747 secs using 397.9% CPU
Optimizing NNI: done in 1.42426 secs using 398.6% CPU
Optimizing NNI: done in 1.35942 secs using 399.1% CPU
Optimizing NNI: done in 1.43012 secs using 397.8% CPU
Optimizing NNI: done in 1.36347 secs using 398.8% CPU
Optimizing NNI: done in 1.29242 secs using 398.7% CPU
Optimizing NNI: done in 1.21641 secs using 399% CPU
Iteration 70 / LogL: -51358.502 / Time: 0h:2m:11s (0h:2m:41s left)
Optimizing NNI: done in 1.38543 secs using 398.5% CPU
Optimizing NNI: done in 1.52005 secs using 398.4% CPU
Optimizing NNI: done in 1.38334 secs using 397.4% CPU
Optimizing NNI: done in 1.34707 secs using 399.1% CPU
Optimizing NNI: done in 1.17132 secs using 398.3% CPU
Optimizing NNI: done in 1.22459 secs using 398.3% CPU
Optimizing NNI: done in 1.24392 secs using 398.4% CPU
Optimizing NNI: done in 1.26776 secs using 398.4% CPU
Optimizing NNI: done in 1.42141 secs using 396.9% CPU
Optimizing NNI: done in 1.18709 secs using 400% CPU
Iteration 80 / LogL: -51378.851 / Time: 0h:2m:24s (0h:2m:17s left)
Optimizing NNI: done in 1.34131 secs using 398.2% CPU
Optimizing NNI: done in 1.32882 secs using 398.4% CPU
Optimizing NNI: done in 1.17942 secs using 399% CPU
Optimizing NNI: done in 1.39817 secs using 397.4% CPU
Optimizing NNI: done in 1.42871 secs using 399.2% CPU
Optimizing NNI: done in 0.957227 secs using 400% CPU
Optimizing NNI: done in 1.47118 secs using 396.5% CPU
Optimizing NNI: done in 1.09447 secs using 399.7% CPU
Optimizing NNI: done in 0.810803 secs using 400% CPU
Optimizing NNI: done in 1.11964 secs using 399.7% CPU
Iteration 90 / LogL: -51465.696 / Time: 0h:2m:37s (0h:1m:54s left)
Optimizing NNI: done in 1.30908 secs using 399.1% CPU
Optimizing NNI: done in 1.47497 secs using 398.1% CPU
Optimizing NNI: done in 1.41476 secs using 398.9% CPU
Optimizing NNI: done in 1.36735 secs using 397.7% CPU
Optimizing NNI: done in 0.964768 secs using 397.9% CPU
Optimizing NNI: done in 1.36586 secs using 397.9% CPU
Optimizing NNI: done in 1.49848 secs using 398.7% CPU
Optimizing NNI: done in 1.06181 secs using 398.9% CPU
Optimizing NNI: done in 1.15585 secs using 398.6% CPU
Optimizing NNI: done in 1.14529 secs using 398.9% CPU
Iteration 100 / LogL: -51415.569 / Time: 0h:2m:50s (0h:1m:34s left)
Log-likelihood cutoff on original alignment: -51418.665
NOTE: Bootstrap correlation coefficient of split occurrence frequencies: 0.997
Optimizing NNI: done in 1.29352 secs using 398.8% CPU
Optimizing NNI: done in 1.1839 secs using 396.9% CPU
Optimizing NNI: done in 1.30762 secs using 399.1% CPU
Optimizing NNI: done in 1.21244 secs using 399.7% CPU
Optimizing NNI: done in 1.32791 secs using 397.6% CPU
Optimizing NNI: done in 1.12766 secs using 400% CPU
Optimizing NNI: done in 1.47703 secs using 399.5% CPU
Optimizing NNI: done in 1.31732 secs using 397.9% CPU
Optimizing NNI: done in 1.40207 secs using 398.9% CPU
Optimizing NNI: done in 1.3796 secs using 398.5% CPU
Iteration 110 / LogL: -51357.504 / Time: 0h:3m:4s (0h:2m:32s left)
Optimizing NNI: done in 1.17843 secs using 397.6% CPU
Optimizing NNI: done in 1.40309 secs using 399.2% CPU
Optimizing NNI: done in 1.13034 secs using 400% CPU
Optimizing NNI: done in 1.20118 secs using 399.3% CPU
Optimizing NNI: done in 1.25016 secs using 398.1% CPU
Optimizing NNI: done in 1.46547 secs using 397% CPU
Optimizing NNI: done in 1.29083 secs using 398.5% CPU
Optimizing NNI: done in 1.04516 secs using 399.3% CPU
Optimizing NNI: done in 1.46632 secs using 398.1% CPU
Optimizing NNI: done in 1.45878 secs using 399.5% CPU
Iteration 120 / LogL: -51358.256 / Time: 0h:3m:17s (0h:2m:12s left)
Optimizing NNI: done in 1.68218 secs using 398.3% CPU
Optimizing NNI: done in 1.0004 secs using 400% CPU
Optimizing NNI: done in 1.2694 secs using 399.4% CPU
Optimizing NNI: done in 1.16223 secs using 399.7% CPU
Optimizing NNI: done in 1.4392 secs using 397.8% CPU
Optimizing NNI: done in 1.26886 secs using 398.7% CPU
Optimizing NNI: done in 1.5596 secs using 397.9% CPU
Optimizing NNI: done in 1.41464 secs using 398.8% CPU
Optimizing NNI: done in 1.56593 secs using 398.7% CPU
Optimizing NNI: done in 1.3047 secs using 399.4% CPU
Iteration 130 / LogL: -51402.037 / Time: 0h:3m:31s (0h:1m:54s left)
Optimizing NNI: done in 1.09806 secs using 398.5% CPU
Optimizing NNI: done in 1.31164 secs using 399.4% CPU
Optimizing NNI: done in 1.02538 secs using 398% CPU
Optimizing NNI: done in 1.19564 secs using 399.3% CPU
Optimizing NNI: done in 1.35533 secs using 397% CPU
Optimizing NNI: done in 1.28688 secs using 397.5% CPU
Optimizing NNI: done in 1.44608 secs using 398.4% CPU
Optimizing NNI: done in 1.22675 secs using 396% CPU
Optimizing NNI: done in 1.40717 secs using 399.4% CPU
Optimizing NNI: done in 1.16535 secs using 397.3% CPU
Iteration 140 / LogL: -51357.509 / Time: 0h:3m:44s (0h:1m:36s left)
Optimizing NNI: done in 1.38184 secs using 398.8% CPU
Optimizing NNI: done in 1.17735 secs using 398.3% CPU
Optimizing NNI: done in 1.39612 secs using 399.1% CPU
Optimizing NNI: done in 1.498 secs using 396.8% CPU
Optimizing NNI: done in 1.56251 secs using 397.7% CPU
Optimizing NNI: done in 1.45377 secs using 397.8% CPU
Optimizing NNI: done in 1.2323 secs using 399% CPU
Optimizing NNI: done in 1.33649 secs using 398.1% CPU
Optimizing NNI: done in 1.29297 secs using 398.1% CPU
Optimizing NNI: done in 1.4068 secs using 398.8% CPU
Iteration 150 / LogL: -51360.770 / Time: 0h:3m:58s (0h:1m:19s left)
Log-likelihood cutoff on original alignment: -51418.665
Optimizing NNI: done in 1.15356 secs using 398.4% CPU
Optimizing NNI: done in 1.33878 secs using 398.2% CPU
Optimizing NNI: done in 1.41211 secs using 398.8% CPU
Optimizing NNI: done in 1.37372 secs using 397.7% CPU
Optimizing NNI: done in 1.29475 secs using 398.7% CPU
Optimizing NNI: done in 1.34064 secs using 398.5% CPU
TREE SEARCH COMPLETED AFTER 156 ITERATIONS / Time: 0h:4m:7s

--------------------------------------------------------------------
|                    FINALIZING TREE SEARCH                        |
--------------------------------------------------------------------
Performs final model parameters optimization
Estimate model parameters (epsilon = 0.010)
1. Initial log-likelihood: -51357.482
Optimal log-likelihood: -51357.482
Rate parameters:  A-C: 1.59795  A-G: 10.45684  A-T: 0.86272  C-G: 0.08811  C-T: 15.79352  G-T: 1.00000
Base frequencies:  A: 0.337  C: 0.187  G: 0.257  T: 0.219
Proportion of invariable sites: 0.459
Gamma shape alpha: 1.112
Parameters optimization took 1 rounds (0.121 sec)
BEST SCORE FOUND : -51357.482

Testing tree branches by SH-like aLRT with 1000 replicates...
2.800 sec.
Creating bootstrap support values...
Split supports printed to NEXUS file results_aves_mammal_150/phylogenetic_tree.splits.nex
Total tree length: 4.514

Total number of iterations: 156
CPU time used for tree search: 820.644 sec (0h:13m:40s)
Wall-clock time used for tree search: 212.109 sec (0h:3m:32s)
Total CPU time used: 973.448 sec (0h:16m:13s)
Total wall-clock time used: 250.765 sec (0h:4m:10s)

Computing bootstrap consensus tree...
Reading input file results_aves_mammal_150/phylogenetic_tree.splits.nex...
296 taxa and 1297 splits.
Consensus tree written to results_aves_mammal_150/phylogenetic_tree.contree
Reading input trees file results_aves_mammal_150/phylogenetic_tree.contree
Log-likelihood of consensus tree: -51357.670

Analysis results written to: 
  IQ-TREE report:                results_aves_mammal_150/phylogenetic_tree.iqtree
  Maximum-likelihood tree:       results_aves_mammal_150/phylogenetic_tree.treefile
  Likelihood distances:          results_aves_mammal_150/phylogenetic_tree.mldist

Ultrafast bootstrap approximation results written to:
  Split support values:          results_aves_mammal_150/phylogenetic_tree.splits.nex
  Consensus tree:                results_aves_mammal_150/phylogenetic_tree.contree
  Screen log file:               results_aves_mammal_150/phylogenetic_tree.log

Date and Time: Wed Jun 19 05:59:29 2024
