IQ-TREE multicore version 2.2.6 COVID-edition for Linux 64-bit built Dec  8 2023
Developed by Bui Quang Minh, James Barbetti, Nguyen Lam Tung,
Olga Chernomor, Heiko Schmidt, Dominik Schrempf, Michael Woodhams, Ly Trong Nhan.

Host:    swizzle (AVX512, FMA3, 62 GB RAM)
Command: iqtree2 -s mafft_alignment.fasta
Seed:    408205 (Using SPRNG - Scalable Parallel Random Number Generator)
Time:    Sat Mar  2 07:04:45 2024
Kernel:  AVX+FMA - 1 threads (40 CPU cores detected)

HINT: Use -nt option to specify number of threads because your CPU has 40 cores!
HINT: -nt AUTO will automatically determine the best number of threads to use.

Reading alignment file mafft_alignment.fasta ... Fasta format detected
Reading fasta file: done in 0.236545 secs using 98.24% CPU
Alignment most likely contains DNA/RNA sequences
Constructing alignment: done in 0.104221 secs using 61.06% CPU
WARNING: 90 sites contain only gaps or ambiguous characters.
Alignment has 185 sequences with 29994 columns, 3141 distinct patterns
585 parsimony-informative, 596 singleton sites, 28813 constant sites
WARNING: Some sequence names are changed as follows:
ENA_OQ437945_OQ437945_1_SEVERE_ACUTE_RESPIRATORY_SDEER{DEER} -> ENA_OQ437945_OQ437945_1_SEVERE_ACUTE_RESPIRATORY_SDEER_DEER_
ENA_OQ437954_OQ437954_1_SEVERE_ACUTE_RESPIRATORY_SDEER{DEER} -> ENA_OQ437954_OQ437954_1_SEVERE_ACUTE_RESPIRATORY_SDEER_DEER_
ENA_OQ437980_OQ437980_1_SEVERE_ACUTE_RESPIRATORY_SDEER{DEER} -> ENA_OQ437980_OQ437980_1_SEVERE_ACUTE_RESPIRATORY_SDEER_DEER_
ENA_OQ437956_OQ437956_1_SEVERE_ACUTE_RESPIRATORY_SDEER{DEER} -> ENA_OQ437956_OQ437956_1_SEVERE_ACUTE_RESPIRATORY_SDEER_DEER_
ENA_OQ437977_OQ437977_1_SEVERE_ACUTE_RESPIRATORY_SDEER{DEER} -> ENA_OQ437977_OQ437977_1_SEVERE_ACUTE_RESPIRATORY_SDEER_DEER_
ENA_OQ437920_OQ437920_1_SEVERE_ACUTE_RESPIRATORY_SDEER{DEER} -> ENA_OQ437920_OQ437920_1_SEVERE_ACUTE_RESPIRATORY_SDEER_DEER_
ENA_OQ437934_OQ437934_1_SEVERE_ACUTE_RESPIRATORY_SDEER{DEER} -> ENA_OQ437934_OQ437934_1_SEVERE_ACUTE_RESPIRATORY_SDEER_DEER_
ENA_OQ437917_OQ437917_1_SEVERE_ACUTE_RESPIRATORY_SDEER{DEER} -> ENA_OQ437917_OQ437917_1_SEVERE_ACUTE_RESPIRATORY_SDEER_DEER_
ENA_OQ437916_OQ437916_1_SEVERE_ACUTE_RESPIRATORY_SDEER{DEER} -> ENA_OQ437916_OQ437916_1_SEVERE_ACUTE_RESPIRATORY_SDEER_DEER_
ENA_OQ437932_OQ437932_1_SEVERE_ACUTE_RESPIRATORY_SDEER{DEER} -> ENA_OQ437932_OQ437932_1_SEVERE_ACUTE_RESPIRATORY_SDEER_DEER_
ENA_OQ437923_OQ437923_1_SEVERE_ACUTE_RESPIRATORY_SDEER{DEER} -> ENA_OQ437923_OQ437923_1_SEVERE_ACUTE_RESPIRATORY_SDEER_DEER_
ENA_OQ437919_OQ437919_1_SEVERE_ACUTE_RESPIRATORY_SDEER{DEER} -> ENA_OQ437919_OQ437919_1_SEVERE_ACUTE_RESPIRATORY_SDEER_DEER_
ENA_OQ437913_OQ437913_1_SEVERE_ACUTE_RESPIRATORY_SDEER{DEER} -> ENA_OQ437913_OQ437913_1_SEVERE_ACUTE_RESPIRATORY_SDEER_DEER_
ENA_OQ437926_OQ437926_1_SEVERE_ACUTE_RESPIRATORY_SDEER{DEER} -> ENA_OQ437926_OQ437926_1_SEVERE_ACUTE_RESPIRATORY_SDEER_DEER_
ENA_OQ437914_OQ437914_1_SEVERE_ACUTE_RESPIRATORY_SDEER{DEER} -> ENA_OQ437914_OQ437914_1_SEVERE_ACUTE_RESPIRATORY_SDEER_DEER_
ENA_OQ437936_OQ437936_1_SEVERE_ACUTE_RESPIRATORY_SDEER{DEER} -> ENA_OQ437936_OQ437936_1_SEVERE_ACUTE_RESPIRATORY_SDEER_DEER_
ENA_OQ437943_OQ437943_1_SEVERE_ACUTE_RESPIRATORY_SDEER{DEER} -> ENA_OQ437943_OQ437943_1_SEVERE_ACUTE_RESPIRATORY_SDEER_DEER_
ENA_OQ437940_OQ437940_1_SEVERE_ACUTE_RESPIRATORY_SDEER{DEER} -> ENA_OQ437940_OQ437940_1_SEVERE_ACUTE_RESPIRATORY_SDEER_DEER_
ENA_OQ437937_OQ437937_1_SEVERE_ACUTE_RESPIRATORY_SDEER{DEER} -> ENA_OQ437937_OQ437937_1_SEVERE_ACUTE_RESPIRATORY_SDEER_DEER_
ENA_OQ437941_OQ437941_1_SEVERE_ACUTE_RESPIRATORY_SDEER{DEER} -> ENA_OQ437941_OQ437941_1_SEVERE_ACUTE_RESPIRATORY_SDEER_DEER_
ENA_OQ437952_OQ437952_1_SEVERE_ACUTE_RESPIRATORY_SDEER{DEER} -> ENA_OQ437952_OQ437952_1_SEVERE_ACUTE_RESPIRATORY_SDEER_DEER_
ENA_OQ437969_OQ437969_1_SEVERE_ACUTE_RESPIRATORY_SDEER{DEER} -> ENA_OQ437969_OQ437969_1_SEVERE_ACUTE_RESPIRATORY_SDEER_DEER_
ENA_OQ437942_OQ437942_1_SEVERE_ACUTE_RESPIRATORY_SDEER{DEER} -> ENA_OQ437942_OQ437942_1_SEVERE_ACUTE_RESPIRATORY_SDEER_DEER_
ENA_OQ437967_OQ437967_1_SEVERE_ACUTE_RESPIRATORY_SDEER{DEER} -> ENA_OQ437967_OQ437967_1_SEVERE_ACUTE_RESPIRATORY_SDEER_DEER_
ENA_OQ437972_OQ437972_1_SEVERE_ACUTE_RESPIRATORY_SDEER{DEER} -> ENA_OQ437972_OQ437972_1_SEVERE_ACUTE_RESPIRATORY_SDEER_DEER_
ENA_OQ437978_OQ437978_1_SEVERE_ACUTE_RESPIRATORY_SDEER{DEER} -> ENA_OQ437978_OQ437978_1_SEVERE_ACUTE_RESPIRATORY_SDEER_DEER_
ENA_OQ437947_OQ437947_1_SEVERE_ACUTE_RESPIRATORY_SDEER{DEER} -> ENA_OQ437947_OQ437947_1_SEVERE_ACUTE_RESPIRATORY_SDEER_DEER_
ENA_OQ437944_OQ437944_1_SEVERE_ACUTE_RESPIRATORY_SDEER{DEER} -> ENA_OQ437944_OQ437944_1_SEVERE_ACUTE_RESPIRATORY_SDEER_DEER_
ENA_OQ437939_OQ437939_1_SEVERE_ACUTE_RESPIRATORY_SDEER{DEER} -> ENA_OQ437939_OQ437939_1_SEVERE_ACUTE_RESPIRATORY_SDEER_DEER_
ENA_OQ437950_OQ437950_1_SEVERE_ACUTE_RESPIRATORY_SDEER{DEER} -> ENA_OQ437950_OQ437950_1_SEVERE_ACUTE_RESPIRATORY_SDEER_DEER_
ENA_OQ437949_OQ437949_1_SEVERE_ACUTE_RESPIRATORY_SDEER{DEER} -> ENA_OQ437949_OQ437949_1_SEVERE_ACUTE_RESPIRATORY_SDEER_DEER_
ENA_OQ437990_OQ437990_1_SEVERE_ACUTE_RESPIRATORY_SDEER{DEER} -> ENA_OQ437990_OQ437990_1_SEVERE_ACUTE_RESPIRATORY_SDEER_DEER_
ENA_OQ437982_OQ437982_1_SEVERE_ACUTE_RESPIRATORY_SDEER{DEER} -> ENA_OQ437982_OQ437982_1_SEVERE_ACUTE_RESPIRATORY_SDEER_DEER_
ENA_OQ437989_OQ437989_1_SEVERE_ACUTE_RESPIRATORY_SDEER{DEER} -> ENA_OQ437989_OQ437989_1_SEVERE_ACUTE_RESPIRATORY_SDEER_DEER_
ENA_OQ437975_OQ437975_1_SEVERE_ACUTE_RESPIRATORY_SDEER{DEER} -> ENA_OQ437975_OQ437975_1_SEVERE_ACUTE_RESPIRATORY_SDEER_DEER_
ENA_OQ437912_OQ437912_1_SEVERE_ACUTE_RESPIRATORY_SDEER{DEER} -> ENA_OQ437912_OQ437912_1_SEVERE_ACUTE_RESPIRATORY_SDEER_DEER_
ENA_OQ437953_OQ437953_1_SEVERE_ACUTE_RESPIRATORY_SDEER{DEER} -> ENA_OQ437953_OQ437953_1_SEVERE_ACUTE_RESPIRATORY_SDEER_DEER_
ENA_OQ437915_OQ437915_1_SEVERE_ACUTE_RESPIRATORY_SDEER{DEER} -> ENA_OQ437915_OQ437915_1_SEVERE_ACUTE_RESPIRATORY_SDEER_DEER_
ENA_OQ437930_OQ437930_1_SEVERE_ACUTE_RESPIRATORY_SDEER{DEER} -> ENA_OQ437930_OQ437930_1_SEVERE_ACUTE_RESPIRATORY_SDEER_DEER_
ENA_OQ437927_OQ437927_1_SEVERE_ACUTE_RESPIRATORY_SDEER{DEER} -> ENA_OQ437927_OQ437927_1_SEVERE_ACUTE_RESPIRATORY_SDEER_DEER_
ENA_OQ437938_OQ437938_1_SEVERE_ACUTE_RESPIRATORY_SDEER{DEER} -> ENA_OQ437938_OQ437938_1_SEVERE_ACUTE_RESPIRATORY_SDEER_DEER_
ENA_OQ437951_OQ437951_1_SEVERE_ACUTE_RESPIRATORY_SDEER{DEER} -> ENA_OQ437951_OQ437951_1_SEVERE_ACUTE_RESPIRATORY_SDEER_DEER_
ENA_OQ437983_OQ437983_1_SEVERE_ACUTE_RESPIRATORY_SDEER{DEER} -> ENA_OQ437983_OQ437983_1_SEVERE_ACUTE_RESPIRATORY_SDEER_DEER_
ENA_OQ437955_OQ437955_1_SEVERE_ACUTE_RESPIRATORY_SDEER{DEER} -> ENA_OQ437955_OQ437955_1_SEVERE_ACUTE_RESPIRATORY_SDEER_DEER_
ENA_OQ437985_OQ437985_1_SEVERE_ACUTE_RESPIRATORY_SDEER{DEER} -> ENA_OQ437985_OQ437985_1_SEVERE_ACUTE_RESPIRATORY_SDEER_DEER_
ENA_OQ437971_OQ437971_1_SEVERE_ACUTE_RESPIRATORY_SDEER{DEER} -> ENA_OQ437971_OQ437971_1_SEVERE_ACUTE_RESPIRATORY_SDEER_DEER_
ENA_OQ437984_OQ437984_1_SEVERE_ACUTE_RESPIRATORY_SDEER{DEER} -> ENA_OQ437984_OQ437984_1_SEVERE_ACUTE_RESPIRATORY_SDEER_DEER_
ENA_OQ449343_OQ449343_1_SEVERE_ACUTE_RESPIRATORY_SDEER{DEER} -> ENA_OQ449343_OQ449343_1_SEVERE_ACUTE_RESPIRATORY_SDEER_DEER_
ENA_OQ449344_OQ449344_1_SEVERE_ACUTE_RESPIRATORY_SDEER{DEER} -> ENA_OQ449344_OQ449344_1_SEVERE_ACUTE_RESPIRATORY_SDEER_DEER_
ENA_OQ437962_OQ437962_1_SEVERE_ACUTE_RESPIRATORY_SDEER{DEER} -> ENA_OQ437962_OQ437962_1_SEVERE_ACUTE_RESPIRATORY_SDEER_DEER_
ENA_OQ437928_OQ437928_1_SEVERE_ACUTE_RESPIRATORY_SDEER{DEER} -> ENA_OQ437928_OQ437928_1_SEVERE_ACUTE_RESPIRATORY_SDEER_DEER_
ENA_OQ437974_OQ437974_1_SEVERE_ACUTE_RESPIRATORY_SDEER{DEER} -> ENA_OQ437974_OQ437974_1_SEVERE_ACUTE_RESPIRATORY_SDEER_DEER_
ENA_OQ437986_OQ437986_1_SEVERE_ACUTE_RESPIRATORY_SDEER{DEER} -> ENA_OQ437986_OQ437986_1_SEVERE_ACUTE_RESPIRATORY_SDEER_DEER_
ENA_OQ437988_OQ437988_1_SEVERE_ACUTE_RESPIRATORY_SDEER{DEER} -> ENA_OQ437988_OQ437988_1_SEVERE_ACUTE_RESPIRATORY_SDEER_DEER_
ENA_OQ437946_OQ437946_1_SEVERE_ACUTE_RESPIRATORY_SDEER{DEER} -> ENA_OQ437946_OQ437946_1_SEVERE_ACUTE_RESPIRATORY_SDEER_DEER_
ENA_OQ437987_OQ437987_1_SEVERE_ACUTE_RESPIRATORY_SDEER{DEER} -> ENA_OQ437987_OQ437987_1_SEVERE_ACUTE_RESPIRATORY_SDEER_DEER_
ENA_OQ437929_OQ437929_1_SEVERE_ACUTE_RESPIRATORY_SDEER{DEER} -> ENA_OQ437929_OQ437929_1_SEVERE_ACUTE_RESPIRATORY_SDEER_DEER_
ENA_OQ437918_OQ437918_1_SEVERE_ACUTE_RESPIRATORY_SDEER{DEER} -> ENA_OQ437918_OQ437918_1_SEVERE_ACUTE_RESPIRATORY_SDEER_DEER_
ENA_OQ437922_OQ437922_1_SEVERE_ACUTE_RESPIRATORY_SDEER{DEER} -> ENA_OQ437922_OQ437922_1_SEVERE_ACUTE_RESPIRATORY_SDEER_DEER_
ENA_OQ437933_OQ437933_1_SEVERE_ACUTE_RESPIRATORY_SDEER{DEER} -> ENA_OQ437933_OQ437933_1_SEVERE_ACUTE_RESPIRATORY_SDEER_DEER_
ENA_OQ437931_OQ437931_1_SEVERE_ACUTE_RESPIRATORY_SDEER{DEER} -> ENA_OQ437931_OQ437931_1_SEVERE_ACUTE_RESPIRATORY_SDEER_DEER_
ENA_OQ437925_OQ437925_1_SEVERE_ACUTE_RESPIRATORY_SDEER{DEER} -> ENA_OQ437925_OQ437925_1_SEVERE_ACUTE_RESPIRATORY_SDEER_DEER_
ENA_OQ437924_OQ437924_1_SEVERE_ACUTE_RESPIRATORY_SDEER{DEER} -> ENA_OQ437924_OQ437924_1_SEVERE_ACUTE_RESPIRATORY_SDEER_DEER_
ENA_OQ437921_OQ437921_1_SEVERE_ACUTE_RESPIRATORY_SDEER{DEER} -> ENA_OQ437921_OQ437921_1_SEVERE_ACUTE_RESPIRATORY_SDEER_DEER_
ENA_OQ437957_OQ437957_1_SEVERE_ACUTE_RESPIRATORY_SDEER{DEER} -> ENA_OQ437957_OQ437957_1_SEVERE_ACUTE_RESPIRATORY_SDEER_DEER_
ENA_OQ437958_OQ437958_1_SEVERE_ACUTE_RESPIRATORY_SDEER{DEER} -> ENA_OQ437958_OQ437958_1_SEVERE_ACUTE_RESPIRATORY_SDEER_DEER_
ENA_OQ437968_OQ437968_1_SEVERE_ACUTE_RESPIRATORY_SDEER{DEER} -> ENA_OQ437968_OQ437968_1_SEVERE_ACUTE_RESPIRATORY_SDEER_DEER_
ENA_OQ437964_OQ437964_1_SEVERE_ACUTE_RESPIRATORY_SDEER{DEER} -> ENA_OQ437964_OQ437964_1_SEVERE_ACUTE_RESPIRATORY_SDEER_DEER_
ENA_OQ437981_OQ437981_1_SEVERE_ACUTE_RESPIRATORY_SDEER{DEER} -> ENA_OQ437981_OQ437981_1_SEVERE_ACUTE_RESPIRATORY_SDEER_DEER_
ENA_OQ437979_OQ437979_1_SEVERE_ACUTE_RESPIRATORY_SDEER{DEER} -> ENA_OQ437979_OQ437979_1_SEVERE_ACUTE_RESPIRATORY_SDEER_DEER_
ENA_OQ437970_OQ437970_1_SEVERE_ACUTE_RESPIRATORY_SDEER{DEER} -> ENA_OQ437970_OQ437970_1_SEVERE_ACUTE_RESPIRATORY_SDEER_DEER_
ENA_OQ437973_OQ437973_1_SEVERE_ACUTE_RESPIRATORY_SDEER{DEER} -> ENA_OQ437973_OQ437973_1_SEVERE_ACUTE_RESPIRATORY_SDEER_DEER_
ENA_OQ437961_OQ437961_1_SEVERE_ACUTE_RESPIRATORY_SDEER{DEER} -> ENA_OQ437961_OQ437961_1_SEVERE_ACUTE_RESPIRATORY_SDEER_DEER_
ENA_OQ437963_OQ437963_1_SEVERE_ACUTE_RESPIRATORY_SDEER{DEER} -> ENA_OQ437963_OQ437963_1_SEVERE_ACUTE_RESPIRATORY_SDEER_DEER_
ENA_OQ437960_OQ437960_1_SEVERE_ACUTE_RESPIRATORY_SDEER{DEER} -> ENA_OQ437960_OQ437960_1_SEVERE_ACUTE_RESPIRATORY_SDEER_DEER_
ENA_OQ437976_OQ437976_1_SEVERE_ACUTE_RESPIRATORY_SDEER{DEER} -> ENA_OQ437976_OQ437976_1_SEVERE_ACUTE_RESPIRATORY_SDEER_DEER_
ENA_OQ437948_OQ437948_1_SEVERE_ACUTE_RESPIRATORY_SDEER{DEER} -> ENA_OQ437948_OQ437948_1_SEVERE_ACUTE_RESPIRATORY_SDEER_DEER_
ENA_OQ437959_OQ437959_1_SEVERE_ACUTE_RESPIRATORY_SDEER{DEER} -> ENA_OQ437959_OQ437959_1_SEVERE_ACUTE_RESPIRATORY_SDEER_DEER_
ENA_OQ466563_OQ466563_1_SEVERE_ACUTE_RESPIRATORY_SDEER{DEER} -> ENA_OQ466563_OQ466563_1_SEVERE_ACUTE_RESPIRATORY_SDEER_DEER_
ENA_OQ437935_OQ437935_1_SEVERE_ACUTE_RESPIRATORY_SDEER{DEER} -> ENA_OQ437935_OQ437935_1_SEVERE_ACUTE_RESPIRATORY_SDEER_DEER_
ENA_OL320069_OL320069_1_SEVERE_ACUTE_RESPIRATORY_SHUMAN{HUMAN} -> ENA_OL320069_OL320069_1_SEVERE_ACUTE_RESPIRATORY_SHUMAN_HUMAN_
ENA_ON840422_ON840422_1_SEVERE_ACUTE_RESPIRATORY_SHUMAN{HUMAN} -> ENA_ON840422_ON840422_1_SEVERE_ACUTE_RESPIRATORY_SHUMAN_HUMAN_
ENA_OL318841_OL318841_1_SEVERE_ACUTE_RESPIRATORY_SHUMAN{HUMAN} -> ENA_OL318841_OL318841_1_SEVERE_ACUTE_RESPIRATORY_SHUMAN_HUMAN_
ENA_OL320072_OL320072_1_SEVERE_ACUTE_RESPIRATORY_SHUMAN{HUMAN} -> ENA_OL320072_OL320072_1_SEVERE_ACUTE_RESPIRATORY_SHUMAN_HUMAN_
ENA_OP014916_OP014916_1_SEVERE_ACUTE_RESPIRATORY_SHUMAN{HUMAN} -> ENA_OP014916_OP014916_1_SEVERE_ACUTE_RESPIRATORY_SHUMAN_HUMAN_
ENA_OP019191_OP019191_1_SEVERE_ACUTE_RESPIRATORY_SHUMAN{HUMAN} -> ENA_OP019191_OP019191_1_SEVERE_ACUTE_RESPIRATORY_SHUMAN_HUMAN_
ENA_OP019218_OP019218_1_SEVERE_ACUTE_RESPIRATORY_SHUMAN{HUMAN} -> ENA_OP019218_OP019218_1_SEVERE_ACUTE_RESPIRATORY_SHUMAN_HUMAN_
ENA_OP019211_OP019211_1_SEVERE_ACUTE_RESPIRATORY_SHUMAN{HUMAN} -> ENA_OP019211_OP019211_1_SEVERE_ACUTE_RESPIRATORY_SHUMAN_HUMAN_
ENA_OP019215_OP019215_1_SEVERE_ACUTE_RESPIRATORY_SHUMAN{HUMAN} -> ENA_OP019215_OP019215_1_SEVERE_ACUTE_RESPIRATORY_SHUMAN_HUMAN_
ENA_OP019208_OP019208_1_SEVERE_ACUTE_RESPIRATORY_SHUMAN{HUMAN} -> ENA_OP019208_OP019208_1_SEVERE_ACUTE_RESPIRATORY_SHUMAN_HUMAN_
ENA_OP019235_OP019235_1_SEVERE_ACUTE_RESPIRATORY_SHUMAN{HUMAN} -> ENA_OP019235_OP019235_1_SEVERE_ACUTE_RESPIRATORY_SHUMAN_HUMAN_
ENA_OP019223_OP019223_1_SEVERE_ACUTE_RESPIRATORY_SHUMAN{HUMAN} -> ENA_OP019223_OP019223_1_SEVERE_ACUTE_RESPIRATORY_SHUMAN_HUMAN_
ENA_OP019240_OP019240_1_SEVERE_ACUTE_RESPIRATORY_SHUMAN{HUMAN} -> ENA_OP019240_OP019240_1_SEVERE_ACUTE_RESPIRATORY_SHUMAN_HUMAN_
ENA_OP019226_OP019226_1_SEVERE_ACUTE_RESPIRATORY_SHUMAN{HUMAN} -> ENA_OP019226_OP019226_1_SEVERE_ACUTE_RESPIRATORY_SHUMAN_HUMAN_
ENA_OP019222_OP019222_1_SEVERE_ACUTE_RESPIRATORY_SHUMAN{HUMAN} -> ENA_OP019222_OP019222_1_SEVERE_ACUTE_RESPIRATORY_SHUMAN_HUMAN_
ENA_OP019219_OP019219_1_SEVERE_ACUTE_RESPIRATORY_SHUMAN{HUMAN} -> ENA_OP019219_OP019219_1_SEVERE_ACUTE_RESPIRATORY_SHUMAN_HUMAN_
ENA_OP019209_OP019209_1_SEVERE_ACUTE_RESPIRATORY_SHUMAN{HUMAN} -> ENA_OP019209_OP019209_1_SEVERE_ACUTE_RESPIRATORY_SHUMAN_HUMAN_
ENA_OP019239_OP019239_1_SEVERE_ACUTE_RESPIRATORY_SHUMAN{HUMAN} -> ENA_OP019239_OP019239_1_SEVERE_ACUTE_RESPIRATORY_SHUMAN_HUMAN_
ENA_OP019233_OP019233_1_SEVERE_ACUTE_RESPIRATORY_SHUMAN{HUMAN} -> ENA_OP019233_OP019233_1_SEVERE_ACUTE_RESPIRATORY_SHUMAN_HUMAN_
ENA_OP019227_OP019227_1_SEVERE_ACUTE_RESPIRATORY_SHUMAN{HUMAN} -> ENA_OP019227_OP019227_1_SEVERE_ACUTE_RESPIRATORY_SHUMAN_HUMAN_
ENA_OP019249_OP019249_1_SEVERE_ACUTE_RESPIRATORY_SHUMAN{HUMAN} -> ENA_OP019249_OP019249_1_SEVERE_ACUTE_RESPIRATORY_SHUMAN_HUMAN_
ENA_OP019228_OP019228_1_SEVERE_ACUTE_RESPIRATORY_SHUMAN{HUMAN} -> ENA_OP019228_OP019228_1_SEVERE_ACUTE_RESPIRATORY_SHUMAN_HUMAN_
ENA_OP019395_OP019395_1_SEVERE_ACUTE_RESPIRATORY_SHUMAN{HUMAN} -> ENA_OP019395_OP019395_1_SEVERE_ACUTE_RESPIRATORY_SHUMAN_HUMAN_
ENA_OP019256_OP019256_1_SEVERE_ACUTE_RESPIRATORY_SHUMAN{HUMAN} -> ENA_OP019256_OP019256_1_SEVERE_ACUTE_RESPIRATORY_SHUMAN_HUMAN_
ENA_OP019246_OP019246_1_SEVERE_ACUTE_RESPIRATORY_SHUMAN{HUMAN} -> ENA_OP019246_OP019246_1_SEVERE_ACUTE_RESPIRATORY_SHUMAN_HUMAN_
ENA_OP019248_OP019248_1_SEVERE_ACUTE_RESPIRATORY_SHUMAN{HUMAN} -> ENA_OP019248_OP019248_1_SEVERE_ACUTE_RESPIRATORY_SHUMAN_HUMAN_
ENA_OP019231_OP019231_1_SEVERE_ACUTE_RESPIRATORY_SHUMAN{HUMAN} -> ENA_OP019231_OP019231_1_SEVERE_ACUTE_RESPIRATORY_SHUMAN_HUMAN_
ENA_OP019392_OP019392_1_SEVERE_ACUTE_RESPIRATORY_SHUMAN{HUMAN} -> ENA_OP019392_OP019392_1_SEVERE_ACUTE_RESPIRATORY_SHUMAN_HUMAN_
ENA_OP014642_OP014642_1_SEVERE_ACUTE_RESPIRATORY_SHUMAN{HUMAN} -> ENA_OP014642_OP014642_1_SEVERE_ACUTE_RESPIRATORY_SHUMAN_HUMAN_
ENA_OP014658_OP014658_1_SEVERE_ACUTE_RESPIRATORY_SHUMAN{HUMAN} -> ENA_OP014658_OP014658_1_SEVERE_ACUTE_RESPIRATORY_SHUMAN_HUMAN_
ENA_OP014624_OP014624_1_SEVERE_ACUTE_RESPIRATORY_SHUMAN{HUMAN} -> ENA_OP014624_OP014624_1_SEVERE_ACUTE_RESPIRATORY_SHUMAN_HUMAN_
ENA_OP014636_OP014636_1_SEVERE_ACUTE_RESPIRATORY_SHUMAN{HUMAN} -> ENA_OP014636_OP014636_1_SEVERE_ACUTE_RESPIRATORY_SHUMAN_HUMAN_
ENA_OP019243_OP019243_1_SEVERE_ACUTE_RESPIRATORY_SHUMAN{HUMAN} -> ENA_OP019243_OP019243_1_SEVERE_ACUTE_RESPIRATORY_SHUMAN_HUMAN_
ENA_OP014653_OP014653_1_SEVERE_ACUTE_RESPIRATORY_SHUMAN{HUMAN} -> ENA_OP014653_OP014653_1_SEVERE_ACUTE_RESPIRATORY_SHUMAN_HUMAN_
ENA_OP014649_OP014649_1_SEVERE_ACUTE_RESPIRATORY_SHUMAN{HUMAN} -> ENA_OP014649_OP014649_1_SEVERE_ACUTE_RESPIRATORY_SHUMAN_HUMAN_
ENA_OP014634_OP014634_1_SEVERE_ACUTE_RESPIRATORY_SHUMAN{HUMAN} -> ENA_OP014634_OP014634_1_SEVERE_ACUTE_RESPIRATORY_SHUMAN_HUMAN_
ENA_OP014988_OP014988_1_SEVERE_ACUTE_RESPIRATORY_SHUMAN{HUMAN} -> ENA_OP014988_OP014988_1_SEVERE_ACUTE_RESPIRATORY_SHUMAN_HUMAN_
ENA_OP014655_OP014655_1_SEVERE_ACUTE_RESPIRATORY_SHUMAN{HUMAN} -> ENA_OP014655_OP014655_1_SEVERE_ACUTE_RESPIRATORY_SHUMAN_HUMAN_
ENA_OP014662_OP014662_1_SEVERE_ACUTE_RESPIRATORY_SHUMAN{HUMAN} -> ENA_OP014662_OP014662_1_SEVERE_ACUTE_RESPIRATORY_SHUMAN_HUMAN_
ENA_OP014644_OP014644_1_SEVERE_ACUTE_RESPIRATORY_SHUMAN{HUMAN} -> ENA_OP014644_OP014644_1_SEVERE_ACUTE_RESPIRATORY_SHUMAN_HUMAN_
ENA_OP015252_OP015252_1_SEVERE_ACUTE_RESPIRATORY_SHUMAN{HUMAN} -> ENA_OP015252_OP015252_1_SEVERE_ACUTE_RESPIRATORY_SHUMAN_HUMAN_
ENA_OP015103_OP015103_1_SEVERE_ACUTE_RESPIRATORY_SHUMAN{HUMAN} -> ENA_OP015103_OP015103_1_SEVERE_ACUTE_RESPIRATORY_SHUMAN_HUMAN_
ENA_OP014787_OP014787_1_SEVERE_ACUTE_RESPIRATORY_SHUMAN{HUMAN} -> ENA_OP014787_OP014787_1_SEVERE_ACUTE_RESPIRATORY_SHUMAN_HUMAN_
ENA_OP014805_OP014805_1_SEVERE_ACUTE_RESPIRATORY_SHUMAN{HUMAN} -> ENA_OP014805_OP014805_1_SEVERE_ACUTE_RESPIRATORY_SHUMAN_HUMAN_
ENA_OP016620_OP016620_1_SEVERE_ACUTE_RESPIRATORY_SHUMAN{HUMAN} -> ENA_OP016620_OP016620_1_SEVERE_ACUTE_RESPIRATORY_SHUMAN_HUMAN_
ENA_OP014796_OP014796_1_SEVERE_ACUTE_RESPIRATORY_SHUMAN{HUMAN} -> ENA_OP014796_OP014796_1_SEVERE_ACUTE_RESPIRATORY_SHUMAN_HUMAN_
ENA_OP014809_OP014809_1_SEVERE_ACUTE_RESPIRATORY_SHUMAN{HUMAN} -> ENA_OP014809_OP014809_1_SEVERE_ACUTE_RESPIRATORY_SHUMAN_HUMAN_
ENA_OP014810_OP014810_1_SEVERE_ACUTE_RESPIRATORY_SHUMAN{HUMAN} -> ENA_OP014810_OP014810_1_SEVERE_ACUTE_RESPIRATORY_SHUMAN_HUMAN_
ENA_OP014812_OP014812_1_SEVERE_ACUTE_RESPIRATORY_SHUMAN{HUMAN} -> ENA_OP014812_OP014812_1_SEVERE_ACUTE_RESPIRATORY_SHUMAN_HUMAN_
ENA_OP014797_OP014797_1_SEVERE_ACUTE_RESPIRATORY_SHUMAN{HUMAN} -> ENA_OP014797_OP014797_1_SEVERE_ACUTE_RESPIRATORY_SHUMAN_HUMAN_
ENA_OP014819_OP014819_1_SEVERE_ACUTE_RESPIRATORY_SHUMAN{HUMAN} -> ENA_OP014819_OP014819_1_SEVERE_ACUTE_RESPIRATORY_SHUMAN_HUMAN_
ENA_OP014793_OP014793_1_SEVERE_ACUTE_RESPIRATORY_SHUMAN{HUMAN} -> ENA_OP014793_OP014793_1_SEVERE_ACUTE_RESPIRATORY_SHUMAN_HUMAN_
ENA_OP014811_OP014811_1_SEVERE_ACUTE_RESPIRATORY_SHUMAN{HUMAN} -> ENA_OP014811_OP014811_1_SEVERE_ACUTE_RESPIRATORY_SHUMAN_HUMAN_
ENA_OP014795_OP014795_1_SEVERE_ACUTE_RESPIRATORY_SHUMAN{HUMAN} -> ENA_OP014795_OP014795_1_SEVERE_ACUTE_RESPIRATORY_SHUMAN_HUMAN_
ENA_OP016656_OP016656_1_SEVERE_ACUTE_RESPIRATORY_SHUMAN{HUMAN} -> ENA_OP016656_OP016656_1_SEVERE_ACUTE_RESPIRATORY_SHUMAN_HUMAN_
ENA_OP014801_OP014801_1_SEVERE_ACUTE_RESPIRATORY_SHUMAN{HUMAN} -> ENA_OP014801_OP014801_1_SEVERE_ACUTE_RESPIRATORY_SHUMAN_HUMAN_
ENA_OP014814_OP014814_1_SEVERE_ACUTE_RESPIRATORY_SHUMAN{HUMAN} -> ENA_OP014814_OP014814_1_SEVERE_ACUTE_RESPIRATORY_SHUMAN_HUMAN_
ENA_OP014804_OP014804_1_SEVERE_ACUTE_RESPIRATORY_SHUMAN{HUMAN} -> ENA_OP014804_OP014804_1_SEVERE_ACUTE_RESPIRATORY_SHUMAN_HUMAN_
ENA_OP014834_OP014834_1_SEVERE_ACUTE_RESPIRATORY_SHUMAN{HUMAN} -> ENA_OP014834_OP014834_1_SEVERE_ACUTE_RESPIRATORY_SHUMAN_HUMAN_
ENA_OP014841_OP014841_1_SEVERE_ACUTE_RESPIRATORY_SHUMAN{HUMAN} -> ENA_OP014841_OP014841_1_SEVERE_ACUTE_RESPIRATORY_SHUMAN_HUMAN_
ENA_OP014825_OP014825_1_SEVERE_ACUTE_RESPIRATORY_SHUMAN{HUMAN} -> ENA_OP014825_OP014825_1_SEVERE_ACUTE_RESPIRATORY_SHUMAN_HUMAN_
ENA_OP014828_OP014828_1_SEVERE_ACUTE_RESPIRATORY_SHUMAN{HUMAN} -> ENA_OP014828_OP014828_1_SEVERE_ACUTE_RESPIRATORY_SHUMAN_HUMAN_
ENA_OP015373_OP015373_1_SEVERE_ACUTE_RESPIRATORY_SHUMAN{HUMAN} -> ENA_OP015373_OP015373_1_SEVERE_ACUTE_RESPIRATORY_SHUMAN_HUMAN_
ENA_OP014815_OP014815_1_SEVERE_ACUTE_RESPIRATORY_SHUMAN{HUMAN} -> ENA_OP014815_OP014815_1_SEVERE_ACUTE_RESPIRATORY_SHUMAN_HUMAN_
ENA_OP014844_OP014844_1_SEVERE_ACUTE_RESPIRATORY_SHUMAN{HUMAN} -> ENA_OP014844_OP014844_1_SEVERE_ACUTE_RESPIRATORY_SHUMAN_HUMAN_
ENA_OP014853_OP014853_1_SEVERE_ACUTE_RESPIRATORY_SHUMAN{HUMAN} -> ENA_OP014853_OP014853_1_SEVERE_ACUTE_RESPIRATORY_SHUMAN_HUMAN_
ENA_OP014850_OP014850_1_SEVERE_ACUTE_RESPIRATORY_SHUMAN{HUMAN} -> ENA_OP014850_OP014850_1_SEVERE_ACUTE_RESPIRATORY_SHUMAN_HUMAN_
ENA_OP014838_OP014838_1_SEVERE_ACUTE_RESPIRATORY_SHUMAN{HUMAN} -> ENA_OP014838_OP014838_1_SEVERE_ACUTE_RESPIRATORY_SHUMAN_HUMAN_
ENA_OP019407_OP019407_1_SEVERE_ACUTE_RESPIRATORY_SHUMAN{HUMAN} -> ENA_OP019407_OP019407_1_SEVERE_ACUTE_RESPIRATORY_SHUMAN_HUMAN_
ENA_OP015352_OP015352_1_SEVERE_ACUTE_RESPIRATORY_SHUMAN{HUMAN} -> ENA_OP015352_OP015352_1_SEVERE_ACUTE_RESPIRATORY_SHUMAN_HUMAN_
ENA_OP014851_OP014851_1_SEVERE_ACUTE_RESPIRATORY_SHUMAN{HUMAN} -> ENA_OP014851_OP014851_1_SEVERE_ACUTE_RESPIRATORY_SHUMAN_HUMAN_
ENA_OP014836_OP014836_1_SEVERE_ACUTE_RESPIRATORY_SHUMAN{HUMAN} -> ENA_OP014836_OP014836_1_SEVERE_ACUTE_RESPIRATORY_SHUMAN_HUMAN_
ENA_OP014854_OP014854_1_SEVERE_ACUTE_RESPIRATORY_SHUMAN{HUMAN} -> ENA_OP014854_OP014854_1_SEVERE_ACUTE_RESPIRATORY_SHUMAN_HUMAN_
ENA_OP014820_OP014820_1_SEVERE_ACUTE_RESPIRATORY_SHUMAN{HUMAN} -> ENA_OP014820_OP014820_1_SEVERE_ACUTE_RESPIRATORY_SHUMAN_HUMAN_
ENA_OP014874_OP014874_1_SEVERE_ACUTE_RESPIRATORY_SHUMAN{HUMAN} -> ENA_OP014874_OP014874_1_SEVERE_ACUTE_RESPIRATORY_SHUMAN_HUMAN_
ENA_OP014848_OP014848_1_SEVERE_ACUTE_RESPIRATORY_SHUMAN{HUMAN} -> ENA_OP014848_OP014848_1_SEVERE_ACUTE_RESPIRATORY_SHUMAN_HUMAN_
ENA_OP014974_OP014974_1_SEVERE_ACUTE_RESPIRATORY_SHUMAN{HUMAN} -> ENA_OP014974_OP014974_1_SEVERE_ACUTE_RESPIRATORY_SHUMAN_HUMAN_
ENA_OP014952_OP014952_1_SEVERE_ACUTE_RESPIRATORY_SHUMAN{HUMAN} -> ENA_OP014952_OP014952_1_SEVERE_ACUTE_RESPIRATORY_SHUMAN_HUMAN_
ENA_OP014935_OP014935_1_SEVERE_ACUTE_RESPIRATORY_SHUMAN{HUMAN} -> ENA_OP014935_OP014935_1_SEVERE_ACUTE_RESPIRATORY_SHUMAN_HUMAN_
ENA_OP014958_OP014958_1_SEVERE_ACUTE_RESPIRATORY_SHUMAN{HUMAN} -> ENA_OP014958_OP014958_1_SEVERE_ACUTE_RESPIRATORY_SHUMAN_HUMAN_
ENA_OP014976_OP014976_1_SEVERE_ACUTE_RESPIRATORY_SHUMAN{HUMAN} -> ENA_OP014976_OP014976_1_SEVERE_ACUTE_RESPIRATORY_SHUMAN_HUMAN_
ENA_OP014943_OP014943_1_SEVERE_ACUTE_RESPIRATORY_SHUMAN{HUMAN} -> ENA_OP014943_OP014943_1_SEVERE_ACUTE_RESPIRATORY_SHUMAN_HUMAN_
ENA_OP015505_OP015505_1_SEVERE_ACUTE_RESPIRATORY_SHUMAN{HUMAN} -> ENA_OP015505_OP015505_1_SEVERE_ACUTE_RESPIRATORY_SHUMAN_HUMAN_
ENA_OP014977_OP014977_1_SEVERE_ACUTE_RESPIRATORY_SHUMAN{HUMAN} -> ENA_OP014977_OP014977_1_SEVERE_ACUTE_RESPIRATORY_SHUMAN_HUMAN_
ENA_OP015018_OP015018_1_SEVERE_ACUTE_RESPIRATORY_SHUMAN{HUMAN} -> ENA_OP015018_OP015018_1_SEVERE_ACUTE_RESPIRATORY_SHUMAN_HUMAN_
ENA_OP015005_OP015005_1_SEVERE_ACUTE_RESPIRATORY_SHUMAN{HUMAN} -> ENA_OP015005_OP015005_1_SEVERE_ACUTE_RESPIRATORY_SHUMAN_HUMAN_
ENA_OP015016_OP015016_1_SEVERE_ACUTE_RESPIRATORY_SHUMAN{HUMAN} -> ENA_OP015016_OP015016_1_SEVERE_ACUTE_RESPIRATORY_SHUMAN_HUMAN_
ENA_OP015011_OP015011_1_SEVERE_ACUTE_RESPIRATORY_SHUMAN{HUMAN} -> ENA_OP015011_OP015011_1_SEVERE_ACUTE_RESPIRATORY_SHUMAN_HUMAN_
ENA_OP015012_OP015012_1_SEVERE_ACUTE_RESPIRATORY_SHUMAN{HUMAN} -> ENA_OP015012_OP015012_1_SEVERE_ACUTE_RESPIRATORY_SHUMAN_HUMAN_
ENA_OP015021_OP015021_1_SEVERE_ACUTE_RESPIRATORY_SHUMAN{HUMAN} -> ENA_OP015021_OP015021_1_SEVERE_ACUTE_RESPIRATORY_SHUMAN_HUMAN_
ENA_OP015020_OP015020_1_SEVERE_ACUTE_RESPIRATORY_SHUMAN{HUMAN} -> ENA_OP015020_OP015020_1_SEVERE_ACUTE_RESPIRATORY_SHUMAN_HUMAN_
ENA_OP015027_OP015027_1_SEVERE_ACUTE_RESPIRATORY_SHUMAN{HUMAN} -> ENA_OP015027_OP015027_1_SEVERE_ACUTE_RESPIRATORY_SHUMAN_HUMAN_
ENA_OP015169_OP015169_1_SEVERE_ACUTE_RESPIRATORY_SHUMAN{HUMAN} -> ENA_OP015169_OP015169_1_SEVERE_ACUTE_RESPIRATORY_SHUMAN_HUMAN_
ENA_OP015024_OP015024_1_SEVERE_ACUTE_RESPIRATORY_SHUMAN{HUMAN} -> ENA_OP015024_OP015024_1_SEVERE_ACUTE_RESPIRATORY_SHUMAN_HUMAN_
ENA_OP015014_OP015014_1_SEVERE_ACUTE_RESPIRATORY_SHUMAN{HUMAN} -> ENA_OP015014_OP015014_1_SEVERE_ACUTE_RESPIRATORY_SHUMAN_HUMAN_
ENA_OP015010_OP015010_1_SEVERE_ACUTE_RESPIRATORY_SHUMAN{HUMAN} -> ENA_OP015010_OP015010_1_SEVERE_ACUTE_RESPIRATORY_SHUMAN_HUMAN_
ENA_OP015037_OP015037_1_SEVERE_ACUTE_RESPIRATORY_SHUMAN{HUMAN} -> ENA_OP015037_OP015037_1_SEVERE_ACUTE_RESPIRATORY_SHUMAN_HUMAN_
ENA_OP015064_OP015064_1_SEVERE_ACUTE_RESPIRATORY_SHUMAN{HUMAN} -> ENA_OP015064_OP015064_1_SEVERE_ACUTE_RESPIRATORY_SHUMAN_HUMAN_
ENA_OP015058_OP015058_1_SEVERE_ACUTE_RESPIRATORY_SHUMAN{HUMAN} -> ENA_OP015058_OP015058_1_SEVERE_ACUTE_RESPIRATORY_SHUMAN_HUMAN_
ENA_OP015054_OP015054_1_SEVERE_ACUTE_RESPIRATORY_SHUMAN{HUMAN} -> ENA_OP015054_OP015054_1_SEVERE_ACUTE_RESPIRATORY_SHUMAN_HUMAN_
ENA_OP015039_OP015039_1_SEVERE_ACUTE_RESPIRATORY_SHUMAN{HUMAN} -> ENA_OP015039_OP015039_1_SEVERE_ACUTE_RESPIRATORY_SHUMAN_HUMAN_
ENA_OP015044_OP015044_1_SEVERE_ACUTE_RESPIRATORY_SHUMAN{HUMAN} -> ENA_OP015044_OP015044_1_SEVERE_ACUTE_RESPIRATORY_SHUMAN_HUMAN_
ENA_OP015589_OP015589_1_SEVERE_ACUTE_RESPIRATORY_SHUMAN{HUMAN} -> ENA_OP015589_OP015589_1_SEVERE_ACUTE_RESPIRATORY_SHUMAN_HUMAN_
ENA_OP015050_OP015050_1_SEVERE_ACUTE_RESPIRATORY_SHUMAN{HUMAN} -> ENA_OP015050_OP015050_1_SEVERE_ACUTE_RESPIRATORY_SHUMAN_HUMAN_

                                                                Gap/Ambiguity  Composition  p-value
Analyzing sequences: done in 0.00395393 secs using 99.88% CPU
   1  MN908947_WUHAN_HU_1_2019_                                         0.30%    passed     96.11%
   2  ENA_OQ437945_OQ437945_1_SEVERE_ACUTE_RESPIRATORY_SDEER_DEER_      0.64%    passed     99.75%
   3  ENA_OQ437954_OQ437954_1_SEVERE_ACUTE_RESPIRATORY_SDEER_DEER_      0.79%    passed     99.89%
   4  ENA_OQ437980_OQ437980_1_SEVERE_ACUTE_RESPIRATORY_SDEER_DEER_      0.63%    passed     99.98%
   5  ENA_OQ437956_OQ437956_1_SEVERE_ACUTE_RESPIRATORY_SDEER_DEER_      0.59%    passed     99.83%
   6  ENA_OQ437977_OQ437977_1_SEVERE_ACUTE_RESPIRATORY_SDEER_DEER_      0.63%    passed     99.91%
   7  ENA_OQ437920_OQ437920_1_SEVERE_ACUTE_RESPIRATORY_SDEER_DEER_      0.64%    passed     99.82%
   8  ENA_OQ437934_OQ437934_1_SEVERE_ACUTE_RESPIRATORY_SDEER_DEER_      0.81%    passed     99.92%
   9  ENA_OQ437917_OQ437917_1_SEVERE_ACUTE_RESPIRATORY_SDEER_DEER_      0.72%    passed     99.99%
  10  ENA_OQ437916_OQ437916_1_SEVERE_ACUTE_RESPIRATORY_SDEER_DEER_      0.63%    passed     99.98%
  11  ENA_OQ437932_OQ437932_1_SEVERE_ACUTE_RESPIRATORY_SDEER_DEER_      0.78%    passed     99.99%
  12  ENA_OQ437923_OQ437923_1_SEVERE_ACUTE_RESPIRATORY_SDEER_DEER_      0.83%    passed     99.99%
  13  ENA_OQ437919_OQ437919_1_SEVERE_ACUTE_RESPIRATORY_SDEER_DEER_      0.64%    passed    100.00%
  14  ENA_OQ437913_OQ437913_1_SEVERE_ACUTE_RESPIRATORY_SDEER_DEER_      0.65%    passed     99.98%
  15  ENA_OQ437926_OQ437926_1_SEVERE_ACUTE_RESPIRATORY_SDEER_DEER_      0.64%    passed     99.97%
  16  ENA_OQ437914_OQ437914_1_SEVERE_ACUTE_RESPIRATORY_SDEER_DEER_      0.65%    passed     99.75%
  17  ENA_OQ437936_OQ437936_1_SEVERE_ACUTE_RESPIRATORY_SDEER_DEER_      0.62%    passed     99.94%
  18  ENA_OQ437943_OQ437943_1_SEVERE_ACUTE_RESPIRATORY_SDEER_DEER_      0.64%    passed     99.97%
  19  ENA_OQ437940_OQ437940_1_SEVERE_ACUTE_RESPIRATORY_SDEER_DEER_      0.67%    passed     99.97%
  20  ENA_OQ437937_OQ437937_1_SEVERE_ACUTE_RESPIRATORY_SDEER_DEER_      0.64%    passed    100.00%
  21  ENA_OQ437941_OQ437941_1_SEVERE_ACUTE_RESPIRATORY_SDEER_DEER_      0.62%    passed    100.00%
  22  ENA_OQ437952_OQ437952_1_SEVERE_ACUTE_RESPIRATORY_SDEER_DEER_      0.91%    passed     99.97%
  23  ENA_OQ437969_OQ437969_1_SEVERE_ACUTE_RESPIRATORY_SDEER_DEER_      0.82%    passed     99.91%
  24  ENA_OQ437942_OQ437942_1_SEVERE_ACUTE_RESPIRATORY_SDEER_DEER_      0.73%    passed     99.79%
  25  ENA_OQ437967_OQ437967_1_SEVERE_ACUTE_RESPIRATORY_SDEER_DEER_      0.65%    passed     99.84%
  26  ENA_OQ437972_OQ437972_1_SEVERE_ACUTE_RESPIRATORY_SDEER_DEER_      0.71%    passed     99.84%
  27  ENA_OQ437978_OQ437978_1_SEVERE_ACUTE_RESPIRATORY_SDEER_DEER_      0.64%    passed     99.86%
  28  ENA_OQ437947_OQ437947_1_SEVERE_ACUTE_RESPIRATORY_SDEER_DEER_      0.63%    passed     99.93%
  29  ENA_OQ437944_OQ437944_1_SEVERE_ACUTE_RESPIRATORY_SDEER_DEER_      1.36%    passed     99.98%
  30  ENA_OQ437939_OQ437939_1_SEVERE_ACUTE_RESPIRATORY_SDEER_DEER_      1.30%    passed     99.91%
  31  ENA_OQ437950_OQ437950_1_SEVERE_ACUTE_RESPIRATORY_SDEER_DEER_      2.30%    passed     99.77%
  32  ENA_OQ437949_OQ437949_1_SEVERE_ACUTE_RESPIRATORY_SDEER_DEER_      7.54%    passed     79.64%
  33  ENA_OQ437990_OQ437990_1_SEVERE_ACUTE_RESPIRATORY_SDEER_DEER_      1.85%    passed     99.99%
  34  ENA_OQ437982_OQ437982_1_SEVERE_ACUTE_RESPIRATORY_SDEER_DEER_      2.16%    passed     99.68%
  35  ENA_OQ437989_OQ437989_1_SEVERE_ACUTE_RESPIRATORY_SDEER_DEER_      1.37%    passed     99.51%
  36  ENA_OQ437975_OQ437975_1_SEVERE_ACUTE_RESPIRATORY_SDEER_DEER_      2.63%    passed     99.66%
  37  ENA_OQ437912_OQ437912_1_SEVERE_ACUTE_RESPIRATORY_SDEER_DEER_     14.66%    passed     60.38%
  38  ENA_OQ437953_OQ437953_1_SEVERE_ACUTE_RESPIRATORY_SDEER_DEER_      3.68%    passed     99.52%
  39  ENA_OQ437915_OQ437915_1_SEVERE_ACUTE_RESPIRATORY_SDEER_DEER_      2.27%    passed     98.09%
  40  ENA_OQ437930_OQ437930_1_SEVERE_ACUTE_RESPIRATORY_SDEER_DEER_      2.11%    passed     99.91%
  41  ENA_OQ437927_OQ437927_1_SEVERE_ACUTE_RESPIRATORY_SDEER_DEER_      2.29%    passed     98.79%
  42  ENA_OQ437938_OQ437938_1_SEVERE_ACUTE_RESPIRATORY_SDEER_DEER_      1.38%    passed     99.70%
  43  ENA_OQ437951_OQ437951_1_SEVERE_ACUTE_RESPIRATORY_SDEER_DEER_      4.15%    passed     96.59%
  44  ENA_OQ437983_OQ437983_1_SEVERE_ACUTE_RESPIRATORY_SDEER_DEER_      1.30%    passed     99.97%
  45  ENA_OQ437955_OQ437955_1_SEVERE_ACUTE_RESPIRATORY_SDEER_DEER_      2.35%    passed     99.87%
  46  ENA_OQ437985_OQ437985_1_SEVERE_ACUTE_RESPIRATORY_SDEER_DEER_      1.19%    passed     99.87%
  47  ENA_OQ437971_OQ437971_1_SEVERE_ACUTE_RESPIRATORY_SDEER_DEER_      1.39%    passed     99.77%
  48  ENA_OQ437984_OQ437984_1_SEVERE_ACUTE_RESPIRATORY_SDEER_DEER_      1.28%    passed     99.82%
  49  ENA_OQ449343_OQ449343_1_SEVERE_ACUTE_RESPIRATORY_SDEER_DEER_     10.79%    passed     74.42%
  50  ENA_OQ449344_OQ449344_1_SEVERE_ACUTE_RESPIRATORY_SDEER_DEER_      1.23%    passed     99.95%
  51  ENA_OQ437962_OQ437962_1_SEVERE_ACUTE_RESPIRATORY_SDEER_DEER_      0.72%    passed     99.85%
  52  ENA_OQ437928_OQ437928_1_SEVERE_ACUTE_RESPIRATORY_SDEER_DEER_      0.64%    passed     99.89%
  53  ENA_OQ437974_OQ437974_1_SEVERE_ACUTE_RESPIRATORY_SDEER_DEER_      0.68%    passed     99.57%
  54  ENA_OQ437986_OQ437986_1_SEVERE_ACUTE_RESPIRATORY_SDEER_DEER_      1.13%    passed     99.95%
  55  ENA_OQ437988_OQ437988_1_SEVERE_ACUTE_RESPIRATORY_SDEER_DEER_      0.83%    passed     99.93%
  56  ENA_OQ437946_OQ437946_1_SEVERE_ACUTE_RESPIRATORY_SDEER_DEER_      0.87%    passed     99.99%
  57  ENA_OQ437987_OQ437987_1_SEVERE_ACUTE_RESPIRATORY_SDEER_DEER_      0.65%    passed     99.90%
  58  ENA_OQ437929_OQ437929_1_SEVERE_ACUTE_RESPIRATORY_SDEER_DEER_      0.63%    passed     99.91%
  59  ENA_OQ437918_OQ437918_1_SEVERE_ACUTE_RESPIRATORY_SDEER_DEER_      0.64%    passed     99.89%
  60  ENA_OQ437922_OQ437922_1_SEVERE_ACUTE_RESPIRATORY_SDEER_DEER_      1.97%    passed     99.97%
  61  ENA_OQ437933_OQ437933_1_SEVERE_ACUTE_RESPIRATORY_SDEER_DEER_      2.13%    passed     99.04%
  62  ENA_OQ437931_OQ437931_1_SEVERE_ACUTE_RESPIRATORY_SDEER_DEER_      2.77%    passed     99.88%
  63  ENA_OQ437925_OQ437925_1_SEVERE_ACUTE_RESPIRATORY_SDEER_DEER_      2.65%    passed     99.96%
  64  ENA_OQ437924_OQ437924_1_SEVERE_ACUTE_RESPIRATORY_SDEER_DEER_      6.44%    passed     76.78%
  65  ENA_OQ437921_OQ437921_1_SEVERE_ACUTE_RESPIRATORY_SDEER_DEER_      0.84%    passed     99.91%
  66  ENA_OQ437957_OQ437957_1_SEVERE_ACUTE_RESPIRATORY_SDEER_DEER_      2.31%    passed     99.82%
  67  ENA_OQ437958_OQ437958_1_SEVERE_ACUTE_RESPIRATORY_SDEER_DEER_      0.64%    passed     99.75%
  68  ENA_OQ437968_OQ437968_1_SEVERE_ACUTE_RESPIRATORY_SDEER_DEER_      1.46%    passed     99.78%
  69  ENA_OQ437964_OQ437964_1_SEVERE_ACUTE_RESPIRATORY_SDEER_DEER_      2.16%    passed     99.84%
  70  ENA_OQ437981_OQ437981_1_SEVERE_ACUTE_RESPIRATORY_SDEER_DEER_      1.22%    passed     99.97%
  71  ENA_OQ437979_OQ437979_1_SEVERE_ACUTE_RESPIRATORY_SDEER_DEER_      5.47%    passed     82.37%
  72  ENA_OQ437970_OQ437970_1_SEVERE_ACUTE_RESPIRATORY_SDEER_DEER_      1.23%    passed     99.98%
  73  ENA_OQ437973_OQ437973_1_SEVERE_ACUTE_RESPIRATORY_SDEER_DEER_      3.56%    passed     99.53%
  74  ENA_OQ437961_OQ437961_1_SEVERE_ACUTE_RESPIRATORY_SDEER_DEER_      0.64%    passed     99.99%
  75  ENA_OQ437963_OQ437963_1_SEVERE_ACUTE_RESPIRATORY_SDEER_DEER_      0.64%    passed     99.98%
  76  ENA_OQ437960_OQ437960_1_SEVERE_ACUTE_RESPIRATORY_SDEER_DEER_      6.08%    passed     90.56%
  77  ENA_OQ437976_OQ437976_1_SEVERE_ACUTE_RESPIRATORY_SDEER_DEER_     24.96%    passed     85.26%
  78  ENA_OQ437948_OQ437948_1_SEVERE_ACUTE_RESPIRATORY_SDEER_DEER_     32.43%    passed     81.29%
  79  ENA_OQ437959_OQ437959_1_SEVERE_ACUTE_RESPIRATORY_SDEER_DEER_     34.41%    passed      9.51%
  80  ENA_OQ466563_OQ466563_1_SEVERE_ACUTE_RESPIRATORY_SDEER_DEER_     37.50%    failed      4.54%
  81  ENA_OQ437935_OQ437935_1_SEVERE_ACUTE_RESPIRATORY_SDEER_DEER_     17.55%    passed     38.25%
  82  ENA_OL320069_OL320069_1_SEVERE_ACUTE_RESPIRATORY_SHUMAN_HUMAN_    4.09%    passed     99.39%
  83  ENA_ON840422_ON840422_1_SEVERE_ACUTE_RESPIRATORY_SHUMAN_HUMAN_    1.45%    passed     99.16%
  84  ENA_OL318841_OL318841_1_SEVERE_ACUTE_RESPIRATORY_SHUMAN_HUMAN_    1.99%    passed     99.12%
  85  ENA_OL320072_OL320072_1_SEVERE_ACUTE_RESPIRATORY_SHUMAN_HUMAN_    3.40%    passed     99.84%
  86  ENA_OP014916_OP014916_1_SEVERE_ACUTE_RESPIRATORY_SHUMAN_HUMAN_    2.14%    passed     99.77%
  87  ENA_OP019191_OP019191_1_SEVERE_ACUTE_RESPIRATORY_SHUMAN_HUMAN_    1.57%    passed     99.78%
  88  ENA_OP019218_OP019218_1_SEVERE_ACUTE_RESPIRATORY_SHUMAN_HUMAN_    1.56%    passed     99.75%
  89  ENA_OP019211_OP019211_1_SEVERE_ACUTE_RESPIRATORY_SHUMAN_HUMAN_    2.50%    passed     98.27%
  90  ENA_OP019215_OP019215_1_SEVERE_ACUTE_RESPIRATORY_SHUMAN_HUMAN_    5.06%    passed     87.97%
  91  ENA_OP019208_OP019208_1_SEVERE_ACUTE_RESPIRATORY_SHUMAN_HUMAN_    2.09%    passed     99.90%
  92  ENA_OP019235_OP019235_1_SEVERE_ACUTE_RESPIRATORY_SHUMAN_HUMAN_    1.83%    passed     99.88%
  93  ENA_OP019223_OP019223_1_SEVERE_ACUTE_RESPIRATORY_SHUMAN_HUMAN_    2.16%    passed     98.01%
  94  ENA_OP019240_OP019240_1_SEVERE_ACUTE_RESPIRATORY_SHUMAN_HUMAN_    9.67%    passed     88.51%
  95  ENA_OP019226_OP019226_1_SEVERE_ACUTE_RESPIRATORY_SHUMAN_HUMAN_    5.66%    passed     91.10%
  96  ENA_OP019222_OP019222_1_SEVERE_ACUTE_RESPIRATORY_SHUMAN_HUMAN_    9.63%    passed     83.32%
  97  ENA_OP019219_OP019219_1_SEVERE_ACUTE_RESPIRATORY_SHUMAN_HUMAN_   10.81%    passed     66.18%
  98  ENA_OP019209_OP019209_1_SEVERE_ACUTE_RESPIRATORY_SHUMAN_HUMAN_    2.27%    passed     99.83%
  99  ENA_OP019239_OP019239_1_SEVERE_ACUTE_RESPIRATORY_SHUMAN_HUMAN_    4.63%    passed     92.25%
 100  ENA_OP019233_OP019233_1_SEVERE_ACUTE_RESPIRATORY_SHUMAN_HUMAN_    2.17%    passed     99.60%
 101  ENA_OP019227_OP019227_1_SEVERE_ACUTE_RESPIRATORY_SHUMAN_HUMAN_    2.51%    passed     98.50%
 102  ENA_OP019249_OP019249_1_SEVERE_ACUTE_RESPIRATORY_SHUMAN_HUMAN_    1.80%    passed     99.91%
 103  ENA_OP019228_OP019228_1_SEVERE_ACUTE_RESPIRATORY_SHUMAN_HUMAN_    2.59%    passed     97.34%
 104  ENA_OP019395_OP019395_1_SEVERE_ACUTE_RESPIRATORY_SHUMAN_HUMAN_    0.92%    passed     99.96%
 105  ENA_OP019256_OP019256_1_SEVERE_ACUTE_RESPIRATORY_SHUMAN_HUMAN_    1.78%    passed     99.78%
 106  ENA_OP019246_OP019246_1_SEVERE_ACUTE_RESPIRATORY_SHUMAN_HUMAN_    9.25%    passed     89.26%
 107  ENA_OP019248_OP019248_1_SEVERE_ACUTE_RESPIRATORY_SHUMAN_HUMAN_    3.07%    passed     98.90%
 108  ENA_OP019231_OP019231_1_SEVERE_ACUTE_RESPIRATORY_SHUMAN_HUMAN_    0.92%    passed     99.98%
 109  ENA_OP019392_OP019392_1_SEVERE_ACUTE_RESPIRATORY_SHUMAN_HUMAN_    0.92%    passed     99.96%
 110  ENA_OP014642_OP014642_1_SEVERE_ACUTE_RESPIRATORY_SHUMAN_HUMAN_    1.87%    passed    100.00%
 111  ENA_OP014658_OP014658_1_SEVERE_ACUTE_RESPIRATORY_SHUMAN_HUMAN_    1.32%    passed     99.94%
 112  ENA_OP014624_OP014624_1_SEVERE_ACUTE_RESPIRATORY_SHUMAN_HUMAN_    1.02%    passed     99.99%
 113  ENA_OP014636_OP014636_1_SEVERE_ACUTE_RESPIRATORY_SHUMAN_HUMAN_    1.95%    passed     99.77%
 114  ENA_OP019243_OP019243_1_SEVERE_ACUTE_RESPIRATORY_SHUMAN_HUMAN_    2.63%    passed     99.89%
 115  ENA_OP014653_OP014653_1_SEVERE_ACUTE_RESPIRATORY_SHUMAN_HUMAN_    0.89%    passed     99.98%
 116  ENA_OP014649_OP014649_1_SEVERE_ACUTE_RESPIRATORY_SHUMAN_HUMAN_    0.94%    passed    100.00%
 117  ENA_OP014634_OP014634_1_SEVERE_ACUTE_RESPIRATORY_SHUMAN_HUMAN_    2.06%    passed     99.76%
 118  ENA_OP014988_OP014988_1_SEVERE_ACUTE_RESPIRATORY_SHUMAN_HUMAN_    1.10%    passed     99.80%
 119  ENA_OP014655_OP014655_1_SEVERE_ACUTE_RESPIRATORY_SHUMAN_HUMAN_    0.91%    passed     99.97%
 120  ENA_OP014662_OP014662_1_SEVERE_ACUTE_RESPIRATORY_SHUMAN_HUMAN_    1.10%    passed     99.94%
 121  ENA_OP014644_OP014644_1_SEVERE_ACUTE_RESPIRATORY_SHUMAN_HUMAN_    1.12%    passed     99.92%
 122  ENA_OP015252_OP015252_1_SEVERE_ACUTE_RESPIRATORY_SHUMAN_HUMAN_    1.76%    passed     99.48%
 123  ENA_OP015103_OP015103_1_SEVERE_ACUTE_RESPIRATORY_SHUMAN_HUMAN_    1.21%    passed     99.97%
 124  ENA_OP014787_OP014787_1_SEVERE_ACUTE_RESPIRATORY_SHUMAN_HUMAN_    1.48%    passed     99.98%
 125  ENA_OP014805_OP014805_1_SEVERE_ACUTE_RESPIRATORY_SHUMAN_HUMAN_    1.23%    passed     99.98%
 126  ENA_OP016620_OP016620_1_SEVERE_ACUTE_RESPIRATORY_SHUMAN_HUMAN_    0.90%    passed     99.99%
 127  ENA_OP014796_OP014796_1_SEVERE_ACUTE_RESPIRATORY_SHUMAN_HUMAN_    2.06%    passed     99.83%
 128  ENA_OP014809_OP014809_1_SEVERE_ACUTE_RESPIRATORY_SHUMAN_HUMAN_    2.14%    passed     99.93%
 129  ENA_OP014810_OP014810_1_SEVERE_ACUTE_RESPIRATORY_SHUMAN_HUMAN_    1.05%    passed    100.00%
 130  ENA_OP014812_OP014812_1_SEVERE_ACUTE_RESPIRATORY_SHUMAN_HUMAN_    3.59%    passed     98.21%
 131  ENA_OP014797_OP014797_1_SEVERE_ACUTE_RESPIRATORY_SHUMAN_HUMAN_    1.26%    passed     99.96%
 132  ENA_OP014819_OP014819_1_SEVERE_ACUTE_RESPIRATORY_SHUMAN_HUMAN_    2.75%    passed     98.50%
 133  ENA_OP014793_OP014793_1_SEVERE_ACUTE_RESPIRATORY_SHUMAN_HUMAN_    1.75%    passed     99.93%
 134  ENA_OP014811_OP014811_1_SEVERE_ACUTE_RESPIRATORY_SHUMAN_HUMAN_    2.93%    passed     98.15%
 135  ENA_OP014795_OP014795_1_SEVERE_ACUTE_RESPIRATORY_SHUMAN_HUMAN_    1.95%    passed     99.95%
 136  ENA_OP016656_OP016656_1_SEVERE_ACUTE_RESPIRATORY_SHUMAN_HUMAN_    1.84%    passed     99.76%
 137  ENA_OP014801_OP014801_1_SEVERE_ACUTE_RESPIRATORY_SHUMAN_HUMAN_    0.94%    passed    100.00%
 138  ENA_OP014814_OP014814_1_SEVERE_ACUTE_RESPIRATORY_SHUMAN_HUMAN_    0.91%    passed    100.00%
 139  ENA_OP014804_OP014804_1_SEVERE_ACUTE_RESPIRATORY_SHUMAN_HUMAN_    0.91%    passed    100.00%
 140  ENA_OP014834_OP014834_1_SEVERE_ACUTE_RESPIRATORY_SHUMAN_HUMAN_    0.89%    passed     99.97%
 141  ENA_OP014841_OP014841_1_SEVERE_ACUTE_RESPIRATORY_SHUMAN_HUMAN_    1.21%    passed     99.96%
 142  ENA_OP014825_OP014825_1_SEVERE_ACUTE_RESPIRATORY_SHUMAN_HUMAN_    1.38%    passed     99.93%
 143  ENA_OP014828_OP014828_1_SEVERE_ACUTE_RESPIRATORY_SHUMAN_HUMAN_    0.91%    passed     99.99%
 144  ENA_OP015373_OP015373_1_SEVERE_ACUTE_RESPIRATORY_SHUMAN_HUMAN_    1.12%    passed     99.91%
 145  ENA_OP014815_OP014815_1_SEVERE_ACUTE_RESPIRATORY_SHUMAN_HUMAN_    1.03%    passed     99.91%
 146  ENA_OP014844_OP014844_1_SEVERE_ACUTE_RESPIRATORY_SHUMAN_HUMAN_    1.02%    passed     99.94%
 147  ENA_OP014853_OP014853_1_SEVERE_ACUTE_RESPIRATORY_SHUMAN_HUMAN_    0.91%    passed     99.97%
 148  ENA_OP014850_OP014850_1_SEVERE_ACUTE_RESPIRATORY_SHUMAN_HUMAN_    1.53%    passed     99.72%
 149  ENA_OP014838_OP014838_1_SEVERE_ACUTE_RESPIRATORY_SHUMAN_HUMAN_    1.00%    passed     99.97%
 150  ENA_OP019407_OP019407_1_SEVERE_ACUTE_RESPIRATORY_SHUMAN_HUMAN_    0.92%    passed     99.96%
 151  ENA_OP015352_OP015352_1_SEVERE_ACUTE_RESPIRATORY_SHUMAN_HUMAN_    1.34%    passed     99.94%
 152  ENA_OP014851_OP014851_1_SEVERE_ACUTE_RESPIRATORY_SHUMAN_HUMAN_    1.23%    passed     99.92%
 153  ENA_OP014836_OP014836_1_SEVERE_ACUTE_RESPIRATORY_SHUMAN_HUMAN_    0.89%    passed     99.75%
 154  ENA_OP014854_OP014854_1_SEVERE_ACUTE_RESPIRATORY_SHUMAN_HUMAN_    0.97%    passed     99.98%
 155  ENA_OP014820_OP014820_1_SEVERE_ACUTE_RESPIRATORY_SHUMAN_HUMAN_    1.03%    passed     99.93%
 156  ENA_OP014874_OP014874_1_SEVERE_ACUTE_RESPIRATORY_SHUMAN_HUMAN_    1.93%    passed     99.95%
 157  ENA_OP014848_OP014848_1_SEVERE_ACUTE_RESPIRATORY_SHUMAN_HUMAN_    0.91%    passed     99.99%
 158  ENA_OP014974_OP014974_1_SEVERE_ACUTE_RESPIRATORY_SHUMAN_HUMAN_    3.19%    passed     95.99%
 159  ENA_OP014952_OP014952_1_SEVERE_ACUTE_RESPIRATORY_SHUMAN_HUMAN_    1.16%    passed     99.96%
 160  ENA_OP014935_OP014935_1_SEVERE_ACUTE_RESPIRATORY_SHUMAN_HUMAN_    1.02%    passed     99.95%
 161  ENA_OP014958_OP014958_1_SEVERE_ACUTE_RESPIRATORY_SHUMAN_HUMAN_    1.68%    passed     99.96%
 162  ENA_OP014976_OP014976_1_SEVERE_ACUTE_RESPIRATORY_SHUMAN_HUMAN_    1.05%    passed     99.99%
 163  ENA_OP014943_OP014943_1_SEVERE_ACUTE_RESPIRATORY_SHUMAN_HUMAN_    2.03%    passed     99.68%
 164  ENA_OP015505_OP015505_1_SEVERE_ACUTE_RESPIRATORY_SHUMAN_HUMAN_    1.87%    passed     99.98%
 165  ENA_OP014977_OP014977_1_SEVERE_ACUTE_RESPIRATORY_SHUMAN_HUMAN_    4.54%    passed     92.30%
 166  ENA_OP015018_OP015018_1_SEVERE_ACUTE_RESPIRATORY_SHUMAN_HUMAN_    1.00%    passed     99.94%
 167  ENA_OP015005_OP015005_1_SEVERE_ACUTE_RESPIRATORY_SHUMAN_HUMAN_    0.91%    passed     99.98%
 168  ENA_OP015016_OP015016_1_SEVERE_ACUTE_RESPIRATORY_SHUMAN_HUMAN_    1.79%    passed     99.67%
 169  ENA_OP015011_OP015011_1_SEVERE_ACUTE_RESPIRATORY_SHUMAN_HUMAN_    1.24%    passed     99.96%
 170  ENA_OP015012_OP015012_1_SEVERE_ACUTE_RESPIRATORY_SHUMAN_HUMAN_    1.63%    passed     99.98%
 171  ENA_OP015021_OP015021_1_SEVERE_ACUTE_RESPIRATORY_SHUMAN_HUMAN_    1.58%    passed     99.87%
 172  ENA_OP015020_OP015020_1_SEVERE_ACUTE_RESPIRATORY_SHUMAN_HUMAN_    1.24%    passed     99.91%
 173  ENA_OP015027_OP015027_1_SEVERE_ACUTE_RESPIRATORY_SHUMAN_HUMAN_    1.13%    passed     99.89%
 174  ENA_OP015169_OP015169_1_SEVERE_ACUTE_RESPIRATORY_SHUMAN_HUMAN_    1.27%    passed     99.84%
 175  ENA_OP015024_OP015024_1_SEVERE_ACUTE_RESPIRATORY_SHUMAN_HUMAN_    1.02%    passed     99.99%
 176  ENA_OP015014_OP015014_1_SEVERE_ACUTE_RESPIRATORY_SHUMAN_HUMAN_    0.89%    passed     99.98%
 177  ENA_OP015010_OP015010_1_SEVERE_ACUTE_RESPIRATORY_SHUMAN_HUMAN_    1.89%    passed     99.94%
 178  ENA_OP015037_OP015037_1_SEVERE_ACUTE_RESPIRATORY_SHUMAN_HUMAN_    1.24%    passed     99.97%
 179  ENA_OP015064_OP015064_1_SEVERE_ACUTE_RESPIRATORY_SHUMAN_HUMAN_    1.26%    passed    100.00%
 180  ENA_OP015058_OP015058_1_SEVERE_ACUTE_RESPIRATORY_SHUMAN_HUMAN_    1.16%    passed    100.00%
 181  ENA_OP015054_OP015054_1_SEVERE_ACUTE_RESPIRATORY_SHUMAN_HUMAN_    1.13%    passed     99.93%
 182  ENA_OP015039_OP015039_1_SEVERE_ACUTE_RESPIRATORY_SHUMAN_HUMAN_    1.86%    passed     99.56%
 183  ENA_OP015044_OP015044_1_SEVERE_ACUTE_RESPIRATORY_SHUMAN_HUMAN_    2.49%    passed     98.61%
 184  ENA_OP015589_OP015589_1_SEVERE_ACUTE_RESPIRATORY_SHUMAN_HUMAN_    1.32%    passed     99.95%
 185  ENA_OP015050_OP015050_1_SEVERE_ACUTE_RESPIRATORY_SHUMAN_HUMAN_    1.83%    passed     99.93%
****  TOTAL                                                             2.68%  1 sequences failed composition chi2 test (p-value<5%; df=3)
NOTE: ENA_OP014804_OP014804_1_SEVERE_ACUTE_RESPIRATORY_SHUMAN_HUMAN_ is identical to ENA_OP014814_OP014814_1_SEVERE_ACUTE_RESPIRATORY_SHUMAN_HUMAN_ but kept for subsequent analysis
Checking for duplicate sequences: done in 0.00598288 secs using 99.99% CPU


Create initial parsimony tree by phylogenetic likelihood library (PLL)... 0.093 seconds
Perform fast likelihood tree search using GTR+I+G model...
Estimate model parameters (epsilon = 5.000)
Perform nearest neighbor interchange...
Optimizing NNI: done in 5.23211 secs using 100% CPU
Estimate model parameters (epsilon = 1.000)
1. Initial log-likelihood: -54865.418
Optimal log-likelihood: -54865.233
Rate parameters:  A-C: 0.32248  A-G: 1.47991  A-T: 0.21249  C-G: 0.30388  C-T: 6.13142  G-T: 1.00000
Base frequencies:  A: 0.299  C: 0.183  G: 0.196  T: 0.322
Proportion of invariable sites: 0.484
Gamma shape alpha: 0.108
Parameters optimization took 1 rounds (2.414 sec)
Time for fast ML tree search: 25.392 seconds

NOTE: ModelFinder requires 188 MB RAM!
ModelFinder will test up to 484 DNA models (sample size: 29994) ...
 No. Model         -LnL         df  AIC          AICc         BIC
  1  GTR+F         55438.601    375 111627.202   111636.723   114742.984
  2  GTR+F+I       54864.645    376 110481.291   110490.863   113605.382
  3  GTR+F+G4      54970.980    376 110693.961   110703.533   113818.052
  4  GTR+F+I+G4    54850.195    377 110454.390   110464.013   113586.789
  5  GTR+F+R2      54783.971    377 110321.941   110331.565   113454.341
  6  GTR+F+R3      54783.664    379 110325.328   110335.054   113474.345
 14  GTR+F+I+R2    54760.387    378 110276.775   110286.449   113417.483
 15  GTR+F+I+R3    54738.805    380 110237.610   110247.388   113394.936
 16  GTR+F+I+R4    54725.206    382 110214.411   110224.293   113388.355
 17  GTR+F+I+R5    54715.703    384 110199.406   110209.392   113389.967
 37  SYM+I+R3      55797.827    377 112349.655   112359.279   115482.055
 38  SYM+I+R4      55779.357    379 112316.714   112326.440   115465.731
 39  SYM+I+R5      55778.885    381 112319.770   112329.600   115485.405
 59  TVM+F+I+R3    54928.474    379 110614.948   110624.675   113763.965
 60  TVM+F+I+R4    54907.471    381 110576.941   110586.771   113742.576
WARNING: Log-likelihood -54927 of TVM+F+I+R5 worse than TVM+F+I+R4 -54907.5
 61  TVM+F+I+R5    54926.968    383 110619.937   110629.871   113802.189
 81  TVMe+I+R3     55996.192    376 112744.384   112753.957   115868.475
 82  TVMe+I+R4     55993.960    378 112743.920   112753.595   115884.629
103  TIM3+F+I+R3   54794.915    378 110345.830   110355.505   113486.538
104  TIM3+F+I+R4   54768.453    380 110296.907   110306.685   113454.233
105  TIM3+F+I+R5   54765.084    382 110294.169   110304.051   113468.112
125  TIM3e+I+R3    55838.491    375 112426.981   112436.502   115542.763
126  TIM3e+I+R4    55818.902    377 112391.805   112401.428   115524.204
127  TIM3e+I+R5    55816.103    379 112390.205   112399.932   115539.223
147  TIM2+F+I+R3   54768.563    378 110293.126   110302.801   113433.835
148  TIM2+F+I+R4   54743.191    380 110246.381   110256.159   113403.707
149  TIM2+F+I+R5   54739.693    382 110243.386   110253.268   113417.329
169  TIM2e+I+R3    55854.103    375 112458.206   112467.727   115573.988
170  TIM2e+I+R4    55834.112    377 112422.224   112431.848   115554.624
171  TIM2e+I+R5    55833.675    379 112425.349   112435.075   115574.366
191  TIM+F+I+R3    54771.190    378 110298.379   110308.054   113439.088
192  TIM+F+I+R4    54744.469    380 110248.937   110258.715   113406.263
193  TIM+F+I+R5    54741.323    382 110246.646   110256.528   113420.589
213  TIMe+I+R3     55843.229    375 112436.458   112445.979   115552.240
214  TIMe+I+R4     55822.624    377 112399.249   112408.872   115531.648
215  TIMe+I+R5     55820.002    379 112398.004   112407.730   115547.021
235  TPM3u+F+I+R3  54986.618    377 110727.237   110736.860   113859.636
236  TPM3u+F+I+R4  54982.197    379 110722.394   110732.120   113871.411
257  TPM3+I+R3     56035.159    374 112818.317   112827.788   115925.791
258  TPM3+I+R4     56033.204    376 112818.408   112827.980   115942.499
279  TPM2u+F+I+R3  54965.078    377 110684.156   110693.780   113816.556
280  TPM2u+F+I+R4  54943.270    379 110644.540   110654.266   113793.557
WARNING: Log-likelihood -54963.5 of TPM2u+F+I+R5 worse than TPM2u+F+I+R4 -54943.3
281  TPM2u+F+I+R5  54963.515    381 110689.030   110698.860   113854.665
301  TPM2+I+R3     56059.955    374 112867.909   112877.379   115975.383
302  TPM2+I+R4     56057.250    376 112866.499   112876.072   115990.590
323  K3Pu+F+I+R3   54971.097    377 110696.195   110705.818   113828.595
324  K3Pu+F+I+R4   54950.211    379 110658.422   110668.148   113807.439
WARNING: Log-likelihood -54969.4 of K3Pu+F+I+R5 worse than K3Pu+F+I+R4 -54950.2
325  K3Pu+F+I+R5   54969.428    381 110700.857   110710.687   113866.492
345  K3P+I+R3      56047.650    374 112843.299   112852.769   115950.773
346  K3P+I+R4      56044.955    376 112841.909   112851.482   115966.000
367  TN+F+I+R3     54805.166    377 110364.332   110373.956   113496.732
368  TN+F+I+R4     54778.233    379 110314.466   110324.192   113463.483
369  TN+F+I+R5     54775.196    381 110312.392   110322.222   113478.027
389  TNe+I+R3      55874.144    374 112496.287   112505.758   115603.761
390  TNe+I+R4      55853.101    376 112458.202   112467.774   115582.293
391  TNe+I+R5      55850.216    378 112456.432   112466.107   115597.141
411  HKY+F+I+R3    55003.549    376 110759.099   110768.671   113883.190
412  HKY+F+I+R4    54983.171    378 110722.342   110732.017   113863.051
WARNING: Log-likelihood -55001.9 of HKY+F+I+R5 worse than HKY+F+I+R4 -54983.2
413  HKY+F+I+R5    55001.882    380 110763.764   110773.542   113921.090
433  K2P+I+R3      56078.431    373 112902.862   112912.281   116002.027
434  K2P+I+R4      56075.733    375 112901.465   112910.986   116017.247
455  F81+F+I+R3    55759.392    375 112268.784   112278.305   115384.566
456  F81+F+I+R4    55756.100    377 112266.201   112275.824   115398.601
477  JC+I+R3       56839.571    372 114423.142   114432.511   117513.998
478  JC+I+R4       56837.031    374 114422.061   114431.531   117529.535
Akaike Information Criterion:           GTR+F+I+R5
Corrected Akaike Information Criterion: GTR+F+I+R5
Bayesian Information Criterion:         GTR+F+I+R4
Best-fit model: GTR+F+I+R4 chosen according to BIC

All model information printed to mafft_alignment.fasta.model.gz
CPU time for ModelFinder: 7036.563 seconds (1h:57m:16s)
Wall-clock time for ModelFinder: 7038.274 seconds (1h:57m:18s)

NOTE: 75 MB RAM (0 GB) is required!
Estimate model parameters (epsilon = 0.100)
1. Initial log-likelihood: -54725.206
2. Current log-likelihood: -54724.672
3. Current log-likelihood: -54724.138
4. Current log-likelihood: -54723.605
5. Current log-likelihood: -54723.075
6. Current log-likelihood: -54722.553
7. Current log-likelihood: -54722.039
8. Current log-likelihood: -54721.537
9. Current log-likelihood: -54721.047
10. Current log-likelihood: -54720.572
11. Current log-likelihood: -54720.113
12. Current log-likelihood: -54719.672
13. Current log-likelihood: -54719.249
14. Current log-likelihood: -54718.847
15. Current log-likelihood: -54718.465
16. Current log-likelihood: -54718.105
17. Current log-likelihood: -54717.767
18. Current log-likelihood: -54717.450
19. Current log-likelihood: -54717.156
20. Current log-likelihood: -54716.882
21. Current log-likelihood: -54716.630
22. Current log-likelihood: -54716.398
23. Current log-likelihood: -54716.184
24. Current log-likelihood: -54715.989
25. Current log-likelihood: -54715.810
26. Current log-likelihood: -54715.646
27. Current log-likelihood: -54715.496
28. Current log-likelihood: -54715.357
29. Current log-likelihood: -54715.228
30. Current log-likelihood: -54715.107
31. Current log-likelihood: -54714.991
32. Current log-likelihood: -54714.878
33. Current log-likelihood: -54714.416
34. Current log-likelihood: -54713.962
35. Current log-likelihood: -54713.817
36. Current log-likelihood: -54713.702
Optimal log-likelihood: -54713.598
Rate parameters:  A-C: 0.31048  A-G: 1.35880  A-T: 0.20077  C-G: 0.28363  C-T: 6.00355  G-T: 1.00000
Base frequencies:  A: 0.299  C: 0.183  G: 0.196  T: 0.322
Proportion of invariable sites: 0.659
Site proportion and rates:  (0.170,1.688) (0.148,1.688) (0.022,18.791) (0.000,262.507)
Parameters optimization took 36 rounds (39.730 sec)
Wrote distance file to... 
Computing ML distances based on estimated model parameters...
Calculating distance matrix: done in 0.303245 secs using 99.99% CPU
Computing ML distances took 0.305732 sec (of wall-clock time) 0.305709 sec (of CPU time)
Setting up auxiliary I and S matrices: done in 0.00267792 secs using 206.1% CPU
Constructing RapidNJ tree: done in 0.00589299 secs using 167.8% CPU
Computing RapidNJ tree took 0.008710 sec (of wall-clock time) 0.015551 sec (of CPU time)
Log-likelihood of RapidNJ tree: -54796.269
--------------------------------------------------------------------
|             INITIALIZING CANDIDATE TREE SET                      |
--------------------------------------------------------------------
Generating 98 parsimony trees... 3.082 second
Computing log-likelihood of 98 initial trees ... 12.367 seconds
Current best score: -54696.791

Do NNI search on 20 best initial trees
Optimizing NNI: done in 1.91598 secs using 99.99% CPU
Estimate model parameters (epsilon = 0.100)
BETTER TREE FOUND at iteration 1: -54687.436
Optimizing NNI: done in 1.98018 secs using 100% CPU
Estimate model parameters (epsilon = 0.100)
BETTER TREE FOUND at iteration 2: -54687.344
Optimizing NNI: done in 2.07495 secs using 99.99% CPU
Optimizing NNI: done in 2.04591 secs using 100% CPU
Optimizing NNI: done in 1.97757 secs using 99.99% CPU
Estimate model parameters (epsilon = 0.100)
BETTER TREE FOUND at iteration 5: -54687.062
Optimizing NNI: done in 1.62124 secs using 99.99% CPU
Optimizing NNI: done in 1.98195 secs using 100% CPU
Optimizing NNI: done in 1.8252 secs using 99.99% CPU
Optimizing NNI: done in 1.77279 secs using 99.99% CPU
Optimizing NNI: done in 1.97569 secs using 99.99% CPU
Iteration 10 / LogL: -54689.115 / Time: 0h:1m:21s
Optimizing NNI: done in 2.3057 secs using 100% CPU
Estimate model parameters (epsilon = 0.100)
BETTER TREE FOUND at iteration 11: -54686.980
Optimizing NNI: done in 2.5988 secs using 100% CPU
Optimizing NNI: done in 3.08517 secs using 100% CPU
Optimizing NNI: done in 2.97024 secs using 100% CPU
Optimizing NNI: done in 2.6369 secs using 100% CPU
Optimizing NNI: done in 3.34219 secs using 100% CPU
Optimizing NNI: done in 2.87137 secs using 100% CPU
Optimizing NNI: done in 2.77319 secs using 100% CPU
Optimizing NNI: done in 2.42827 secs using 100% CPU
Optimizing NNI: done in 2.3913 secs using 100% CPU
Iteration 20 / LogL: -54692.636 / Time: 0h:1m:50s
Finish initializing candidate tree set (20)
Current best tree score: -54686.980 / CPU time: 70.137
Number of iterations: 20
--------------------------------------------------------------------
|               OPTIMIZING CANDIDATE TREE SET                      |
--------------------------------------------------------------------
Optimizing NNI: done in 3.26486 secs using 100% CPU
Optimizing NNI: done in 3.62603 secs using 100% CPU
Optimizing NNI: done in 2.91 secs using 100% CPU
Optimizing NNI: done in 3.18759 secs using 100% CPU
Optimizing NNI: done in 3.09148 secs using 100% CPU
Optimizing NNI: done in 3.4139 secs using 100% CPU
Optimizing NNI: done in 3.57259 secs using 100% CPU
Optimizing NNI: done in 3.13637 secs using 100% CPU
Optimizing NNI: done in 3.13772 secs using 100% CPU
Optimizing NNI: done in 3.3469 secs using 100% CPU
Iteration 30 / LogL: -54714.628 / Time: 0h:2m:23s (0h:6m:41s left)
Optimizing NNI: done in 3.30008 secs using 100% CPU
Optimizing NNI: done in 3.52783 secs using 100% CPU
Optimizing NNI: done in 2.99432 secs using 99.99% CPU
Optimizing NNI: done in 3.35283 secs using 100% CPU
Optimizing NNI: done in 4.17083 secs using 99.99% CPU
Optimizing NNI: done in 3.63911 secs using 100% CPU
Optimizing NNI: done in 3.23633 secs using 99.99% CPU
Optimizing NNI: done in 3.6398 secs using 100% CPU
Optimizing NNI: done in 3.17557 secs using 100% CPU
Optimizing NNI: done in 3.32991 secs using 99.99% CPU
Iteration 40 / LogL: -54692.660 / Time: 0h:2m:58s (0h:5m:25s left)
Optimizing NNI: done in 2.789 secs using 99.99% CPU
Optimizing NNI: done in 3.65601 secs using 100% CPU
Optimizing NNI: done in 3.42645 secs using 99.99% CPU
Optimizing NNI: done in 3.38598 secs using 100% CPU
Optimizing NNI: done in 3.18705 secs using 100% CPU
Optimizing NNI: done in 3.13867 secs using 99.99% CPU
Optimizing NNI: done in 2.9308 secs using 99.99% CPU
Optimizing NNI: done in 2.98536 secs using 100% CPU
Optimizing NNI: done in 2.99306 secs using 99.99% CPU
Optimizing NNI: done in 3.16718 secs using 100% CPU
Iteration 50 / LogL: -54700.761 / Time: 0h:3m:30s (0h:4m:22s left)
Optimizing NNI: done in 2.99797 secs using 99.99% CPU
Optimizing NNI: done in 3.24585 secs using 100% CPU
Optimizing NNI: done in 4.16082 secs using 100% CPU
Optimizing NNI: done in 3.98649 secs using 100% CPU
Optimizing NNI: done in 3.20972 secs using 99.99% CPU
Optimizing NNI: done in 3.59606 secs using 100% CPU
Optimizing NNI: done in 2.7474 secs using 100% CPU
Optimizing NNI: done in 3.76991 secs using 100% CPU
Optimizing NNI: done in 2.73975 secs using 99.99% CPU
Optimizing NNI: done in 3.32443 secs using 100% CPU
Iteration 60 / LogL: -54694.209 / Time: 0h:4m:4s (0h:3m:31s left)
Optimizing NNI: done in 2.8544 secs using 99.99% CPU
Optimizing NNI: done in 3.22051 secs using 100% CPU
Optimizing NNI: done in 3.30639 secs using 99.99% CPU
Optimizing NNI: done in 3.37933 secs using 100% CPU
Optimizing NNI: done in 3.32793 secs using 100% CPU
Optimizing NNI: done in 4.82723 secs using 100% CPU
Optimizing NNI: done in 3.70388 secs using 99.99% CPU
Optimizing NNI: done in 2.8858 secs using 100% CPU
Optimizing NNI: done in 2.92822 secs using 99.99% CPU
Optimizing NNI: done in 3.4928 secs using 100% CPU
Iteration 70 / LogL: -54747.795 / Time: 0h:4m:39s (0h:2m:45s left)
Optimizing NNI: done in 3.84089 secs using 100% CPU
Optimizing NNI: done in 2.45368 secs using 99.99% CPU
Optimizing NNI: done in 2.27124 secs using 99.99% CPU
Optimizing NNI: done in 3.03551 secs using 99.99% CPU
Optimizing NNI: done in 3.08819 secs using 99.99% CPU
Optimizing NNI: done in 4.2841 secs using 100% CPU
Optimizing NNI: done in 3.50862 secs using 99.99% CPU
Optimizing NNI: done in 3.58743 secs using 100% CPU
Optimizing NNI: done in 3.82479 secs using 100% CPU
Optimizing NNI: done in 3.29374 secs using 100% CPU
Iteration 80 / LogL: -54687.960 / Time: 0h:5m:12s (0h:2m:2s left)
Optimizing NNI: done in 3.53677 secs using 100% CPU
Optimizing NNI: done in 3.8949 secs using 100% CPU
Optimizing NNI: done in 3.21984 secs using 100% CPU
Optimizing NNI: done in 3.39288 secs using 100% CPU
Optimizing NNI: done in 3.64322 secs using 100% CPU
Optimizing NNI: done in 3.30648 secs using 100% CPU
Optimizing NNI: done in 3.31919 secs using 100% CPU
Optimizing NNI: done in 3.23458 secs using 100% CPU
Optimizing NNI: done in 3.64082 secs using 100% CPU
Optimizing NNI: done in 3.18068 secs using 99.99% CPU
Iteration 90 / LogL: -54869.163 / Time: 0h:5m:47s (0h:1m:22s left)
Optimizing NNI: done in 3.84408 secs using 100% CPU
Optimizing NNI: done in 3.48162 secs using 100% CPU
Optimizing NNI: done in 3.12186 secs using 99.99% CPU
Optimizing NNI: done in 3.65976 secs using 99.99% CPU
Optimizing NNI: done in 3.08015 secs using 100% CPU
Optimizing NNI: done in 3.15395 secs using 100% CPU
Optimizing NNI: done in 3.47112 secs using 100% CPU
Optimizing NNI: done in 3.41256 secs using 100% CPU
Optimizing NNI: done in 3.58692 secs using 100% CPU
Optimizing NNI: done in 3.43112 secs using 100% CPU
Iteration 100 / LogL: -54703.281 / Time: 0h:6m:22s (0h:0m:42s left)
Optimizing NNI: done in 3.77752 secs using 100% CPU
Optimizing NNI: done in 4.01631 secs using 100% CPU
Optimizing NNI: done in 3.089 secs using 100% CPU
Optimizing NNI: done in 3.06488 secs using 100% CPU
Optimizing NNI: done in 3.49313 secs using 100% CPU
Optimizing NNI: done in 3.87695 secs using 100% CPU
Optimizing NNI: done in 3.9955 secs using 100% CPU
Optimizing NNI: done in 3.53977 secs using 100% CPU
Optimizing NNI: done in 3.17449 secs using 100% CPU
Optimizing NNI: done in 3.47571 secs using 99.99% CPU
Iteration 110 / LogL: -54711.859 / Time: 0h:6m:58s (0h:0m:3s left)
Optimizing NNI: done in 3.41287 secs using 99.99% CPU
Optimizing NNI: done in 3.92044 secs using 100% CPU
TREE SEARCH COMPLETED AFTER 112 ITERATIONS / Time: 0h:7m:5s

--------------------------------------------------------------------
|                    FINALIZING TREE SEARCH                        |
--------------------------------------------------------------------
Performs final model parameters optimization
Estimate model parameters (epsilon = 0.010)
1. Initial log-likelihood: -54686.980
2. Current log-likelihood: -54686.935
3. Current log-likelihood: -54686.895
4. Current log-likelihood: -54686.858
5. Current log-likelihood: -54686.823
6. Current log-likelihood: -54686.790
7. Current log-likelihood: -54686.758
8. Current log-likelihood: -54686.727
9. Current log-likelihood: -54686.697
10. Current log-likelihood: -54686.668
11. Current log-likelihood: -54686.638
12. Current log-likelihood: -54686.609
13. Current log-likelihood: -54686.580
14. Current log-likelihood: -54686.551
15. Current log-likelihood: -54686.523
16. Current log-likelihood: -54686.493
17. Current log-likelihood: -54686.464
18. Current log-likelihood: -54686.435
19. Current log-likelihood: -54686.405
20. Current log-likelihood: -54686.376
21. Current log-likelihood: -54686.346
22. Current log-likelihood: -54686.315
23. Current log-likelihood: -54686.285
24. Current log-likelihood: -54686.254
25. Current log-likelihood: -54686.222
26. Current log-likelihood: -54686.191
27. Current log-likelihood: -54686.159
28. Current log-likelihood: -54686.127
29. Current log-likelihood: -54686.095
30. Current log-likelihood: -54686.062
31. Current log-likelihood: -54686.029
32. Current log-likelihood: -54685.996
33. Current log-likelihood: -54685.962
34. Current log-likelihood: -54685.928
35. Current log-likelihood: -54685.894
36. Current log-likelihood: -54685.860
37. Current log-likelihood: -54685.825
38. Current log-likelihood: -54685.790
39. Current log-likelihood: -54685.754
40. Current log-likelihood: -54685.718
41. Current log-likelihood: -54685.682
42. Current log-likelihood: -54685.646
43. Current log-likelihood: -54685.609
44. Current log-likelihood: -54685.572
45. Current log-likelihood: -54685.535
46. Current log-likelihood: -54685.497
47. Current log-likelihood: -54685.459
48. Current log-likelihood: -54685.421
49. Current log-likelihood: -54685.383
50. Current log-likelihood: -54685.344
51. Current log-likelihood: -54685.305
52. Current log-likelihood: -54685.262
53. Current log-likelihood: -54685.216
54. Current log-likelihood: -54685.165
55. Current log-likelihood: -54685.117
56. Current log-likelihood: -54685.069
57. Current log-likelihood: -54685.021
58. Current log-likelihood: -54684.975
59. Current log-likelihood: -54684.929
60. Current log-likelihood: -54684.881
61. Current log-likelihood: -54684.833
62. Current log-likelihood: -54684.782
63. Current log-likelihood: -54684.733
64. Current log-likelihood: -54684.684
65. Current log-likelihood: -54684.637
66. Current log-likelihood: -54684.587
67. Current log-likelihood: -54684.536
68. Current log-likelihood: -54684.487
69. Current log-likelihood: -54684.437
70. Current log-likelihood: -54684.388
71. Current log-likelihood: -54684.338
72. Current log-likelihood: -54684.290
73. Current log-likelihood: -54684.239
74. Current log-likelihood: -54684.188
75. Current log-likelihood: -54684.136
76. Current log-likelihood: -54684.085
77. Current log-likelihood: -54684.034
78. Current log-likelihood: -54683.985
79. Current log-likelihood: -54683.934
80. Current log-likelihood: -54683.882
81. Current log-likelihood: -54683.829
82. Current log-likelihood: -54683.778
83. Current log-likelihood: -54683.726
84. Current log-likelihood: -54683.673
85. Current log-likelihood: -54683.621
86. Current log-likelihood: -54683.571
87. Current log-likelihood: -54683.517
88. Current log-likelihood: -54683.464
89. Current log-likelihood: -54683.409
90. Current log-likelihood: -54683.352
91. Current log-likelihood: -54683.300
92. Current log-likelihood: -54683.248
93. Current log-likelihood: -54683.193
94. Current log-likelihood: -54683.141
95. Current log-likelihood: -54683.089
96. Current log-likelihood: -54683.036
97. Current log-likelihood: -54682.984
98. Current log-likelihood: -54682.934
99. Current log-likelihood: -54682.883
Optimal log-likelihood: -54682.883
Rate parameters:  A-C: 0.30864  A-G: 1.38675  A-T: 0.19136  C-G: 0.28677  C-T: 6.06941  G-T: 1.00000
Base frequencies:  A: 0.299  C: 0.183  G: 0.196  T: 0.322
Proportion of invariable sites: 0.756
Site proportion and rates:  (0.125,2.926) (0.109,2.935) (0.010,27.099) (0.000,278.692)
Parameters optimization took 99 rounds (139.045 sec)
BEST SCORE FOUND : -54682.883
Total tree length: 0.055

Total number of iterations: 112
CPU time used for tree search: 384.830 sec (0h:6m:24s)
Wall-clock time used for tree search: 384.853 sec (0h:6m:24s)
Total CPU time used: 564.760 sec (0h:9m:24s)
Total wall-clock time used: 564.616 sec (0h:9m:24s)

Analysis results written to: 
  IQ-TREE report:                mafft_alignment.fasta.iqtree
  Maximum-likelihood tree:       mafft_alignment.fasta.treefile
  Likelihood distances:          mafft_alignment.fasta.mldist
  Screen log file:               mafft_alignment.fasta.log

Date and Time: Sat Mar  2 09:11:29 2024
