Building DAG of jobs...
Using shell: /usr/bin/bash
Provided cores: 7
Rules claiming more threads will be scaled down.
Job stats:
job             count
------------  -------
compute             1
run_difFUBAR        2
total               3

Select jobs to execute...

[Tue Oct 10 18:45:38 2023]
rule run_difFUBAR:
    input: run_difFUBAR.jl
    output: output/pos_thresh_0.75
    jobid: 1
    reason: Missing output files: output/pos_thresh_0.75
    wildcards: iPos_thresh=0.75
    resources: tmpdir=/tmp


[Tue Oct 10 18:45:38 2023]
rule run_difFUBAR:
    input: run_difFUBAR.jl
    output: output/pos_thresh_0.95
    jobid: 2
    reason: Missing output files: output/pos_thresh_0.95
    wildcards: iPos_thresh=0.95
    resources: tmpdir=/tmp

[Tue Oct 10 18:45:57 2023]
Error in rule run_difFUBAR:
    jobid: 1
    input: run_difFUBAR.jl
    output: output/pos_thresh_0.75
    shell:
        julia run_difFUBAR.jl -f ../../contrastFEL_data/omnibus-multi/datasets/omnibus-multi/sims.24.settings.replicate.1 -t ../../contrastFEL_data/omnibus-multi/datasets/omnibus-multi/sims.24.nwk -o output/pos_thresh_0.75             --verbosity 1 --exports true --iters 2500             --pos_thresh 0.75
        (one of the commands exited with non-zero exit code; note that snakemake uses bash strict mode!)

[Tue Oct 10 18:45:57 2023]
Error in rule run_difFUBAR:
    jobid: 2
    input: run_difFUBAR.jl
    output: output/pos_thresh_0.95
    shell:
        julia run_difFUBAR.jl -f ../../contrastFEL_data/omnibus-multi/datasets/omnibus-multi/sims.24.settings.replicate.1 -t ../../contrastFEL_data/omnibus-multi/datasets/omnibus-multi/sims.24.nwk -o output/pos_thresh_0.95             --verbosity 1 --exports true --iters 2500             --pos_thresh 0.95
        (one of the commands exited with non-zero exit code; note that snakemake uses bash strict mode!)

Shutting down, this might take some time.
Exiting because a job execution failed. Look above for error message
Complete log: .snakemake/log/2023-10-10T184538.008411.snakemake.log
