Building DAG of jobs...
Using shell: /usr/bin/bash
Provided cores: 4
Rules claiming more threads will be scaled down.
Job stats:
job             count
------------  -------
run_difFUBAR        1
total               1

Select jobs to execute...

[Mon Oct  9 16:15:02 2023]
rule run_difFUBAR:
    input: run_difFUBAR.jl
    jobid: 0
    reason: Rules with a run or shell declaration but no output are always executed.
    resources: tmpdir=/tmp

[Mon Oct  9 16:15:11 2023]
Finished job 0.
1 of 1 steps (100%) done
Complete log: .snakemake/log/2023-10-09T161501.863808.snakemake.log
