Building DAG of jobs...
Using shell: /usr/bin/bash
Provided cores: 4
Rules claiming more threads will be scaled down.
Job stats:
job              count
-------------  -------
recompute_fdr        1
total                1

Select jobs to execute...

[Mon Oct  9 15:45:57 2023]
rule recompute_fdr:
    input: run_difFUBAR.jl
    jobid: 0
    reason: Rules with a run or shell declaration but no output are always executed.
    resources: tmpdir=/tmp

[Mon Oct  9 15:46:05 2023]
Finished job 0.
1 of 1 steps (100%) done
Complete log: .snakemake/log/2023-10-09T154556.845967.snakemake.log
