IQ-TREE multicore version 2.2.6 COVID-edition for Linux 64-bit built Dec  8 2023
Developed by Bui Quang Minh, James Barbetti, Nguyen Lam Tung,
Olga Chernomor, Heiko Schmidt, Dominik Schrempf, Michael Woodhams, Ly Trong Nhan.

Host:    swizzle (AVX512, FMA3, 62 GB RAM)
Command: iqtree2 -s results/modified_sequences.fasta -nt AUTO -m TEST -bb 1000 -alrt 1000 -pre results/phylogenetic_tree
Seed:    937699 (Using SPRNG - Scalable Parallel Random Number Generator)
Time:    Thu Jun 13 06:12:56 2024
Kernel:  AVX+FMA - auto-detect threads (40 CPU cores detected)

Reading alignment file results/modified_sequences.fasta ... Fasta format detected
Reading fasta file: done in 0.00337887 secs using 78.96% CPU
Alignment most likely contains DNA/RNA sequences
Constructing alignment: done in 0.00297403 secs using 99.93% CPU
Alignment has 59 sequences with 1467 columns, 294 distinct patterns
330 parsimony-informative, 563 singleton sites, 574 constant sites
                                        Gap/Ambiguity  Composition  p-value
Analyzing sequences: done in 9.98974e-05 secs using 98.1% CPU
   1  NC_007362                                 0.14%    failed      0.12%
   2  PP753188.1left_bracketCATright_bracket    0.07%    passed     98.22%
   3  PP753740.1left_bracketCATright_bracket    0.07%    passed     97.56%
   4  PP752820.1left_bracketCATright_bracket    0.07%    passed     97.37%
   5  PP755964.1left_bracketCATright_bracket    0.07%    passed     97.37%
   6  PP755684.1left_bracketCATright_bracket    0.07%    passed     98.25%
   7  PP753116.1left_bracketCATright_bracket    0.07%    passed     97.56%
   8  PP753132.1left_bracketCATright_bracket    0.07%    passed     98.84%
   9  PP753620.1left_bracketCATright_bracket    0.07%    passed     97.37%
  10  PP752788.1left_bracketCATright_bracket    0.07%    passed     98.63%
  11  PP755972.1left_bracketCATright_bracket    0.07%    passed     96.65%
  12  PP799578.1left_bracketCATright_bracket    0.07%    passed     97.56%
  13  PP753724.1left_bracketCATright_bracket    0.07%    passed     95.61%
  14  PP799270.1left_bracketCATright_bracket    0.07%    passed     98.22%
  15  PP753644.1left_bracketCATright_bracket    0.07%    passed     97.46%
  16  PP753516.1left_bracketCATright_bracket    0.07%    passed     97.37%
  17  PP801926.1left_bracketAVIright_bracket    0.07%    passed     97.50%
  18  OQ967561.1left_bracketAVIright_bracket    0.07%    passed     88.04%
  19  OQ965457.1left_bracketAVIright_bracket    0.07%    passed     96.80%
  20  OQ962777.1left_bracketAVIright_bracket    0.07%    passed     98.87%
  21  OQ959337.1left_bracketAVIright_bracket    0.07%    passed     97.81%
  22  PP755556.1left_bracketAVIright_bracket    0.07%    passed     86.92%
  23  OQ957665.1left_bracketAVIright_bracket    0.07%    passed     97.03%
  24  OQ966193.1left_bracketAVIright_bracket    0.07%    passed     89.27%
  25  OQ959233.1left_bracketAVIright_bracket    0.07%    passed     92.03%
  26  OQ965401.1left_bracketAVIright_bracket    0.07%    passed     94.80%
  27  OQ960153.1left_bracketAVIright_bracket    0.07%    passed     91.50%
  28  OQ961721.1left_bracketAVIright_bracket    0.07%    passed     87.55%
  29  OQ961329.1left_bracketAVIright_bracket    0.07%    passed     98.43%
  30  OQ957681.1left_bracketAVIright_bracket    0.07%    passed     98.02%
  31  OQ962753.1left_bracketAVIright_bracket    0.07%    passed     86.08%
  32  OQ966473.1left_bracketAVIright_bracket    0.14%    passed     97.95%
  33  OQ957857.1left_bracketAVIright_bracket    0.07%    passed     89.59%
  34  OQ963161.1left_bracketAVIright_bracket    0.07%    passed     96.51%
  35  OQ961873.1left_bracketAVIright_bracket    0.07%    passed     88.39%
  36  OQ960937.1left_bracketAVIright_bracket    0.07%    passed     98.05%
  37  PP802475.1left_bracketAVIright_bracket    0.14%    passed     90.20%
  38  OQ966633.1left_bracketAVIright_bracket    0.07%    passed     97.81%
  39  OQ964593.1left_bracketAVIright_bracket    0.07%    passed     98.37%
  40  OQ960809.1left_bracketAVIright_bracket    0.07%    passed     97.81%
  41  OR267215.1left_bracketAVIright_bracket    0.20%    passed     91.64%
  42  OQ965865.1left_bracketAVIright_bracket    0.07%    passed     98.66%
  43  OQ962625.1left_bracketAVIright_bracket    0.07%    passed     93.55%
  44  OQ962233.1left_bracketAVIright_bracket    0.07%    passed     95.42%
  45  OQ963017.1left_bracketAVIright_bracket    0.07%    passed     97.03%
  46  OQ961041.1left_bracketAVIright_bracket    0.07%    passed     86.08%
  47  OQ966145.1left_bracketAVIright_bracket    0.07%    passed     85.29%
  48  OQ966713.1left_bracketAVIright_bracket    0.07%    passed     96.51%
  49  OQ961625.1left_bracketAVIright_bracket    0.07%    passed     86.08%
  50  PP802179.1left_bracketAVIright_bracket    0.07%    passed     92.09%
  51  OQ957673.1left_bracketAVIright_bracket    0.07%    passed     97.83%
  52  OQ965801.1left_bracketAVIright_bracket    0.07%    passed     94.07%
  53  OQ965073.1left_bracketAVIright_bracket    0.07%    passed     88.04%
  54  PP802115.1left_bracketAVIright_bracket    0.07%    passed     98.75%
  55  OQ960017.1left_bracketAVIright_bracket    0.07%    passed     91.50%
  56  OQ963753.1left_bracketAVIright_bracket    0.07%    passed     90.69%
  57  OQ963169.1left_bracketAVIright_bracket    0.07%    passed     85.98%
  58  PP802643.1left_bracketAVIright_bracket    0.07%    passed     97.83%
  59  OQ965745.1left_bracketAVIright_bracket    0.07%    passed     97.81%
****  TOTAL                                     0.07%  1 sequences failed composition chi2 test (p-value<5%; df=3)
Checking for duplicate sequences: done in 0.000307083 secs using 99.65% CPU


Create initial parsimony tree by phylogenetic likelihood library (PLL)... 0.003 seconds
Measuring multi-threading efficiency up to 40 CPU cores
Increase to 10 rounds for branch lengths
1025 trees examined
Threads: 1 / Time: 40.020 sec / Speedup: 1.000 / Efficiency: 100% / LogL: -17170
Threads: 2 / Time: 38.553 sec / Speedup: 1.038 / Efficiency: 52% / LogL: -17170
Threads: 3 / Time: 30.668 sec / Speedup: 1.305 / Efficiency: 43% / LogL: -17170
Determining AUTO threadcount: done in 109.242 secs using 191.3% CPU
BEST NUMBER OF THREADS: 1

Perform fast likelihood tree search using GTR+I+G model...
Estimate model parameters (epsilon = 5.000)
Perform nearest neighbor interchange...
Optimizing NNI: done in 0.0665689 secs using 151.8% CPU
Estimate model parameters (epsilon = 1.000)
1. Initial log-likelihood: -6652.797
Optimal log-likelihood: -6651.906
Rate parameters:  A-C: 11.65856  A-G: 49.46254  A-T: 7.15706  C-G: 0.00010  C-T: 96.67971  G-T: 1.00000
Warning! Some parameters hit the boundaries
Base frequencies:  A: 0.341  C: 0.192  G: 0.260  T: 0.207
Proportion of invariable sites: 0.168
Gamma shape alpha: 0.857
Parameters optimization took 1 rounds (0.045 sec)
Time for fast ML tree search: 0.293 seconds

NOTE: ModelFinder requires 3 MB RAM!
ModelFinder will test up to 88 DNA models (sample size: 1467) ...
 No. Model         -LnL         df  AIC          AICc         BIC
  1  GTR+F         6743.123     123 13732.246    13754.960    14383.036
  2  GTR+F+I       6684.616     124 13617.232    13640.332    14273.313
  3  GTR+F+G4      6648.916     124 13545.831    13568.931    14201.912
  4  GTR+F+I+G4    6649.008     125 13548.016    13571.506    14209.388
  7  SYM+G4        6716.180     121 13674.361    13696.312    14314.569
  8  SYM+I+G4      6716.511     122 13677.022    13699.352    14322.520
 11  TVM+F+G4      6664.008     123 13574.016    13596.729    14224.805
 12  TVM+F+I+G4    6663.940     124 13575.880    13598.980    14231.961
 15  TVMe+G4       6717.480     120 13674.960    13696.535    14309.877
 16  TVMe+I+G4     6717.111     121 13676.222    13698.173    14316.430
 19  TIM3+F+G4     6665.132     122 13574.265    13596.595    14219.764
 20  TIM3+F+I+G4   6666.613     123 13579.226    13601.939    14230.015
 23  TIM3e+G4      6738.053     119 13714.107    13735.309    14343.733
 24  TIM3e+I+G4    6739.461     120 13718.922    13740.497    14353.839
 27  TIM2+F+G4     6651.125     122 13546.250    13568.580    14191.749
 28  TIM2+F+I+G4   6652.234     123 13550.468    13573.182    14201.258
 31  TIM2e+G4      6719.646     119 13677.291    13698.494    14306.917
 32  TIM2e+I+G4    6720.665     120 13681.331    13702.906    14316.248
 35  TIM+F+G4      6661.152     122 13566.304    13588.634    14211.803
 36  TIM+F+I+G4    6662.938     123 13571.875    13594.588    14222.665
 39  TIMe+G4       6734.204     119 13706.409    13727.611    14336.035
 40  TIMe+I+G4     6735.835     120 13711.670    13733.245    14346.587
 43  TPM3u+F+G4    6682.303     121 13606.605    13628.556    14246.813
 44  TPM3u+F+I+G4  6684.176     122 13612.353    13634.683    14257.851
 47  TPM3+G4       6739.227     118 13714.454    13735.288    14338.789
 48  TPM3+I+G4     6740.738     119 13719.477    13740.680    14349.103
 51  TPM2u+F+G4    6668.074     121 13578.148    13600.099    14218.356
 52  TPM2u+F+I+G4  6669.517     122 13583.035    13605.365    14228.533
 55  TPM2+G4       6720.652     118 13677.304    13698.138    14301.639
 56  TPM2+I+G4     6721.489     119 13680.978    13702.181    14310.604
 59  K3Pu+F+G4     6678.504     121 13599.008    13620.959    14239.216
 60  K3Pu+F+I+G4   6680.402     122 13604.805    13627.135    14250.304
 63  K3P+G4        6735.402     118 13706.804    13727.638    14331.139
 64  K3P+I+G4      6736.972     119 13711.944    13733.147    14341.570
 67  TN+F+G4       6665.207     121 13572.415    13594.366    14212.623
 68  TN+F+I+G4     6666.961     122 13577.923    13600.253    14223.422
 71  TNe+G4        6738.071     118 13712.143    13732.977    14336.478
 72  TNe+I+G4      6739.640     119 13717.280    13738.483    14346.906
 75  HKY+F+G4      6682.507     120 13605.015    13626.590    14239.932
 76  HKY+F+I+G4    6684.396     121 13610.792    13632.743    14251.000
 79  K2P+G4        6739.273     117 13712.546    13733.015    14331.590
 80  K2P+I+G4      6740.870     118 13717.739    13738.573    14342.074
 83  F81+F+G4      7017.818     119 14273.635    14294.838    14903.261
 84  F81+F+I+G4    7020.586     120 14281.171    14302.747    14916.088
 87  JC+G4         7090.256     116 14412.512    14432.618    15026.265
 88  JC+I+G4       7093.162     117 14420.324    14440.793    15039.368
Akaike Information Criterion:           GTR+F+G4
Corrected Akaike Information Criterion: TIM2+F+G4
Bayesian Information Criterion:         TIM2+F+G4
Best-fit model: TIM2+F+G4 chosen according to BIC

All model information printed to results/phylogenetic_tree.model.gz
CPU time for ModelFinder: 217.982 seconds (0h:3m:37s)
Wall-clock time for ModelFinder: 117.818 seconds (0h:1m:57s)
Generating 1000 samples for ultrafast bootstrap (seed: 937699)...

NOTE: 3 MB RAM (0 GB) is required!
Estimate model parameters (epsilon = 0.100)
1. Initial log-likelihood: -6651.125
Optimal log-likelihood: -6651.071
Rate parameters:  A-C: 4.91393  A-G: 26.93441  A-T: 4.91393  C-G: 1.00000  C-T: 53.79137  G-T: 1.00000
Base frequencies:  A: 0.341  C: 0.192  G: 0.260  T: 0.207
Gamma shape alpha: 0.415
Parameters optimization took 1 rounds (0.019 sec)
Wrote distance file to... 
Computing ML distances based on estimated model parameters...
Calculating distance matrix: done in 0.017112 secs using 99.99% CPU
Computing ML distances took 0.017213 sec (of wall-clock time) 0.017217 sec (of CPU time)
Setting up auxiliary I and S matrices: done in 0.000207901 secs using 99.57% CPU
Constructing RapidNJ tree: done in 0.000559092 secs using 99.63% CPU
Computing RapidNJ tree took 0.000911 sec (of wall-clock time) 0.000906 sec (of CPU time)
Log-likelihood of RapidNJ tree: -6724.493
--------------------------------------------------------------------
|             INITIALIZING CANDIDATE TREE SET                      |
--------------------------------------------------------------------
Generating 98 parsimony trees... 0.426 second
Computing log-likelihood of 98 initial trees ... 0.442 seconds
Current best score: -6651.071

Do NNI search on 20 best initial trees
Optimizing NNI: done in 0.0512509 secs using 99.99% CPU
Estimate model parameters (epsilon = 0.100)
BETTER TREE FOUND at iteration 1: -6650.932
Optimizing NNI: done in 0.130536 secs using 100% CPU
Estimate model parameters (epsilon = 0.100)
BETTER TREE FOUND at iteration 2: -6650.239
Optimizing NNI: done in 0.147384 secs using 100% CPU
Optimizing NNI: done in 0.123439 secs using 100% CPU
Optimizing NNI: done in 0.160093 secs using 100% CPU
Optimizing NNI: done in 0.139541 secs using 100% CPU
Optimizing NNI: done in 0.113824 secs using 99.99% CPU
Optimizing NNI: done in 0.167432 secs using 100% CPU
Optimizing NNI: done in 0.120926 secs using 100% CPU
Optimizing NNI: done in 0.187778 secs using 100% CPU
Iteration 10 / LogL: -6650.581 / Time: 0h:0m:2s
Optimizing NNI: done in 0.134502 secs using 100% CPU
Optimizing NNI: done in 0.194749 secs using 100% CPU
Optimizing NNI: done in 0.119847 secs using 99.99% CPU
Optimizing NNI: done in 0.137422 secs using 100% CPU
Optimizing NNI: done in 0.141839 secs using 100% CPU
Optimizing NNI: done in 0.102082 secs using 99.99% CPU
Optimizing NNI: done in 0.265003 secs using 100% CPU
Optimizing NNI: done in 0.130011 secs using 100% CPU
Optimizing NNI: done in 0.180119 secs using 100% CPU
Optimizing NNI: done in 0.140591 secs using 99.99% CPU
Iteration 20 / LogL: -6650.896 / Time: 0h:0m:3s
Finish initializing candidate tree set (20)
Current best tree score: -6650.239 / CPU time: 3.828
Number of iterations: 20
--------------------------------------------------------------------
|               OPTIMIZING CANDIDATE TREE SET                      |
--------------------------------------------------------------------
Optimizing NNI: done in 0.147328 secs using 100% CPU
Optimizing NNI: done in 0.131318 secs using 100% CPU
Optimizing NNI: done in 0.103448 secs using 99.99% CPU
Estimate model parameters (epsilon = 0.100)
BETTER TREE FOUND at iteration 23: -6650.110
Optimizing NNI: done in 0.142839 secs using 100% CPU
Optimizing NNI: done in 0.0891201 secs using 100% CPU
Optimizing NNI: done in 0.176491 secs using 100% CPU
Optimizing NNI: done in 0.165498 secs using 100% CPU
Optimizing NNI: done in 0.260955 secs using 100% CPU
Optimizing NNI: done in 0.175299 secs using 100% CPU
Optimizing NNI: done in 0.160588 secs using 100% CPU
Iteration 30 / LogL: -6650.303 / Time: 0h:0m:5s (0h:0m:17s left)
Optimizing NNI: done in 0.140019 secs using 100% CPU
Optimizing NNI: done in 0.171553 secs using 99.99% CPU
Optimizing NNI: done in 0.103877 secs using 100% CPU
Optimizing NNI: done in 0.184565 secs using 100% CPU
Optimizing NNI: done in 0.127058 secs using 100% CPU
Optimizing NNI: done in 0.191564 secs using 100% CPU
Optimizing NNI: done in 0.117451 secs using 100% CPU
Optimizing NNI: done in 0.0930629 secs using 100% CPU
Optimizing NNI: done in 0.149901 secs using 99.99% CPU
Optimizing NNI: done in 0.172793 secs using 100% CPU
Iteration 40 / LogL: -6650.130 / Time: 0h:0m:7s (0h:0m:14s left)
Optimizing NNI: done in 0.128685 secs using 100% CPU
Optimizing NNI: done in 0.201677 secs using 99.99% CPU
Optimizing NNI: done in 0.124222 secs using 100% CPU
Optimizing NNI: done in 0.128101 secs using 100% CPU
Optimizing NNI: done in 0.145392 secs using 100% CPU
Optimizing NNI: done in 0.14664 secs using 100% CPU
Optimizing NNI: done in 0.159821 secs using 100% CPU
Optimizing NNI: done in 0.122465 secs using 100% CPU
Optimizing NNI: done in 0.14658 secs using 100% CPU
Optimizing NNI: done in 0.116534 secs using 100% CPU
Iteration 50 / LogL: -6650.332 / Time: 0h:0m:8s (0h:0m:12s left)
Log-likelihood cutoff on original alignment: -6667.135
Optimizing NNI: done in 0.120677 secs using 99.99% CPU
Optimizing NNI: done in 0.154255 secs using 100% CPU
Optimizing NNI: done in 0.150697 secs using 100% CPU
Optimizing NNI: done in 0.130587 secs using 100% CPU
Optimizing NNI: done in 0.1472 secs using 100% CPU
Optimizing NNI: done in 0.128889 secs using 100% CPU
Optimizing NNI: done in 0.133627 secs using 100% CPU
Optimizing NNI: done in 0.133315 secs using 99.99% CPU
Optimizing NNI: done in 0.0957801 secs using 100% CPU
Optimizing NNI: done in 0.21735 secs using 100% CPU
Iteration 60 / LogL: -6650.325 / Time: 0h:0m:10s (0h:0m:10s left)
Optimizing NNI: done in 0.0926211 secs using 100% CPU
Optimizing NNI: done in 0.139327 secs using 100% CPU
Optimizing NNI: done in 0.156118 secs using 100% CPU
Optimizing NNI: done in 0.0709739 secs using 100% CPU
Optimizing NNI: done in 0.240112 secs using 100% CPU
Optimizing NNI: done in 0.115017 secs using 100% CPU
Optimizing NNI: done in 0.112151 secs using 100% CPU
Optimizing NNI: done in 0.149368 secs using 99.99% CPU
Optimizing NNI: done in 0.054734 secs using 99.99% CPU
Optimizing NNI: done in 0.180501 secs using 100% CPU
Iteration 70 / LogL: -6650.345 / Time: 0h:0m:11s (0h:0m:8s left)
Optimizing NNI: done in 0.157096 secs using 100% CPU
Optimizing NNI: done in 0.182106 secs using 100% CPU
Optimizing NNI: done in 0.134479 secs using 100% CPU
Optimizing NNI: done in 0.129634 secs using 100% CPU
Optimizing NNI: done in 0.190023 secs using 100% CPU
Optimizing NNI: done in 0.235492 secs using 100% CPU
Optimizing NNI: done in 0.123353 secs using 99.99% CPU
Optimizing NNI: done in 0.212376 secs using 100% CPU
Optimizing NNI: done in 0.213562 secs using 100% CPU
Optimizing NNI: done in 0.184064 secs using 100% CPU
Iteration 80 / LogL: -6650.121 / Time: 0h:0m:13s (0h:0m:7s left)
Optimizing NNI: done in 0.183092 secs using 100% CPU
Optimizing NNI: done in 0.137908 secs using 100% CPU
Optimizing NNI: done in 0.131688 secs using 99.99% CPU
Optimizing NNI: done in 0.157167 secs using 100% CPU
Optimizing NNI: done in 0.14501 secs using 100% CPU
Optimizing NNI: done in 0.141002 secs using 100% CPU
Optimizing NNI: done in 0.169243 secs using 100% CPU
Optimizing NNI: done in 0.178809 secs using 100% CPU
Optimizing NNI: done in 0.132529 secs using 100% CPU
Optimizing NNI: done in 0.109962 secs using 100% CPU
Iteration 90 / LogL: -6650.216 / Time: 0h:0m:14s (0h:0m:5s left)
Optimizing NNI: done in 0.101429 secs using 100% CPU
Optimizing NNI: done in 0.180229 secs using 100% CPU
Optimizing NNI: done in 0.181846 secs using 100% CPU
Optimizing NNI: done in 0.235672 secs using 100% CPU
Optimizing NNI: done in 0.116921 secs using 100% CPU
Optimizing NNI: done in 0.142524 secs using 100% CPU
Optimizing NNI: done in 0.152571 secs using 100% CPU
Optimizing NNI: done in 0.15261 secs using 100% CPU
Optimizing NNI: done in 0.115786 secs using 100% CPU
Optimizing NNI: done in 0.17031 secs using 100% CPU
Iteration 100 / LogL: -6655.279 / Time: 0h:0m:16s (0h:0m:3s left)
Log-likelihood cutoff on original alignment: -6669.211
NOTE: Bootstrap correlation coefficient of split occurrence frequencies: 0.995
Optimizing NNI: done in 0.195949 secs using 100% CPU
Optimizing NNI: done in 0.0921779 secs using 100% CPU
Optimizing NNI: done in 0.309597 secs using 100% CPU
Optimizing NNI: done in 0.189941 secs using 100% CPU
Optimizing NNI: done in 0.103181 secs using 100% CPU
Optimizing NNI: done in 0.0912139 secs using 100% CPU
Optimizing NNI: done in 0.172642 secs using 100% CPU
Optimizing NNI: done in 0.171787 secs using 100% CPU
Optimizing NNI: done in 0.132663 secs using 100% CPU
Optimizing NNI: done in 0.127958 secs using 100% CPU
Iteration 110 / LogL: -6698.246 / Time: 0h:0m:18s (0h:0m:15s left)
Optimizing NNI: done in 0.111249 secs using 99.99% CPU
Optimizing NNI: done in 0.169996 secs using 100% CPU
Optimizing NNI: done in 0.183313 secs using 99.99% CPU
Optimizing NNI: done in 0.182576 secs using 100% CPU
Optimizing NNI: done in 0.177604 secs using 100% CPU
Optimizing NNI: done in 0.106421 secs using 100% CPU
Optimizing NNI: done in 0.142561 secs using 100% CPU
Optimizing NNI: done in 0.069283 secs using 99.99% CPU
Optimizing NNI: done in 0.157523 secs using 100% CPU
Optimizing NNI: done in 0.108209 secs using 99.96% CPU
Iteration 120 / LogL: -6650.122 / Time: 0h:0m:19s (0h:0m:13s left)
Optimizing NNI: done in 0.140195 secs using 100% CPU
Optimizing NNI: done in 0.146498 secs using 100% CPU
Optimizing NNI: done in 0.156639 secs using 100% CPU
Optimizing NNI: done in 0.136948 secs using 100% CPU
TREE SEARCH COMPLETED AFTER 124 ITERATIONS / Time: 0h:0m:20s

--------------------------------------------------------------------
|                    FINALIZING TREE SEARCH                        |
--------------------------------------------------------------------
Performs final model parameters optimization
Estimate model parameters (epsilon = 0.010)
1. Initial log-likelihood: -6650.110
Optimal log-likelihood: -6650.102
Rate parameters:  A-C: 4.81994  A-G: 26.39029  A-T: 4.81994  C-G: 1.00000  C-T: 54.26704  G-T: 1.00000
Base frequencies:  A: 0.341  C: 0.192  G: 0.260  T: 0.207
Gamma shape alpha: 0.400
Parameters optimization took 1 rounds (0.013 sec)
BEST SCORE FOUND : -6650.102

Testing tree branches by SH-like aLRT with 1000 replicates...
1.487 sec.
Creating bootstrap support values...
Split supports printed to NEXUS file results/phylogenetic_tree.splits.nex
Total tree length: 9.643

Total number of iterations: 124
CPU time used for tree search: 20.587 sec (0h:0m:20s)
Wall-clock time used for tree search: 20.418 sec (0h:0m:20s)
Total CPU time used: 22.360 sec (0h:0m:22s)
Total wall-clock time used: 22.168 sec (0h:0m:22s)

Computing bootstrap consensus tree...
Reading input file results/phylogenetic_tree.splits.nex...
59 taxa and 1135 splits.
Consensus tree written to results/phylogenetic_tree.contree
Reading input trees file results/phylogenetic_tree.contree
Log-likelihood of consensus tree: -6650.179

Analysis results written to: 
  IQ-TREE report:                results/phylogenetic_tree.iqtree
  Maximum-likelihood tree:       results/phylogenetic_tree.treefile
  Likelihood distances:          results/phylogenetic_tree.mldist

Ultrafast bootstrap approximation results written to:
  Split support values:          results/phylogenetic_tree.splits.nex
  Consensus tree:                results/phylogenetic_tree.contree
  Screen log file:               results/phylogenetic_tree.log

Date and Time: Thu Jun 13 06:15:17 2024
