IQ-TREE multicore version 2.2.6 COVID-edition for Linux 64-bit built Dec  8 2023
Developed by Bui Quang Minh, James Barbetti, Nguyen Lam Tung,
Olga Chernomor, Heiko Schmidt, Dominik Schrempf, Michael Woodhams, Ly Trong Nhan.

Host:    swizzle (AVX512, FMA3, 62 GB RAM)
Command: iqtree2 -s results/trimmed_sequences.fasta -nt AUTO -m TEST -bb 1000 -alrt 1000 -pre results/phylogenetic_tree.tree
Seed:    651124 (Using SPRNG - Scalable Parallel Random Number Generator)
Time:    Tue Jun 11 07:12:36 2024
Kernel:  AVX+FMA - auto-detect threads (40 CPU cores detected)

Reading alignment file results/trimmed_sequences.fasta ... Fasta format detected
Reading fasta file: done in 0.00248909 secs using 99.96% CPU
Alignment most likely contains DNA/RNA sequences
Constructing alignment: done in 0.00161409 secs using 99.99% CPU
Alignment has 59 sequences with 1467 columns, 294 distinct patterns
330 parsimony-informative, 563 singleton sites, 574 constant sites
WARNING: Some sequence names are changed as follows:
NC_007362.] -> NC_007362._
PP753188.1[CAT] -> PP753188.1_CAT_
PP753740.1[CAT] -> PP753740.1_CAT_
PP752820.1[CAT] -> PP752820.1_CAT_
PP755964.1[CAT] -> PP755964.1_CAT_
PP755684.1[CAT] -> PP755684.1_CAT_
PP753116.1[CAT] -> PP753116.1_CAT_
PP753132.1[CAT] -> PP753132.1_CAT_
PP753620.1[CAT] -> PP753620.1_CAT_
PP752788.1[CAT] -> PP752788.1_CAT_
PP755972.1[CAT] -> PP755972.1_CAT_
PP799578.1[CAT] -> PP799578.1_CAT_
PP753724.1[CAT] -> PP753724.1_CAT_
PP799270.1[CAT] -> PP799270.1_CAT_
PP753644.1[CAT] -> PP753644.1_CAT_
PP753516.1[CAT] -> PP753516.1_CAT_
PP801926.1[AVI] -> PP801926.1_AVI_
OQ967561.1[AVI] -> OQ967561.1_AVI_
OQ965457.1[AVI] -> OQ965457.1_AVI_
OQ962777.1[AVI] -> OQ962777.1_AVI_
OQ959337.1[AVI] -> OQ959337.1_AVI_
PP755556.1[AVI] -> PP755556.1_AVI_
OQ957665.1[AVI] -> OQ957665.1_AVI_
OQ966193.1[AVI] -> OQ966193.1_AVI_
OQ959233.1[AVI] -> OQ959233.1_AVI_
OQ965401.1[AVI] -> OQ965401.1_AVI_
OQ960153.1[AVI] -> OQ960153.1_AVI_
OQ961721.1[AVI] -> OQ961721.1_AVI_
OQ961329.1[AVI] -> OQ961329.1_AVI_
OQ957681.1[AVI] -> OQ957681.1_AVI_
OQ962753.1[AVI] -> OQ962753.1_AVI_
OQ966473.1[AVI] -> OQ966473.1_AVI_
OQ957857.1[AVI] -> OQ957857.1_AVI_
OQ963161.1[AVI] -> OQ963161.1_AVI_
OQ961873.1[AVI] -> OQ961873.1_AVI_
OQ960937.1[AVI] -> OQ960937.1_AVI_
PP802475.1[AVI] -> PP802475.1_AVI_
OQ966633.1[AVI] -> OQ966633.1_AVI_
OQ964593.1[AVI] -> OQ964593.1_AVI_
OQ960809.1[AVI] -> OQ960809.1_AVI_
OR267215.1[AVI] -> OR267215.1_AVI_
OQ965865.1[AVI] -> OQ965865.1_AVI_
OQ962625.1[AVI] -> OQ962625.1_AVI_
OQ962233.1[AVI] -> OQ962233.1_AVI_
OQ963017.1[AVI] -> OQ963017.1_AVI_
OQ961041.1[AVI] -> OQ961041.1_AVI_
OQ966145.1[AVI] -> OQ966145.1_AVI_
OQ966713.1[AVI] -> OQ966713.1_AVI_
OQ961625.1[AVI] -> OQ961625.1_AVI_
PP802179.1[AVI] -> PP802179.1_AVI_
OQ957673.1[AVI] -> OQ957673.1_AVI_
OQ965801.1[AVI] -> OQ965801.1_AVI_
OQ965073.1[AVI] -> OQ965073.1_AVI_
PP802115.1[AVI] -> PP802115.1_AVI_
OQ960017.1[AVI] -> OQ960017.1_AVI_
OQ963753.1[AVI] -> OQ963753.1_AVI_
OQ963169.1[AVI] -> OQ963169.1_AVI_
PP802643.1[AVI] -> PP802643.1_AVI_
OQ965745.1[AVI] -> OQ965745.1_AVI_

                 Gap/Ambiguity  Composition  p-value
Analyzing sequences: done in 6.29425e-05 secs using 100.1% CPU
   1  NC_007362._        0.14%    failed      0.12%
   2  PP753188.1_CAT_    0.07%    passed     98.22%
   3  PP753740.1_CAT_    0.07%    passed     97.56%
   4  PP752820.1_CAT_    0.07%    passed     97.37%
   5  PP755964.1_CAT_    0.07%    passed     97.37%
   6  PP755684.1_CAT_    0.07%    passed     98.25%
   7  PP753116.1_CAT_    0.07%    passed     97.56%
   8  PP753132.1_CAT_    0.07%    passed     98.84%
   9  PP753620.1_CAT_    0.07%    passed     97.37%
  10  PP752788.1_CAT_    0.07%    passed     98.63%
  11  PP755972.1_CAT_    0.07%    passed     96.65%
  12  PP799578.1_CAT_    0.07%    passed     97.56%
  13  PP753724.1_CAT_    0.07%    passed     95.61%
  14  PP799270.1_CAT_    0.07%    passed     98.22%
  15  PP753644.1_CAT_    0.07%    passed     97.46%
  16  PP753516.1_CAT_    0.07%    passed     97.37%
  17  PP801926.1_AVI_    0.07%    passed     97.50%
  18  OQ967561.1_AVI_    0.07%    passed     88.04%
  19  OQ965457.1_AVI_    0.07%    passed     96.80%
  20  OQ962777.1_AVI_    0.07%    passed     98.87%
  21  OQ959337.1_AVI_    0.07%    passed     97.81%
  22  PP755556.1_AVI_    0.07%    passed     86.92%
  23  OQ957665.1_AVI_    0.07%    passed     97.03%
  24  OQ966193.1_AVI_    0.07%    passed     89.27%
  25  OQ959233.1_AVI_    0.07%    passed     92.03%
  26  OQ965401.1_AVI_    0.07%    passed     94.80%
  27  OQ960153.1_AVI_    0.07%    passed     91.50%
  28  OQ961721.1_AVI_    0.07%    passed     87.55%
  29  OQ961329.1_AVI_    0.07%    passed     98.43%
  30  OQ957681.1_AVI_    0.07%    passed     98.02%
  31  OQ962753.1_AVI_    0.07%    passed     86.08%
  32  OQ966473.1_AVI_    0.14%    passed     97.95%
  33  OQ957857.1_AVI_    0.07%    passed     89.59%
  34  OQ963161.1_AVI_    0.07%    passed     96.51%
  35  OQ961873.1_AVI_    0.07%    passed     88.39%
  36  OQ960937.1_AVI_    0.07%    passed     98.05%
  37  PP802475.1_AVI_    0.14%    passed     90.20%
  38  OQ966633.1_AVI_    0.07%    passed     97.81%
  39  OQ964593.1_AVI_    0.07%    passed     98.37%
  40  OQ960809.1_AVI_    0.07%    passed     97.81%
  41  OR267215.1_AVI_    0.20%    passed     91.64%
  42  OQ965865.1_AVI_    0.07%    passed     98.66%
  43  OQ962625.1_AVI_    0.07%    passed     93.55%
  44  OQ962233.1_AVI_    0.07%    passed     95.42%
  45  OQ963017.1_AVI_    0.07%    passed     97.03%
  46  OQ961041.1_AVI_    0.07%    passed     86.08%
  47  OQ966145.1_AVI_    0.07%    passed     85.29%
  48  OQ966713.1_AVI_    0.07%    passed     96.51%
  49  OQ961625.1_AVI_    0.07%    passed     86.08%
  50  PP802179.1_AVI_    0.07%    passed     92.09%
  51  OQ957673.1_AVI_    0.07%    passed     97.83%
  52  OQ965801.1_AVI_    0.07%    passed     94.07%
  53  OQ965073.1_AVI_    0.07%    passed     88.04%
  54  PP802115.1_AVI_    0.07%    passed     98.75%
  55  OQ960017.1_AVI_    0.07%    passed     91.50%
  56  OQ963753.1_AVI_    0.07%    passed     90.69%
  57  OQ963169.1_AVI_    0.07%    passed     85.98%
  58  PP802643.1_AVI_    0.07%    passed     97.83%
  59  OQ965745.1_AVI_    0.07%    passed     97.81%
****  TOTAL              0.07%  1 sequences failed composition chi2 test (p-value<5%; df=3)
Checking for duplicate sequences: done in 0.000172138 secs using 99.92% CPU


Create initial parsimony tree by phylogenetic likelihood library (PLL)... 0.005 seconds
Measuring multi-threading efficiency up to 40 CPU cores
Increase to 10 rounds for branch lengths
913 trees examined
Threads: 1 / Time: 40.031 sec / Speedup: 1.000 / Efficiency: 100% / LogL: -17664
Threads: 2 / Time: 29.641 sec / Speedup: 1.351 / Efficiency: 68% / LogL: -17664
Threads: 3 / Time: 24.019 sec / Speedup: 1.667 / Efficiency: 56% / LogL: -17664
Threads: 4 / Time: 26.671 sec / Speedup: 1.501 / Efficiency: 38% / LogL: -17664
Determining AUTO threadcount: done in 120.363 secs using 230.9% CPU
BEST NUMBER OF THREADS: 3

Perform fast likelihood tree search using GTR+I+G model...
Estimate model parameters (epsilon = 5.000)
Perform nearest neighbor interchange...
Optimizing NNI: done in 0.046217 secs using 356.3% CPU
Estimate model parameters (epsilon = 1.000)
1. Initial log-likelihood: -6651.644
Optimal log-likelihood: -6650.561
Rate parameters:  A-C: 8.45682  A-G: 36.20481  A-T: 5.68898  C-G: 0.00010  C-T: 77.40335  G-T: 1.00000
Warning! Some parameters hit the boundaries
Base frequencies:  A: 0.341  C: 0.192  G: 0.260  T: 0.207
Proportion of invariable sites: 0.168
Gamma shape alpha: 0.872
Parameters optimization took 1 rounds (0.029 sec)
Time for fast ML tree search: 0.245 seconds

NOTE: ModelFinder requires 3 MB RAM!
ModelFinder will test up to 88 DNA models (sample size: 1467) ...
 No. Model         -LnL         df  AIC          AICc         BIC
WARNING: Number of threads seems too high for short alignments. Use -T AUTO to determine best number of threads.
  1  GTR+F         6742.273     123 13730.546    13753.259    14381.336
WARNING: Number of threads seems too high for short alignments. Use -T AUTO to determine best number of threads.
  2  GTR+F+I       6684.005     124 13616.011    13639.111    14272.092
WARNING: Number of threads seems too high for short alignments. Use -T AUTO to determine best number of threads.
  3  GTR+F+G4      6648.843     124 13545.686    13568.786    14201.767
WARNING: Number of threads seems too high for short alignments. Use -T AUTO to determine best number of threads.
  4  GTR+F+I+G4    6647.925     125 13545.851    13569.341    14207.223
WARNING: Number of threads seems too high for short alignments. Use -T AUTO to determine best number of threads.
  7  SYM+G4        6715.318     121 13672.636    13694.587    14312.844
WARNING: Number of threads seems too high for short alignments. Use -T AUTO to determine best number of threads.
  8  SYM+I+G4      6715.479     122 13674.958    13697.288    14320.457
WARNING: Number of threads seems too high for short alignments. Use -T AUTO to determine best number of threads.
 11  TVM+F+G4      6665.388     123 13576.776    13599.490    14227.566
WARNING: Number of threads seems too high for short alignments. Use -T AUTO to determine best number of threads.
 12  TVM+F+I+G4    6664.768     124 13577.536    13600.636    14233.617
WARNING: Number of threads seems too high for short alignments. Use -T AUTO to determine best number of threads.
 15  TVMe+G4       6715.668     120 13671.335    13692.910    14306.252
WARNING: Number of threads seems too high for short alignments. Use -T AUTO to determine best number of threads.
 16  TVMe+I+G4     6715.585     121 13673.169    13695.120    14313.377
WARNING: Number of threads seems too high for short alignments. Use -T AUTO to determine best number of threads.
 19  TIM3+F+G4     6664.782     122 13573.565    13595.895    14219.063
WARNING: Number of threads seems too high for short alignments. Use -T AUTO to determine best number of threads.
 20  TIM3+F+I+G4   6666.267     123 13578.533    13601.246    14229.323
WARNING: Number of threads seems too high for short alignments. Use -T AUTO to determine best number of threads.
 23  TIM3e+G4      6737.070     119 13712.140    13733.343    14341.766
WARNING: Number of threads seems too high for short alignments. Use -T AUTO to determine best number of threads.
 24  TIM3e+I+G4    6738.555     120 13717.110    13738.685    14352.027
WARNING: Number of threads seems too high for short alignments. Use -T AUTO to determine best number of threads.
 27  TIM2+F+G4     6650.860     122 13545.721    13568.051    14191.220
WARNING: Number of threads seems too high for short alignments. Use -T AUTO to determine best number of threads.
 28  TIM2+F+I+G4   6651.947     123 13549.895    13572.608    14200.685
WARNING: Number of threads seems too high for short alignments. Use -T AUTO to determine best number of threads.
 31  TIM2e+G4      6718.744     119 13675.488    13696.690    14305.114
WARNING: Number of threads seems too high for short alignments. Use -T AUTO to determine best number of threads.
 32  TIM2e+I+G4    6719.634     120 13679.269    13700.844    14314.185
WARNING: Number of threads seems too high for short alignments. Use -T AUTO to determine best number of threads.
 35  TIM+F+G4      6660.791     122 13565.581    13587.912    14211.080
WARNING: Number of threads seems too high for short alignments. Use -T AUTO to determine best number of threads.
 36  TIM+F+I+G4    6662.562     123 13571.124    13593.837    14221.914
WARNING: Number of threads seems too high for short alignments. Use -T AUTO to determine best number of threads.
 39  TIMe+G4       6733.238     119 13704.476    13725.679    14334.102
WARNING: Number of threads seems too high for short alignments. Use -T AUTO to determine best number of threads.
 40  TIMe+I+G4     6734.741     120 13709.482    13731.057    14344.399
WARNING: Number of threads seems too high for short alignments. Use -T AUTO to determine best number of threads.
 43  TPM3u+F+G4    6682.544     121 13607.087    13629.038    14247.295
WARNING: Number of threads seems too high for short alignments. Use -T AUTO to determine best number of threads.
 44  TPM3u+F+I+G4  6684.428     122 13612.856    13635.186    14258.354
WARNING: Number of threads seems too high for short alignments. Use -T AUTO to determine best number of threads.
 47  TPM3+G4       6738.400     118 13712.800    13733.634    14337.135
WARNING: Number of threads seems too high for short alignments. Use -T AUTO to determine best number of threads.
 48  TPM3+I+G4     6739.969     119 13717.939    13739.141    14347.565
WARNING: Number of threads seems too high for short alignments. Use -T AUTO to determine best number of threads.
 51  TPM2u+F+G4    6668.309     121 13578.618    13600.569    14218.826
WARNING: Number of threads seems too high for short alignments. Use -T AUTO to determine best number of threads.
 52  TPM2u+F+I+G4  6669.778     122 13583.556    13605.886    14229.055
WARNING: Number of threads seems too high for short alignments. Use -T AUTO to determine best number of threads.
 55  TPM2+G4       6719.855     118 13675.710    13696.544    14300.045
WARNING: Number of threads seems too high for short alignments. Use -T AUTO to determine best number of threads.
 56  TPM2+I+G4     6720.650     119 13679.300    13700.502    14308.926
WARNING: Number of threads seems too high for short alignments. Use -T AUTO to determine best number of threads.
 59  K3Pu+F+G4     6678.722     121 13599.444    13621.395    14239.652
WARNING: Number of threads seems too high for short alignments. Use -T AUTO to determine best number of threads.
 60  K3Pu+F+I+G4   6680.636     122 13605.272    13627.602    14250.771
WARNING: Number of threads seems too high for short alignments. Use -T AUTO to determine best number of threads.
 63  K3P+G4        6734.572     118 13705.144    13725.978    14329.479
WARNING: Number of threads seems too high for short alignments. Use -T AUTO to determine best number of threads.
 64  K3P+I+G4      6736.109     119 13710.217    13731.420    14339.843
WARNING: Number of threads seems too high for short alignments. Use -T AUTO to determine best number of threads.
 67  TN+F+G4       6664.853     121 13571.706    13593.657    14211.914
WARNING: Number of threads seems too high for short alignments. Use -T AUTO to determine best number of threads.
 68  TN+F+I+G4     6666.590     122 13577.180    13599.511    14222.679
WARNING: Number of threads seems too high for short alignments. Use -T AUTO to determine best number of threads.
 71  TNe+G4        6737.100     118 13710.200    13731.034    14334.535
WARNING: Number of threads seems too high for short alignments. Use -T AUTO to determine best number of threads.
 72  TNe+I+G4      6738.639     119 13715.277    13736.480    14344.903
WARNING: Number of threads seems too high for short alignments. Use -T AUTO to determine best number of threads.
 75  HKY+F+G4      6682.737     120 13605.473    13627.049    14240.390
WARNING: Number of threads seems too high for short alignments. Use -T AUTO to determine best number of threads.
 76  HKY+F+I+G4    6684.626     121 13611.252    13633.203    14251.460
WARNING: Number of threads seems too high for short alignments. Use -T AUTO to determine best number of threads.
 79  K2P+G4        6738.437     117 13710.874    13731.343    14329.918
WARNING: Number of threads seems too high for short alignments. Use -T AUTO to determine best number of threads.
 80  K2P+I+G4      6740.000     118 13715.999    13736.833    14340.334
WARNING: Number of threads seems too high for short alignments. Use -T AUTO to determine best number of threads.
 83  F81+F+G4      7017.382     119 14272.764    14293.967    14902.390
WARNING: Number of threads seems too high for short alignments. Use -T AUTO to determine best number of threads.
 84  F81+F+I+G4    7020.238     120 14280.475    14302.050    14915.392
WARNING: Number of threads seems too high for short alignments. Use -T AUTO to determine best number of threads.
 87  JC+G4         7088.902     116 14409.804    14429.911    15023.557
WARNING: Number of threads seems too high for short alignments. Use -T AUTO to determine best number of threads.
 88  JC+I+G4       7091.784     117 14417.568    14438.037    15036.613
Akaike Information Criterion:           GTR+F+G4
Corrected Akaike Information Criterion: TIM2+F+G4
Bayesian Information Criterion:         TIM2+F+G4
Best-fit model: TIM2+F+G4 chosen according to BIC

All model information printed to results/phylogenetic_tree.tree.model.gz
CPU time for ModelFinder: 293.739 seconds (0h:4m:53s)
Wall-clock time for ModelFinder: 125.693 seconds (0h:2m:5s)
Generating 1000 samples for ultrafast bootstrap (seed: 651124)...

NOTE: 3 MB RAM (0 GB) is required!
WARNING: Number of threads seems too high for short alignments. Use -T AUTO to determine best number of threads.
Estimate model parameters (epsilon = 0.100)
1. Initial log-likelihood: -6650.860
Optimal log-likelihood: -6650.812
Rate parameters:  A-C: 4.68426  A-G: 25.42360  A-T: 4.68426  C-G: 1.00000  C-T: 51.36963  G-T: 1.00000
Base frequencies:  A: 0.341  C: 0.192  G: 0.260  T: 0.207
Gamma shape alpha: 0.422
Parameters optimization took 1 rounds (0.014 sec)
Wrote distance file to... 
Computing ML distances based on estimated model parameters...
Calculating distance matrix: done in 0.00834012 secs using 300.8% CPU
Computing ML distances took 0.008474 sec (of wall-clock time) 0.025430 sec (of CPU time)
Setting up auxiliary I and S matrices: done in 0.000110865 secs using 405% CPU
Constructing RapidNJ tree: done in 0.00139904 secs using 327% CPU
Computing RapidNJ tree took 0.001557 sec (of wall-clock time) 0.005142 sec (of CPU time)
Log-likelihood of RapidNJ tree: -6724.817
--------------------------------------------------------------------
|             INITIALIZING CANDIDATE TREE SET                      |
--------------------------------------------------------------------
Generating 98 parsimony trees... 0.422 second
Computing log-likelihood of 98 initial trees ... 0.361 seconds
Current best score: -6650.812

Do NNI search on 20 best initial trees
Optimizing NNI: done in 0.033061 secs using 287% CPU
Estimate model parameters (epsilon = 0.100)
BETTER TREE FOUND at iteration 1: -6650.779
Optimizing NNI: done in 0.0824671 secs using 295.8% CPU
Estimate model parameters (epsilon = 0.100)
BETTER TREE FOUND at iteration 2: -6650.378
Optimizing NNI: done in 0.114173 secs using 289.4% CPU
Optimizing NNI: done in 0.133927 secs using 297% CPU
Optimizing NNI: done in 0.0786412 secs using 290.5% CPU
Optimizing NNI: done in 0.096555 secs using 296.2% CPU
Optimizing NNI: done in 0.129017 secs using 294.2% CPU
Optimizing NNI: done in 0.112621 secs using 289.8% CPU
Optimizing NNI: done in 0.08691 secs using 295.7% CPU
Optimizing NNI: done in 0.152785 secs using 297.4% CPU
Iteration 10 / LogL: -6650.653 / Time: 0h:0m:1s
Optimizing NNI: done in 0.104079 secs using 300.5% CPU
Optimizing NNI: done in 0.0871561 secs using 286.8% CPU
Optimizing NNI: done in 0.115746 secs using 286.2% CPU
Optimizing NNI: done in 0.129097 secs using 294.5% CPU
Optimizing NNI: done in 0.0972559 secs using 292.3% CPU
Optimizing NNI: done in 0.0878031 secs using 290.9% CPU
Optimizing NNI: done in 0.155486 secs using 294.9% CPU
Optimizing NNI: done in 0.102117 secs using 292.7% CPU
Optimizing NNI: done in 0.0738611 secs using 294.5% CPU
Optimizing NNI: done in 0.151126 secs using 298.1% CPU
Iteration 20 / LogL: -6650.710 / Time: 0h:0m:3s
Finish initializing candidate tree set (20)
Current best tree score: -6650.378 / CPU time: 2.956
Number of iterations: 20
--------------------------------------------------------------------
|               OPTIMIZING CANDIDATE TREE SET                      |
--------------------------------------------------------------------
Optimizing NNI: done in 0.0592871 secs using 300.1% CPU
Optimizing NNI: done in 0.067328 secs using 297.3% CPU
Optimizing NNI: done in 0.137413 secs using 293.1% CPU
Estimate model parameters (epsilon = 0.100)
BETTER TREE FOUND at iteration 23: -6650.180
Optimizing NNI: done in 0.11399 secs using 290.2% CPU
Estimate model parameters (epsilon = 0.100)
BETTER TREE FOUND at iteration 24: -6650.156
Optimizing NNI: done in 0.0888948 secs using 300.1% CPU
Optimizing NNI: done in 0.0871098 secs using 294.1% CPU
Optimizing NNI: done in 0.15112 secs using 290.4% CPU
Optimizing NNI: done in 0.107702 secs using 287.5% CPU
Optimizing NNI: done in 0.130874 secs using 296.3% CPU
Optimizing NNI: done in 0.113958 secs using 293.8% CPU
Iteration 30 / LogL: -6656.425 / Time: 0h:0m:4s (0h:0m:13s left)
Optimizing NNI: done in 0.0883112 secs using 289.5% CPU
Optimizing NNI: done in 0.109597 secs using 294.5% CPU
Optimizing NNI: done in 0.148735 secs using 295% CPU
Optimizing NNI: done in 0.052197 secs using 288.5% CPU
Optimizing NNI: done in 0.073709 secs using 297.2% CPU
Optimizing NNI: done in 0.162946 secs using 295.5% CPU
Optimizing NNI: done in 0.105015 secs using 292% CPU
Optimizing NNI: done in 0.0962391 secs using 299.8% CPU
Optimizing NNI: done in 0.110554 secs using 293.1% CPU
Optimizing NNI: done in 0.117365 secs using 294.3% CPU
Iteration 40 / LogL: -6661.784 / Time: 0h:0m:5s (0h:0m:11s left)
Optimizing NNI: done in 0.0899789 secs using 295.7% CPU
Optimizing NNI: done in 0.181122 secs using 295.9% CPU
Optimizing NNI: done in 0.109381 secs using 298% CPU
Optimizing NNI: done in 0.079284 secs using 298.9% CPU
Optimizing NNI: done in 0.154362 secs using 292.5% CPU
Optimizing NNI: done in 0.0904679 secs using 295.1% CPU
Optimizing NNI: done in 0.0663998 secs using 297.2% CPU
Optimizing NNI: done in 0.174411 secs using 294.1% CPU
Optimizing NNI: done in 0.086328 secs using 284.9% CPU
Optimizing NNI: done in 0.109239 secs using 298.5% CPU
Iteration 50 / LogL: -6655.968 / Time: 0h:0m:6s (0h:0m:9s left)
Log-likelihood cutoff on original alignment: -6693.869
Optimizing NNI: done in 0.116448 secs using 291.9% CPU
Optimizing NNI: done in 0.0868881 secs using 288.6% CPU
Optimizing NNI: done in 0.125807 secs using 292% CPU
Optimizing NNI: done in 0.0784309 secs using 299.3% CPU
Optimizing NNI: done in 0.0788691 secs using 293% CPU
Optimizing NNI: done in 0.095176 secs using 293.7% CPU
Optimizing NNI: done in 0.133359 secs using 294.5% CPU
Optimizing NNI: done in 0.101504 secs using 296.3% CPU
Optimizing NNI: done in 0.166413 secs using 290.8% CPU
Optimizing NNI: done in 0.113688 secs using 297.5% CPU
Iteration 60 / LogL: -6650.174 / Time: 0h:0m:7s (0h:0m:8s left)
Optimizing NNI: done in 0.085042 secs using 288.1% CPU
Optimizing NNI: done in 0.133175 secs using 297.6% CPU
Optimizing NNI: done in 0.092592 secs using 292.5% CPU
Optimizing NNI: done in 0.061141 secs using 296.2% CPU
Optimizing NNI: done in 0.133247 secs using 287.9% CPU
Optimizing NNI: done in 0.0621178 secs using 288.9% CPU
Optimizing NNI: done in 0.110337 secs using 291.5% CPU
Optimizing NNI: done in 0.128675 secs using 292.4% CPU
Optimizing NNI: done in 0.138724 secs using 297.1% CPU
Optimizing NNI: done in 0.085222 secs using 288.6% CPU
Iteration 70 / LogL: -6650.168 / Time: 0h:0m:8s (0h:0m:6s left)
Optimizing NNI: done in 0.0582099 secs using 299.3% CPU
Optimizing NNI: done in 0.170006 secs using 295.5% CPU
Optimizing NNI: done in 0.103043 secs using 299.2% CPU
Optimizing NNI: done in 0.110037 secs using 289.5% CPU
Optimizing NNI: done in 0.113634 secs using 286.4% CPU
Optimizing NNI: done in 0.1066 secs using 293.8% CPU
Optimizing NNI: done in 0.093523 secs using 294.2% CPU
Optimizing NNI: done in 0.131971 secs using 286% CPU
Optimizing NNI: done in 0.0976119 secs using 293.6% CPU
Optimizing NNI: done in 0.127255 secs using 290.9% CPU
Iteration 80 / LogL: -6650.425 / Time: 0h:0m:10s (0h:0m:5s left)
Optimizing NNI: done in 0.102379 secs using 290.4% CPU
Optimizing NNI: done in 0.119449 secs using 296.5% CPU
Optimizing NNI: done in 0.064358 secs using 283% CPU
Optimizing NNI: done in 0.126165 secs using 296.1% CPU
Optimizing NNI: done in 0.129799 secs using 294.2% CPU
Optimizing NNI: done in 0.0959382 secs using 291.6% CPU
Optimizing NNI: done in 0.154065 secs using 290.1% CPU
Optimizing NNI: done in 0.0931561 secs using 289% CPU
Optimizing NNI: done in 0.119004 secs using 298.2% CPU
Optimizing NNI: done in 0.16068 secs using 297.8% CPU
Iteration 90 / LogL: -6652.419 / Time: 0h:0m:11s (0h:0m:4s left)
Optimizing NNI: done in 0.151147 secs using 297.3% CPU
Optimizing NNI: done in 0.125288 secs using 284% CPU
Optimizing NNI: done in 0.148074 secs using 292.7% CPU
Optimizing NNI: done in 0.117302 secs using 293.5% CPU
Optimizing NNI: done in 0.126966 secs using 296.6% CPU
Optimizing NNI: done in 0.0933621 secs using 294.1% CPU
Optimizing NNI: done in 0.129676 secs using 284.1% CPU
Optimizing NNI: done in 0.0993741 secs using 288.3% CPU
Optimizing NNI: done in 0.058974 secs using 295% CPU
Optimizing NNI: done in 0.0970581 secs using 288% CPU
Iteration 100 / LogL: -6651.995 / Time: 0h:0m:12s (0h:0m:3s left)
Log-likelihood cutoff on original alignment: -6693.869
NOTE: Bootstrap correlation coefficient of split occurrence frequencies: 0.993
Optimizing NNI: done in 0.0860181 secs using 295.2% CPU
Optimizing NNI: done in 0.137336 secs using 290.4% CPU
Optimizing NNI: done in 0.126261 secs using 294.6% CPU
Optimizing NNI: done in 0.120402 secs using 297.9% CPU
Optimizing NNI: done in 0.162992 secs using 294.6% CPU
Optimizing NNI: done in 0.098788 secs using 294.9% CPU
Optimizing NNI: done in 0.105158 secs using 291.2% CPU
Optimizing NNI: done in 0.1336 secs using 297.6% CPU
Optimizing NNI: done in 0.112113 secs using 294.3% CPU
Optimizing NNI: done in 0.148403 secs using 294.6% CPU
Iteration 110 / LogL: -6650.174 / Time: 0h:0m:14s (0h:0m:11s left)
Optimizing NNI: done in 0.129935 secs using 292.2% CPU
Optimizing NNI: done in 0.0603189 secs using 293.5% CPU
Optimizing NNI: done in 0.151587 secs using 294.9% CPU
Optimizing NNI: done in 0.110531 secs using 296.3% CPU
Optimizing NNI: done in 0.0797038 secs using 294.6% CPU
Optimizing NNI: done in 0.0912821 secs using 288.3% CPU
Optimizing NNI: done in 0.147001 secs using 297.8% CPU
Optimizing NNI: done in 0.0881729 secs using 294.9% CPU
Optimizing NNI: done in 0.140218 secs using 291% CPU
Optimizing NNI: done in 0.149249 secs using 294.2% CPU
Iteration 120 / LogL: -6650.171 / Time: 0h:0m:15s (0h:0m:10s left)
Optimizing NNI: done in 0.110562 secs using 289.1% CPU
Optimizing NNI: done in 0.0971129 secs using 290.4% CPU
Optimizing NNI: done in 0.112889 secs using 297% CPU
Optimizing NNI: done in 0.130799 secs using 295.5% CPU
Optimizing NNI: done in 0.067621 secs using 289.8% CPU
TREE SEARCH COMPLETED AFTER 125 ITERATIONS / Time: 0h:0m:15s

--------------------------------------------------------------------
|                    FINALIZING TREE SEARCH                        |
--------------------------------------------------------------------
Performs final model parameters optimization
Estimate model parameters (epsilon = 0.010)
1. Initial log-likelihood: -6650.156
Optimal log-likelihood: -6650.148
Rate parameters:  A-C: 4.59056  A-G: 25.15520  A-T: 4.59056  C-G: 1.00000  C-T: 51.69096  G-T: 1.00000
Base frequencies:  A: 0.341  C: 0.192  G: 0.260  T: 0.207
Gamma shape alpha: 0.403
Parameters optimization took 1 rounds (0.010 sec)
BEST SCORE FOUND : -6650.148

Testing tree branches by SH-like aLRT with 1000 replicates...
0.697 sec.
Creating bootstrap support values...
Split supports printed to NEXUS file results/phylogenetic_tree.tree.splits.nex
Total tree length: 9.493

Total number of iterations: 125
CPU time used for tree search: 46.179 sec (0h:0m:46s)
Wall-clock time used for tree search: 15.792 sec (0h:0m:15s)
Total CPU time used: 48.989 sec (0h:0m:48s)
Total wall-clock time used: 16.729 sec (0h:0m:16s)

Computing bootstrap consensus tree...
Reading input file results/phylogenetic_tree.tree.splits.nex...
59 taxa and 1198 splits.
Consensus tree written to results/phylogenetic_tree.tree.contree
Reading input trees file results/phylogenetic_tree.tree.contree
Log-likelihood of consensus tree: -6650.224

Analysis results written to: 
  IQ-TREE report:                results/phylogenetic_tree.tree.iqtree
  Maximum-likelihood tree:       results/phylogenetic_tree.tree.treefile
  Likelihood distances:          results/phylogenetic_tree.tree.mldist

Ultrafast bootstrap approximation results written to:
  Split support values:          results/phylogenetic_tree.tree.splits.nex
  Consensus tree:                results/phylogenetic_tree.tree.contree
  Screen log file:               results/phylogenetic_tree.tree.log

Date and Time: Tue Jun 11 07:14:59 2024
