Building DAG of jobs...
Using shell: /usr/bin/bash
Provided cores: 1 (use --cores to define parallelism)
Rules claiming more threads will be scaled down.
Job stats:
job                             count
----------------------------  -------
compute                             1
run_difFUBAR_on_omnibusMulti     2660
total                            2661

Select jobs to execute...

[Mon Nov 27 21:39:45 2023]
rule run_difFUBAR_on_omnibusMulti:
    input: run_difFUBAR_timer.jl
    output: output/omnibus/pos_thresh_0.95/sim.18.replicate.4
    jobid: 94
    reason: Missing output files: output/omnibus/pos_thresh_0.95/sim.18.replicate.4
    wildcards: iPos_thresh=0.95, iSim=18, iRep=4
    resources: tmpdir=/tmp

Terminating processes on user request, this might take some time.
[Mon Nov 27 21:40:23 2023]
Error in rule run_difFUBAR_on_omnibusMulti:
    jobid: 94
    input: run_difFUBAR_timer.jl
    output: output/omnibus/pos_thresh_0.95/sim.18.replicate.4
    shell:
        julia run_difFUBAR_timer.jl -f ../../contrastFEL_data/omnibus/sims.18.settings.replicate.4 -t ../../contrastFEL_data/omnibus/sims.18.nwk -o output/omnibus/pos_thresh_0.95/sim.18.replicate.4             --verbosity 1 --exports true --iters 2500             --pos_thresh 0.95
        (one of the commands exited with non-zero exit code; note that snakemake uses bash strict mode!)

Complete log: .snakemake/log/2023-11-27T213944.393146.snakemake.log
