Building DAG of jobs...
Using shell: /usr/bin/bash
Provided cores: 39
Rules claiming more threads will be scaled down.
Job stats:
job                             count
----------------------------  -------
compute                             1
run_difFUBAR_on_omnibusMulti        1
total                               2

Select jobs to execute...

[Tue Nov 28 16:58:15 2023]
rule run_difFUBAR_on_omnibusMulti:
    input: run_difFUBAR_timer_only_grid.jl
    output: output/omnibus/only_grid/pos_thresh_0.95/sim.345.replicate.1
    jobid: 1
    reason: Missing output files: output/omnibus/only_grid/pos_thresh_0.95/sim.345.replicate.1
    wildcards: iPos_thresh=0.95, iSim=345, iRep=1
    resources: tmpdir=/tmp

[Tue Nov 28 17:00:26 2023]
Finished job 1.
1 of 2 steps (50%) done
Select jobs to execute...

[Tue Nov 28 17:00:26 2023]
localrule compute:
    input: output/omnibus/only_grid/pos_thresh_0.95/sim.345.replicate.1
    jobid: 0
    reason: Input files updated by another job: output/omnibus/only_grid/pos_thresh_0.95/sim.345.replicate.1
    resources: tmpdir=/tmp

[Tue Nov 28 17:00:26 2023]
Finished job 0.
2 of 2 steps (100%) done
Complete log: .snakemake/log/2023-11-28T165815.140138.snakemake.log
