Building DAG of jobs...
Using shell: /usr/bin/bash
Provided cores: 7
Rules claiming more threads will be scaled down.
Job stats:
job                             count
----------------------------  -------
compute                             1
run_difFUBAR_on_omnibusMulti        1
total                               2

Select jobs to execute...

[Mon Nov 27 18:37:14 2023]
rule run_difFUBAR_on_omnibusMulti:
    input: run_difFUBAR_timer.jl
    output: output/omnibus/pos_thresh_0.95/sim.1.replicate.1
    jobid: 1
    reason: Missing output files: output/omnibus/pos_thresh_0.95/sim.1.replicate.1
    wildcards: iPos_thresh=0.95, iSim=1, iRep=1
    resources: tmpdir=/tmp

[Mon Nov 27 19:20:28 2023]
Error in rule run_difFUBAR_on_omnibusMulti:
    jobid: 1
    input: run_difFUBAR_timer.jl
    output: output/omnibus/pos_thresh_0.95/sim.1.replicate.1
    shell:
        julia run_difFUBAR_timer.jl -f ../../contrastFEL_data/omnibus/sims.1.settings.replicate.1 -t ../../contrastFEL_data/omnibus/sims.1.nwk -o output/omnibus/pos_thresh_0.95/sim.1.replicate.1             --verbosity 1 --exports true --iters 2500             --pos_thresh 0.95
        (one of the commands exited with non-zero exit code; note that snakemake uses bash strict mode!)

Removing output files of failed job run_difFUBAR_on_omnibusMulti since they might be corrupted:
output/omnibus/pos_thresh_0.95/sim.1.replicate.1
Skipped removing non-empty directory output/omnibus/pos_thresh_0.95/sim.1.replicate.1
Shutting down, this might take some time.
Exiting because a job execution failed. Look above for error message
Complete log: .snakemake/log/2023-11-27T183714.614663.snakemake.log
