IQ-TREE multicore version 2.2.6 COVID-edition for Linux 64-bit built Dec  8 2023
Developed by Bui Quang Minh, James Barbetti, Nguyen Lam Tung,
Olga Chernomor, Heiko Schmidt, Dominik Schrempf, Michael Woodhams, Ly Trong Nhan.

Host:    swizzle (AVX512, FMA3, 62 GB RAM)
Command: iqtree2 -ntmax 1 -s results/alignment-delim.fasta -m GTR -ninit 2 -n 2 -me 0.05 -nt AUTO -redo
Seed:    742360 (Using SPRNG - Scalable Parallel Random Number Generator)
Time:    Tue Mar  5 19:06:13 2024
Kernel:  AVX+FMA - auto-detect threads (40 CPU cores detected)

Reading alignment file results/alignment-delim.fasta ... Fasta format detected
Reading fasta file: done in 0.222422 secs using 99.83% CPU
Alignment most likely contains DNA/RNA sequences
Constructing alignment: done in 0.10874 secs using 85.38% CPU
Alignment has 185 sequences with 29903 columns, 3139 distinct patterns
585 parsimony-informative, 596 singleton sites, 28722 constant sites
                                                                    Gap/Ambiguity  Composition  p-value
Analyzing sequences: done in 0.00458258 secs using 99.94% CPU
   1  MN908947_WUHAN_HU_1_2019_                                             0.00%    passed     96.11%
   2  ENA_ON840422_ON840422_1_SEVERE_ACUTE_RESPIRATORY_SHUMAN-_-HUMAN._.    1.15%    passed     99.16%
   3  ENA_OP014916_OP014916_1_SEVERE_ACUTE_RESPIRATORY_SHUMAN-_-HUMAN._.    1.84%    passed     99.77%
   4  ENA_OP014811_OP014811_1_SEVERE_ACUTE_RESPIRATORY_SHUMAN-_-HUMAN._.    2.63%    passed     98.15%
   5  ENA_OP014850_OP014850_1_SEVERE_ACUTE_RESPIRATORY_SHUMAN-_-HUMAN._.    1.23%    passed     99.72%
   6  ENA_OP014943_OP014943_1_SEVERE_ACUTE_RESPIRATORY_SHUMAN-_-HUMAN._.    1.74%    passed     99.68%
   7  ENA_OP014624_OP014624_1_SEVERE_ACUTE_RESPIRATORY_SHUMAN-_-HUMAN._.    0.72%    passed     99.99%
   8  ENA_OP015024_OP015024_1_SEVERE_ACUTE_RESPIRATORY_SHUMAN-_-HUMAN._.    0.72%    passed     99.99%
   9  ENA_OP014636_OP014636_1_SEVERE_ACUTE_RESPIRATORY_SHUMAN-_-HUMAN._.    1.65%    passed     99.77%
  10  ENA_OP014634_OP014634_1_SEVERE_ACUTE_RESPIRATORY_SHUMAN-_-HUMAN._.    1.77%    passed     99.76%
  11  ENA_OP014853_OP014853_1_SEVERE_ACUTE_RESPIRATORY_SHUMAN-_-HUMAN._.    0.61%    passed     99.97%
  12  ENA_OP015005_OP015005_1_SEVERE_ACUTE_RESPIRATORY_SHUMAN-_-HUMAN._.    0.61%    passed     99.98%
  13  ENA_OP014655_OP014655_1_SEVERE_ACUTE_RESPIRATORY_SHUMAN-_-HUMAN._.    0.61%    passed     99.97%
  14  ENA_OP014815_OP014815_1_SEVERE_ACUTE_RESPIRATORY_SHUMAN-_-HUMAN._.    0.73%    passed     99.91%
  15  ENA_OP014814_OP014814_1_SEVERE_ACUTE_RESPIRATORY_SHUMAN-_-HUMAN._.    0.61%    passed    100.00%
  16  ENA_OP014804_OP014804_1_SEVERE_ACUTE_RESPIRATORY_SHUMAN-_-HUMAN._.    0.61%    passed    100.00%
  17  ENA_OP014848_OP014848_1_SEVERE_ACUTE_RESPIRATORY_SHUMAN-_-HUMAN._.    0.61%    passed     99.99%
  18  ENA_OP015054_OP015054_1_SEVERE_ACUTE_RESPIRATORY_SHUMAN-_-HUMAN._.    0.83%    passed     99.93%
  19  ENA_OP014805_OP014805_1_SEVERE_ACUTE_RESPIRATORY_SHUMAN-_-HUMAN._.    0.93%    passed     99.98%
  20  ENA_OP015011_OP015011_1_SEVERE_ACUTE_RESPIRATORY_SHUMAN-_-HUMAN._.    0.94%    passed     99.96%
  21  ENA_OP014812_OP014812_1_SEVERE_ACUTE_RESPIRATORY_SHUMAN-_-HUMAN._.    3.29%    passed     98.21%
  22  ENA_OP014644_OP014644_1_SEVERE_ACUTE_RESPIRATORY_SHUMAN-_-HUMAN._.    0.82%    passed     99.92%
  23  ENA_OP015373_OP015373_1_SEVERE_ACUTE_RESPIRATORY_SHUMAN-_-HUMAN._.    0.82%    passed     99.91%
  24  ENA_OP015037_OP015037_1_SEVERE_ACUTE_RESPIRATORY_SHUMAN-_-HUMAN._.    0.94%    passed     99.97%
  25  ENA_OP014795_OP014795_1_SEVERE_ACUTE_RESPIRATORY_SHUMAN-_-HUMAN._.    1.65%    passed     99.95%
  26  ENA_OP015352_OP015352_1_SEVERE_ACUTE_RESPIRATORY_SHUMAN-_-HUMAN._.    1.04%    passed     99.94%
  27  ENA_OP014851_OP014851_1_SEVERE_ACUTE_RESPIRATORY_SHUMAN-_-HUMAN._.    0.93%    passed     99.92%
  28  ENA_OP015020_OP015020_1_SEVERE_ACUTE_RESPIRATORY_SHUMAN-_-HUMAN._.    0.94%    passed     99.91%
  29  ENA_OP015169_OP015169_1_SEVERE_ACUTE_RESPIRATORY_SHUMAN-_-HUMAN._.    0.97%    passed     99.85%
  30  ENA_OP015010_OP015010_1_SEVERE_ACUTE_RESPIRATORY_SHUMAN-_-HUMAN._.    1.59%    passed     99.94%
  31  ENA_OP014820_OP014820_1_SEVERE_ACUTE_RESPIRATORY_SHUMAN-_-HUMAN._.    0.73%    passed     99.93%
  32  ENA_OP014935_OP014935_1_SEVERE_ACUTE_RESPIRATORY_SHUMAN-_-HUMAN._.    0.72%    passed     99.95%
  33  ENA_OP015044_OP015044_1_SEVERE_ACUTE_RESPIRATORY_SHUMAN-_-HUMAN._.    2.20%    passed     98.61%
  34  ENA_OP014828_OP014828_1_SEVERE_ACUTE_RESPIRATORY_SHUMAN-_-HUMAN._.    0.61%    passed     99.99%
  35  ENA_OP015027_OP015027_1_SEVERE_ACUTE_RESPIRATORY_SHUMAN-_-HUMAN._.    0.83%    passed     99.89%
  36  ENA_OP015012_OP015012_1_SEVERE_ACUTE_RESPIRATORY_SHUMAN-_-HUMAN._.    1.33%    passed     99.98%
  37  ENA_OP016656_OP016656_1_SEVERE_ACUTE_RESPIRATORY_SHUMAN-_-HUMAN._.    1.54%    passed     99.76%
  38  ENA_OP014819_OP014819_1_SEVERE_ACUTE_RESPIRATORY_SHUMAN-_-HUMAN._.    2.46%    passed     98.50%
  39  ENA_OP014974_OP014974_1_SEVERE_ACUTE_RESPIRATORY_SHUMAN-_-HUMAN._.    2.90%    passed     95.99%
  40  ENA_OP014796_OP014796_1_SEVERE_ACUTE_RESPIRATORY_SHUMAN-_-HUMAN._.    1.76%    passed     99.83%
  41  ENA_OP014844_OP014844_1_SEVERE_ACUTE_RESPIRATORY_SHUMAN-_-HUMAN._.    0.72%    passed     99.94%
  42  ENA_OP015021_OP015021_1_SEVERE_ACUTE_RESPIRATORY_SHUMAN-_-HUMAN._.    1.28%    passed     99.87%
  43  ENA_OP014977_OP014977_1_SEVERE_ACUTE_RESPIRATORY_SHUMAN-_-HUMAN._.    4.25%    passed     92.30%
  44  ENA_OP014958_OP014958_1_SEVERE_ACUTE_RESPIRATORY_SHUMAN-_-HUMAN._.    1.38%    passed     99.96%
  45  ENA_OP014854_OP014854_1_SEVERE_ACUTE_RESPIRATORY_SHUMAN-_-HUMAN._.    0.67%    passed     99.98%
  46  ENA_OP014825_OP014825_1_SEVERE_ACUTE_RESPIRATORY_SHUMAN-_-HUMAN._.    1.08%    passed     99.93%
  47  ENA_OP015016_OP015016_1_SEVERE_ACUTE_RESPIRATORY_SHUMAN-_-HUMAN._.    1.49%    passed     99.67%
  48  ENA_OP014642_OP014642_1_SEVERE_ACUTE_RESPIRATORY_SHUMAN-_-HUMAN._.    1.57%    passed    100.00%
  49  ENA_OP014809_OP014809_1_SEVERE_ACUTE_RESPIRATORY_SHUMAN-_-HUMAN._.    1.85%    passed     99.93%
  50  ENA_OP014649_OP014649_1_SEVERE_ACUTE_RESPIRATORY_SHUMAN-_-HUMAN._.    0.64%    passed    100.00%
  51  ENA_OP014801_OP014801_1_SEVERE_ACUTE_RESPIRATORY_SHUMAN-_-HUMAN._.    0.64%    passed    100.00%
  52  ENA_OP014976_OP014976_1_SEVERE_ACUTE_RESPIRATORY_SHUMAN-_-HUMAN._.    0.75%    passed     99.99%
  53  ENA_OP015058_OP015058_1_SEVERE_ACUTE_RESPIRATORY_SHUMAN-_-HUMAN._.    0.86%    passed    100.00%
  54  ENA_OP015505_OP015505_1_SEVERE_ACUTE_RESPIRATORY_SHUMAN-_-HUMAN._.    1.57%    passed     99.98%
  55  ENA_OP015064_OP015064_1_SEVERE_ACUTE_RESPIRATORY_SHUMAN-_-HUMAN._.    0.96%    passed    100.00%
  56  ENA_OP014952_OP014952_1_SEVERE_ACUTE_RESPIRATORY_SHUMAN-_-HUMAN._.    0.86%    passed     99.96%
  57  ENA_OP015252_OP015252_1_SEVERE_ACUTE_RESPIRATORY_SHUMAN-_-HUMAN._.    1.46%    passed     99.48%
  58  ENA_OP014810_OP014810_1_SEVERE_ACUTE_RESPIRATORY_SHUMAN-_-HUMAN._.    0.75%    passed    100.00%
  59  ENA_OP014787_OP014787_1_SEVERE_ACUTE_RESPIRATORY_SHUMAN-_-HUMAN._.    1.18%    passed     99.98%
  60  ENA_OP014793_OP014793_1_SEVERE_ACUTE_RESPIRATORY_SHUMAN-_-HUMAN._.    1.45%    passed     99.93%
  61  ENA_OP014797_OP014797_1_SEVERE_ACUTE_RESPIRATORY_SHUMAN-_-HUMAN._.    0.96%    passed     99.96%
  62  ENA_OP014658_OP014658_1_SEVERE_ACUTE_RESPIRATORY_SHUMAN-_-HUMAN._.    1.02%    passed     99.94%
  63  ENA_OP015589_OP015589_1_SEVERE_ACUTE_RESPIRATORY_SHUMAN-_-HUMAN._.    1.02%    passed     99.95%
  64  ENA_OP014653_OP014653_1_SEVERE_ACUTE_RESPIRATORY_SHUMAN-_-HUMAN._.    0.59%    passed     99.98%
  65  ENA_OP016620_OP016620_1_SEVERE_ACUTE_RESPIRATORY_SHUMAN-_-HUMAN._.    0.60%    passed     99.99%
  66  ENA_OP014834_OP014834_1_SEVERE_ACUTE_RESPIRATORY_SHUMAN-_-HUMAN._.    0.59%    passed     99.97%
  67  ENA_OP015014_OP015014_1_SEVERE_ACUTE_RESPIRATORY_SHUMAN-_-HUMAN._.    0.59%    passed     99.98%
  68  ENA_OP014662_OP014662_1_SEVERE_ACUTE_RESPIRATORY_SHUMAN-_-HUMAN._.    0.80%    passed     99.94%
  69  ENA_OP014874_OP014874_1_SEVERE_ACUTE_RESPIRATORY_SHUMAN-_-HUMAN._.    1.63%    passed     99.95%
  70  ENA_OP015103_OP015103_1_SEVERE_ACUTE_RESPIRATORY_SHUMAN-_-HUMAN._.    0.91%    passed     99.97%
  71  ENA_OP014841_OP014841_1_SEVERE_ACUTE_RESPIRATORY_SHUMAN-_-HUMAN._.    0.91%    passed     99.96%
  72  ENA_OP015039_OP015039_1_SEVERE_ACUTE_RESPIRATORY_SHUMAN-_-HUMAN._.    1.57%    passed     99.56%
  73  ENA_OP015018_OP015018_1_SEVERE_ACUTE_RESPIRATORY_SHUMAN-_-HUMAN._.    0.70%    passed     99.94%
  74  ENA_OP014838_OP014838_1_SEVERE_ACUTE_RESPIRATORY_SHUMAN-_-HUMAN._.    0.70%    passed     99.97%
  75  ENA_OP015050_OP015050_1_SEVERE_ACUTE_RESPIRATORY_SHUMAN-_-HUMAN._.    1.53%    passed     99.93%
  76  ENA_OP014836_OP014836_1_SEVERE_ACUTE_RESPIRATORY_SHUMAN-_-HUMAN._.    0.59%    passed     99.75%
  77  ENA_OP014988_OP014988_1_SEVERE_ACUTE_RESPIRATORY_SHUMAN-_-HUMAN._.    0.80%    passed     99.80%
  78  ENA_OP019235_OP019235_1_SEVERE_ACUTE_RESPIRATORY_SHUMAN-_-HUMAN._.    1.53%    passed     99.88%
  79  ENA_OP019248_OP019248_1_SEVERE_ACUTE_RESPIRATORY_SHUMAN-_-HUMAN._.    2.77%    passed     98.90%
  80  ENA_OP019240_OP019240_1_SEVERE_ACUTE_RESPIRATORY_SHUMAN-_-HUMAN._.    9.39%    passed     88.51%
  81  ENA_OP019239_OP019239_1_SEVERE_ACUTE_RESPIRATORY_SHUMAN-_-HUMAN._.    4.34%    passed     92.25%
  82  ENA_OP019243_OP019243_1_SEVERE_ACUTE_RESPIRATORY_SHUMAN-_-HUMAN._.    2.33%    passed     99.89%
  83  ENA_OP019395_OP019395_1_SEVERE_ACUTE_RESPIRATORY_SHUMAN-_-HUMAN._.    0.62%    passed     99.96%
  84  ENA_OP019392_OP019392_1_SEVERE_ACUTE_RESPIRATORY_SHUMAN-_-HUMAN._.    0.62%    passed     99.96%
  85  ENA_OP019249_OP019249_1_SEVERE_ACUTE_RESPIRATORY_SHUMAN-_-HUMAN._.    1.50%    passed     99.91%
  86  ENA_OP019407_OP019407_1_SEVERE_ACUTE_RESPIRATORY_SHUMAN-_-HUMAN._.    0.62%    passed     99.96%
  87  ENA_OP019246_OP019246_1_SEVERE_ACUTE_RESPIRATORY_SHUMAN-_-HUMAN._.    8.98%    passed     89.26%
  88  ENA_OP019233_OP019233_1_SEVERE_ACUTE_RESPIRATORY_SHUMAN-_-HUMAN._.    1.88%    passed     99.60%
  89  ENA_OP019226_OP019226_1_SEVERE_ACUTE_RESPIRATORY_SHUMAN-_-HUMAN._.    5.37%    passed     91.10%
  90  ENA_OP019256_OP019256_1_SEVERE_ACUTE_RESPIRATORY_SHUMAN-_-HUMAN._.    1.48%    passed     99.78%
  91  ENA_OP019228_OP019228_1_SEVERE_ACUTE_RESPIRATORY_SHUMAN-_-HUMAN._.    2.29%    passed     97.34%
  92  ENA_OP019227_OP019227_1_SEVERE_ACUTE_RESPIRATORY_SHUMAN-_-HUMAN._.    2.22%    passed     98.50%
  93  ENA_OP019231_OP019231_1_SEVERE_ACUTE_RESPIRATORY_SHUMAN-_-HUMAN._.    0.62%    passed     99.98%
  94  ENA_OP019191_OP019191_1_SEVERE_ACUTE_RESPIRATORY_SHUMAN-_-HUMAN._.    1.27%    passed     99.78%
  95  ENA_OP019218_OP019218_1_SEVERE_ACUTE_RESPIRATORY_SHUMAN-_-HUMAN._.    1.26%    passed     99.75%
  96  ENA_OP019223_OP019223_1_SEVERE_ACUTE_RESPIRATORY_SHUMAN-_-HUMAN._.    1.87%    passed     98.01%
  97  ENA_OP019219_OP019219_1_SEVERE_ACUTE_RESPIRATORY_SHUMAN-_-HUMAN._.   10.53%    passed     66.17%
  98  ENA_OP019215_OP019215_1_SEVERE_ACUTE_RESPIRATORY_SHUMAN-_-HUMAN._.    4.77%    passed     87.97%
  99  ENA_OP019208_OP019208_1_SEVERE_ACUTE_RESPIRATORY_SHUMAN-_-HUMAN._.    1.80%    passed     99.90%
 100  ENA_OP019209_OP019209_1_SEVERE_ACUTE_RESPIRATORY_SHUMAN-_-HUMAN._.    1.98%    passed     99.83%
 101  ENA_OP019211_OP019211_1_SEVERE_ACUTE_RESPIRATORY_SHUMAN-_-HUMAN._.    2.20%    passed     98.27%
 102  ENA_OP019222_OP019222_1_SEVERE_ACUTE_RESPIRATORY_SHUMAN-_-HUMAN._.    9.35%    passed     83.31%
 103  ENA_OQ437954_OQ437954_1_SEVERE_ACUTE_RESPIRATORY_SDEER-_-DEER._.      0.49%    passed     99.89%
 104  ENA_OQ437912_OQ437912_1_SEVERE_ACUTE_RESPIRATORY_SDEER-_-DEER._.     14.40%    passed     60.39%
 105  ENA_OQ437936_OQ437936_1_SEVERE_ACUTE_RESPIRATORY_SDEER-_-DEER._.      0.32%    passed     99.94%
 106  ENA_OQ437968_OQ437968_1_SEVERE_ACUTE_RESPIRATORY_SDEER-_-DEER._.      1.16%    passed     99.78%
 107  ENA_OQ437933_OQ437933_1_SEVERE_ACUTE_RESPIRATORY_SDEER-_-DEER._.      1.84%    passed     99.04%
 108  ENA_OQ437980_OQ437980_1_SEVERE_ACUTE_RESPIRATORY_SDEER-_-DEER._.      0.33%    passed     99.98%
 109  ENA_OQ437956_OQ437956_1_SEVERE_ACUTE_RESPIRATORY_SDEER-_-DEER._.      0.29%    passed     99.83%
 110  ENA_OQ437920_OQ437920_1_SEVERE_ACUTE_RESPIRATORY_SDEER-_-DEER._.      0.34%    passed     99.82%
 111  ENA_OQ437977_OQ437977_1_SEVERE_ACUTE_RESPIRATORY_SDEER-_-DEER._.      0.33%    passed     99.91%
 112  ENA_OQ437947_OQ437947_1_SEVERE_ACUTE_RESPIRATORY_SDEER-_-DEER._.      0.33%    passed     99.93%
 113  ENA_OQ437949_OQ437949_1_SEVERE_ACUTE_RESPIRATORY_SDEER-_-DEER._.      7.26%    passed     79.64%
 114  ENA_OQ437984_OQ437984_1_SEVERE_ACUTE_RESPIRATORY_SDEER-_-DEER._.      0.98%    passed     99.82%
 115  ENA_OQ437932_OQ437932_1_SEVERE_ACUTE_RESPIRATORY_SDEER-_-DEER._.      0.48%    passed     99.99%
 116  ENA_OL320072_OL320072_1_SEVERE_ACUTE_RESPIRATORY_SHUMAN-_-HUMAN._.    3.10%    passed     99.84%
 117  ENA_OQ437916_OQ437916_1_SEVERE_ACUTE_RESPIRATORY_SDEER-_-DEER._.      0.33%    passed     99.98%
 118  ENA_OQ437923_OQ437923_1_SEVERE_ACUTE_RESPIRATORY_SDEER-_-DEER._.      0.53%    passed     99.99%
 119  ENA_OQ437963_OQ437963_1_SEVERE_ACUTE_RESPIRATORY_SDEER-_-DEER._.      0.33%    passed     99.98%
 120  ENA_OQ437946_OQ437946_1_SEVERE_ACUTE_RESPIRATORY_SDEER-_-DEER._.      0.57%    passed     99.99%
 121  ENA_OQ437941_OQ437941_1_SEVERE_ACUTE_RESPIRATORY_SDEER-_-DEER._.      0.31%    passed    100.00%
 122  ENA_OQ437915_OQ437915_1_SEVERE_ACUTE_RESPIRATORY_SDEER-_-DEER._.      1.97%    passed     98.09%
 123  ENA_OQ437952_OQ437952_1_SEVERE_ACUTE_RESPIRATORY_SDEER-_-DEER._.      0.61%    passed     99.97%
 124  ENA_OQ437913_OQ437913_1_SEVERE_ACUTE_RESPIRATORY_SDEER-_-DEER._.      0.34%    passed     99.98%
 125  ENA_OL320069_OL320069_1_SEVERE_ACUTE_RESPIRATORY_SHUMAN-_-HUMAN._.    3.80%    passed     99.39%
 126  ENA_OQ437919_OQ437919_1_SEVERE_ACUTE_RESPIRATORY_SDEER-_-DEER._.      0.34%    passed    100.00%
 127  ENA_OQ437937_OQ437937_1_SEVERE_ACUTE_RESPIRATORY_SDEER-_-DEER._.      0.34%    passed    100.00%
 128  ENA_OQ437926_OQ437926_1_SEVERE_ACUTE_RESPIRATORY_SDEER-_-DEER._.      0.34%    passed     99.97%
 129  ENA_OQ437938_OQ437938_1_SEVERE_ACUTE_RESPIRATORY_SDEER-_-DEER._.      1.08%    passed     99.70%
 130  ENA_OQ437971_OQ437971_1_SEVERE_ACUTE_RESPIRATORY_SDEER-_-DEER._.      1.09%    passed     99.77%
 131  ENA_OQ437922_OQ437922_1_SEVERE_ACUTE_RESPIRATORY_SDEER-_-DEER._.      1.68%    passed     99.97%
 132  ENA_OQ437967_OQ437967_1_SEVERE_ACUTE_RESPIRATORY_SDEER-_-DEER._.      0.34%    passed     99.84%
 133  ENA_OQ437929_OQ437929_1_SEVERE_ACUTE_RESPIRATORY_SDEER-_-DEER._.      0.33%    passed     99.91%
 134  ENA_OQ437989_OQ437989_1_SEVERE_ACUTE_RESPIRATORY_SDEER-_-DEER._.      1.07%    passed     99.51%
 135  ENA_OQ437975_OQ437975_1_SEVERE_ACUTE_RESPIRATORY_SDEER-_-DEER._.      2.34%    passed     99.66%
 136  ENA_OQ437987_OQ437987_1_SEVERE_ACUTE_RESPIRATORY_SDEER-_-DEER._.      0.35%    passed     99.90%
 137  ENA_OQ437914_OQ437914_1_SEVERE_ACUTE_RESPIRATORY_SDEER-_-DEER._.      0.35%    passed     99.75%
 138  ENA_OQ437955_OQ437955_1_SEVERE_ACUTE_RESPIRATORY_SDEER-_-DEER._.      2.06%    passed     99.87%
 139  ENA_OQ437974_OQ437974_1_SEVERE_ACUTE_RESPIRATORY_SDEER-_-DEER._.      0.38%    passed     99.57%
 140  ENA_OQ437978_OQ437978_1_SEVERE_ACUTE_RESPIRATORY_SDEER-_-DEER._.      0.34%    passed     99.86%
 141  ENA_OQ437983_OQ437983_1_SEVERE_ACUTE_RESPIRATORY_SDEER-_-DEER._.      1.00%    passed     99.97%
 142  ENA_OQ437985_OQ437985_1_SEVERE_ACUTE_RESPIRATORY_SDEER-_-DEER._.      0.89%    passed     99.87%
 143  ENA_OQ437959_OQ437959_1_SEVERE_ACUTE_RESPIRATORY_SDEER-_-DEER._.     34.21%    passed      9.51%
 144  ENA_OQ437940_OQ437940_1_SEVERE_ACUTE_RESPIRATORY_SDEER-_-DEER._.      0.37%    passed     99.97%
 145  ENA_OQ437927_OQ437927_1_SEVERE_ACUTE_RESPIRATORY_SDEER-_-DEER._.      1.99%    passed     98.79%
 146  ENA_OQ437988_OQ437988_1_SEVERE_ACUTE_RESPIRATORY_SDEER-_-DEER._.      0.53%    passed     99.93%
 147  ENA_OQ437961_OQ437961_1_SEVERE_ACUTE_RESPIRATORY_SDEER-_-DEER._.      0.33%    passed     99.99%
 148  ENA_OQ437982_OQ437982_1_SEVERE_ACUTE_RESPIRATORY_SDEER-_-DEER._.      1.86%    passed     99.68%
 149  ENA_OQ437939_OQ437939_1_SEVERE_ACUTE_RESPIRATORY_SDEER-_-DEER._.      1.00%    passed     99.91%
 150  ENA_OQ437951_OQ437951_1_SEVERE_ACUTE_RESPIRATORY_SDEER-_-DEER._.      3.86%    passed     96.59%
 151  ENA_OQ437942_OQ437942_1_SEVERE_ACUTE_RESPIRATORY_SDEER-_-DEER._.      0.43%    passed     99.79%
 152  ENA_OQ437935_OQ437935_1_SEVERE_ACUTE_RESPIRATORY_SDEER-_-DEER._.     17.30%    passed     38.25%
 153  ENA_OQ437917_OQ437917_1_SEVERE_ACUTE_RESPIRATORY_SDEER-_-DEER._.      0.42%    passed     99.99%
 154  ENA_OQ437972_OQ437972_1_SEVERE_ACUTE_RESPIRATORY_SDEER-_-DEER._.      0.41%    passed     99.84%
 155  ENA_OQ437969_OQ437969_1_SEVERE_ACUTE_RESPIRATORY_SDEER-_-DEER._.      0.51%    passed     99.91%
 156  ENA_OQ437944_OQ437944_1_SEVERE_ACUTE_RESPIRATORY_SDEER-_-DEER._.      1.06%    passed     99.98%
 157  ENA_OQ437953_OQ437953_1_SEVERE_ACUTE_RESPIRATORY_SDEER-_-DEER._.      3.38%    passed     99.52%
 158  ENA_OQ449343_OQ449343_1_SEVERE_ACUTE_RESPIRATORY_SDEER-_-DEER._.     10.52%    passed     74.42%
 159  ENA_OQ449344_OQ449344_1_SEVERE_ACUTE_RESPIRATORY_SDEER-_-DEER._.      0.93%    passed     99.95%
 160  ENA_OQ437934_OQ437934_1_SEVERE_ACUTE_RESPIRATORY_SDEER-_-DEER._.      0.50%    passed     99.92%
 161  ENA_OQ437943_OQ437943_1_SEVERE_ACUTE_RESPIRATORY_SDEER-_-DEER._.      0.33%    passed     99.97%
 162  ENA_OQ437950_OQ437950_1_SEVERE_ACUTE_RESPIRATORY_SDEER-_-DEER._.      2.01%    passed     99.77%
 163  ENA_OQ437990_OQ437990_1_SEVERE_ACUTE_RESPIRATORY_SDEER-_-DEER._.      1.55%    passed     99.99%
 164  ENA_OQ437981_OQ437981_1_SEVERE_ACUTE_RESPIRATORY_SDEER-_-DEER._.      0.92%    passed     99.97%
 165  ENA_OQ437970_OQ437970_1_SEVERE_ACUTE_RESPIRATORY_SDEER-_-DEER._.      0.93%    passed     99.98%
 166  ENA_OQ437948_OQ437948_1_SEVERE_ACUTE_RESPIRATORY_SDEER-_-DEER._.     32.22%    passed     81.29%
 167  ENA_OQ437945_OQ437945_1_SEVERE_ACUTE_RESPIRATORY_SDEER-_-DEER._.      0.34%    passed     99.75%
 168  ENA_OQ437921_OQ437921_1_SEVERE_ACUTE_RESPIRATORY_SDEER-_-DEER._.      0.54%    passed     99.91%
 169  ENA_OQ437928_OQ437928_1_SEVERE_ACUTE_RESPIRATORY_SDEER-_-DEER._.      0.33%    passed     99.89%
 170  ENA_OQ437986_OQ437986_1_SEVERE_ACUTE_RESPIRATORY_SDEER-_-DEER._.      0.83%    passed     99.95%
 171  ENA_OQ437918_OQ437918_1_SEVERE_ACUTE_RESPIRATORY_SDEER-_-DEER._.      0.34%    passed     99.89%
 172  ENA_OQ437958_OQ437958_1_SEVERE_ACUTE_RESPIRATORY_SDEER-_-DEER._.      0.34%    passed     99.75%
 173  ENA_OQ437962_OQ437962_1_SEVERE_ACUTE_RESPIRATORY_SDEER-_-DEER._.      0.42%    passed     99.85%
 174  ENA_OQ437957_OQ437957_1_SEVERE_ACUTE_RESPIRATORY_SDEER-_-DEER._.      2.01%    passed     99.82%
 175  ENA_OQ437960_OQ437960_1_SEVERE_ACUTE_RESPIRATORY_SDEER-_-DEER._.      5.79%    passed     90.57%
 176  ENA_OL318841_OL318841_1_SEVERE_ACUTE_RESPIRATORY_SHUMAN-_-HUMAN._.    1.69%    passed     99.12%
 177  ENA_OQ437979_OQ437979_1_SEVERE_ACUTE_RESPIRATORY_SDEER-_-DEER._.      5.18%    passed     82.37%
 178  ENA_OQ466563_OQ466563_1_SEVERE_ACUTE_RESPIRATORY_SDEER-_-DEER._.     37.31%    failed      4.54%
 179  ENA_OQ437976_OQ437976_1_SEVERE_ACUTE_RESPIRATORY_SDEER-_-DEER._.     24.73%    passed     85.26%
 180  ENA_OQ437930_OQ437930_1_SEVERE_ACUTE_RESPIRATORY_SDEER-_-DEER._.      1.81%    passed     99.91%
 181  ENA_OQ437931_OQ437931_1_SEVERE_ACUTE_RESPIRATORY_SDEER-_-DEER._.      2.47%    passed     99.88%
 182  ENA_OQ437925_OQ437925_1_SEVERE_ACUTE_RESPIRATORY_SDEER-_-DEER._.      2.35%    passed     99.96%
 183  ENA_OQ437973_OQ437973_1_SEVERE_ACUTE_RESPIRATORY_SDEER-_-DEER._.      3.27%    passed     99.53%
 184  ENA_OQ437964_OQ437964_1_SEVERE_ACUTE_RESPIRATORY_SDEER-_-DEER._.      1.87%    passed     99.84%
 185  ENA_OQ437924_OQ437924_1_SEVERE_ACUTE_RESPIRATORY_SDEER-_-DEER._.      6.16%    passed     76.78%
****  TOTAL                                                                 2.39%  1 sequences failed composition chi2 test (p-value<5%; df=3)
NOTE: ENA_OP014804_OP014804_1_SEVERE_ACUTE_RESPIRATORY_SHUMAN-_-HUMAN._. is identical to ENA_OP014814_OP014814_1_SEVERE_ACUTE_RESPIRATORY_SHUMAN-_-HUMAN._. but kept for subsequent analysis
Checking for duplicate sequences: done in 0.00642487 secs using 99.13% CPU

Create initial parsimony tree by phylogenetic likelihood library (PLL)... 0.092 seconds

NOTE: 18 MB RAM (0 GB) is required!
Measuring multi-threading efficiency up to 1 CPU cores
6 trees examined
Threads: 1 / Time: 1.199 sec / Speedup: 1.000 / Efficiency: 100% / LogL: -104563
Determining AUTO threadcount: done in 1.20109 secs using 98.19% CPU
BEST NUMBER OF THREADS: 1

Estimate model parameters (epsilon = 0.500)
1. Initial log-likelihood: -56579.676
2. Current log-likelihood: -55420.571
3. Current log-likelihood: -55419.640
Optimal log-likelihood: -55419.625
Rate parameters:  A-C: 0.39267  A-G: 1.57738  A-T: 0.20331  C-G: 0.37960  C-T: 6.74691  G-T: 1.00000
Base frequencies:  A: 0.299  C: 0.183  G: 0.196  T: 0.322
Parameters optimization took 3 rounds (4.807 sec)
Wrote distance file to... 
Computing ML distances based on estimated model parameters...
Calculating distance matrix: done in 0.621777 secs using 99.36% CPU
Computing ML distances took 0.628585 sec (of wall-clock time) 0.624505 sec (of CPU time)
Setting up auxiliary I and S matrices: done in 0.00139475 secs using 98.73% CPU
Constructing RapidNJ tree: done in 0.00413874 secs using 98.46% CPU
Computing RapidNJ tree took 0.005623 sec (of wall-clock time) 0.005540 sec (of CPU time)
Log-likelihood of RapidNJ tree: -55497.123
--------------------------------------------------------------------
|             INITIALIZING CANDIDATE TREE SET                      |
--------------------------------------------------------------------

Do NNI search on 2 best initial trees
Optimizing NNI: done in 1.51072 secs using 99.47% CPU
Estimate model parameters (epsilon = 0.500)
BETTER TREE FOUND at iteration 1: -55419.495
Optimizing NNI: done in 2.30694 secs using 99.48% CPU
Estimate model parameters (epsilon = 0.500)
BETTER TREE FOUND at iteration 2: -55411.554
Finish initializing candidate tree set (4)
Current best tree score: -55411.554 / CPU time: 4.822
Number of iterations: 2
TREE SEARCH COMPLETED AFTER 2 ITERATIONS / Time: 0h:0m:12s

--------------------------------------------------------------------
|                    FINALIZING TREE SEARCH                        |
--------------------------------------------------------------------
Performs final model parameters optimization
Estimate model parameters (epsilon = 0.050)
1. Initial log-likelihood: -55411.554
Optimal log-likelihood: -55411.547
Rate parameters:  A-C: 0.39049  A-G: 1.57673  A-T: 0.19250  C-G: 0.37887  C-T: 6.74759  G-T: 1.00000
Base frequencies:  A: 0.299  C: 0.183  G: 0.196  T: 0.322
Parameters optimization took 1 rounds (0.402 sec)
BEST SCORE FOUND : -55411.547
Total tree length: 0.055

Total number of iterations: 2
CPU time used for tree search: 4.799 sec (0h:0m:4s)
Wall-clock time used for tree search: 4.823 sec (0h:0m:4s)
Total CPU time used: 12.615 sec (0h:0m:12s)
Total wall-clock time used: 12.676 sec (0h:0m:12s)

Analysis results written to: 
  IQ-TREE report:                results/alignment-delim.fasta.iqtree
  Maximum-likelihood tree:       results/alignment-delim.fasta.treefile
  Likelihood distances:          results/alignment-delim.fasta.mldist
  Screen log file:               results/alignment-delim.fasta.log

Date and Time: Tue Mar  5 19:06:27 2024
