Building DAG of jobs...
Using shell: /usr/bin/bash
Provided cores: 4
Rules claiming more threads will be scaled down.
Job stats:
job             count
------------  -------
compute             1
run_difFUBAR        2
total               3

Select jobs to execute...

[Mon Oct  9 16:46:31 2023]
rule run_difFUBAR:
    input: run_difFUBAR.jl
    output: output/pos_thresh_0.9
    jobid: 1
    reason: Missing output files: output/pos_thresh_0.9
    wildcards: iPos_thresh=0.9
    resources: tmpdir=/tmp


[Mon Oct  9 16:46:31 2023]
rule run_difFUBAR:
    input: run_difFUBAR.jl
    output: output/pos_thresh_0.95
    jobid: 2
    reason: Missing output files: output/pos_thresh_0.95
    wildcards: iPos_thresh=0.95
    resources: tmpdir=/tmp

Waiting at most 5 seconds for missing files.
MissingOutputException in rule run_difFUBAR in file /home/ptruong/git/computationalPhylogenetics/experiments/20231009_pipeline_for_contrastFEL/Snakefile, line 10:
Job 1  completed successfully, but some output files are missing. Missing files after 5 seconds. This might be due to filesystem latency. If that is the case, consider to increase the wait time with --latency-wait:
output/pos_thresh_0.9
Waiting at most 5 seconds for missing files.
MissingOutputException in rule run_difFUBAR in file /home/ptruong/git/computationalPhylogenetics/experiments/20231009_pipeline_for_contrastFEL/Snakefile, line 10:
Job 2  completed successfully, but some output files are missing. Missing files after 5 seconds. This might be due to filesystem latency. If that is the case, consider to increase the wait time with --latency-wait:
output/pos_thresh_0.95
Shutting down, this might take some time.
Exiting because a job execution failed. Look above for error message
Complete log: .snakemake/log/2023-10-09T164631.294828.snakemake.log
