IQ-TREE multicore version 2.2.6 COVID-edition for Linux 64-bit built Dec  8 2023
Developed by Bui Quang Minh, James Barbetti, Nguyen Lam Tung,
Olga Chernomor, Heiko Schmidt, Dominik Schrempf, Michael Woodhams, Ly Trong Nhan.

Host:    swizzle (AVX512, FMA3, 62 GB RAM)
Command: iqtree2 -ntmax 1 -s results/alignment-delim.fasta -m GTR -ninit 2 -n 2 -me 0.05 -nt AUTO -redo
Seed:    656828 (Using SPRNG - Scalable Parallel Random Number Generator)
Time:    Thu Feb 29 05:56:31 2024
Kernel:  AVX+FMA - auto-detect threads (40 CPU cores detected)

Reading alignment file results/alignment-delim.fasta ... Fasta format detected
Reading fasta file: done in 0.227566 secs using 91.09% CPU
Alignment most likely contains DNA/RNA sequences
Constructing alignment: done in 0.109962 secs using 81.74% CPU
Alignment has 185 sequences with 29903 columns, 3139 distinct patterns
585 parsimony-informative, 596 singleton sites, 28722 constant sites
                                                                                           Gap/Ambiguity  Composition  p-value
Analyzing sequences: done in 0.00423875 secs using 99.94% CPU
   1  MN908947                                                                                     0.00%    passed     96.11%
   2  ENA_DELIM-YWZKBDROVZFXQFYEDMFT_ON840422_DELIM-YWZKBDROVZFXQFYEDMFT_ON840422.1__DEER_-_       1.15%    passed     99.16%
   3  ENA_DELIM-YWZKBDROVZFXQFYEDMFT_OP014916_DELIM-YWZKBDROVZFXQFYEDMFT_OP014916.1__OMICRON_-_    1.84%    passed     99.77%
   4  ENA_DELIM-YWZKBDROVZFXQFYEDMFT_OP014811_DELIM-YWZKBDROVZFXQFYEDMFT_OP014811.1__OMICRON_-_    2.63%    passed     98.15%
   5  ENA_DELIM-YWZKBDROVZFXQFYEDMFT_OP014850_DELIM-YWZKBDROVZFXQFYEDMFT_OP014850.1__OMICRON_-_    1.23%    passed     99.72%
   6  ENA_DELIM-YWZKBDROVZFXQFYEDMFT_OP014943_DELIM-YWZKBDROVZFXQFYEDMFT_OP014943.1__OMICRON_-_    1.74%    passed     99.68%
   7  ENA_DELIM-YWZKBDROVZFXQFYEDMFT_OP014624_DELIM-YWZKBDROVZFXQFYEDMFT_OP014624.1__OMICRON_-_    0.72%    passed     99.99%
   8  ENA_DELIM-YWZKBDROVZFXQFYEDMFT_OP015024_DELIM-YWZKBDROVZFXQFYEDMFT_OP015024.1__OMICRON_-_    0.72%    passed     99.99%
   9  ENA_DELIM-YWZKBDROVZFXQFYEDMFT_OP014636_DELIM-YWZKBDROVZFXQFYEDMFT_OP014636.1__OMICRON_-_    1.65%    passed     99.77%
  10  ENA_DELIM-YWZKBDROVZFXQFYEDMFT_OP014634_DELIM-YWZKBDROVZFXQFYEDMFT_OP014634.1__OMICRON_-_    1.77%    passed     99.76%
  11  ENA_DELIM-YWZKBDROVZFXQFYEDMFT_OP014853_DELIM-YWZKBDROVZFXQFYEDMFT_OP014853.1__OMICRON_-_    0.61%    passed     99.97%
  12  ENA_DELIM-YWZKBDROVZFXQFYEDMFT_OP015005_DELIM-YWZKBDROVZFXQFYEDMFT_OP015005.1__OMICRON_-_    0.61%    passed     99.98%
  13  ENA_DELIM-YWZKBDROVZFXQFYEDMFT_OP014655_DELIM-YWZKBDROVZFXQFYEDMFT_OP014655.1__OMICRON_-_    0.61%    passed     99.97%
  14  ENA_DELIM-YWZKBDROVZFXQFYEDMFT_OP014815_DELIM-YWZKBDROVZFXQFYEDMFT_OP014815.1__OMICRON_-_    0.73%    passed     99.91%
  15  ENA_DELIM-YWZKBDROVZFXQFYEDMFT_OP014814_DELIM-YWZKBDROVZFXQFYEDMFT_OP014814.1__OMICRON_-_    0.61%    passed    100.00%
  16  ENA_DELIM-YWZKBDROVZFXQFYEDMFT_OP014804_DELIM-YWZKBDROVZFXQFYEDMFT_OP014804.1__OMICRON_-_    0.61%    passed    100.00%
  17  ENA_DELIM-YWZKBDROVZFXQFYEDMFT_OP014848_DELIM-YWZKBDROVZFXQFYEDMFT_OP014848.1__OMICRON_-_    0.61%    passed     99.99%
  18  ENA_DELIM-YWZKBDROVZFXQFYEDMFT_OP015054_DELIM-YWZKBDROVZFXQFYEDMFT_OP015054.1__OMICRON_-_    0.83%    passed     99.93%
  19  ENA_DELIM-YWZKBDROVZFXQFYEDMFT_OP014805_DELIM-YWZKBDROVZFXQFYEDMFT_OP014805.1__OMICRON_-_    0.93%    passed     99.98%
  20  ENA_DELIM-YWZKBDROVZFXQFYEDMFT_OP015011_DELIM-YWZKBDROVZFXQFYEDMFT_OP015011.1__OMICRON_-_    0.94%    passed     99.96%
  21  ENA_DELIM-YWZKBDROVZFXQFYEDMFT_OP014812_DELIM-YWZKBDROVZFXQFYEDMFT_OP014812.1__OMICRON_-_    3.29%    passed     98.21%
  22  ENA_DELIM-YWZKBDROVZFXQFYEDMFT_OP014644_DELIM-YWZKBDROVZFXQFYEDMFT_OP014644.1__OMICRON_-_    0.82%    passed     99.92%
  23  ENA_DELIM-YWZKBDROVZFXQFYEDMFT_OP015373_DELIM-YWZKBDROVZFXQFYEDMFT_OP015373.1__OMICRON_-_    0.82%    passed     99.91%
  24  ENA_DELIM-YWZKBDROVZFXQFYEDMFT_OP015037_DELIM-YWZKBDROVZFXQFYEDMFT_OP015037.1__OMICRON_-_    0.94%    passed     99.97%
  25  ENA_DELIM-YWZKBDROVZFXQFYEDMFT_OP014795_DELIM-YWZKBDROVZFXQFYEDMFT_OP014795.1__OMICRON_-_    1.65%    passed     99.95%
  26  ENA_DELIM-YWZKBDROVZFXQFYEDMFT_OP015352_DELIM-YWZKBDROVZFXQFYEDMFT_OP015352.1__OMICRON_-_    1.04%    passed     99.94%
  27  ENA_DELIM-YWZKBDROVZFXQFYEDMFT_OP014851_DELIM-YWZKBDROVZFXQFYEDMFT_OP014851.1__OMICRON_-_    0.93%    passed     99.92%
  28  ENA_DELIM-YWZKBDROVZFXQFYEDMFT_OP015020_DELIM-YWZKBDROVZFXQFYEDMFT_OP015020.1__OMICRON_-_    0.94%    passed     99.91%
  29  ENA_DELIM-YWZKBDROVZFXQFYEDMFT_OP015169_DELIM-YWZKBDROVZFXQFYEDMFT_OP015169.1__OMICRON_-_    0.97%    passed     99.85%
  30  ENA_DELIM-YWZKBDROVZFXQFYEDMFT_OP015010_DELIM-YWZKBDROVZFXQFYEDMFT_OP015010.1__OMICRON_-_    1.59%    passed     99.94%
  31  ENA_DELIM-YWZKBDROVZFXQFYEDMFT_OP014820_DELIM-YWZKBDROVZFXQFYEDMFT_OP014820.1__OMICRON_-_    0.73%    passed     99.93%
  32  ENA_DELIM-YWZKBDROVZFXQFYEDMFT_OP014935_DELIM-YWZKBDROVZFXQFYEDMFT_OP014935.1__OMICRON_-_    0.72%    passed     99.95%
  33  ENA_DELIM-YWZKBDROVZFXQFYEDMFT_OP015044_DELIM-YWZKBDROVZFXQFYEDMFT_OP015044.1__OMICRON_-_    2.20%    passed     98.61%
  34  ENA_DELIM-YWZKBDROVZFXQFYEDMFT_OP014828_DELIM-YWZKBDROVZFXQFYEDMFT_OP014828.1__OMICRON_-_    0.61%    passed     99.99%
  35  ENA_DELIM-YWZKBDROVZFXQFYEDMFT_OP015027_DELIM-YWZKBDROVZFXQFYEDMFT_OP015027.1__OMICRON_-_    0.83%    passed     99.89%
  36  ENA_DELIM-YWZKBDROVZFXQFYEDMFT_OP015012_DELIM-YWZKBDROVZFXQFYEDMFT_OP015012.1__OMICRON_-_    1.33%    passed     99.98%
  37  ENA_DELIM-YWZKBDROVZFXQFYEDMFT_OP016656_DELIM-YWZKBDROVZFXQFYEDMFT_OP016656.1__OMICRON_-_    1.54%    passed     99.76%
  38  ENA_DELIM-YWZKBDROVZFXQFYEDMFT_OP014819_DELIM-YWZKBDROVZFXQFYEDMFT_OP014819.1__OMICRON_-_    2.46%    passed     98.50%
  39  ENA_DELIM-YWZKBDROVZFXQFYEDMFT_OP014974_DELIM-YWZKBDROVZFXQFYEDMFT_OP014974.1__OMICRON_-_    2.90%    passed     95.99%
  40  ENA_DELIM-YWZKBDROVZFXQFYEDMFT_OP014796_DELIM-YWZKBDROVZFXQFYEDMFT_OP014796.1__OMICRON_-_    1.76%    passed     99.83%
  41  ENA_DELIM-YWZKBDROVZFXQFYEDMFT_OP014844_DELIM-YWZKBDROVZFXQFYEDMFT_OP014844.1__OMICRON_-_    0.72%    passed     99.94%
  42  ENA_DELIM-YWZKBDROVZFXQFYEDMFT_OP015021_DELIM-YWZKBDROVZFXQFYEDMFT_OP015021.1__OMICRON_-_    1.28%    passed     99.87%
  43  ENA_DELIM-YWZKBDROVZFXQFYEDMFT_OP014977_DELIM-YWZKBDROVZFXQFYEDMFT_OP014977.1__OMICRON_-_    4.25%    passed     92.30%
  44  ENA_DELIM-YWZKBDROVZFXQFYEDMFT_OP014958_DELIM-YWZKBDROVZFXQFYEDMFT_OP014958.1__OMICRON_-_    1.38%    passed     99.96%
  45  ENA_DELIM-YWZKBDROVZFXQFYEDMFT_OP014854_DELIM-YWZKBDROVZFXQFYEDMFT_OP014854.1__OMICRON_-_    0.67%    passed     99.98%
  46  ENA_DELIM-YWZKBDROVZFXQFYEDMFT_OP014825_DELIM-YWZKBDROVZFXQFYEDMFT_OP014825.1__OMICRON_-_    1.08%    passed     99.93%
  47  ENA_DELIM-YWZKBDROVZFXQFYEDMFT_OP015016_DELIM-YWZKBDROVZFXQFYEDMFT_OP015016.1__OMICRON_-_    1.49%    passed     99.67%
  48  ENA_DELIM-YWZKBDROVZFXQFYEDMFT_OP014642_DELIM-YWZKBDROVZFXQFYEDMFT_OP014642.1__OMICRON_-_    1.57%    passed    100.00%
  49  ENA_DELIM-YWZKBDROVZFXQFYEDMFT_OP014809_DELIM-YWZKBDROVZFXQFYEDMFT_OP014809.1__OMICRON_-_    1.85%    passed     99.93%
  50  ENA_DELIM-YWZKBDROVZFXQFYEDMFT_OP014649_DELIM-YWZKBDROVZFXQFYEDMFT_OP014649.1__OMICRON_-_    0.64%    passed    100.00%
  51  ENA_DELIM-YWZKBDROVZFXQFYEDMFT_OP014801_DELIM-YWZKBDROVZFXQFYEDMFT_OP014801.1__OMICRON_-_    0.64%    passed    100.00%
  52  ENA_DELIM-YWZKBDROVZFXQFYEDMFT_OP014976_DELIM-YWZKBDROVZFXQFYEDMFT_OP014976.1__OMICRON_-_    0.75%    passed     99.99%
  53  ENA_DELIM-YWZKBDROVZFXQFYEDMFT_OP015058_DELIM-YWZKBDROVZFXQFYEDMFT_OP015058.1__OMICRON_-_    0.86%    passed    100.00%
  54  ENA_DELIM-YWZKBDROVZFXQFYEDMFT_OP015505_DELIM-YWZKBDROVZFXQFYEDMFT_OP015505.1__OMICRON_-_    1.57%    passed     99.98%
  55  ENA_DELIM-YWZKBDROVZFXQFYEDMFT_OP015064_DELIM-YWZKBDROVZFXQFYEDMFT_OP015064.1__OMICRON_-_    0.96%    passed    100.00%
  56  ENA_DELIM-YWZKBDROVZFXQFYEDMFT_OP014952_DELIM-YWZKBDROVZFXQFYEDMFT_OP014952.1__OMICRON_-_    0.86%    passed     99.96%
  57  ENA_DELIM-YWZKBDROVZFXQFYEDMFT_OP015252_DELIM-YWZKBDROVZFXQFYEDMFT_OP015252.1__OMICRON_-_    1.46%    passed     99.48%
  58  ENA_DELIM-YWZKBDROVZFXQFYEDMFT_OP014810_DELIM-YWZKBDROVZFXQFYEDMFT_OP014810.1__OMICRON_-_    0.75%    passed    100.00%
  59  ENA_DELIM-YWZKBDROVZFXQFYEDMFT_OP014787_DELIM-YWZKBDROVZFXQFYEDMFT_OP014787.1__OMICRON_-_    1.18%    passed     99.98%
  60  ENA_DELIM-YWZKBDROVZFXQFYEDMFT_OP014793_DELIM-YWZKBDROVZFXQFYEDMFT_OP014793.1__OMICRON_-_    1.45%    passed     99.93%
  61  ENA_DELIM-YWZKBDROVZFXQFYEDMFT_OP014797_DELIM-YWZKBDROVZFXQFYEDMFT_OP014797.1__OMICRON_-_    0.96%    passed     99.96%
  62  ENA_DELIM-YWZKBDROVZFXQFYEDMFT_OP014658_DELIM-YWZKBDROVZFXQFYEDMFT_OP014658.1__OMICRON_-_    1.02%    passed     99.94%
  63  ENA_DELIM-YWZKBDROVZFXQFYEDMFT_OP015589_DELIM-YWZKBDROVZFXQFYEDMFT_OP015589.1__OMICRON_-_    1.02%    passed     99.95%
  64  ENA_DELIM-YWZKBDROVZFXQFYEDMFT_OP014653_DELIM-YWZKBDROVZFXQFYEDMFT_OP014653.1__OMICRON_-_    0.59%    passed     99.98%
  65  ENA_DELIM-YWZKBDROVZFXQFYEDMFT_OP016620_DELIM-YWZKBDROVZFXQFYEDMFT_OP016620.1__OMICRON_-_    0.60%    passed     99.99%
  66  ENA_DELIM-YWZKBDROVZFXQFYEDMFT_OP014834_DELIM-YWZKBDROVZFXQFYEDMFT_OP014834.1__OMICRON_-_    0.59%    passed     99.97%
  67  ENA_DELIM-YWZKBDROVZFXQFYEDMFT_OP015014_DELIM-YWZKBDROVZFXQFYEDMFT_OP015014.1__OMICRON_-_    0.59%    passed     99.98%
  68  ENA_DELIM-YWZKBDROVZFXQFYEDMFT_OP014662_DELIM-YWZKBDROVZFXQFYEDMFT_OP014662.1__OMICRON_-_    0.80%    passed     99.94%
  69  ENA_DELIM-YWZKBDROVZFXQFYEDMFT_OP014874_DELIM-YWZKBDROVZFXQFYEDMFT_OP014874.1__OMICRON_-_    1.63%    passed     99.95%
  70  ENA_DELIM-YWZKBDROVZFXQFYEDMFT_OP015103_DELIM-YWZKBDROVZFXQFYEDMFT_OP015103.1__OMICRON_-_    0.91%    passed     99.97%
  71  ENA_DELIM-YWZKBDROVZFXQFYEDMFT_OP014841_DELIM-YWZKBDROVZFXQFYEDMFT_OP014841.1__OMICRON_-_    0.91%    passed     99.96%
  72  ENA_DELIM-YWZKBDROVZFXQFYEDMFT_OP015039_DELIM-YWZKBDROVZFXQFYEDMFT_OP015039.1__OMICRON_-_    1.57%    passed     99.56%
  73  ENA_DELIM-YWZKBDROVZFXQFYEDMFT_OP015018_DELIM-YWZKBDROVZFXQFYEDMFT_OP015018.1__OMICRON_-_    0.70%    passed     99.94%
  74  ENA_DELIM-YWZKBDROVZFXQFYEDMFT_OP014838_DELIM-YWZKBDROVZFXQFYEDMFT_OP014838.1__OMICRON_-_    0.70%    passed     99.97%
  75  ENA_DELIM-YWZKBDROVZFXQFYEDMFT_OP015050_DELIM-YWZKBDROVZFXQFYEDMFT_OP015050.1__OMICRON_-_    1.53%    passed     99.93%
  76  ENA_DELIM-YWZKBDROVZFXQFYEDMFT_OP014836_DELIM-YWZKBDROVZFXQFYEDMFT_OP014836.1__OMICRON_-_    0.59%    passed     99.75%
  77  ENA_DELIM-YWZKBDROVZFXQFYEDMFT_OP014988_DELIM-YWZKBDROVZFXQFYEDMFT_OP014988.1__OMICRON_-_    0.80%    passed     99.80%
  78  ENA_DELIM-YWZKBDROVZFXQFYEDMFT_OP019235_DELIM-YWZKBDROVZFXQFYEDMFT_OP019235.1__OMICRON_-_    1.53%    passed     99.88%
  79  ENA_DELIM-YWZKBDROVZFXQFYEDMFT_OP019248_DELIM-YWZKBDROVZFXQFYEDMFT_OP019248.1__OMICRON_-_    2.77%    passed     98.90%
  80  ENA_DELIM-YWZKBDROVZFXQFYEDMFT_OP019240_DELIM-YWZKBDROVZFXQFYEDMFT_OP019240.1__OMICRON_-_    9.39%    passed     88.51%
  81  ENA_DELIM-YWZKBDROVZFXQFYEDMFT_OP019239_DELIM-YWZKBDROVZFXQFYEDMFT_OP019239.1__OMICRON_-_    4.34%    passed     92.25%
  82  ENA_DELIM-YWZKBDROVZFXQFYEDMFT_OP019243_DELIM-YWZKBDROVZFXQFYEDMFT_OP019243.1__OMICRON_-_    2.33%    passed     99.89%
  83  ENA_DELIM-YWZKBDROVZFXQFYEDMFT_OP019395_DELIM-YWZKBDROVZFXQFYEDMFT_OP019395.1__OMICRON_-_    0.62%    passed     99.96%
  84  ENA_DELIM-YWZKBDROVZFXQFYEDMFT_OP019392_DELIM-YWZKBDROVZFXQFYEDMFT_OP019392.1__OMICRON_-_    0.62%    passed     99.96%
  85  ENA_DELIM-YWZKBDROVZFXQFYEDMFT_OP019249_DELIM-YWZKBDROVZFXQFYEDMFT_OP019249.1__OMICRON_-_    1.50%    passed     99.91%
  86  ENA_DELIM-YWZKBDROVZFXQFYEDMFT_OP019407_DELIM-YWZKBDROVZFXQFYEDMFT_OP019407.1__OMICRON_-_    0.62%    passed     99.96%
  87  ENA_DELIM-YWZKBDROVZFXQFYEDMFT_OP019246_DELIM-YWZKBDROVZFXQFYEDMFT_OP019246.1__OMICRON_-_    8.98%    passed     89.26%
  88  ENA_DELIM-YWZKBDROVZFXQFYEDMFT_OP019233_DELIM-YWZKBDROVZFXQFYEDMFT_OP019233.1__OMICRON_-_    1.88%    passed     99.60%
  89  ENA_DELIM-YWZKBDROVZFXQFYEDMFT_OP019226_DELIM-YWZKBDROVZFXQFYEDMFT_OP019226.1__OMICRON_-_    5.37%    passed     91.10%
  90  ENA_DELIM-YWZKBDROVZFXQFYEDMFT_OP019256_DELIM-YWZKBDROVZFXQFYEDMFT_OP019256.1__OMICRON_-_    1.48%    passed     99.78%
  91  ENA_DELIM-YWZKBDROVZFXQFYEDMFT_OP019228_DELIM-YWZKBDROVZFXQFYEDMFT_OP019228.1__OMICRON_-_    2.29%    passed     97.34%
  92  ENA_DELIM-YWZKBDROVZFXQFYEDMFT_OP019227_DELIM-YWZKBDROVZFXQFYEDMFT_OP019227.1__OMICRON_-_    2.22%    passed     98.50%
  93  ENA_DELIM-YWZKBDROVZFXQFYEDMFT_OP019231_DELIM-YWZKBDROVZFXQFYEDMFT_OP019231.1__OMICRON_-_    0.62%    passed     99.98%
  94  ENA_DELIM-YWZKBDROVZFXQFYEDMFT_OP019191_DELIM-YWZKBDROVZFXQFYEDMFT_OP019191.1__OMICRON_-_    1.27%    passed     99.78%
  95  ENA_DELIM-YWZKBDROVZFXQFYEDMFT_OP019218_DELIM-YWZKBDROVZFXQFYEDMFT_OP019218.1__OMICRON_-_    1.26%    passed     99.75%
  96  ENA_DELIM-YWZKBDROVZFXQFYEDMFT_OP019223_DELIM-YWZKBDROVZFXQFYEDMFT_OP019223.1__OMICRON_-_    1.87%    passed     98.01%
  97  ENA_DELIM-YWZKBDROVZFXQFYEDMFT_OP019219_DELIM-YWZKBDROVZFXQFYEDMFT_OP019219.1__OMICRON_-_   10.53%    passed     66.17%
  98  ENA_DELIM-YWZKBDROVZFXQFYEDMFT_OP019215_DELIM-YWZKBDROVZFXQFYEDMFT_OP019215.1__OMICRON_-_    4.77%    passed     87.97%
  99  ENA_DELIM-YWZKBDROVZFXQFYEDMFT_OP019208_DELIM-YWZKBDROVZFXQFYEDMFT_OP019208.1__OMICRON_-_    1.80%    passed     99.90%
 100  ENA_DELIM-YWZKBDROVZFXQFYEDMFT_OP019209_DELIM-YWZKBDROVZFXQFYEDMFT_OP019209.1__OMICRON_-_    1.98%    passed     99.83%
 101  ENA_DELIM-YWZKBDROVZFXQFYEDMFT_OP019211_DELIM-YWZKBDROVZFXQFYEDMFT_OP019211.1__OMICRON_-_    2.20%    passed     98.27%
 102  ENA_DELIM-YWZKBDROVZFXQFYEDMFT_OP019222_DELIM-YWZKBDROVZFXQFYEDMFT_OP019222.1__OMICRON_-_    9.35%    passed     83.31%
 103  ENA_DELIM-YWZKBDROVZFXQFYEDMFT_OQ437954_DELIM-YWZKBDROVZFXQFYEDMFT_OQ437954.1__DEER_-_       0.49%    passed     99.89%
 104  ENA_DELIM-YWZKBDROVZFXQFYEDMFT_OQ437912_DELIM-YWZKBDROVZFXQFYEDMFT_OQ437912.1__DEER_-_      14.40%    passed     60.39%
 105  ENA_DELIM-YWZKBDROVZFXQFYEDMFT_OQ437936_DELIM-YWZKBDROVZFXQFYEDMFT_OQ437936.1__DEER_-_       0.32%    passed     99.94%
 106  ENA_DELIM-YWZKBDROVZFXQFYEDMFT_OQ437968_DELIM-YWZKBDROVZFXQFYEDMFT_OQ437968.1__DEER_-_       1.16%    passed     99.78%
 107  ENA_DELIM-YWZKBDROVZFXQFYEDMFT_OQ437933_DELIM-YWZKBDROVZFXQFYEDMFT_OQ437933.1__DEER_-_       1.84%    passed     99.04%
 108  ENA_DELIM-YWZKBDROVZFXQFYEDMFT_OQ437980_DELIM-YWZKBDROVZFXQFYEDMFT_OQ437980.1__DEER_-_       0.33%    passed     99.98%
 109  ENA_DELIM-YWZKBDROVZFXQFYEDMFT_OQ437956_DELIM-YWZKBDROVZFXQFYEDMFT_OQ437956.1__DEER_-_       0.29%    passed     99.83%
 110  ENA_DELIM-YWZKBDROVZFXQFYEDMFT_OQ437920_DELIM-YWZKBDROVZFXQFYEDMFT_OQ437920.1__DEER_-_       0.34%    passed     99.82%
 111  ENA_DELIM-YWZKBDROVZFXQFYEDMFT_OQ437977_DELIM-YWZKBDROVZFXQFYEDMFT_OQ437977.1__DEER_-_       0.33%    passed     99.91%
 112  ENA_DELIM-YWZKBDROVZFXQFYEDMFT_OQ437947_DELIM-YWZKBDROVZFXQFYEDMFT_OQ437947.1__DEER_-_       0.33%    passed     99.93%
 113  ENA_DELIM-YWZKBDROVZFXQFYEDMFT_OQ437949_DELIM-YWZKBDROVZFXQFYEDMFT_OQ437949.1__DEER_-_       7.26%    passed     79.64%
 114  ENA_DELIM-YWZKBDROVZFXQFYEDMFT_OQ437984_DELIM-YWZKBDROVZFXQFYEDMFT_OQ437984.1__DEER_-_       0.98%    passed     99.82%
 115  ENA_DELIM-YWZKBDROVZFXQFYEDMFT_OQ437932_DELIM-YWZKBDROVZFXQFYEDMFT_OQ437932.1__DEER_-_       0.48%    passed     99.99%
 116  ENA_DELIM-YWZKBDROVZFXQFYEDMFT_OL320072_DELIM-YWZKBDROVZFXQFYEDMFT_OL320072.1__DEER_-_       3.10%    passed     99.84%
 117  ENA_DELIM-YWZKBDROVZFXQFYEDMFT_OQ437916_DELIM-YWZKBDROVZFXQFYEDMFT_OQ437916.1__DEER_-_       0.33%    passed     99.98%
 118  ENA_DELIM-YWZKBDROVZFXQFYEDMFT_OQ437923_DELIM-YWZKBDROVZFXQFYEDMFT_OQ437923.1__DEER_-_       0.53%    passed     99.99%
 119  ENA_DELIM-YWZKBDROVZFXQFYEDMFT_OQ437963_DELIM-YWZKBDROVZFXQFYEDMFT_OQ437963.1__DEER_-_       0.33%    passed     99.98%
 120  ENA_DELIM-YWZKBDROVZFXQFYEDMFT_OQ437946_DELIM-YWZKBDROVZFXQFYEDMFT_OQ437946.1__DEER_-_       0.57%    passed     99.99%
 121  ENA_DELIM-YWZKBDROVZFXQFYEDMFT_OQ437941_DELIM-YWZKBDROVZFXQFYEDMFT_OQ437941.1__DEER_-_       0.31%    passed    100.00%
 122  ENA_DELIM-YWZKBDROVZFXQFYEDMFT_OQ437915_DELIM-YWZKBDROVZFXQFYEDMFT_OQ437915.1__DEER_-_       1.97%    passed     98.09%
 123  ENA_DELIM-YWZKBDROVZFXQFYEDMFT_OQ437952_DELIM-YWZKBDROVZFXQFYEDMFT_OQ437952.1__DEER_-_       0.61%    passed     99.97%
 124  ENA_DELIM-YWZKBDROVZFXQFYEDMFT_OQ437913_DELIM-YWZKBDROVZFXQFYEDMFT_OQ437913.1__DEER_-_       0.34%    passed     99.98%
 125  ENA_DELIM-YWZKBDROVZFXQFYEDMFT_OL320069_DELIM-YWZKBDROVZFXQFYEDMFT_OL320069.1__DEER_-_       3.80%    passed     99.39%
 126  ENA_DELIM-YWZKBDROVZFXQFYEDMFT_OQ437919_DELIM-YWZKBDROVZFXQFYEDMFT_OQ437919.1__DEER_-_       0.34%    passed    100.00%
 127  ENA_DELIM-YWZKBDROVZFXQFYEDMFT_OQ437937_DELIM-YWZKBDROVZFXQFYEDMFT_OQ437937.1__DEER_-_       0.34%    passed    100.00%
 128  ENA_DELIM-YWZKBDROVZFXQFYEDMFT_OQ437926_DELIM-YWZKBDROVZFXQFYEDMFT_OQ437926.1__DEER_-_       0.34%    passed     99.97%
 129  ENA_DELIM-YWZKBDROVZFXQFYEDMFT_OQ437938_DELIM-YWZKBDROVZFXQFYEDMFT_OQ437938.1__DEER_-_       1.08%    passed     99.70%
 130  ENA_DELIM-YWZKBDROVZFXQFYEDMFT_OQ437971_DELIM-YWZKBDROVZFXQFYEDMFT_OQ437971.1__DEER_-_       1.09%    passed     99.77%
 131  ENA_DELIM-YWZKBDROVZFXQFYEDMFT_OQ437922_DELIM-YWZKBDROVZFXQFYEDMFT_OQ437922.1__DEER_-_       1.68%    passed     99.97%
 132  ENA_DELIM-YWZKBDROVZFXQFYEDMFT_OQ437967_DELIM-YWZKBDROVZFXQFYEDMFT_OQ437967.1__DEER_-_       0.34%    passed     99.84%
 133  ENA_DELIM-YWZKBDROVZFXQFYEDMFT_OQ437929_DELIM-YWZKBDROVZFXQFYEDMFT_OQ437929.1__DEER_-_       0.33%    passed     99.91%
 134  ENA_DELIM-YWZKBDROVZFXQFYEDMFT_OQ437989_DELIM-YWZKBDROVZFXQFYEDMFT_OQ437989.1__DEER_-_       1.07%    passed     99.51%
 135  ENA_DELIM-YWZKBDROVZFXQFYEDMFT_OQ437975_DELIM-YWZKBDROVZFXQFYEDMFT_OQ437975.1__DEER_-_       2.34%    passed     99.66%
 136  ENA_DELIM-YWZKBDROVZFXQFYEDMFT_OQ437987_DELIM-YWZKBDROVZFXQFYEDMFT_OQ437987.1__DEER_-_       0.35%    passed     99.90%
 137  ENA_DELIM-YWZKBDROVZFXQFYEDMFT_OQ437914_DELIM-YWZKBDROVZFXQFYEDMFT_OQ437914.1__DEER_-_       0.35%    passed     99.75%
 138  ENA_DELIM-YWZKBDROVZFXQFYEDMFT_OQ437955_DELIM-YWZKBDROVZFXQFYEDMFT_OQ437955.1__DEER_-_       2.06%    passed     99.87%
 139  ENA_DELIM-YWZKBDROVZFXQFYEDMFT_OQ437974_DELIM-YWZKBDROVZFXQFYEDMFT_OQ437974.1__DEER_-_       0.38%    passed     99.57%
 140  ENA_DELIM-YWZKBDROVZFXQFYEDMFT_OQ437978_DELIM-YWZKBDROVZFXQFYEDMFT_OQ437978.1__DEER_-_       0.34%    passed     99.86%
 141  ENA_DELIM-YWZKBDROVZFXQFYEDMFT_OQ437983_DELIM-YWZKBDROVZFXQFYEDMFT_OQ437983.1__DEER_-_       1.00%    passed     99.97%
 142  ENA_DELIM-YWZKBDROVZFXQFYEDMFT_OQ437985_DELIM-YWZKBDROVZFXQFYEDMFT_OQ437985.1__DEER_-_       0.89%    passed     99.87%
 143  ENA_DELIM-YWZKBDROVZFXQFYEDMFT_OQ437959_DELIM-YWZKBDROVZFXQFYEDMFT_OQ437959.1__DEER_-_      34.21%    passed      9.51%
 144  ENA_DELIM-YWZKBDROVZFXQFYEDMFT_OQ437940_DELIM-YWZKBDROVZFXQFYEDMFT_OQ437940.1__DEER_-_       0.37%    passed     99.97%
 145  ENA_DELIM-YWZKBDROVZFXQFYEDMFT_OQ437927_DELIM-YWZKBDROVZFXQFYEDMFT_OQ437927.1__DEER_-_       1.99%    passed     98.79%
 146  ENA_DELIM-YWZKBDROVZFXQFYEDMFT_OQ437988_DELIM-YWZKBDROVZFXQFYEDMFT_OQ437988.1__DEER_-_       0.53%    passed     99.93%
 147  ENA_DELIM-YWZKBDROVZFXQFYEDMFT_OQ437961_DELIM-YWZKBDROVZFXQFYEDMFT_OQ437961.1__DEER_-_       0.33%    passed     99.99%
 148  ENA_DELIM-YWZKBDROVZFXQFYEDMFT_OQ437982_DELIM-YWZKBDROVZFXQFYEDMFT_OQ437982.1__DEER_-_       1.86%    passed     99.68%
 149  ENA_DELIM-YWZKBDROVZFXQFYEDMFT_OQ437939_DELIM-YWZKBDROVZFXQFYEDMFT_OQ437939.1__DEER_-_       1.00%    passed     99.91%
 150  ENA_DELIM-YWZKBDROVZFXQFYEDMFT_OQ437951_DELIM-YWZKBDROVZFXQFYEDMFT_OQ437951.1__DEER_-_       3.86%    passed     96.59%
 151  ENA_DELIM-YWZKBDROVZFXQFYEDMFT_OQ437942_DELIM-YWZKBDROVZFXQFYEDMFT_OQ437942.1__DEER_-_       0.43%    passed     99.79%
 152  ENA_DELIM-YWZKBDROVZFXQFYEDMFT_OQ437935_DELIM-YWZKBDROVZFXQFYEDMFT_OQ437935.1__DEER_-_      17.30%    passed     38.25%
 153  ENA_DELIM-YWZKBDROVZFXQFYEDMFT_OQ437917_DELIM-YWZKBDROVZFXQFYEDMFT_OQ437917.1__DEER_-_       0.42%    passed     99.99%
 154  ENA_DELIM-YWZKBDROVZFXQFYEDMFT_OQ437972_DELIM-YWZKBDROVZFXQFYEDMFT_OQ437972.1__DEER_-_       0.41%    passed     99.84%
 155  ENA_DELIM-YWZKBDROVZFXQFYEDMFT_OQ437969_DELIM-YWZKBDROVZFXQFYEDMFT_OQ437969.1__DEER_-_       0.51%    passed     99.91%
 156  ENA_DELIM-YWZKBDROVZFXQFYEDMFT_OQ437944_DELIM-YWZKBDROVZFXQFYEDMFT_OQ437944.1__DEER_-_       1.06%    passed     99.98%
 157  ENA_DELIM-YWZKBDROVZFXQFYEDMFT_OQ437953_DELIM-YWZKBDROVZFXQFYEDMFT_OQ437953.1__DEER_-_       3.38%    passed     99.52%
 158  ENA_DELIM-YWZKBDROVZFXQFYEDMFT_OQ449343_DELIM-YWZKBDROVZFXQFYEDMFT_OQ449343.1__DEER_-_      10.52%    passed     74.42%
 159  ENA_DELIM-YWZKBDROVZFXQFYEDMFT_OQ449344_DELIM-YWZKBDROVZFXQFYEDMFT_OQ449344.1__DEER_-_       0.93%    passed     99.95%
 160  ENA_DELIM-YWZKBDROVZFXQFYEDMFT_OQ437934_DELIM-YWZKBDROVZFXQFYEDMFT_OQ437934.1__DEER_-_       0.50%    passed     99.92%
 161  ENA_DELIM-YWZKBDROVZFXQFYEDMFT_OQ437943_DELIM-YWZKBDROVZFXQFYEDMFT_OQ437943.1__DEER_-_       0.33%    passed     99.97%
 162  ENA_DELIM-YWZKBDROVZFXQFYEDMFT_OQ437950_DELIM-YWZKBDROVZFXQFYEDMFT_OQ437950.1__DEER_-_       2.01%    passed     99.77%
 163  ENA_DELIM-YWZKBDROVZFXQFYEDMFT_OQ437990_DELIM-YWZKBDROVZFXQFYEDMFT_OQ437990.1__DEER_-_       1.55%    passed     99.99%
 164  ENA_DELIM-YWZKBDROVZFXQFYEDMFT_OQ437981_DELIM-YWZKBDROVZFXQFYEDMFT_OQ437981.1__DEER_-_       0.92%    passed     99.97%
 165  ENA_DELIM-YWZKBDROVZFXQFYEDMFT_OQ437970_DELIM-YWZKBDROVZFXQFYEDMFT_OQ437970.1__DEER_-_       0.93%    passed     99.98%
 166  ENA_DELIM-YWZKBDROVZFXQFYEDMFT_OQ437948_DELIM-YWZKBDROVZFXQFYEDMFT_OQ437948.1__DEER_-_      32.22%    passed     81.29%
 167  ENA_DELIM-YWZKBDROVZFXQFYEDMFT_OQ437945_DELIM-YWZKBDROVZFXQFYEDMFT_OQ437945.1__DEER_-_       0.34%    passed     99.75%
 168  ENA_DELIM-YWZKBDROVZFXQFYEDMFT_OQ437921_DELIM-YWZKBDROVZFXQFYEDMFT_OQ437921.1__DEER_-_       0.54%    passed     99.91%
 169  ENA_DELIM-YWZKBDROVZFXQFYEDMFT_OQ437928_DELIM-YWZKBDROVZFXQFYEDMFT_OQ437928.1__DEER_-_       0.33%    passed     99.89%
 170  ENA_DELIM-YWZKBDROVZFXQFYEDMFT_OQ437986_DELIM-YWZKBDROVZFXQFYEDMFT_OQ437986.1__DEER_-_       0.83%    passed     99.95%
 171  ENA_DELIM-YWZKBDROVZFXQFYEDMFT_OQ437918_DELIM-YWZKBDROVZFXQFYEDMFT_OQ437918.1__DEER_-_       0.34%    passed     99.89%
 172  ENA_DELIM-YWZKBDROVZFXQFYEDMFT_OQ437958_DELIM-YWZKBDROVZFXQFYEDMFT_OQ437958.1__DEER_-_       0.34%    passed     99.75%
 173  ENA_DELIM-YWZKBDROVZFXQFYEDMFT_OQ437962_DELIM-YWZKBDROVZFXQFYEDMFT_OQ437962.1__DEER_-_       0.42%    passed     99.85%
 174  ENA_DELIM-YWZKBDROVZFXQFYEDMFT_OQ437957_DELIM-YWZKBDROVZFXQFYEDMFT_OQ437957.1__DEER_-_       2.01%    passed     99.82%
 175  ENA_DELIM-YWZKBDROVZFXQFYEDMFT_OQ437960_DELIM-YWZKBDROVZFXQFYEDMFT_OQ437960.1__DEER_-_       5.79%    passed     90.57%
 176  ENA_DELIM-YWZKBDROVZFXQFYEDMFT_OL318841_DELIM-YWZKBDROVZFXQFYEDMFT_OL318841.1__DEER_-_       1.69%    passed     99.12%
 177  ENA_DELIM-YWZKBDROVZFXQFYEDMFT_OQ437979_DELIM-YWZKBDROVZFXQFYEDMFT_OQ437979.1__DEER_-_       5.18%    passed     82.37%
 178  ENA_DELIM-YWZKBDROVZFXQFYEDMFT_OQ466563_DELIM-YWZKBDROVZFXQFYEDMFT_OQ466563.1__DEER_-_      37.31%    failed      4.54%
 179  ENA_DELIM-YWZKBDROVZFXQFYEDMFT_OQ437976_DELIM-YWZKBDROVZFXQFYEDMFT_OQ437976.1__DEER_-_      24.73%    passed     85.26%
 180  ENA_DELIM-YWZKBDROVZFXQFYEDMFT_OQ437930_DELIM-YWZKBDROVZFXQFYEDMFT_OQ437930.1__DEER_-_       1.81%    passed     99.91%
 181  ENA_DELIM-YWZKBDROVZFXQFYEDMFT_OQ437931_DELIM-YWZKBDROVZFXQFYEDMFT_OQ437931.1__DEER_-_       2.47%    passed     99.88%
 182  ENA_DELIM-YWZKBDROVZFXQFYEDMFT_OQ437925_DELIM-YWZKBDROVZFXQFYEDMFT_OQ437925.1__DEER_-_       2.35%    passed     99.96%
 183  ENA_DELIM-YWZKBDROVZFXQFYEDMFT_OQ437973_DELIM-YWZKBDROVZFXQFYEDMFT_OQ437973.1__DEER_-_       3.27%    passed     99.53%
 184  ENA_DELIM-YWZKBDROVZFXQFYEDMFT_OQ437964_DELIM-YWZKBDROVZFXQFYEDMFT_OQ437964.1__DEER_-_       1.87%    passed     99.84%
 185  ENA_DELIM-YWZKBDROVZFXQFYEDMFT_OQ437924_DELIM-YWZKBDROVZFXQFYEDMFT_OQ437924.1__DEER_-_       6.16%    passed     76.78%
****  TOTAL                                                                                        2.39%  1 sequences failed composition chi2 test (p-value<5%; df=3)
NOTE: ENA_DELIM-YWZKBDROVZFXQFYEDMFT_OP014804_DELIM-YWZKBDROVZFXQFYEDMFT_OP014804.1__OMICRON_-_ is identical to ENA_DELIM-YWZKBDROVZFXQFYEDMFT_OP014814_DELIM-YWZKBDROVZFXQFYEDMFT_OP014814.1__OMICRON_-_ but kept for subsequent analysis
Checking for duplicate sequences: done in 0.00524458 secs using 99.99% CPU

Create initial parsimony tree by phylogenetic likelihood library (PLL)... 0.090 seconds

NOTE: 18 MB RAM (0 GB) is required!
Measuring multi-threading efficiency up to 1 CPU cores
6 trees examined
Threads: 1 / Time: 1.137 sec / Speedup: 1.000 / Efficiency: 100% / LogL: -104484
Determining AUTO threadcount: done in 1.13874 secs using 98.61% CPU
BEST NUMBER OF THREADS: 1

Estimate model parameters (epsilon = 0.500)
1. Initial log-likelihood: -56582.334
2. Current log-likelihood: -55834.689
3. Current log-likelihood: -55561.159
4. Current log-likelihood: -55419.298
Optimal log-likelihood: -55419.237
Rate parameters:  A-C: 0.38935  A-G: 1.57293  A-T: 0.19095  C-G: 0.37561  C-T: 6.72627  G-T: 1.00000
Base frequencies:  A: 0.299  C: 0.183  G: 0.196  T: 0.322
Parameters optimization took 4 rounds (6.631 sec)
Wrote distance file to... 
Computing ML distances based on estimated model parameters...
Calculating distance matrix: done in 0.618825 secs using 100% CPU
Computing ML distances took 0.625997 sec (of wall-clock time) 0.625993 sec (of CPU time)
Setting up auxiliary I and S matrices: done in 0.00148565 secs using 182.3% CPU
Constructing RapidNJ tree: done in 0.00411439 secs using 101.7% CPU
Computing RapidNJ tree took 0.005698 sec (of wall-clock time) 0.006992 sec (of CPU time)
Log-likelihood of RapidNJ tree: -55497.026
--------------------------------------------------------------------
|             INITIALIZING CANDIDATE TREE SET                      |
--------------------------------------------------------------------

Do NNI search on 2 best initial trees
Optimizing NNI: done in 1.68497 secs using 99.76% CPU
Estimate model parameters (epsilon = 0.500)
BETTER TREE FOUND at iteration 1: -55416.606
Optimizing NNI: done in 2.23343 secs using 99.28% CPU
Estimate model parameters (epsilon = 0.500)
BETTER TREE FOUND at iteration 2: -55411.546
Finish initializing candidate tree set (4)
Current best tree score: -55411.546 / CPU time: 4.909
Number of iterations: 2
TREE SEARCH COMPLETED AFTER 2 ITERATIONS / Time: 0h:0m:14s

--------------------------------------------------------------------
|                    FINALIZING TREE SEARCH                        |
--------------------------------------------------------------------
Performs final model parameters optimization
Estimate model parameters (epsilon = 0.050)
1. Initial log-likelihood: -55411.546
Optimal log-likelihood: -55411.546
Rate parameters:  A-C: 0.38927  A-G: 1.57345  A-T: 0.19079  C-G: 0.37614  C-T: 6.72637  G-T: 1.00000
Base frequencies:  A: 0.299  C: 0.183  G: 0.196  T: 0.322
Parameters optimization took 1 rounds (0.398 sec)
BEST SCORE FOUND : -55411.546
Total tree length: 0.055

Total number of iterations: 2
CPU time used for tree search: 4.886 sec (0h:0m:4s)
Wall-clock time used for tree search: 4.911 sec (0h:0m:4s)
Total CPU time used: 14.413 sec (0h:0m:14s)
Total wall-clock time used: 14.470 sec (0h:0m:14s)

Analysis results written to: 
  IQ-TREE report:                results/alignment-delim.fasta.iqtree
  Maximum-likelihood tree:       results/alignment-delim.fasta.treefile
  Likelihood distances:          results/alignment-delim.fasta.mldist
  Screen log file:               results/alignment-delim.fasta.log

Date and Time: Thu Feb 29 05:56:46 2024
