IQ-TREE multicore version 2.2.6 COVID-edition for Linux 64-bit built Dec  8 2023
Developed by Bui Quang Minh, James Barbetti, Nguyen Lam Tung,
Olga Chernomor, Heiko Schmidt, Dominik Schrempf, Michael Woodhams, Ly Trong Nhan.

Host:    swizzle (AVX512, FMA3, 62 GB RAM)
Command: iqtree2 -ntmax 1 -s results/alignment-delim.fasta -m GTR -ninit 2 -n 2 -me 0.05 -nt AUTO -redo
Seed:    230400 (Using SPRNG - Scalable Parallel Random Number Generator)
Time:    Thu Feb 15 10:49:01 2024
Kernel:  AVX+FMA - auto-detect threads (40 CPU cores detected)

Reading alignment file results/alignment-delim.fasta ... Fasta format detected
Reading fasta file: done in 0.111156 secs using 96.53% CPU
Alignment most likely contains DNA/RNA sequences
Constructing alignment: done in 0.0419121 secs using 90.45% CPU
Alignment has 185 sequences with 29903 columns, 3139 distinct patterns
585 parsimony-informative, 596 singleton sites, 28722 constant sites
                                                                               Gap/Ambiguity  Composition  p-value
Analyzing sequences: done in 0.00149339 secs using 99.91% CPU
   1  MN908947                                                                         0.00%    passed     96.11%
   2  ENA_DELIM-PJLZKAMVKIEJWSLDQUBG_ON840422_DELIM-PJLZKAMVKIEJWSLDQUBG_ON840422.1    1.15%    passed     99.16%
   3  ENA_DELIM-PJLZKAMVKIEJWSLDQUBG_OP014916_DELIM-PJLZKAMVKIEJWSLDQUBG_OP014916.1    1.84%    passed     99.77%
   4  ENA_DELIM-PJLZKAMVKIEJWSLDQUBG_OP014811_DELIM-PJLZKAMVKIEJWSLDQUBG_OP014811.1    2.63%    passed     98.15%
   5  ENA_DELIM-PJLZKAMVKIEJWSLDQUBG_OP014850_DELIM-PJLZKAMVKIEJWSLDQUBG_OP014850.1    1.23%    passed     99.72%
   6  ENA_DELIM-PJLZKAMVKIEJWSLDQUBG_OP014943_DELIM-PJLZKAMVKIEJWSLDQUBG_OP014943.1    1.74%    passed     99.68%
   7  ENA_DELIM-PJLZKAMVKIEJWSLDQUBG_OP014624_DELIM-PJLZKAMVKIEJWSLDQUBG_OP014624.1    0.72%    passed     99.99%
   8  ENA_DELIM-PJLZKAMVKIEJWSLDQUBG_OP015024_DELIM-PJLZKAMVKIEJWSLDQUBG_OP015024.1    0.72%    passed     99.99%
   9  ENA_DELIM-PJLZKAMVKIEJWSLDQUBG_OP014636_DELIM-PJLZKAMVKIEJWSLDQUBG_OP014636.1    1.65%    passed     99.77%
  10  ENA_DELIM-PJLZKAMVKIEJWSLDQUBG_OP014634_DELIM-PJLZKAMVKIEJWSLDQUBG_OP014634.1    1.77%    passed     99.76%
  11  ENA_DELIM-PJLZKAMVKIEJWSLDQUBG_OP014853_DELIM-PJLZKAMVKIEJWSLDQUBG_OP014853.1    0.61%    passed     99.97%
  12  ENA_DELIM-PJLZKAMVKIEJWSLDQUBG_OP015005_DELIM-PJLZKAMVKIEJWSLDQUBG_OP015005.1    0.61%    passed     99.98%
  13  ENA_DELIM-PJLZKAMVKIEJWSLDQUBG_OP014655_DELIM-PJLZKAMVKIEJWSLDQUBG_OP014655.1    0.61%    passed     99.97%
  14  ENA_DELIM-PJLZKAMVKIEJWSLDQUBG_OP014815_DELIM-PJLZKAMVKIEJWSLDQUBG_OP014815.1    0.73%    passed     99.91%
  15  ENA_DELIM-PJLZKAMVKIEJWSLDQUBG_OP014814_DELIM-PJLZKAMVKIEJWSLDQUBG_OP014814.1    0.61%    passed    100.00%
  16  ENA_DELIM-PJLZKAMVKIEJWSLDQUBG_OP014804_DELIM-PJLZKAMVKIEJWSLDQUBG_OP014804.1    0.61%    passed    100.00%
  17  ENA_DELIM-PJLZKAMVKIEJWSLDQUBG_OP014848_DELIM-PJLZKAMVKIEJWSLDQUBG_OP014848.1    0.61%    passed     99.99%
  18  ENA_DELIM-PJLZKAMVKIEJWSLDQUBG_OP015054_DELIM-PJLZKAMVKIEJWSLDQUBG_OP015054.1    0.83%    passed     99.93%
  19  ENA_DELIM-PJLZKAMVKIEJWSLDQUBG_OP014805_DELIM-PJLZKAMVKIEJWSLDQUBG_OP014805.1    0.93%    passed     99.98%
  20  ENA_DELIM-PJLZKAMVKIEJWSLDQUBG_OP015011_DELIM-PJLZKAMVKIEJWSLDQUBG_OP015011.1    0.94%    passed     99.96%
  21  ENA_DELIM-PJLZKAMVKIEJWSLDQUBG_OP014812_DELIM-PJLZKAMVKIEJWSLDQUBG_OP014812.1    3.29%    passed     98.21%
  22  ENA_DELIM-PJLZKAMVKIEJWSLDQUBG_OP014644_DELIM-PJLZKAMVKIEJWSLDQUBG_OP014644.1    0.82%    passed     99.92%
  23  ENA_DELIM-PJLZKAMVKIEJWSLDQUBG_OP015373_DELIM-PJLZKAMVKIEJWSLDQUBG_OP015373.1    0.82%    passed     99.91%
  24  ENA_DELIM-PJLZKAMVKIEJWSLDQUBG_OP015037_DELIM-PJLZKAMVKIEJWSLDQUBG_OP015037.1    0.94%    passed     99.97%
  25  ENA_DELIM-PJLZKAMVKIEJWSLDQUBG_OP014795_DELIM-PJLZKAMVKIEJWSLDQUBG_OP014795.1    1.65%    passed     99.95%
  26  ENA_DELIM-PJLZKAMVKIEJWSLDQUBG_OP015352_DELIM-PJLZKAMVKIEJWSLDQUBG_OP015352.1    1.04%    passed     99.94%
  27  ENA_DELIM-PJLZKAMVKIEJWSLDQUBG_OP014851_DELIM-PJLZKAMVKIEJWSLDQUBG_OP014851.1    0.93%    passed     99.92%
  28  ENA_DELIM-PJLZKAMVKIEJWSLDQUBG_OP015020_DELIM-PJLZKAMVKIEJWSLDQUBG_OP015020.1    0.94%    passed     99.91%
  29  ENA_DELIM-PJLZKAMVKIEJWSLDQUBG_OP015169_DELIM-PJLZKAMVKIEJWSLDQUBG_OP015169.1    0.97%    passed     99.85%
  30  ENA_DELIM-PJLZKAMVKIEJWSLDQUBG_OP015010_DELIM-PJLZKAMVKIEJWSLDQUBG_OP015010.1    1.59%    passed     99.94%
  31  ENA_DELIM-PJLZKAMVKIEJWSLDQUBG_OP014820_DELIM-PJLZKAMVKIEJWSLDQUBG_OP014820.1    0.73%    passed     99.93%
  32  ENA_DELIM-PJLZKAMVKIEJWSLDQUBG_OP014935_DELIM-PJLZKAMVKIEJWSLDQUBG_OP014935.1    0.72%    passed     99.95%
  33  ENA_DELIM-PJLZKAMVKIEJWSLDQUBG_OP015044_DELIM-PJLZKAMVKIEJWSLDQUBG_OP015044.1    2.20%    passed     98.61%
  34  ENA_DELIM-PJLZKAMVKIEJWSLDQUBG_OP014828_DELIM-PJLZKAMVKIEJWSLDQUBG_OP014828.1    0.61%    passed     99.99%
  35  ENA_DELIM-PJLZKAMVKIEJWSLDQUBG_OP015027_DELIM-PJLZKAMVKIEJWSLDQUBG_OP015027.1    0.83%    passed     99.89%
  36  ENA_DELIM-PJLZKAMVKIEJWSLDQUBG_OP015012_DELIM-PJLZKAMVKIEJWSLDQUBG_OP015012.1    1.33%    passed     99.98%
  37  ENA_DELIM-PJLZKAMVKIEJWSLDQUBG_OP016656_DELIM-PJLZKAMVKIEJWSLDQUBG_OP016656.1    1.54%    passed     99.76%
  38  ENA_DELIM-PJLZKAMVKIEJWSLDQUBG_OP014819_DELIM-PJLZKAMVKIEJWSLDQUBG_OP014819.1    2.46%    passed     98.50%
  39  ENA_DELIM-PJLZKAMVKIEJWSLDQUBG_OP014974_DELIM-PJLZKAMVKIEJWSLDQUBG_OP014974.1    2.90%    passed     95.99%
  40  ENA_DELIM-PJLZKAMVKIEJWSLDQUBG_OP014796_DELIM-PJLZKAMVKIEJWSLDQUBG_OP014796.1    1.76%    passed     99.83%
  41  ENA_DELIM-PJLZKAMVKIEJWSLDQUBG_OP014844_DELIM-PJLZKAMVKIEJWSLDQUBG_OP014844.1    0.72%    passed     99.94%
  42  ENA_DELIM-PJLZKAMVKIEJWSLDQUBG_OP015021_DELIM-PJLZKAMVKIEJWSLDQUBG_OP015021.1    1.28%    passed     99.87%
  43  ENA_DELIM-PJLZKAMVKIEJWSLDQUBG_OP014977_DELIM-PJLZKAMVKIEJWSLDQUBG_OP014977.1    4.25%    passed     92.30%
  44  ENA_DELIM-PJLZKAMVKIEJWSLDQUBG_OP014958_DELIM-PJLZKAMVKIEJWSLDQUBG_OP014958.1    1.38%    passed     99.96%
  45  ENA_DELIM-PJLZKAMVKIEJWSLDQUBG_OP014854_DELIM-PJLZKAMVKIEJWSLDQUBG_OP014854.1    0.67%    passed     99.98%
  46  ENA_DELIM-PJLZKAMVKIEJWSLDQUBG_OP014825_DELIM-PJLZKAMVKIEJWSLDQUBG_OP014825.1    1.08%    passed     99.93%
  47  ENA_DELIM-PJLZKAMVKIEJWSLDQUBG_OP015016_DELIM-PJLZKAMVKIEJWSLDQUBG_OP015016.1    1.49%    passed     99.67%
  48  ENA_DELIM-PJLZKAMVKIEJWSLDQUBG_OP014642_DELIM-PJLZKAMVKIEJWSLDQUBG_OP014642.1    1.57%    passed    100.00%
  49  ENA_DELIM-PJLZKAMVKIEJWSLDQUBG_OP014809_DELIM-PJLZKAMVKIEJWSLDQUBG_OP014809.1    1.85%    passed     99.93%
  50  ENA_DELIM-PJLZKAMVKIEJWSLDQUBG_OP014649_DELIM-PJLZKAMVKIEJWSLDQUBG_OP014649.1    0.64%    passed    100.00%
  51  ENA_DELIM-PJLZKAMVKIEJWSLDQUBG_OP014801_DELIM-PJLZKAMVKIEJWSLDQUBG_OP014801.1    0.64%    passed    100.00%
  52  ENA_DELIM-PJLZKAMVKIEJWSLDQUBG_OP014976_DELIM-PJLZKAMVKIEJWSLDQUBG_OP014976.1    0.75%    passed     99.99%
  53  ENA_DELIM-PJLZKAMVKIEJWSLDQUBG_OP015058_DELIM-PJLZKAMVKIEJWSLDQUBG_OP015058.1    0.86%    passed    100.00%
  54  ENA_DELIM-PJLZKAMVKIEJWSLDQUBG_OP015505_DELIM-PJLZKAMVKIEJWSLDQUBG_OP015505.1    1.57%    passed     99.98%
  55  ENA_DELIM-PJLZKAMVKIEJWSLDQUBG_OP015064_DELIM-PJLZKAMVKIEJWSLDQUBG_OP015064.1    0.96%    passed    100.00%
  56  ENA_DELIM-PJLZKAMVKIEJWSLDQUBG_OP014952_DELIM-PJLZKAMVKIEJWSLDQUBG_OP014952.1    0.86%    passed     99.96%
  57  ENA_DELIM-PJLZKAMVKIEJWSLDQUBG_OP015252_DELIM-PJLZKAMVKIEJWSLDQUBG_OP015252.1    1.46%    passed     99.48%
  58  ENA_DELIM-PJLZKAMVKIEJWSLDQUBG_OP014810_DELIM-PJLZKAMVKIEJWSLDQUBG_OP014810.1    0.75%    passed    100.00%
  59  ENA_DELIM-PJLZKAMVKIEJWSLDQUBG_OP014787_DELIM-PJLZKAMVKIEJWSLDQUBG_OP014787.1    1.18%    passed     99.98%
  60  ENA_DELIM-PJLZKAMVKIEJWSLDQUBG_OP014793_DELIM-PJLZKAMVKIEJWSLDQUBG_OP014793.1    1.45%    passed     99.93%
  61  ENA_DELIM-PJLZKAMVKIEJWSLDQUBG_OP014797_DELIM-PJLZKAMVKIEJWSLDQUBG_OP014797.1    0.96%    passed     99.96%
  62  ENA_DELIM-PJLZKAMVKIEJWSLDQUBG_OP014658_DELIM-PJLZKAMVKIEJWSLDQUBG_OP014658.1    1.02%    passed     99.94%
  63  ENA_DELIM-PJLZKAMVKIEJWSLDQUBG_OP015589_DELIM-PJLZKAMVKIEJWSLDQUBG_OP015589.1    1.02%    passed     99.95%
  64  ENA_DELIM-PJLZKAMVKIEJWSLDQUBG_OP014653_DELIM-PJLZKAMVKIEJWSLDQUBG_OP014653.1    0.59%    passed     99.98%
  65  ENA_DELIM-PJLZKAMVKIEJWSLDQUBG_OP016620_DELIM-PJLZKAMVKIEJWSLDQUBG_OP016620.1    0.60%    passed     99.99%
  66  ENA_DELIM-PJLZKAMVKIEJWSLDQUBG_OP014834_DELIM-PJLZKAMVKIEJWSLDQUBG_OP014834.1    0.59%    passed     99.97%
  67  ENA_DELIM-PJLZKAMVKIEJWSLDQUBG_OP015014_DELIM-PJLZKAMVKIEJWSLDQUBG_OP015014.1    0.59%    passed     99.98%
  68  ENA_DELIM-PJLZKAMVKIEJWSLDQUBG_OP014662_DELIM-PJLZKAMVKIEJWSLDQUBG_OP014662.1    0.80%    passed     99.94%
  69  ENA_DELIM-PJLZKAMVKIEJWSLDQUBG_OP014874_DELIM-PJLZKAMVKIEJWSLDQUBG_OP014874.1    1.63%    passed     99.95%
  70  ENA_DELIM-PJLZKAMVKIEJWSLDQUBG_OP015103_DELIM-PJLZKAMVKIEJWSLDQUBG_OP015103.1    0.91%    passed     99.97%
  71  ENA_DELIM-PJLZKAMVKIEJWSLDQUBG_OP014841_DELIM-PJLZKAMVKIEJWSLDQUBG_OP014841.1    0.91%    passed     99.96%
  72  ENA_DELIM-PJLZKAMVKIEJWSLDQUBG_OP015039_DELIM-PJLZKAMVKIEJWSLDQUBG_OP015039.1    1.57%    passed     99.56%
  73  ENA_DELIM-PJLZKAMVKIEJWSLDQUBG_OP015018_DELIM-PJLZKAMVKIEJWSLDQUBG_OP015018.1    0.70%    passed     99.94%
  74  ENA_DELIM-PJLZKAMVKIEJWSLDQUBG_OP014838_DELIM-PJLZKAMVKIEJWSLDQUBG_OP014838.1    0.70%    passed     99.97%
  75  ENA_DELIM-PJLZKAMVKIEJWSLDQUBG_OP015050_DELIM-PJLZKAMVKIEJWSLDQUBG_OP015050.1    1.53%    passed     99.93%
  76  ENA_DELIM-PJLZKAMVKIEJWSLDQUBG_OP014836_DELIM-PJLZKAMVKIEJWSLDQUBG_OP014836.1    0.59%    passed     99.75%
  77  ENA_DELIM-PJLZKAMVKIEJWSLDQUBG_OP014988_DELIM-PJLZKAMVKIEJWSLDQUBG_OP014988.1    0.80%    passed     99.80%
  78  ENA_DELIM-PJLZKAMVKIEJWSLDQUBG_OP019235_DELIM-PJLZKAMVKIEJWSLDQUBG_OP019235.1    1.53%    passed     99.88%
  79  ENA_DELIM-PJLZKAMVKIEJWSLDQUBG_OP019248_DELIM-PJLZKAMVKIEJWSLDQUBG_OP019248.1    2.77%    passed     98.90%
  80  ENA_DELIM-PJLZKAMVKIEJWSLDQUBG_OP019240_DELIM-PJLZKAMVKIEJWSLDQUBG_OP019240.1    9.39%    passed     88.51%
  81  ENA_DELIM-PJLZKAMVKIEJWSLDQUBG_OP019239_DELIM-PJLZKAMVKIEJWSLDQUBG_OP019239.1    4.34%    passed     92.25%
  82  ENA_DELIM-PJLZKAMVKIEJWSLDQUBG_OP019243_DELIM-PJLZKAMVKIEJWSLDQUBG_OP019243.1    2.33%    passed     99.89%
  83  ENA_DELIM-PJLZKAMVKIEJWSLDQUBG_OP019395_DELIM-PJLZKAMVKIEJWSLDQUBG_OP019395.1    0.62%    passed     99.96%
  84  ENA_DELIM-PJLZKAMVKIEJWSLDQUBG_OP019392_DELIM-PJLZKAMVKIEJWSLDQUBG_OP019392.1    0.62%    passed     99.96%
  85  ENA_DELIM-PJLZKAMVKIEJWSLDQUBG_OP019249_DELIM-PJLZKAMVKIEJWSLDQUBG_OP019249.1    1.50%    passed     99.91%
  86  ENA_DELIM-PJLZKAMVKIEJWSLDQUBG_OP019407_DELIM-PJLZKAMVKIEJWSLDQUBG_OP019407.1    0.62%    passed     99.96%
  87  ENA_DELIM-PJLZKAMVKIEJWSLDQUBG_OP019246_DELIM-PJLZKAMVKIEJWSLDQUBG_OP019246.1    8.98%    passed     89.26%
  88  ENA_DELIM-PJLZKAMVKIEJWSLDQUBG_OP019233_DELIM-PJLZKAMVKIEJWSLDQUBG_OP019233.1    1.88%    passed     99.60%
  89  ENA_DELIM-PJLZKAMVKIEJWSLDQUBG_OP019226_DELIM-PJLZKAMVKIEJWSLDQUBG_OP019226.1    5.37%    passed     91.10%
  90  ENA_DELIM-PJLZKAMVKIEJWSLDQUBG_OP019256_DELIM-PJLZKAMVKIEJWSLDQUBG_OP019256.1    1.48%    passed     99.78%
  91  ENA_DELIM-PJLZKAMVKIEJWSLDQUBG_OP019228_DELIM-PJLZKAMVKIEJWSLDQUBG_OP019228.1    2.29%    passed     97.34%
  92  ENA_DELIM-PJLZKAMVKIEJWSLDQUBG_OP019227_DELIM-PJLZKAMVKIEJWSLDQUBG_OP019227.1    2.22%    passed     98.50%
  93  ENA_DELIM-PJLZKAMVKIEJWSLDQUBG_OP019231_DELIM-PJLZKAMVKIEJWSLDQUBG_OP019231.1    0.62%    passed     99.98%
  94  ENA_DELIM-PJLZKAMVKIEJWSLDQUBG_OP019191_DELIM-PJLZKAMVKIEJWSLDQUBG_OP019191.1    1.27%    passed     99.78%
  95  ENA_DELIM-PJLZKAMVKIEJWSLDQUBG_OP019218_DELIM-PJLZKAMVKIEJWSLDQUBG_OP019218.1    1.26%    passed     99.75%
  96  ENA_DELIM-PJLZKAMVKIEJWSLDQUBG_OP019223_DELIM-PJLZKAMVKIEJWSLDQUBG_OP019223.1    1.87%    passed     98.01%
  97  ENA_DELIM-PJLZKAMVKIEJWSLDQUBG_OP019219_DELIM-PJLZKAMVKIEJWSLDQUBG_OP019219.1   10.53%    passed     66.17%
  98  ENA_DELIM-PJLZKAMVKIEJWSLDQUBG_OP019215_DELIM-PJLZKAMVKIEJWSLDQUBG_OP019215.1    4.77%    passed     87.97%
  99  ENA_DELIM-PJLZKAMVKIEJWSLDQUBG_OP019208_DELIM-PJLZKAMVKIEJWSLDQUBG_OP019208.1    1.80%    passed     99.90%
 100  ENA_DELIM-PJLZKAMVKIEJWSLDQUBG_OP019209_DELIM-PJLZKAMVKIEJWSLDQUBG_OP019209.1    1.98%    passed     99.83%
 101  ENA_DELIM-PJLZKAMVKIEJWSLDQUBG_OP019211_DELIM-PJLZKAMVKIEJWSLDQUBG_OP019211.1    2.20%    passed     98.27%
 102  ENA_DELIM-PJLZKAMVKIEJWSLDQUBG_OP019222_DELIM-PJLZKAMVKIEJWSLDQUBG_OP019222.1    9.35%    passed     83.31%
 103  ENA_DELIM-PJLZKAMVKIEJWSLDQUBG_OQ437954_DELIM-PJLZKAMVKIEJWSLDQUBG_OQ437954.1    0.49%    passed     99.89%
 104  ENA_DELIM-PJLZKAMVKIEJWSLDQUBG_OQ437912_DELIM-PJLZKAMVKIEJWSLDQUBG_OQ437912.1   14.40%    passed     60.39%
 105  ENA_DELIM-PJLZKAMVKIEJWSLDQUBG_OQ437936_DELIM-PJLZKAMVKIEJWSLDQUBG_OQ437936.1    0.32%    passed     99.94%
 106  ENA_DELIM-PJLZKAMVKIEJWSLDQUBG_OQ437968_DELIM-PJLZKAMVKIEJWSLDQUBG_OQ437968.1    1.16%    passed     99.78%
 107  ENA_DELIM-PJLZKAMVKIEJWSLDQUBG_OQ437933_DELIM-PJLZKAMVKIEJWSLDQUBG_OQ437933.1    1.84%    passed     99.04%
 108  ENA_DELIM-PJLZKAMVKIEJWSLDQUBG_OQ437980_DELIM-PJLZKAMVKIEJWSLDQUBG_OQ437980.1    0.33%    passed     99.98%
 109  ENA_DELIM-PJLZKAMVKIEJWSLDQUBG_OQ437956_DELIM-PJLZKAMVKIEJWSLDQUBG_OQ437956.1    0.29%    passed     99.83%
 110  ENA_DELIM-PJLZKAMVKIEJWSLDQUBG_OQ437920_DELIM-PJLZKAMVKIEJWSLDQUBG_OQ437920.1    0.34%    passed     99.82%
 111  ENA_DELIM-PJLZKAMVKIEJWSLDQUBG_OQ437977_DELIM-PJLZKAMVKIEJWSLDQUBG_OQ437977.1    0.33%    passed     99.91%
 112  ENA_DELIM-PJLZKAMVKIEJWSLDQUBG_OQ437947_DELIM-PJLZKAMVKIEJWSLDQUBG_OQ437947.1    0.33%    passed     99.93%
 113  ENA_DELIM-PJLZKAMVKIEJWSLDQUBG_OQ437949_DELIM-PJLZKAMVKIEJWSLDQUBG_OQ437949.1    7.26%    passed     79.64%
 114  ENA_DELIM-PJLZKAMVKIEJWSLDQUBG_OQ437984_DELIM-PJLZKAMVKIEJWSLDQUBG_OQ437984.1    0.98%    passed     99.82%
 115  ENA_DELIM-PJLZKAMVKIEJWSLDQUBG_OQ437932_DELIM-PJLZKAMVKIEJWSLDQUBG_OQ437932.1    0.48%    passed     99.99%
 116  ENA_DELIM-PJLZKAMVKIEJWSLDQUBG_OL320072_DELIM-PJLZKAMVKIEJWSLDQUBG_OL320072.1    3.10%    passed     99.84%
 117  ENA_DELIM-PJLZKAMVKIEJWSLDQUBG_OQ437916_DELIM-PJLZKAMVKIEJWSLDQUBG_OQ437916.1    0.33%    passed     99.98%
 118  ENA_DELIM-PJLZKAMVKIEJWSLDQUBG_OQ437923_DELIM-PJLZKAMVKIEJWSLDQUBG_OQ437923.1    0.53%    passed     99.99%
 119  ENA_DELIM-PJLZKAMVKIEJWSLDQUBG_OQ437963_DELIM-PJLZKAMVKIEJWSLDQUBG_OQ437963.1    0.33%    passed     99.98%
 120  ENA_DELIM-PJLZKAMVKIEJWSLDQUBG_OQ437946_DELIM-PJLZKAMVKIEJWSLDQUBG_OQ437946.1    0.57%    passed     99.99%
 121  ENA_DELIM-PJLZKAMVKIEJWSLDQUBG_OQ437941_DELIM-PJLZKAMVKIEJWSLDQUBG_OQ437941.1    0.31%    passed    100.00%
 122  ENA_DELIM-PJLZKAMVKIEJWSLDQUBG_OQ437915_DELIM-PJLZKAMVKIEJWSLDQUBG_OQ437915.1    1.97%    passed     98.09%
 123  ENA_DELIM-PJLZKAMVKIEJWSLDQUBG_OQ437952_DELIM-PJLZKAMVKIEJWSLDQUBG_OQ437952.1    0.61%    passed     99.97%
 124  ENA_DELIM-PJLZKAMVKIEJWSLDQUBG_OQ437913_DELIM-PJLZKAMVKIEJWSLDQUBG_OQ437913.1    0.34%    passed     99.98%
 125  ENA_DELIM-PJLZKAMVKIEJWSLDQUBG_OL320069_DELIM-PJLZKAMVKIEJWSLDQUBG_OL320069.1    3.80%    passed     99.39%
 126  ENA_DELIM-PJLZKAMVKIEJWSLDQUBG_OQ437919_DELIM-PJLZKAMVKIEJWSLDQUBG_OQ437919.1    0.34%    passed    100.00%
 127  ENA_DELIM-PJLZKAMVKIEJWSLDQUBG_OQ437937_DELIM-PJLZKAMVKIEJWSLDQUBG_OQ437937.1    0.34%    passed    100.00%
 128  ENA_DELIM-PJLZKAMVKIEJWSLDQUBG_OQ437926_DELIM-PJLZKAMVKIEJWSLDQUBG_OQ437926.1    0.34%    passed     99.97%
 129  ENA_DELIM-PJLZKAMVKIEJWSLDQUBG_OQ437938_DELIM-PJLZKAMVKIEJWSLDQUBG_OQ437938.1    1.08%    passed     99.70%
 130  ENA_DELIM-PJLZKAMVKIEJWSLDQUBG_OQ437971_DELIM-PJLZKAMVKIEJWSLDQUBG_OQ437971.1    1.09%    passed     99.77%
 131  ENA_DELIM-PJLZKAMVKIEJWSLDQUBG_OQ437922_DELIM-PJLZKAMVKIEJWSLDQUBG_OQ437922.1    1.68%    passed     99.97%
 132  ENA_DELIM-PJLZKAMVKIEJWSLDQUBG_OQ437967_DELIM-PJLZKAMVKIEJWSLDQUBG_OQ437967.1    0.34%    passed     99.84%
 133  ENA_DELIM-PJLZKAMVKIEJWSLDQUBG_OQ437929_DELIM-PJLZKAMVKIEJWSLDQUBG_OQ437929.1    0.33%    passed     99.91%
 134  ENA_DELIM-PJLZKAMVKIEJWSLDQUBG_OQ437989_DELIM-PJLZKAMVKIEJWSLDQUBG_OQ437989.1    1.07%    passed     99.51%
 135  ENA_DELIM-PJLZKAMVKIEJWSLDQUBG_OQ437975_DELIM-PJLZKAMVKIEJWSLDQUBG_OQ437975.1    2.34%    passed     99.66%
 136  ENA_DELIM-PJLZKAMVKIEJWSLDQUBG_OQ437987_DELIM-PJLZKAMVKIEJWSLDQUBG_OQ437987.1    0.35%    passed     99.90%
 137  ENA_DELIM-PJLZKAMVKIEJWSLDQUBG_OQ437914_DELIM-PJLZKAMVKIEJWSLDQUBG_OQ437914.1    0.35%    passed     99.75%
 138  ENA_DELIM-PJLZKAMVKIEJWSLDQUBG_OQ437955_DELIM-PJLZKAMVKIEJWSLDQUBG_OQ437955.1    2.06%    passed     99.87%
 139  ENA_DELIM-PJLZKAMVKIEJWSLDQUBG_OQ437974_DELIM-PJLZKAMVKIEJWSLDQUBG_OQ437974.1    0.38%    passed     99.57%
 140  ENA_DELIM-PJLZKAMVKIEJWSLDQUBG_OQ437978_DELIM-PJLZKAMVKIEJWSLDQUBG_OQ437978.1    0.34%    passed     99.86%
 141  ENA_DELIM-PJLZKAMVKIEJWSLDQUBG_OQ437983_DELIM-PJLZKAMVKIEJWSLDQUBG_OQ437983.1    1.00%    passed     99.97%
 142  ENA_DELIM-PJLZKAMVKIEJWSLDQUBG_OQ437985_DELIM-PJLZKAMVKIEJWSLDQUBG_OQ437985.1    0.89%    passed     99.87%
 143  ENA_DELIM-PJLZKAMVKIEJWSLDQUBG_OQ437959_DELIM-PJLZKAMVKIEJWSLDQUBG_OQ437959.1   34.21%    passed      9.51%
 144  ENA_DELIM-PJLZKAMVKIEJWSLDQUBG_OQ437940_DELIM-PJLZKAMVKIEJWSLDQUBG_OQ437940.1    0.37%    passed     99.97%
 145  ENA_DELIM-PJLZKAMVKIEJWSLDQUBG_OQ437927_DELIM-PJLZKAMVKIEJWSLDQUBG_OQ437927.1    1.99%    passed     98.79%
 146  ENA_DELIM-PJLZKAMVKIEJWSLDQUBG_OQ437988_DELIM-PJLZKAMVKIEJWSLDQUBG_OQ437988.1    0.53%    passed     99.93%
 147  ENA_DELIM-PJLZKAMVKIEJWSLDQUBG_OQ437961_DELIM-PJLZKAMVKIEJWSLDQUBG_OQ437961.1    0.33%    passed     99.99%
 148  ENA_DELIM-PJLZKAMVKIEJWSLDQUBG_OQ437982_DELIM-PJLZKAMVKIEJWSLDQUBG_OQ437982.1    1.86%    passed     99.68%
 149  ENA_DELIM-PJLZKAMVKIEJWSLDQUBG_OQ437939_DELIM-PJLZKAMVKIEJWSLDQUBG_OQ437939.1    1.00%    passed     99.91%
 150  ENA_DELIM-PJLZKAMVKIEJWSLDQUBG_OQ437951_DELIM-PJLZKAMVKIEJWSLDQUBG_OQ437951.1    3.86%    passed     96.59%
 151  ENA_DELIM-PJLZKAMVKIEJWSLDQUBG_OQ437942_DELIM-PJLZKAMVKIEJWSLDQUBG_OQ437942.1    0.43%    passed     99.79%
 152  ENA_DELIM-PJLZKAMVKIEJWSLDQUBG_OQ437935_DELIM-PJLZKAMVKIEJWSLDQUBG_OQ437935.1   17.30%    passed     38.25%
 153  ENA_DELIM-PJLZKAMVKIEJWSLDQUBG_OQ437917_DELIM-PJLZKAMVKIEJWSLDQUBG_OQ437917.1    0.42%    passed     99.99%
 154  ENA_DELIM-PJLZKAMVKIEJWSLDQUBG_OQ437972_DELIM-PJLZKAMVKIEJWSLDQUBG_OQ437972.1    0.41%    passed     99.84%
 155  ENA_DELIM-PJLZKAMVKIEJWSLDQUBG_OQ437969_DELIM-PJLZKAMVKIEJWSLDQUBG_OQ437969.1    0.51%    passed     99.91%
 156  ENA_DELIM-PJLZKAMVKIEJWSLDQUBG_OQ437944_DELIM-PJLZKAMVKIEJWSLDQUBG_OQ437944.1    1.06%    passed     99.98%
 157  ENA_DELIM-PJLZKAMVKIEJWSLDQUBG_OQ437953_DELIM-PJLZKAMVKIEJWSLDQUBG_OQ437953.1    3.38%    passed     99.52%
 158  ENA_DELIM-PJLZKAMVKIEJWSLDQUBG_OQ449343_DELIM-PJLZKAMVKIEJWSLDQUBG_OQ449343.1   10.52%    passed     74.42%
 159  ENA_DELIM-PJLZKAMVKIEJWSLDQUBG_OQ449344_DELIM-PJLZKAMVKIEJWSLDQUBG_OQ449344.1    0.93%    passed     99.95%
 160  ENA_DELIM-PJLZKAMVKIEJWSLDQUBG_OQ437934_DELIM-PJLZKAMVKIEJWSLDQUBG_OQ437934.1    0.50%    passed     99.92%
 161  ENA_DELIM-PJLZKAMVKIEJWSLDQUBG_OQ437943_DELIM-PJLZKAMVKIEJWSLDQUBG_OQ437943.1    0.33%    passed     99.97%
 162  ENA_DELIM-PJLZKAMVKIEJWSLDQUBG_OQ437950_DELIM-PJLZKAMVKIEJWSLDQUBG_OQ437950.1    2.01%    passed     99.77%
 163  ENA_DELIM-PJLZKAMVKIEJWSLDQUBG_OQ437990_DELIM-PJLZKAMVKIEJWSLDQUBG_OQ437990.1    1.55%    passed     99.99%
 164  ENA_DELIM-PJLZKAMVKIEJWSLDQUBG_OQ437981_DELIM-PJLZKAMVKIEJWSLDQUBG_OQ437981.1    0.92%    passed     99.97%
 165  ENA_DELIM-PJLZKAMVKIEJWSLDQUBG_OQ437970_DELIM-PJLZKAMVKIEJWSLDQUBG_OQ437970.1    0.93%    passed     99.98%
 166  ENA_DELIM-PJLZKAMVKIEJWSLDQUBG_OQ437948_DELIM-PJLZKAMVKIEJWSLDQUBG_OQ437948.1   32.22%    passed     81.29%
 167  ENA_DELIM-PJLZKAMVKIEJWSLDQUBG_OQ437945_DELIM-PJLZKAMVKIEJWSLDQUBG_OQ437945.1    0.34%    passed     99.75%
 168  ENA_DELIM-PJLZKAMVKIEJWSLDQUBG_OQ437921_DELIM-PJLZKAMVKIEJWSLDQUBG_OQ437921.1    0.54%    passed     99.91%
 169  ENA_DELIM-PJLZKAMVKIEJWSLDQUBG_OQ437928_DELIM-PJLZKAMVKIEJWSLDQUBG_OQ437928.1    0.33%    passed     99.89%
 170  ENA_DELIM-PJLZKAMVKIEJWSLDQUBG_OQ437986_DELIM-PJLZKAMVKIEJWSLDQUBG_OQ437986.1    0.83%    passed     99.95%
 171  ENA_DELIM-PJLZKAMVKIEJWSLDQUBG_OQ437918_DELIM-PJLZKAMVKIEJWSLDQUBG_OQ437918.1    0.34%    passed     99.89%
 172  ENA_DELIM-PJLZKAMVKIEJWSLDQUBG_OQ437958_DELIM-PJLZKAMVKIEJWSLDQUBG_OQ437958.1    0.34%    passed     99.75%
 173  ENA_DELIM-PJLZKAMVKIEJWSLDQUBG_OQ437962_DELIM-PJLZKAMVKIEJWSLDQUBG_OQ437962.1    0.42%    passed     99.85%
 174  ENA_DELIM-PJLZKAMVKIEJWSLDQUBG_OQ437957_DELIM-PJLZKAMVKIEJWSLDQUBG_OQ437957.1    2.01%    passed     99.82%
 175  ENA_DELIM-PJLZKAMVKIEJWSLDQUBG_OQ437960_DELIM-PJLZKAMVKIEJWSLDQUBG_OQ437960.1    5.79%    passed     90.57%
 176  ENA_DELIM-PJLZKAMVKIEJWSLDQUBG_OL318841_DELIM-PJLZKAMVKIEJWSLDQUBG_OL318841.1    1.69%    passed     99.12%
 177  ENA_DELIM-PJLZKAMVKIEJWSLDQUBG_OQ437979_DELIM-PJLZKAMVKIEJWSLDQUBG_OQ437979.1    5.18%    passed     82.37%
 178  ENA_DELIM-PJLZKAMVKIEJWSLDQUBG_OQ466563_DELIM-PJLZKAMVKIEJWSLDQUBG_OQ466563.1   37.31%    failed      4.54%
 179  ENA_DELIM-PJLZKAMVKIEJWSLDQUBG_OQ437976_DELIM-PJLZKAMVKIEJWSLDQUBG_OQ437976.1   24.73%    passed     85.26%
 180  ENA_DELIM-PJLZKAMVKIEJWSLDQUBG_OQ437930_DELIM-PJLZKAMVKIEJWSLDQUBG_OQ437930.1    1.81%    passed     99.91%
 181  ENA_DELIM-PJLZKAMVKIEJWSLDQUBG_OQ437931_DELIM-PJLZKAMVKIEJWSLDQUBG_OQ437931.1    2.47%    passed     99.88%
 182  ENA_DELIM-PJLZKAMVKIEJWSLDQUBG_OQ437925_DELIM-PJLZKAMVKIEJWSLDQUBG_OQ437925.1    2.35%    passed     99.96%
 183  ENA_DELIM-PJLZKAMVKIEJWSLDQUBG_OQ437973_DELIM-PJLZKAMVKIEJWSLDQUBG_OQ437973.1    3.27%    passed     99.53%
 184  ENA_DELIM-PJLZKAMVKIEJWSLDQUBG_OQ437964_DELIM-PJLZKAMVKIEJWSLDQUBG_OQ437964.1    1.87%    passed     99.84%
 185  ENA_DELIM-PJLZKAMVKIEJWSLDQUBG_OQ437924_DELIM-PJLZKAMVKIEJWSLDQUBG_OQ437924.1    6.16%    passed     76.78%
****  TOTAL                                                                            2.39%  1 sequences failed composition chi2 test (p-value<5%; df=3)
NOTE: ENA_DELIM-PJLZKAMVKIEJWSLDQUBG_OP014804_DELIM-PJLZKAMVKIEJWSLDQUBG_OP014804.1 is identical to ENA_DELIM-PJLZKAMVKIEJWSLDQUBG_OP014814_DELIM-PJLZKAMVKIEJWSLDQUBG_OP014814.1 but kept for subsequent analysis
Checking for duplicate sequences: done in 0.00219426 secs using 99.94% CPU

Create initial parsimony tree by phylogenetic likelihood library (PLL)... 0.035 seconds

NOTE: 18 MB RAM (0 GB) is required!
Measuring multi-threading efficiency up to 1 CPU cores
Increase to 10 rounds for branch lengths
3 trees examined
Threads: 1 / Time: 1.272 sec / Speedup: 1.000 / Efficiency: 100% / LogL: -104616
Determining AUTO threadcount: done in 1.27301 secs using 100% CPU
BEST NUMBER OF THREADS: 1

Estimate model parameters (epsilon = 0.500)
1. Initial log-likelihood: -56590.081
2. Current log-likelihood: -55426.953
Optimal log-likelihood: -55426.866
Rate parameters:  A-C: 0.39350  A-G: 1.57566  A-T: 0.19161  C-G: 0.37739  C-T: 6.67912  G-T: 1.00000
Base frequencies:  A: 0.299  C: 0.183  G: 0.196  T: 0.322
Parameters optimization took 2 rounds (2.531 sec)
Wrote distance file to... 
Computing ML distances based on estimated model parameters...
Calculating distance matrix: done in 0.234048 secs using 100% CPU
Computing ML distances took 0.236914 sec (of wall-clock time) 0.236917 sec (of CPU time)
Setting up auxiliary I and S matrices: done in 0.00267333 secs using 99.24% CPU
Constructing RapidNJ tree: done in 0.00678501 secs using 217.6% CPU
Computing RapidNJ tree took 0.009595 sec (of wall-clock time) 0.017554 sec (of CPU time)
Log-likelihood of RapidNJ tree: -55497.036
--------------------------------------------------------------------
|             INITIALIZING CANDIDATE TREE SET                      |
--------------------------------------------------------------------

Do NNI search on 2 best initial trees
Optimizing NNI: done in 0.775079 secs using 97.93% CPU
Estimate model parameters (epsilon = 0.500)
BETTER TREE FOUND at iteration 1: -55416.326
Optimizing NNI: done in 0.931435 secs using 99.14% CPU
Estimate model parameters (epsilon = 0.500)
BETTER TREE FOUND at iteration 2: -55411.554
Finish initializing candidate tree set (4)
Current best tree score: -55411.554 / CPU time: 2.171
Number of iterations: 2
TREE SEARCH COMPLETED AFTER 2 ITERATIONS / Time: 0h:0m:6s

--------------------------------------------------------------------
|                    FINALIZING TREE SEARCH                        |
--------------------------------------------------------------------
Performs final model parameters optimization
Estimate model parameters (epsilon = 0.050)
1. Initial log-likelihood: -55411.554
Optimal log-likelihood: -55411.553
Rate parameters:  A-C: 0.38746  A-G: 1.57228  A-T: 0.18962  C-G: 0.37510  C-T: 6.68127  G-T: 1.00000
Base frequencies:  A: 0.299  C: 0.183  G: 0.196  T: 0.322
Parameters optimization took 1 rounds (0.239 sec)
BEST SCORE FOUND : -55411.553
Total tree length: 0.055

Total number of iterations: 2
CPU time used for tree search: 2.148 sec (0h:0m:2s)
Wall-clock time used for tree search: 2.172 sec (0h:0m:2s)
Total CPU time used: 6.765 sec (0h:0m:6s)
Total wall-clock time used: 6.772 sec (0h:0m:6s)

Analysis results written to: 
  IQ-TREE report:                results/alignment-delim.fasta.iqtree
  Maximum-likelihood tree:       results/alignment-delim.fasta.treefile
  Likelihood distances:          results/alignment-delim.fasta.mldist
  Screen log file:               results/alignment-delim.fasta.log

Date and Time: Thu Feb 15 10:49:08 2024
