IQ-TREE multicore version 2.2.6 COVID-edition for Linux 64-bit built Dec  8 2023
Developed by Bui Quang Minh, James Barbetti, Nguyen Lam Tung,
Olga Chernomor, Heiko Schmidt, Dominik Schrempf, Michael Woodhams, Ly Trong Nhan.

Host:    swizzle (AVX512, FMA3, 62 GB RAM)
Command: iqtree2 -s results/mafft_alignment.fasta -pre iqtree
Seed:    379274 (Using SPRNG - Scalable Parallel Random Number Generator)
Time:    Mon Mar  4 06:48:16 2024
Kernel:  AVX+FMA - 1 threads (40 CPU cores detected)

HINT: Use -nt option to specify number of threads because your CPU has 40 cores!
HINT: -nt AUTO will automatically determine the best number of threads to use.

Reading alignment file results/mafft_alignment.fasta ... Fasta format detected
Reading fasta file: done in 0.112474 secs using 96.93% CPU
Alignment most likely contains DNA/RNA sequences
Constructing alignment: done in 0.044909 secs using 81.98% CPU
WARNING: 90 sites contain only gaps or ambiguous characters.
Alignment has 185 sequences with 29994 columns, 3141 distinct patterns
585 parsimony-informative, 596 singleton sites, 28813 constant sites
                                                                    Gap/Ambiguity  Composition  p-value
Analyzing sequences: done in 0.00163698 secs using 99.88% CPU
   1  MN908947_WUHAN_HU_1_2019_                                             0.30%    passed     96.11%
   2  ENA_OQ437945_OQ437945_1_SEVERE_ACUTE_RESPIRATORY_SDEER-_-DEER._.      0.64%    passed     99.75%
   3  ENA_OQ437954_OQ437954_1_SEVERE_ACUTE_RESPIRATORY_SDEER-_-DEER._.      0.79%    passed     99.89%
   4  ENA_OQ437980_OQ437980_1_SEVERE_ACUTE_RESPIRATORY_SDEER-_-DEER._.      0.63%    passed     99.98%
   5  ENA_OQ437956_OQ437956_1_SEVERE_ACUTE_RESPIRATORY_SDEER-_-DEER._.      0.59%    passed     99.83%
   6  ENA_OQ437977_OQ437977_1_SEVERE_ACUTE_RESPIRATORY_SDEER-_-DEER._.      0.63%    passed     99.91%
   7  ENA_OQ437920_OQ437920_1_SEVERE_ACUTE_RESPIRATORY_SDEER-_-DEER._.      0.64%    passed     99.82%
   8  ENA_OQ437934_OQ437934_1_SEVERE_ACUTE_RESPIRATORY_SDEER-_-DEER._.      0.81%    passed     99.92%
   9  ENA_OQ437917_OQ437917_1_SEVERE_ACUTE_RESPIRATORY_SDEER-_-DEER._.      0.72%    passed     99.99%
  10  ENA_OQ437916_OQ437916_1_SEVERE_ACUTE_RESPIRATORY_SDEER-_-DEER._.      0.63%    passed     99.98%
  11  ENA_OQ437932_OQ437932_1_SEVERE_ACUTE_RESPIRATORY_SDEER-_-DEER._.      0.78%    passed     99.99%
  12  ENA_OQ437923_OQ437923_1_SEVERE_ACUTE_RESPIRATORY_SDEER-_-DEER._.      0.83%    passed     99.99%
  13  ENA_OQ437919_OQ437919_1_SEVERE_ACUTE_RESPIRATORY_SDEER-_-DEER._.      0.64%    passed    100.00%
  14  ENA_OQ437913_OQ437913_1_SEVERE_ACUTE_RESPIRATORY_SDEER-_-DEER._.      0.65%    passed     99.98%
  15  ENA_OQ437926_OQ437926_1_SEVERE_ACUTE_RESPIRATORY_SDEER-_-DEER._.      0.64%    passed     99.97%
  16  ENA_OQ437914_OQ437914_1_SEVERE_ACUTE_RESPIRATORY_SDEER-_-DEER._.      0.65%    passed     99.75%
  17  ENA_OQ437936_OQ437936_1_SEVERE_ACUTE_RESPIRATORY_SDEER-_-DEER._.      0.62%    passed     99.94%
  18  ENA_OQ437943_OQ437943_1_SEVERE_ACUTE_RESPIRATORY_SDEER-_-DEER._.      0.64%    passed     99.97%
  19  ENA_OQ437940_OQ437940_1_SEVERE_ACUTE_RESPIRATORY_SDEER-_-DEER._.      0.67%    passed     99.97%
  20  ENA_OQ437937_OQ437937_1_SEVERE_ACUTE_RESPIRATORY_SDEER-_-DEER._.      0.64%    passed    100.00%
  21  ENA_OQ437941_OQ437941_1_SEVERE_ACUTE_RESPIRATORY_SDEER-_-DEER._.      0.62%    passed    100.00%
  22  ENA_OQ437952_OQ437952_1_SEVERE_ACUTE_RESPIRATORY_SDEER-_-DEER._.      0.91%    passed     99.97%
  23  ENA_OQ437969_OQ437969_1_SEVERE_ACUTE_RESPIRATORY_SDEER-_-DEER._.      0.82%    passed     99.91%
  24  ENA_OQ437942_OQ437942_1_SEVERE_ACUTE_RESPIRATORY_SDEER-_-DEER._.      0.73%    passed     99.79%
  25  ENA_OQ437967_OQ437967_1_SEVERE_ACUTE_RESPIRATORY_SDEER-_-DEER._.      0.65%    passed     99.84%
  26  ENA_OQ437972_OQ437972_1_SEVERE_ACUTE_RESPIRATORY_SDEER-_-DEER._.      0.71%    passed     99.84%
  27  ENA_OQ437978_OQ437978_1_SEVERE_ACUTE_RESPIRATORY_SDEER-_-DEER._.      0.64%    passed     99.86%
  28  ENA_OQ437947_OQ437947_1_SEVERE_ACUTE_RESPIRATORY_SDEER-_-DEER._.      0.63%    passed     99.93%
  29  ENA_OQ437944_OQ437944_1_SEVERE_ACUTE_RESPIRATORY_SDEER-_-DEER._.      1.36%    passed     99.98%
  30  ENA_OQ437939_OQ437939_1_SEVERE_ACUTE_RESPIRATORY_SDEER-_-DEER._.      1.30%    passed     99.91%
  31  ENA_OQ437950_OQ437950_1_SEVERE_ACUTE_RESPIRATORY_SDEER-_-DEER._.      2.30%    passed     99.77%
  32  ENA_OQ437949_OQ437949_1_SEVERE_ACUTE_RESPIRATORY_SDEER-_-DEER._.      7.54%    passed     79.64%
  33  ENA_OQ437990_OQ437990_1_SEVERE_ACUTE_RESPIRATORY_SDEER-_-DEER._.      1.85%    passed     99.99%
  34  ENA_OQ437982_OQ437982_1_SEVERE_ACUTE_RESPIRATORY_SDEER-_-DEER._.      2.16%    passed     99.68%
  35  ENA_OQ437989_OQ437989_1_SEVERE_ACUTE_RESPIRATORY_SDEER-_-DEER._.      1.37%    passed     99.51%
  36  ENA_OQ437975_OQ437975_1_SEVERE_ACUTE_RESPIRATORY_SDEER-_-DEER._.      2.63%    passed     99.66%
  37  ENA_OQ437912_OQ437912_1_SEVERE_ACUTE_RESPIRATORY_SDEER-_-DEER._.     14.66%    passed     60.38%
  38  ENA_OQ437953_OQ437953_1_SEVERE_ACUTE_RESPIRATORY_SDEER-_-DEER._.      3.68%    passed     99.52%
  39  ENA_OQ437915_OQ437915_1_SEVERE_ACUTE_RESPIRATORY_SDEER-_-DEER._.      2.27%    passed     98.09%
  40  ENA_OQ437930_OQ437930_1_SEVERE_ACUTE_RESPIRATORY_SDEER-_-DEER._.      2.11%    passed     99.91%
  41  ENA_OQ437927_OQ437927_1_SEVERE_ACUTE_RESPIRATORY_SDEER-_-DEER._.      2.29%    passed     98.79%
  42  ENA_OQ437938_OQ437938_1_SEVERE_ACUTE_RESPIRATORY_SDEER-_-DEER._.      1.38%    passed     99.70%
  43  ENA_OQ437951_OQ437951_1_SEVERE_ACUTE_RESPIRATORY_SDEER-_-DEER._.      4.15%    passed     96.59%
  44  ENA_OQ437983_OQ437983_1_SEVERE_ACUTE_RESPIRATORY_SDEER-_-DEER._.      1.30%    passed     99.97%
  45  ENA_OQ437955_OQ437955_1_SEVERE_ACUTE_RESPIRATORY_SDEER-_-DEER._.      2.35%    passed     99.87%
  46  ENA_OQ437985_OQ437985_1_SEVERE_ACUTE_RESPIRATORY_SDEER-_-DEER._.      1.19%    passed     99.87%
  47  ENA_OQ437971_OQ437971_1_SEVERE_ACUTE_RESPIRATORY_SDEER-_-DEER._.      1.39%    passed     99.77%
  48  ENA_OQ437984_OQ437984_1_SEVERE_ACUTE_RESPIRATORY_SDEER-_-DEER._.      1.28%    passed     99.82%
  49  ENA_OQ449343_OQ449343_1_SEVERE_ACUTE_RESPIRATORY_SDEER-_-DEER._.     10.79%    passed     74.42%
  50  ENA_OQ449344_OQ449344_1_SEVERE_ACUTE_RESPIRATORY_SDEER-_-DEER._.      1.23%    passed     99.95%
  51  ENA_OQ437962_OQ437962_1_SEVERE_ACUTE_RESPIRATORY_SDEER-_-DEER._.      0.72%    passed     99.85%
  52  ENA_OQ437928_OQ437928_1_SEVERE_ACUTE_RESPIRATORY_SDEER-_-DEER._.      0.64%    passed     99.89%
  53  ENA_OQ437974_OQ437974_1_SEVERE_ACUTE_RESPIRATORY_SDEER-_-DEER._.      0.68%    passed     99.57%
  54  ENA_OQ437986_OQ437986_1_SEVERE_ACUTE_RESPIRATORY_SDEER-_-DEER._.      1.13%    passed     99.95%
  55  ENA_OQ437988_OQ437988_1_SEVERE_ACUTE_RESPIRATORY_SDEER-_-DEER._.      0.83%    passed     99.93%
  56  ENA_OQ437946_OQ437946_1_SEVERE_ACUTE_RESPIRATORY_SDEER-_-DEER._.      0.87%    passed     99.99%
  57  ENA_OQ437987_OQ437987_1_SEVERE_ACUTE_RESPIRATORY_SDEER-_-DEER._.      0.65%    passed     99.90%
  58  ENA_OQ437929_OQ437929_1_SEVERE_ACUTE_RESPIRATORY_SDEER-_-DEER._.      0.63%    passed     99.91%
  59  ENA_OQ437918_OQ437918_1_SEVERE_ACUTE_RESPIRATORY_SDEER-_-DEER._.      0.64%    passed     99.89%
  60  ENA_OQ437922_OQ437922_1_SEVERE_ACUTE_RESPIRATORY_SDEER-_-DEER._.      1.97%    passed     99.97%
  61  ENA_OQ437933_OQ437933_1_SEVERE_ACUTE_RESPIRATORY_SDEER-_-DEER._.      2.13%    passed     99.04%
  62  ENA_OQ437931_OQ437931_1_SEVERE_ACUTE_RESPIRATORY_SDEER-_-DEER._.      2.77%    passed     99.88%
  63  ENA_OQ437925_OQ437925_1_SEVERE_ACUTE_RESPIRATORY_SDEER-_-DEER._.      2.65%    passed     99.96%
  64  ENA_OQ437924_OQ437924_1_SEVERE_ACUTE_RESPIRATORY_SDEER-_-DEER._.      6.44%    passed     76.78%
  65  ENA_OQ437921_OQ437921_1_SEVERE_ACUTE_RESPIRATORY_SDEER-_-DEER._.      0.84%    passed     99.91%
  66  ENA_OQ437957_OQ437957_1_SEVERE_ACUTE_RESPIRATORY_SDEER-_-DEER._.      2.31%    passed     99.82%
  67  ENA_OQ437958_OQ437958_1_SEVERE_ACUTE_RESPIRATORY_SDEER-_-DEER._.      0.64%    passed     99.75%
  68  ENA_OQ437968_OQ437968_1_SEVERE_ACUTE_RESPIRATORY_SDEER-_-DEER._.      1.46%    passed     99.78%
  69  ENA_OQ437964_OQ437964_1_SEVERE_ACUTE_RESPIRATORY_SDEER-_-DEER._.      2.16%    passed     99.84%
  70  ENA_OQ437981_OQ437981_1_SEVERE_ACUTE_RESPIRATORY_SDEER-_-DEER._.      1.22%    passed     99.97%
  71  ENA_OQ437979_OQ437979_1_SEVERE_ACUTE_RESPIRATORY_SDEER-_-DEER._.      5.47%    passed     82.37%
  72  ENA_OQ437970_OQ437970_1_SEVERE_ACUTE_RESPIRATORY_SDEER-_-DEER._.      1.23%    passed     99.98%
  73  ENA_OQ437973_OQ437973_1_SEVERE_ACUTE_RESPIRATORY_SDEER-_-DEER._.      3.56%    passed     99.53%
  74  ENA_OQ437961_OQ437961_1_SEVERE_ACUTE_RESPIRATORY_SDEER-_-DEER._.      0.64%    passed     99.99%
  75  ENA_OQ437963_OQ437963_1_SEVERE_ACUTE_RESPIRATORY_SDEER-_-DEER._.      0.64%    passed     99.98%
  76  ENA_OQ437960_OQ437960_1_SEVERE_ACUTE_RESPIRATORY_SDEER-_-DEER._.      6.08%    passed     90.56%
  77  ENA_OQ437976_OQ437976_1_SEVERE_ACUTE_RESPIRATORY_SDEER-_-DEER._.     24.96%    passed     85.26%
  78  ENA_OQ437948_OQ437948_1_SEVERE_ACUTE_RESPIRATORY_SDEER-_-DEER._.     32.43%    passed     81.29%
  79  ENA_OQ437959_OQ437959_1_SEVERE_ACUTE_RESPIRATORY_SDEER-_-DEER._.     34.41%    passed      9.51%
  80  ENA_OQ466563_OQ466563_1_SEVERE_ACUTE_RESPIRATORY_SDEER-_-DEER._.     37.50%    failed      4.54%
  81  ENA_OQ437935_OQ437935_1_SEVERE_ACUTE_RESPIRATORY_SDEER-_-DEER._.     17.55%    passed     38.25%
  82  ENA_OL320069_OL320069_1_SEVERE_ACUTE_RESPIRATORY_SHUMAN-_-HUMAN._.    4.09%    passed     99.39%
  83  ENA_ON840422_ON840422_1_SEVERE_ACUTE_RESPIRATORY_SHUMAN-_-HUMAN._.    1.45%    passed     99.16%
  84  ENA_OL318841_OL318841_1_SEVERE_ACUTE_RESPIRATORY_SHUMAN-_-HUMAN._.    1.99%    passed     99.12%
  85  ENA_OL320072_OL320072_1_SEVERE_ACUTE_RESPIRATORY_SHUMAN-_-HUMAN._.    3.40%    passed     99.84%
  86  ENA_OP014916_OP014916_1_SEVERE_ACUTE_RESPIRATORY_SHUMAN-_-HUMAN._.    2.14%    passed     99.77%
  87  ENA_OP019191_OP019191_1_SEVERE_ACUTE_RESPIRATORY_SHUMAN-_-HUMAN._.    1.57%    passed     99.78%
  88  ENA_OP019218_OP019218_1_SEVERE_ACUTE_RESPIRATORY_SHUMAN-_-HUMAN._.    1.56%    passed     99.75%
  89  ENA_OP019211_OP019211_1_SEVERE_ACUTE_RESPIRATORY_SHUMAN-_-HUMAN._.    2.50%    passed     98.27%
  90  ENA_OP019215_OP019215_1_SEVERE_ACUTE_RESPIRATORY_SHUMAN-_-HUMAN._.    5.06%    passed     87.97%
  91  ENA_OP019208_OP019208_1_SEVERE_ACUTE_RESPIRATORY_SHUMAN-_-HUMAN._.    2.09%    passed     99.90%
  92  ENA_OP019235_OP019235_1_SEVERE_ACUTE_RESPIRATORY_SHUMAN-_-HUMAN._.    1.83%    passed     99.88%
  93  ENA_OP019223_OP019223_1_SEVERE_ACUTE_RESPIRATORY_SHUMAN-_-HUMAN._.    2.16%    passed     98.01%
  94  ENA_OP019240_OP019240_1_SEVERE_ACUTE_RESPIRATORY_SHUMAN-_-HUMAN._.    9.67%    passed     88.51%
  95  ENA_OP019226_OP019226_1_SEVERE_ACUTE_RESPIRATORY_SHUMAN-_-HUMAN._.    5.66%    passed     91.10%
  96  ENA_OP019222_OP019222_1_SEVERE_ACUTE_RESPIRATORY_SHUMAN-_-HUMAN._.    9.63%    passed     83.32%
  97  ENA_OP019219_OP019219_1_SEVERE_ACUTE_RESPIRATORY_SHUMAN-_-HUMAN._.   10.81%    passed     66.18%
  98  ENA_OP019209_OP019209_1_SEVERE_ACUTE_RESPIRATORY_SHUMAN-_-HUMAN._.    2.27%    passed     99.83%
  99  ENA_OP019239_OP019239_1_SEVERE_ACUTE_RESPIRATORY_SHUMAN-_-HUMAN._.    4.63%    passed     92.25%
 100  ENA_OP019233_OP019233_1_SEVERE_ACUTE_RESPIRATORY_SHUMAN-_-HUMAN._.    2.17%    passed     99.60%
 101  ENA_OP019227_OP019227_1_SEVERE_ACUTE_RESPIRATORY_SHUMAN-_-HUMAN._.    2.51%    passed     98.50%
 102  ENA_OP019249_OP019249_1_SEVERE_ACUTE_RESPIRATORY_SHUMAN-_-HUMAN._.    1.80%    passed     99.91%
 103  ENA_OP019228_OP019228_1_SEVERE_ACUTE_RESPIRATORY_SHUMAN-_-HUMAN._.    2.59%    passed     97.34%
 104  ENA_OP019395_OP019395_1_SEVERE_ACUTE_RESPIRATORY_SHUMAN-_-HUMAN._.    0.92%    passed     99.96%
 105  ENA_OP019256_OP019256_1_SEVERE_ACUTE_RESPIRATORY_SHUMAN-_-HUMAN._.    1.78%    passed     99.78%
 106  ENA_OP019246_OP019246_1_SEVERE_ACUTE_RESPIRATORY_SHUMAN-_-HUMAN._.    9.25%    passed     89.26%
 107  ENA_OP019248_OP019248_1_SEVERE_ACUTE_RESPIRATORY_SHUMAN-_-HUMAN._.    3.07%    passed     98.90%
 108  ENA_OP019231_OP019231_1_SEVERE_ACUTE_RESPIRATORY_SHUMAN-_-HUMAN._.    0.92%    passed     99.98%
 109  ENA_OP019392_OP019392_1_SEVERE_ACUTE_RESPIRATORY_SHUMAN-_-HUMAN._.    0.92%    passed     99.96%
 110  ENA_OP014642_OP014642_1_SEVERE_ACUTE_RESPIRATORY_SHUMAN-_-HUMAN._.    1.87%    passed    100.00%
 111  ENA_OP014658_OP014658_1_SEVERE_ACUTE_RESPIRATORY_SHUMAN-_-HUMAN._.    1.32%    passed     99.94%
 112  ENA_OP014624_OP014624_1_SEVERE_ACUTE_RESPIRATORY_SHUMAN-_-HUMAN._.    1.02%    passed     99.99%
 113  ENA_OP014636_OP014636_1_SEVERE_ACUTE_RESPIRATORY_SHUMAN-_-HUMAN._.    1.95%    passed     99.77%
 114  ENA_OP019243_OP019243_1_SEVERE_ACUTE_RESPIRATORY_SHUMAN-_-HUMAN._.    2.63%    passed     99.89%
 115  ENA_OP014653_OP014653_1_SEVERE_ACUTE_RESPIRATORY_SHUMAN-_-HUMAN._.    0.89%    passed     99.98%
 116  ENA_OP014649_OP014649_1_SEVERE_ACUTE_RESPIRATORY_SHUMAN-_-HUMAN._.    0.94%    passed    100.00%
 117  ENA_OP014634_OP014634_1_SEVERE_ACUTE_RESPIRATORY_SHUMAN-_-HUMAN._.    2.06%    passed     99.76%
 118  ENA_OP014988_OP014988_1_SEVERE_ACUTE_RESPIRATORY_SHUMAN-_-HUMAN._.    1.10%    passed     99.80%
 119  ENA_OP014655_OP014655_1_SEVERE_ACUTE_RESPIRATORY_SHUMAN-_-HUMAN._.    0.91%    passed     99.97%
 120  ENA_OP014662_OP014662_1_SEVERE_ACUTE_RESPIRATORY_SHUMAN-_-HUMAN._.    1.10%    passed     99.94%
 121  ENA_OP014644_OP014644_1_SEVERE_ACUTE_RESPIRATORY_SHUMAN-_-HUMAN._.    1.12%    passed     99.92%
 122  ENA_OP015252_OP015252_1_SEVERE_ACUTE_RESPIRATORY_SHUMAN-_-HUMAN._.    1.76%    passed     99.48%
 123  ENA_OP015103_OP015103_1_SEVERE_ACUTE_RESPIRATORY_SHUMAN-_-HUMAN._.    1.21%    passed     99.97%
 124  ENA_OP014787_OP014787_1_SEVERE_ACUTE_RESPIRATORY_SHUMAN-_-HUMAN._.    1.48%    passed     99.98%
 125  ENA_OP014805_OP014805_1_SEVERE_ACUTE_RESPIRATORY_SHUMAN-_-HUMAN._.    1.23%    passed     99.98%
 126  ENA_OP016620_OP016620_1_SEVERE_ACUTE_RESPIRATORY_SHUMAN-_-HUMAN._.    0.90%    passed     99.99%
 127  ENA_OP014796_OP014796_1_SEVERE_ACUTE_RESPIRATORY_SHUMAN-_-HUMAN._.    2.06%    passed     99.83%
 128  ENA_OP014809_OP014809_1_SEVERE_ACUTE_RESPIRATORY_SHUMAN-_-HUMAN._.    2.14%    passed     99.93%
 129  ENA_OP014810_OP014810_1_SEVERE_ACUTE_RESPIRATORY_SHUMAN-_-HUMAN._.    1.05%    passed    100.00%
 130  ENA_OP014812_OP014812_1_SEVERE_ACUTE_RESPIRATORY_SHUMAN-_-HUMAN._.    3.59%    passed     98.21%
 131  ENA_OP014797_OP014797_1_SEVERE_ACUTE_RESPIRATORY_SHUMAN-_-HUMAN._.    1.26%    passed     99.96%
 132  ENA_OP014819_OP014819_1_SEVERE_ACUTE_RESPIRATORY_SHUMAN-_-HUMAN._.    2.75%    passed     98.50%
 133  ENA_OP014793_OP014793_1_SEVERE_ACUTE_RESPIRATORY_SHUMAN-_-HUMAN._.    1.75%    passed     99.93%
 134  ENA_OP014811_OP014811_1_SEVERE_ACUTE_RESPIRATORY_SHUMAN-_-HUMAN._.    2.93%    passed     98.15%
 135  ENA_OP014795_OP014795_1_SEVERE_ACUTE_RESPIRATORY_SHUMAN-_-HUMAN._.    1.95%    passed     99.95%
 136  ENA_OP016656_OP016656_1_SEVERE_ACUTE_RESPIRATORY_SHUMAN-_-HUMAN._.    1.84%    passed     99.76%
 137  ENA_OP014801_OP014801_1_SEVERE_ACUTE_RESPIRATORY_SHUMAN-_-HUMAN._.    0.94%    passed    100.00%
 138  ENA_OP014814_OP014814_1_SEVERE_ACUTE_RESPIRATORY_SHUMAN-_-HUMAN._.    0.91%    passed    100.00%
 139  ENA_OP014804_OP014804_1_SEVERE_ACUTE_RESPIRATORY_SHUMAN-_-HUMAN._.    0.91%    passed    100.00%
 140  ENA_OP014834_OP014834_1_SEVERE_ACUTE_RESPIRATORY_SHUMAN-_-HUMAN._.    0.89%    passed     99.97%
 141  ENA_OP014841_OP014841_1_SEVERE_ACUTE_RESPIRATORY_SHUMAN-_-HUMAN._.    1.21%    passed     99.96%
 142  ENA_OP014825_OP014825_1_SEVERE_ACUTE_RESPIRATORY_SHUMAN-_-HUMAN._.    1.38%    passed     99.93%
 143  ENA_OP014828_OP014828_1_SEVERE_ACUTE_RESPIRATORY_SHUMAN-_-HUMAN._.    0.91%    passed     99.99%
 144  ENA_OP015373_OP015373_1_SEVERE_ACUTE_RESPIRATORY_SHUMAN-_-HUMAN._.    1.12%    passed     99.91%
 145  ENA_OP014815_OP014815_1_SEVERE_ACUTE_RESPIRATORY_SHUMAN-_-HUMAN._.    1.03%    passed     99.91%
 146  ENA_OP014844_OP014844_1_SEVERE_ACUTE_RESPIRATORY_SHUMAN-_-HUMAN._.    1.02%    passed     99.94%
 147  ENA_OP014853_OP014853_1_SEVERE_ACUTE_RESPIRATORY_SHUMAN-_-HUMAN._.    0.91%    passed     99.97%
 148  ENA_OP014850_OP014850_1_SEVERE_ACUTE_RESPIRATORY_SHUMAN-_-HUMAN._.    1.53%    passed     99.72%
 149  ENA_OP014838_OP014838_1_SEVERE_ACUTE_RESPIRATORY_SHUMAN-_-HUMAN._.    1.00%    passed     99.97%
 150  ENA_OP019407_OP019407_1_SEVERE_ACUTE_RESPIRATORY_SHUMAN-_-HUMAN._.    0.92%    passed     99.96%
 151  ENA_OP015352_OP015352_1_SEVERE_ACUTE_RESPIRATORY_SHUMAN-_-HUMAN._.    1.34%    passed     99.94%
 152  ENA_OP014851_OP014851_1_SEVERE_ACUTE_RESPIRATORY_SHUMAN-_-HUMAN._.    1.23%    passed     99.92%
 153  ENA_OP014836_OP014836_1_SEVERE_ACUTE_RESPIRATORY_SHUMAN-_-HUMAN._.    0.89%    passed     99.75%
 154  ENA_OP014854_OP014854_1_SEVERE_ACUTE_RESPIRATORY_SHUMAN-_-HUMAN._.    0.97%    passed     99.98%
 155  ENA_OP014820_OP014820_1_SEVERE_ACUTE_RESPIRATORY_SHUMAN-_-HUMAN._.    1.03%    passed     99.93%
 156  ENA_OP014874_OP014874_1_SEVERE_ACUTE_RESPIRATORY_SHUMAN-_-HUMAN._.    1.93%    passed     99.95%
 157  ENA_OP014848_OP014848_1_SEVERE_ACUTE_RESPIRATORY_SHUMAN-_-HUMAN._.    0.91%    passed     99.99%
 158  ENA_OP014974_OP014974_1_SEVERE_ACUTE_RESPIRATORY_SHUMAN-_-HUMAN._.    3.19%    passed     95.99%
 159  ENA_OP014952_OP014952_1_SEVERE_ACUTE_RESPIRATORY_SHUMAN-_-HUMAN._.    1.16%    passed     99.96%
 160  ENA_OP014935_OP014935_1_SEVERE_ACUTE_RESPIRATORY_SHUMAN-_-HUMAN._.    1.02%    passed     99.95%
 161  ENA_OP014958_OP014958_1_SEVERE_ACUTE_RESPIRATORY_SHUMAN-_-HUMAN._.    1.68%    passed     99.96%
 162  ENA_OP014976_OP014976_1_SEVERE_ACUTE_RESPIRATORY_SHUMAN-_-HUMAN._.    1.05%    passed     99.99%
 163  ENA_OP014943_OP014943_1_SEVERE_ACUTE_RESPIRATORY_SHUMAN-_-HUMAN._.    2.03%    passed     99.68%
 164  ENA_OP015505_OP015505_1_SEVERE_ACUTE_RESPIRATORY_SHUMAN-_-HUMAN._.    1.87%    passed     99.98%
 165  ENA_OP014977_OP014977_1_SEVERE_ACUTE_RESPIRATORY_SHUMAN-_-HUMAN._.    4.54%    passed     92.30%
 166  ENA_OP015018_OP015018_1_SEVERE_ACUTE_RESPIRATORY_SHUMAN-_-HUMAN._.    1.00%    passed     99.94%
 167  ENA_OP015005_OP015005_1_SEVERE_ACUTE_RESPIRATORY_SHUMAN-_-HUMAN._.    0.91%    passed     99.98%
 168  ENA_OP015016_OP015016_1_SEVERE_ACUTE_RESPIRATORY_SHUMAN-_-HUMAN._.    1.79%    passed     99.67%
 169  ENA_OP015011_OP015011_1_SEVERE_ACUTE_RESPIRATORY_SHUMAN-_-HUMAN._.    1.24%    passed     99.96%
 170  ENA_OP015012_OP015012_1_SEVERE_ACUTE_RESPIRATORY_SHUMAN-_-HUMAN._.    1.63%    passed     99.98%
 171  ENA_OP015021_OP015021_1_SEVERE_ACUTE_RESPIRATORY_SHUMAN-_-HUMAN._.    1.58%    passed     99.87%
 172  ENA_OP015020_OP015020_1_SEVERE_ACUTE_RESPIRATORY_SHUMAN-_-HUMAN._.    1.24%    passed     99.91%
 173  ENA_OP015027_OP015027_1_SEVERE_ACUTE_RESPIRATORY_SHUMAN-_-HUMAN._.    1.13%    passed     99.89%
 174  ENA_OP015169_OP015169_1_SEVERE_ACUTE_RESPIRATORY_SHUMAN-_-HUMAN._.    1.27%    passed     99.84%
 175  ENA_OP015024_OP015024_1_SEVERE_ACUTE_RESPIRATORY_SHUMAN-_-HUMAN._.    1.02%    passed     99.99%
 176  ENA_OP015014_OP015014_1_SEVERE_ACUTE_RESPIRATORY_SHUMAN-_-HUMAN._.    0.89%    passed     99.98%
 177  ENA_OP015010_OP015010_1_SEVERE_ACUTE_RESPIRATORY_SHUMAN-_-HUMAN._.    1.89%    passed     99.94%
 178  ENA_OP015037_OP015037_1_SEVERE_ACUTE_RESPIRATORY_SHUMAN-_-HUMAN._.    1.24%    passed     99.97%
 179  ENA_OP015064_OP015064_1_SEVERE_ACUTE_RESPIRATORY_SHUMAN-_-HUMAN._.    1.26%    passed    100.00%
 180  ENA_OP015058_OP015058_1_SEVERE_ACUTE_RESPIRATORY_SHUMAN-_-HUMAN._.    1.16%    passed    100.00%
 181  ENA_OP015054_OP015054_1_SEVERE_ACUTE_RESPIRATORY_SHUMAN-_-HUMAN._.    1.13%    passed     99.93%
 182  ENA_OP015039_OP015039_1_SEVERE_ACUTE_RESPIRATORY_SHUMAN-_-HUMAN._.    1.86%    passed     99.56%
 183  ENA_OP015044_OP015044_1_SEVERE_ACUTE_RESPIRATORY_SHUMAN-_-HUMAN._.    2.49%    passed     98.61%
 184  ENA_OP015589_OP015589_1_SEVERE_ACUTE_RESPIRATORY_SHUMAN-_-HUMAN._.    1.32%    passed     99.95%
 185  ENA_OP015050_OP015050_1_SEVERE_ACUTE_RESPIRATORY_SHUMAN-_-HUMAN._.    1.83%    passed     99.93%
****  TOTAL                                                                 2.68%  1 sequences failed composition chi2 test (p-value<5%; df=3)
NOTE: ENA_OP014804_OP014804_1_SEVERE_ACUTE_RESPIRATORY_SHUMAN-_-HUMAN._. is identical to ENA_OP014814_OP014814_1_SEVERE_ACUTE_RESPIRATORY_SHUMAN-_-HUMAN._. but kept for subsequent analysis
Checking for duplicate sequences: done in 0.00240111 secs using 99.87% CPU


Create initial parsimony tree by phylogenetic likelihood library (PLL)... 0.037 seconds
Perform fast likelihood tree search using GTR+I+G model...
Estimate model parameters (epsilon = 5.000)
Perform nearest neighbor interchange...
Optimizing NNI: done in 2.98449 secs using 100% CPU
Estimate model parameters (epsilon = 1.000)
1. Initial log-likelihood: -54845.062
Optimal log-likelihood: -54844.824
Rate parameters:  A-C: 0.30491  A-G: 1.40608  A-T: 0.19739  C-G: 0.29341  C-T: 5.86133  G-T: 1.00000
Base frequencies:  A: 0.299  C: 0.183  G: 0.196  T: 0.322
Proportion of invariable sites: 0.484
Gamma shape alpha: 0.110
Parameters optimization took 1 rounds (0.997 sec)
Time for fast ML tree search: 12.136 seconds

NOTE: ModelFinder requires 188 MB RAM!
ModelFinder will test up to 484 DNA models (sample size: 29994) ...
 No. Model         -LnL         df  AIC          AICc         BIC
  1  GTR+F         55414.086    375 111578.171   111587.693   114693.954
  2  GTR+F+I       54844.637    376 110441.274   110450.846   113565.365
  3  GTR+F+G4      54949.543    376 110651.086   110660.659   113775.177
  4  GTR+F+I+G4    54827.351    377 110408.703   110418.326   113541.102
  5  GTR+F+R2      54759.693    377 110273.386   110283.010   113405.786
  6  GTR+F+R3      54759.419    379 110276.838   110286.564   113425.855
 14  GTR+F+I+R2    54732.912    378 110221.823   110231.498   113362.532
 15  GTR+F+I+R3    54712.310    380 110184.619   110194.397   113341.945
 16  GTR+F+I+R4    54699.323    382 110162.647   110172.529   113336.590
 17  GTR+F+I+R5    54690.559    384 110149.118   110159.104   113339.679
 37  SYM+I+R3      55771.663    377 112297.327   112306.951   115429.727
 38  SYM+I+R4      55755.230    379 112268.459   112278.186   115417.476
 39  SYM+I+R5      55752.640    381 112267.280   112277.110   115432.915
 59  TVM+F+I+R3    54902.558    379 110563.116   110572.843   113712.134
 60  TVM+F+I+R4    54898.331    381 110558.662   110568.492   113724.297
 81  TVMe+I+R3     55970.262    376 112692.524   112702.096   115816.615
 82  TVMe+I+R4     55968.030    378 112692.060   112701.735   115832.768
103  TIM3+F+I+R3   54771.272    378 110298.545   110308.220   113439.253
104  TIM3+F+I+R4   54746.160    380 110252.320   110262.098   113409.646
105  TIM3+F+I+R5   54742.523    382 110249.047   110258.929   113422.990
125  TIM3e+I+R3    55814.746    375 112379.491   112389.012   115495.273
126  TIM3e+I+R4    55796.965    377 112347.931   112357.555   115480.331
127  TIM3e+I+R5    55793.747    379 112345.494   112355.221   115494.512
147  TIM2+F+I+R3   54742.996    378 110241.991   110251.666   113382.700
148  TIM2+F+I+R4   54719.076    380 110198.153   110207.931   113355.479
149  TIM2+F+I+R5   54715.521    382 110195.041   110204.923   113368.985
169  TIM2e+I+R3    55828.470    375 112406.940   112416.461   115522.722
170  TIM2e+I+R4    55809.912    377 112373.825   112383.448   115506.225
171  TIM2e+I+R5    55809.480    379 112376.959   112386.686   115525.977
191  TIM+F+I+R3    54745.676    378 110247.352   110257.027   113388.061
192  TIM+F+I+R4    54720.317    380 110200.635   110210.413   113357.961
193  TIM+F+I+R5    54716.997    382 110197.993   110207.875   113371.937
213  TIMe+I+R3     55817.415    375 112384.831   112394.352   115500.613
214  TIMe+I+R4     55798.506    377 112351.011   112360.635   115483.411
215  TIMe+I+R5     55795.467    379 112348.934   112358.660   115497.951
235  TPM3u+F+I+R3  54963.311    377 110680.621   110690.245   113813.021
236  TPM3u+F+I+R4  54959.308    379 110676.615   110686.342   113825.632
257  TPM3+I+R3     56011.441    374 112770.882   112780.352   115878.355
258  TPM3+I+R4     56009.411    376 112770.821   112780.393   115894.912
279  TPM2u+F+I+R3  54939.735    377 110633.470   110643.094   113765.870
280  TPM2u+F+I+R4  54919.450    379 110596.900   110606.626   113745.917
WARNING: Log-likelihood -54939.1 of TPM2u+F+I+R5 worse than TPM2u+F+I+R4 -54919.4
281  TPM2u+F+I+R5  54939.103    381 110640.207   110650.036   113805.841
301  TPM2+I+R3     56034.260    374 112816.521   112825.991   115923.994
302  TPM2+I+R4     56031.598    376 112815.197   112824.769   115939.288
323  K3Pu+F+I+R3   54945.930    377 110645.861   110655.485   113778.261
324  K3Pu+F+I+R4   54926.282    379 110610.564   110620.290   113759.581
WARNING: Log-likelihood -54945.3 of K3Pu+F+I+R5 worse than K3Pu+F+I+R4 -54926.3
325  K3Pu+F+I+R5   54945.258    381 110652.516   110662.346   113818.151
345  K3P+I+R3      56021.691    374 112791.381   112800.852   115898.855
346  K3P+I+R4      56019.045    376 112790.090   112799.663   115914.181
367  TN+F+I+R3     54781.382    377 110316.765   110326.388   113449.165
368  TN+F+I+R4     54755.467    379 110268.933   110278.660   113417.950
369  TN+F+I+R5     54752.955    381 110267.911   110277.741   113433.546
389  TNe+I+R3      55849.895    374 112447.790   112457.260   115555.263
390  TNe+I+R4      55830.458    376 112412.915   112422.487   115537.006
391  TNe+I+R5      55827.271    378 112410.542   112420.217   115551.250
411  HKY+F+I+R3    54979.949    376 110711.898   110721.471   113835.989
412  HKY+F+I+R4    54962.854    378 110681.708   110691.383   113822.417
WARNING: Log-likelihood -54978.6 of HKY+F+I+R5 worse than HKY+F+I+R4 -54962.9
413  HKY+F+I+R5    54978.610    380 110717.219   110726.998   113874.545
433  K2P+I+R3      56054.038    373 112854.076   112863.496   115953.241
434  K2P+I+R4      56051.381    375 112852.762   112862.284   115968.545
455  F81+F+I+R3    55740.222    375 112230.444   112239.966   115346.227
456  F81+F+I+R4    55737.129    377 112228.257   112237.881   115360.657
477  JC+I+R3       56819.094    372 114382.188   114391.557   117473.044
478  JC+I+R4       56816.600    374 114381.201   114390.671   117488.674
Akaike Information Criterion:           GTR+F+I+R5
Corrected Akaike Information Criterion: GTR+F+I+R5
Bayesian Information Criterion:         GTR+F+I+R4
Best-fit model: GTR+F+I+R4 chosen according to BIC

All model information printed to iqtree.model.gz
CPU time for ModelFinder: 6527.402 seconds (1h:48m:47s)
Wall-clock time for ModelFinder: 6533.277 seconds (1h:48m:53s)

NOTE: 75 MB RAM (0 GB) is required!
Estimate model parameters (epsilon = 0.100)
1. Initial log-likelihood: -54699.323
2. Current log-likelihood: -54698.878
3. Current log-likelihood: -54698.430
4. Current log-likelihood: -54697.981
5. Current log-likelihood: -54697.533
6. Current log-likelihood: -54697.086
7. Current log-likelihood: -54696.642
8. Current log-likelihood: -54696.205
9. Current log-likelihood: -54695.774
10. Current log-likelihood: -54695.353
11. Current log-likelihood: -54694.943
12. Current log-likelihood: -54694.546
13. Current log-likelihood: -54694.163
14. Current log-likelihood: -54693.795
15. Current log-likelihood: -54693.444
16. Current log-likelihood: -54693.110
17. Current log-likelihood: -54692.795
18. Current log-likelihood: -54692.498
19. Current log-likelihood: -54692.220
20. Current log-likelihood: -54691.962
21. Current log-likelihood: -54691.617
22. Current log-likelihood: -54691.347
23. Current log-likelihood: -54691.110
24. Current log-likelihood: -54690.892
25. Current log-likelihood: -54690.693
26. Current log-likelihood: -54690.513
27. Current log-likelihood: -54690.351
28. Current log-likelihood: -54690.205
29. Current log-likelihood: -54690.074
30. Current log-likelihood: -54689.956
31. Current log-likelihood: -54689.848
32. Current log-likelihood: -54689.744
33. Current log-likelihood: -54689.639
Optimal log-likelihood: -54689.534
Rate parameters:  A-C: 0.30802  A-G: 1.35407  A-T: 0.18849  C-G: 0.28244  C-T: 6.02461  G-T: 1.00000
Base frequencies:  A: 0.299  C: 0.183  G: 0.196  T: 0.322
Proportion of invariable sites: 0.659
Site proportion and rates:  (0.170,1.660) (0.147,1.662) (0.023,17.470) (0.000,208.333)
Parameters optimization took 33 rounds (48.235 sec)
Wrote distance file to... 
Computing ML distances based on estimated model parameters...
Calculating distance matrix: done in 0.405903 secs using 99.01% CPU
Computing ML distances took 0.408946 sec (of wall-clock time) 0.404933 sec (of CPU time)
Setting up auxiliary I and S matrices: done in 0.00110102 secs using 99.91% CPU
Constructing RapidNJ tree: done in 0.00243497 secs using 167.1% CPU
Computing RapidNJ tree took 0.003606 sec (of wall-clock time) 0.005242 sec (of CPU time)
Log-likelihood of RapidNJ tree: -54795.160
--------------------------------------------------------------------
|             INITIALIZING CANDIDATE TREE SET                      |
--------------------------------------------------------------------
Generating 98 parsimony trees... 4.216 second
Computing log-likelihood of 98 initial trees ... 17.627 seconds
Current best score: -54689.534

Do NNI search on 20 best initial trees
Optimizing NNI: done in 0.913161 secs using 99.12% CPU
Estimate model parameters (epsilon = 0.100)
BETTER TREE FOUND at iteration 1: -54689.442
Optimizing NNI: done in 3.13385 secs using 99.23% CPU
Estimate model parameters (epsilon = 0.100)
BETTER TREE FOUND at iteration 2: -54687.426
Optimizing NNI: done in 3.43001 secs using 99.65% CPU
BETTER TREE FOUND at iteration 3: -54687.422
Optimizing NNI: done in 2.65243 secs using 100% CPU
Estimate model parameters (epsilon = 0.100)
BETTER TREE FOUND at iteration 4: -54687.109
Optimizing NNI: done in 2.82028 secs using 99.57% CPU
Optimizing NNI: done in 2.68691 secs using 99.55% CPU
Optimizing NNI: done in 2.72861 secs using 99.27% CPU
Optimizing NNI: done in 2.95234 secs using 99.32% CPU
Optimizing NNI: done in 2.74959 secs using 99.85% CPU
Optimizing NNI: done in 3.03339 secs using 99.73% CPU
Iteration 10 / LogL: -54689.171 / Time: 0h:1m:50s
Optimizing NNI: done in 3.1932 secs using 99.5% CPU
Optimizing NNI: done in 2.96741 secs using 99.59% CPU
Optimizing NNI: done in 2.7181 secs using 99.7% CPU
Optimizing NNI: done in 2.75806 secs using 99.85% CPU
Optimizing NNI: done in 2.78012 secs using 99.71% CPU
Optimizing NNI: done in 2.93801 secs using 99.59% CPU
Optimizing NNI: done in 2.37296 secs using 99.66% CPU
Optimizing NNI: done in 2.97894 secs using 99.86% CPU
Optimizing NNI: done in 2.77175 secs using 99.86% CPU
Optimizing NNI: done in 3.04463 secs using 100% CPU
Iteration 20 / LogL: -54689.187 / Time: 0h:2m:19s
Finish initializing candidate tree set (20)
Current best tree score: -54687.109 / CPU time: 89.755
Number of iterations: 20
--------------------------------------------------------------------
|               OPTIMIZING CANDIDATE TREE SET                      |
--------------------------------------------------------------------
Optimizing NNI: done in 3.63397 secs using 99.78% CPU
Optimizing NNI: done in 3.49397 secs using 99.77% CPU
Optimizing NNI: done in 4.09064 secs using 99.51% CPU
Optimizing NNI: done in 3.45935 secs using 99.42% CPU
Optimizing NNI: done in 3.69313 secs using 99.24% CPU
Optimizing NNI: done in 3.25402 secs using 99.88% CPU
Optimizing NNI: done in 2.83355 secs using 99.57% CPU
Optimizing NNI: done in 3.20327 secs using 99.37% CPU
Optimizing NNI: done in 3.53864 secs using 99.66% CPU
Optimizing NNI: done in 3.95391 secs using 99.7% CPU
Iteration 30 / LogL: -54690.345 / Time: 0h:2m:55s (0h:7m:26s left)
Optimizing NNI: done in 3.37705 secs using 100% CPU
Optimizing NNI: done in 2.97547 secs using 99.73% CPU
Optimizing NNI: done in 3.57264 secs using 99.89% CPU
Optimizing NNI: done in 3.45668 secs using 99.65% CPU
Optimizing NNI: done in 3.59404 secs using 99.66% CPU
Optimizing NNI: done in 2.90844 secs using 99.72% CPU
Optimizing NNI: done in 3.47397 secs using 99.42% CPU
Optimizing NNI: done in 3.48038 secs using 99.77% CPU
Optimizing NNI: done in 3.39467 secs using 100% CPU
Optimizing NNI: done in 3.34854 secs using 100% CPU
Iteration 40 / LogL: -54752.035 / Time: 0h:3m:29s (0h:5m:43s left)
Optimizing NNI: done in 3.12025 secs using 100% CPU
Optimizing NNI: done in 3.48027 secs using 100% CPU
Optimizing NNI: done in 3.66864 secs using 100% CPU
Optimizing NNI: done in 3.21827 secs using 100% CPU
Optimizing NNI: done in 3.72859 secs using 100% CPU
Optimizing NNI: done in 2.96796 secs using 100% CPU
Optimizing NNI: done in 3.39321 secs using 100% CPU
Optimizing NNI: done in 3.15807 secs using 100% CPU
Optimizing NNI: done in 3.46245 secs using 100% CPU
Optimizing NNI: done in 3.22132 secs using 100% CPU
Iteration 50 / LogL: -54687.885 / Time: 0h:4m:2s (0h:4m:27s left)
Optimizing NNI: done in 3.73984 secs using 100% CPU
Optimizing NNI: done in 3.47955 secs using 100% CPU
Optimizing NNI: done in 3.47341 secs using 100% CPU
Optimizing NNI: done in 2.93226 secs using 100% CPU
Optimizing NNI: done in 3.2135 secs using 100% CPU
Optimizing NNI: done in 3.88982 secs using 100% CPU
Optimizing NNI: done in 3.34758 secs using 100% CPU
Optimizing NNI: done in 3.49986 secs using 100% CPU
Optimizing NNI: done in 3.85439 secs using 100% CPU
Optimizing NNI: done in 2.73894 secs using 100% CPU
Iteration 60 / LogL: -54736.042 / Time: 0h:4m:37s (0h:3m:26s left)
Optimizing NNI: done in 3.37984 secs using 100% CPU
Optimizing NNI: done in 3.98575 secs using 100% CPU
Optimizing NNI: done in 3.11738 secs using 100% CPU
Optimizing NNI: done in 2.95737 secs using 100% CPU
Optimizing NNI: done in 3.68971 secs using 100% CPU
Optimizing NNI: done in 3.2675 secs using 100% CPU
Optimizing NNI: done in 3.02109 secs using 100% CPU
Optimizing NNI: done in 3.65529 secs using 100% CPU
Optimizing NNI: done in 3.40718 secs using 100% CPU
Optimizing NNI: done in 3.51132 secs using 100% CPU
Iteration 70 / LogL: -54725.803 / Time: 0h:5m:11s (0h:2m:33s left)
Optimizing NNI: done in 3.7767 secs using 100% CPU
Optimizing NNI: done in 3.42534 secs using 100% CPU
Optimizing NNI: done in 3.34072 secs using 100% CPU
Optimizing NNI: done in 3.27479 secs using 100% CPU
Optimizing NNI: done in 3.67984 secs using 100% CPU
Optimizing NNI: done in 3.70592 secs using 100% CPU
Optimizing NNI: done in 3.17305 secs using 100% CPU
Optimizing NNI: done in 3.0394 secs using 100% CPU
Optimizing NNI: done in 3.06582 secs using 100% CPU
Optimizing NNI: done in 3.69882 secs using 100% CPU
Iteration 80 / LogL: -54748.875 / Time: 0h:5m:46s (0h:1m:45s left)
Optimizing NNI: done in 3.11778 secs using 100% CPU
Optimizing NNI: done in 3.56825 secs using 100% CPU
Optimizing NNI: done in 3.35997 secs using 100% CPU
Optimizing NNI: done in 3.30299 secs using 100% CPU
Optimizing NNI: done in 3.51457 secs using 100% CPU
Optimizing NNI: done in 3.07019 secs using 100% CPU
Optimizing NNI: done in 3.28438 secs using 100% CPU
Optimizing NNI: done in 3.77877 secs using 100% CPU
Optimizing NNI: done in 3.11239 secs using 100% CPU
Optimizing NNI: done in 3.17065 secs using 100% CPU
Iteration 90 / LogL: -54740.153 / Time: 0h:6m:20s (0h:0m:59s left)
Optimizing NNI: done in 3.96103 secs using 100% CPU
Optimizing NNI: done in 2.99987 secs using 100% CPU
Optimizing NNI: done in 3.72907 secs using 100% CPU
Optimizing NNI: done in 3.66342 secs using 100% CPU
Optimizing NNI: done in 3.36421 secs using 100% CPU
Optimizing NNI: done in 3.87766 secs using 100% CPU
Optimizing NNI: done in 3.56633 secs using 100% CPU
Optimizing NNI: done in 3.05306 secs using 100% CPU
Optimizing NNI: done in 2.86889 secs using 100% CPU
Optimizing NNI: done in 4.20507 secs using 100% CPU
Iteration 100 / LogL: -54704.518 / Time: 0h:6m:55s (0h:0m:16s left)
Optimizing NNI: done in 3.14242 secs using 100% CPU
Optimizing NNI: done in 3.12938 secs using 100% CPU
Optimizing NNI: done in 3.39297 secs using 100% CPU
Optimizing NNI: done in 2.82729 secs using 100% CPU
Optimizing NNI: done in 3.69399 secs using 100% CPU
TREE SEARCH COMPLETED AFTER 105 ITERATIONS / Time: 0h:7m:12s

--------------------------------------------------------------------
|                    FINALIZING TREE SEARCH                        |
--------------------------------------------------------------------
Performs final model parameters optimization
Estimate model parameters (epsilon = 0.010)
1. Initial log-likelihood: -54687.109
2. Current log-likelihood: -54687.046
3. Current log-likelihood: -54686.992
4. Current log-likelihood: -54686.944
5. Current log-likelihood: -54686.900
6. Current log-likelihood: -54686.860
7. Current log-likelihood: -54686.823
8. Current log-likelihood: -54686.787
9. Current log-likelihood: -54686.754
10. Current log-likelihood: -54686.721
11. Current log-likelihood: -54686.690
12. Current log-likelihood: -54686.659
13. Current log-likelihood: -54686.629
14. Current log-likelihood: -54686.599
15. Current log-likelihood: -54686.569
16. Current log-likelihood: -54686.540
17. Current log-likelihood: -54686.510
18. Current log-likelihood: -54686.480
19. Current log-likelihood: -54686.451
20. Current log-likelihood: -54686.421
21. Current log-likelihood: -54686.391
22. Current log-likelihood: -54686.361
23. Current log-likelihood: -54686.330
24. Current log-likelihood: -54686.300
25. Current log-likelihood: -54686.269
26. Current log-likelihood: -54686.237
27. Current log-likelihood: -54686.206
28. Current log-likelihood: -54686.174
29. Current log-likelihood: -54686.142
30. Current log-likelihood: -54686.109
31. Current log-likelihood: -54686.077
32. Current log-likelihood: -54686.044
33. Current log-likelihood: -54686.010
34. Current log-likelihood: -54685.977
35. Current log-likelihood: -54685.943
36. Current log-likelihood: -54685.908
37. Current log-likelihood: -54685.874
38. Current log-likelihood: -54685.839
39. Current log-likelihood: -54685.804
40. Current log-likelihood: -54685.768
41. Current log-likelihood: -54685.732
42. Current log-likelihood: -54685.696
43. Current log-likelihood: -54685.660
44. Current log-likelihood: -54685.623
45. Current log-likelihood: -54685.586
46. Current log-likelihood: -54685.548
47. Current log-likelihood: -54685.511
48. Current log-likelihood: -54685.473
49. Current log-likelihood: -54685.434
50. Current log-likelihood: -54685.396
51. Current log-likelihood: -54685.357
52. Current log-likelihood: -54685.317
53. Current log-likelihood: -54685.278
54. Current log-likelihood: -54685.237
55. Current log-likelihood: -54685.197
56. Current log-likelihood: -54685.157
57. Current log-likelihood: -54685.112
58. Current log-likelihood: -54685.061
59. Current log-likelihood: -54685.009
60. Current log-likelihood: -54684.959
61. Current log-likelihood: -54684.909
62. Current log-likelihood: -54684.860
63. Current log-likelihood: -54684.811
64. Current log-likelihood: -54684.762
65. Current log-likelihood: -54684.712
66. Current log-likelihood: -54684.664
67. Current log-likelihood: -54684.614
68. Current log-likelihood: -54684.565
69. Current log-likelihood: -54684.516
70. Current log-likelihood: -54684.465
71. Current log-likelihood: -54684.412
72. Current log-likelihood: -54684.355
73. Current log-likelihood: -54684.300
74. Current log-likelihood: -54684.242
75. Current log-likelihood: -54684.188
76. Current log-likelihood: -54684.133
77. Current log-likelihood: -54684.076
78. Current log-likelihood: -54684.020
79. Current log-likelihood: -54683.961
80. Current log-likelihood: -54683.904
81. Current log-likelihood: -54683.845
82. Current log-likelihood: -54683.787
83. Current log-likelihood: -54683.729
84. Current log-likelihood: -54683.666
85. Current log-likelihood: -54683.603
86. Current log-likelihood: -54683.537
87. Current log-likelihood: -54683.468
88. Current log-likelihood: -54683.397
89. Current log-likelihood: -54683.326
90. Current log-likelihood: -54683.256
91. Current log-likelihood: -54683.183
92. Current log-likelihood: -54683.111
93. Current log-likelihood: -54683.035
94. Current log-likelihood: -54682.954
95. Current log-likelihood: -54682.877
96. Current log-likelihood: -54682.799
97. Current log-likelihood: -54682.720
98. Current log-likelihood: -54682.645
99. Current log-likelihood: -54682.567
Optimal log-likelihood: -54682.567
Rate parameters:  A-C: 0.30927  A-G: 1.39036  A-T: 0.19217  C-G: 0.28728  C-T: 6.08567  G-T: 1.00000
Base frequencies:  A: 0.299  C: 0.183  G: 0.196  T: 0.322
Proportion of invariable sites: 0.754
Site proportion and rates:  (0.127,2.259) (0.110,3.717) (0.009,27.673) (0.000,280.038)
Parameters optimization took 99 rounds (140.084 sec)
BEST SCORE FOUND : -54682.567
Total tree length: 0.055

Total number of iterations: 105
CPU time used for tree search: 382.006 sec (0h:6m:22s)
Wall-clock time used for tree search: 382.602 sec (0h:6m:22s)
Total CPU time used: 571.762 sec (0h:9m:31s)
Total wall-clock time used: 572.477 sec (0h:9m:32s)

Analysis results written to: 
  IQ-TREE report:                iqtree.iqtree
  Maximum-likelihood tree:       iqtree.treefile
  Likelihood distances:          iqtree.mldist
  Screen log file:               iqtree.log

Date and Time: Mon Mar  4 08:46:42 2024
