IQ-TREE multicore version 2.2.6 COVID-edition for Linux 64-bit built Dec  8 2023
Developed by Bui Quang Minh, James Barbetti, Nguyen Lam Tung,
Olga Chernomor, Heiko Schmidt, Dominik Schrempf, Michael Woodhams, Ly Trong Nhan.

Host:    swizzle (AVX512, FMA3, 62 GB RAM)
Command: iqtree2 -s mafft_alignment.fasta -o MN908947_WUHAN_HU_1_2019_
Seed:    123491 (Using SPRNG - Scalable Parallel Random Number Generator)
Time:    Sat Mar  2 06:07:39 2024
Kernel:  AVX+FMA - 1 threads (40 CPU cores detected)

HINT: Use -nt option to specify number of threads because your CPU has 40 cores!
HINT: -nt AUTO will automatically determine the best number of threads to use.

Reading alignment file mafft_alignment.fasta ... Fasta format detected
Reading fasta file: done in 0.235757 secs using 97.13% CPU
Alignment most likely contains DNA/RNA sequences
Constructing alignment: done in 0.109303 secs using 81.7% CPU
WARNING: 90 sites contain only gaps or ambiguous characters.
Alignment has 185 sequences with 29994 columns, 3141 distinct patterns
585 parsimony-informative, 596 singleton sites, 28813 constant sites
                                                         Gap/Ambiguity  Composition  p-value
Analyzing sequences: done in 0.00445318 secs using 99.91% CPU
   1  MN908947_WUHAN_HU_1_2019_                                  0.30%    passed     96.11%
   2  ENA_OQ437945_OQ437945_1_SEVERE_ACUTE_RESPIRATORY_Sdeer     0.64%    passed     99.75%
   3  ENA_OQ437954_OQ437954_1_SEVERE_ACUTE_RESPIRATORY_Sdeer     0.79%    passed     99.89%
   4  ENA_OQ437980_OQ437980_1_SEVERE_ACUTE_RESPIRATORY_Sdeer     0.63%    passed     99.98%
   5  ENA_OQ437956_OQ437956_1_SEVERE_ACUTE_RESPIRATORY_Sdeer     0.59%    passed     99.83%
   6  ENA_OQ437977_OQ437977_1_SEVERE_ACUTE_RESPIRATORY_Sdeer     0.63%    passed     99.91%
   7  ENA_OQ437920_OQ437920_1_SEVERE_ACUTE_RESPIRATORY_Sdeer     0.64%    passed     99.82%
   8  ENA_OQ437934_OQ437934_1_SEVERE_ACUTE_RESPIRATORY_Sdeer     0.81%    passed     99.92%
   9  ENA_OQ437917_OQ437917_1_SEVERE_ACUTE_RESPIRATORY_Sdeer     0.72%    passed     99.99%
  10  ENA_OQ437916_OQ437916_1_SEVERE_ACUTE_RESPIRATORY_Sdeer     0.63%    passed     99.98%
  11  ENA_OQ437932_OQ437932_1_SEVERE_ACUTE_RESPIRATORY_Sdeer     0.78%    passed     99.99%
  12  ENA_OQ437923_OQ437923_1_SEVERE_ACUTE_RESPIRATORY_Sdeer     0.83%    passed     99.99%
  13  ENA_OQ437919_OQ437919_1_SEVERE_ACUTE_RESPIRATORY_Sdeer     0.64%    passed    100.00%
  14  ENA_OQ437913_OQ437913_1_SEVERE_ACUTE_RESPIRATORY_Sdeer     0.65%    passed     99.98%
  15  ENA_OQ437926_OQ437926_1_SEVERE_ACUTE_RESPIRATORY_Sdeer     0.64%    passed     99.97%
  16  ENA_OQ437914_OQ437914_1_SEVERE_ACUTE_RESPIRATORY_Sdeer     0.65%    passed     99.75%
  17  ENA_OQ437936_OQ437936_1_SEVERE_ACUTE_RESPIRATORY_Sdeer     0.62%    passed     99.94%
  18  ENA_OQ437943_OQ437943_1_SEVERE_ACUTE_RESPIRATORY_Sdeer     0.64%    passed     99.97%
  19  ENA_OQ437940_OQ437940_1_SEVERE_ACUTE_RESPIRATORY_Sdeer     0.67%    passed     99.97%
  20  ENA_OQ437937_OQ437937_1_SEVERE_ACUTE_RESPIRATORY_Sdeer     0.64%    passed    100.00%
  21  ENA_OQ437941_OQ437941_1_SEVERE_ACUTE_RESPIRATORY_Sdeer     0.62%    passed    100.00%
  22  ENA_OQ437952_OQ437952_1_SEVERE_ACUTE_RESPIRATORY_Sdeer     0.91%    passed     99.97%
  23  ENA_OQ437969_OQ437969_1_SEVERE_ACUTE_RESPIRATORY_Sdeer     0.82%    passed     99.91%
  24  ENA_OQ437942_OQ437942_1_SEVERE_ACUTE_RESPIRATORY_Sdeer     0.73%    passed     99.79%
  25  ENA_OQ437967_OQ437967_1_SEVERE_ACUTE_RESPIRATORY_Sdeer     0.65%    passed     99.84%
  26  ENA_OQ437972_OQ437972_1_SEVERE_ACUTE_RESPIRATORY_Sdeer     0.71%    passed     99.84%
  27  ENA_OQ437978_OQ437978_1_SEVERE_ACUTE_RESPIRATORY_Sdeer     0.64%    passed     99.86%
  28  ENA_OQ437947_OQ437947_1_SEVERE_ACUTE_RESPIRATORY_Sdeer     0.63%    passed     99.93%
  29  ENA_OQ437944_OQ437944_1_SEVERE_ACUTE_RESPIRATORY_Sdeer     1.36%    passed     99.98%
  30  ENA_OQ437939_OQ437939_1_SEVERE_ACUTE_RESPIRATORY_Sdeer     1.30%    passed     99.91%
  31  ENA_OQ437950_OQ437950_1_SEVERE_ACUTE_RESPIRATORY_Sdeer     2.30%    passed     99.77%
  32  ENA_OQ437949_OQ437949_1_SEVERE_ACUTE_RESPIRATORY_Sdeer     7.54%    passed     79.64%
  33  ENA_OQ437990_OQ437990_1_SEVERE_ACUTE_RESPIRATORY_Sdeer     1.85%    passed     99.99%
  34  ENA_OQ437982_OQ437982_1_SEVERE_ACUTE_RESPIRATORY_Sdeer     2.16%    passed     99.68%
  35  ENA_OQ437989_OQ437989_1_SEVERE_ACUTE_RESPIRATORY_Sdeer     1.37%    passed     99.51%
  36  ENA_OQ437975_OQ437975_1_SEVERE_ACUTE_RESPIRATORY_Sdeer     2.63%    passed     99.66%
  37  ENA_OQ437912_OQ437912_1_SEVERE_ACUTE_RESPIRATORY_Sdeer    14.66%    passed     60.38%
  38  ENA_OQ437953_OQ437953_1_SEVERE_ACUTE_RESPIRATORY_Sdeer     3.68%    passed     99.52%
  39  ENA_OQ437915_OQ437915_1_SEVERE_ACUTE_RESPIRATORY_Sdeer     2.27%    passed     98.09%
  40  ENA_OQ437930_OQ437930_1_SEVERE_ACUTE_RESPIRATORY_Sdeer     2.11%    passed     99.91%
  41  ENA_OQ437927_OQ437927_1_SEVERE_ACUTE_RESPIRATORY_Sdeer     2.29%    passed     98.79%
  42  ENA_OQ437938_OQ437938_1_SEVERE_ACUTE_RESPIRATORY_Sdeer     1.38%    passed     99.70%
  43  ENA_OQ437951_OQ437951_1_SEVERE_ACUTE_RESPIRATORY_Sdeer     4.15%    passed     96.59%
  44  ENA_OQ437983_OQ437983_1_SEVERE_ACUTE_RESPIRATORY_Sdeer     1.30%    passed     99.97%
  45  ENA_OQ437955_OQ437955_1_SEVERE_ACUTE_RESPIRATORY_Sdeer     2.35%    passed     99.87%
  46  ENA_OQ437985_OQ437985_1_SEVERE_ACUTE_RESPIRATORY_Sdeer     1.19%    passed     99.87%
  47  ENA_OQ437971_OQ437971_1_SEVERE_ACUTE_RESPIRATORY_Sdeer     1.39%    passed     99.77%
  48  ENA_OQ437984_OQ437984_1_SEVERE_ACUTE_RESPIRATORY_Sdeer     1.28%    passed     99.82%
  49  ENA_OQ449343_OQ449343_1_SEVERE_ACUTE_RESPIRATORY_Sdeer    10.79%    passed     74.42%
  50  ENA_OQ449344_OQ449344_1_SEVERE_ACUTE_RESPIRATORY_Sdeer     1.23%    passed     99.95%
  51  ENA_OQ437962_OQ437962_1_SEVERE_ACUTE_RESPIRATORY_Sdeer     0.72%    passed     99.85%
  52  ENA_OQ437928_OQ437928_1_SEVERE_ACUTE_RESPIRATORY_Sdeer     0.64%    passed     99.89%
  53  ENA_OQ437974_OQ437974_1_SEVERE_ACUTE_RESPIRATORY_Sdeer     0.68%    passed     99.57%
  54  ENA_OQ437986_OQ437986_1_SEVERE_ACUTE_RESPIRATORY_Sdeer     1.13%    passed     99.95%
  55  ENA_OQ437988_OQ437988_1_SEVERE_ACUTE_RESPIRATORY_Sdeer     0.83%    passed     99.93%
  56  ENA_OQ437946_OQ437946_1_SEVERE_ACUTE_RESPIRATORY_Sdeer     0.87%    passed     99.99%
  57  ENA_OQ437987_OQ437987_1_SEVERE_ACUTE_RESPIRATORY_Sdeer     0.65%    passed     99.90%
  58  ENA_OQ437929_OQ437929_1_SEVERE_ACUTE_RESPIRATORY_Sdeer     0.63%    passed     99.91%
  59  ENA_OQ437918_OQ437918_1_SEVERE_ACUTE_RESPIRATORY_Sdeer     0.64%    passed     99.89%
  60  ENA_OQ437922_OQ437922_1_SEVERE_ACUTE_RESPIRATORY_Sdeer     1.97%    passed     99.97%
  61  ENA_OQ437933_OQ437933_1_SEVERE_ACUTE_RESPIRATORY_Sdeer     2.13%    passed     99.04%
  62  ENA_OQ437931_OQ437931_1_SEVERE_ACUTE_RESPIRATORY_Sdeer     2.77%    passed     99.88%
  63  ENA_OQ437925_OQ437925_1_SEVERE_ACUTE_RESPIRATORY_Sdeer     2.65%    passed     99.96%
  64  ENA_OQ437924_OQ437924_1_SEVERE_ACUTE_RESPIRATORY_Sdeer     6.44%    passed     76.78%
  65  ENA_OQ437921_OQ437921_1_SEVERE_ACUTE_RESPIRATORY_Sdeer     0.84%    passed     99.91%
  66  ENA_OQ437957_OQ437957_1_SEVERE_ACUTE_RESPIRATORY_Sdeer     2.31%    passed     99.82%
  67  ENA_OQ437958_OQ437958_1_SEVERE_ACUTE_RESPIRATORY_Sdeer     0.64%    passed     99.75%
  68  ENA_OQ437968_OQ437968_1_SEVERE_ACUTE_RESPIRATORY_Sdeer     1.46%    passed     99.78%
  69  ENA_OQ437964_OQ437964_1_SEVERE_ACUTE_RESPIRATORY_Sdeer     2.16%    passed     99.84%
  70  ENA_OQ437981_OQ437981_1_SEVERE_ACUTE_RESPIRATORY_Sdeer     1.22%    passed     99.97%
  71  ENA_OQ437979_OQ437979_1_SEVERE_ACUTE_RESPIRATORY_Sdeer     5.47%    passed     82.37%
  72  ENA_OQ437970_OQ437970_1_SEVERE_ACUTE_RESPIRATORY_Sdeer     1.23%    passed     99.98%
  73  ENA_OQ437973_OQ437973_1_SEVERE_ACUTE_RESPIRATORY_Sdeer     3.56%    passed     99.53%
  74  ENA_OQ437961_OQ437961_1_SEVERE_ACUTE_RESPIRATORY_Sdeer     0.64%    passed     99.99%
  75  ENA_OQ437963_OQ437963_1_SEVERE_ACUTE_RESPIRATORY_Sdeer     0.64%    passed     99.98%
  76  ENA_OQ437960_OQ437960_1_SEVERE_ACUTE_RESPIRATORY_Sdeer     6.08%    passed     90.56%
  77  ENA_OQ437976_OQ437976_1_SEVERE_ACUTE_RESPIRATORY_Sdeer    24.96%    passed     85.26%
  78  ENA_OQ437948_OQ437948_1_SEVERE_ACUTE_RESPIRATORY_Sdeer    32.43%    passed     81.29%
  79  ENA_OQ437959_OQ437959_1_SEVERE_ACUTE_RESPIRATORY_Sdeer    34.41%    passed      9.51%
  80  ENA_OQ466563_OQ466563_1_SEVERE_ACUTE_RESPIRATORY_Sdeer    37.50%    failed      4.54%
  81  ENA_OQ437935_OQ437935_1_SEVERE_ACUTE_RESPIRATORY_Sdeer    17.55%    passed     38.25%
  82  ENA_OL320069_OL320069_1_SEVERE_ACUTE_RESPIRATORY_Shuman    4.09%    passed     99.39%
  83  ENA_ON840422_ON840422_1_SEVERE_ACUTE_RESPIRATORY_Shuman    1.45%    passed     99.16%
  84  ENA_OL318841_OL318841_1_SEVERE_ACUTE_RESPIRATORY_Shuman    1.99%    passed     99.12%
  85  ENA_OL320072_OL320072_1_SEVERE_ACUTE_RESPIRATORY_Shuman    3.40%    passed     99.84%
  86  ENA_OP014916_OP014916_1_SEVERE_ACUTE_RESPIRATORY_Shuman    2.14%    passed     99.77%
  87  ENA_OP019191_OP019191_1_SEVERE_ACUTE_RESPIRATORY_Shuman    1.57%    passed     99.78%
  88  ENA_OP019218_OP019218_1_SEVERE_ACUTE_RESPIRATORY_Shuman    1.56%    passed     99.75%
  89  ENA_OP019211_OP019211_1_SEVERE_ACUTE_RESPIRATORY_Shuman    2.50%    passed     98.27%
  90  ENA_OP019215_OP019215_1_SEVERE_ACUTE_RESPIRATORY_Shuman    5.06%    passed     87.97%
  91  ENA_OP019208_OP019208_1_SEVERE_ACUTE_RESPIRATORY_Shuman    2.09%    passed     99.90%
  92  ENA_OP019235_OP019235_1_SEVERE_ACUTE_RESPIRATORY_Shuman    1.83%    passed     99.88%
  93  ENA_OP019223_OP019223_1_SEVERE_ACUTE_RESPIRATORY_Shuman    2.16%    passed     98.01%
  94  ENA_OP019240_OP019240_1_SEVERE_ACUTE_RESPIRATORY_Shuman    9.67%    passed     88.51%
  95  ENA_OP019226_OP019226_1_SEVERE_ACUTE_RESPIRATORY_Shuman    5.66%    passed     91.10%
  96  ENA_OP019222_OP019222_1_SEVERE_ACUTE_RESPIRATORY_Shuman    9.63%    passed     83.32%
  97  ENA_OP019219_OP019219_1_SEVERE_ACUTE_RESPIRATORY_Shuman   10.81%    passed     66.18%
  98  ENA_OP019209_OP019209_1_SEVERE_ACUTE_RESPIRATORY_Shuman    2.27%    passed     99.83%
  99  ENA_OP019239_OP019239_1_SEVERE_ACUTE_RESPIRATORY_Shuman    4.63%    passed     92.25%
 100  ENA_OP019233_OP019233_1_SEVERE_ACUTE_RESPIRATORY_Shuman    2.17%    passed     99.60%
 101  ENA_OP019227_OP019227_1_SEVERE_ACUTE_RESPIRATORY_Shuman    2.51%    passed     98.50%
 102  ENA_OP019249_OP019249_1_SEVERE_ACUTE_RESPIRATORY_Shuman    1.80%    passed     99.91%
 103  ENA_OP019228_OP019228_1_SEVERE_ACUTE_RESPIRATORY_Shuman    2.59%    passed     97.34%
 104  ENA_OP019395_OP019395_1_SEVERE_ACUTE_RESPIRATORY_Shuman    0.92%    passed     99.96%
 105  ENA_OP019256_OP019256_1_SEVERE_ACUTE_RESPIRATORY_Shuman    1.78%    passed     99.78%
 106  ENA_OP019246_OP019246_1_SEVERE_ACUTE_RESPIRATORY_Shuman    9.25%    passed     89.26%
 107  ENA_OP019248_OP019248_1_SEVERE_ACUTE_RESPIRATORY_Shuman    3.07%    passed     98.90%
 108  ENA_OP019231_OP019231_1_SEVERE_ACUTE_RESPIRATORY_Shuman    0.92%    passed     99.98%
 109  ENA_OP019392_OP019392_1_SEVERE_ACUTE_RESPIRATORY_Shuman    0.92%    passed     99.96%
 110  ENA_OP014642_OP014642_1_SEVERE_ACUTE_RESPIRATORY_Shuman    1.87%    passed    100.00%
 111  ENA_OP014658_OP014658_1_SEVERE_ACUTE_RESPIRATORY_Shuman    1.32%    passed     99.94%
 112  ENA_OP014624_OP014624_1_SEVERE_ACUTE_RESPIRATORY_Shuman    1.02%    passed     99.99%
 113  ENA_OP014636_OP014636_1_SEVERE_ACUTE_RESPIRATORY_Shuman    1.95%    passed     99.77%
 114  ENA_OP019243_OP019243_1_SEVERE_ACUTE_RESPIRATORY_Shuman    2.63%    passed     99.89%
 115  ENA_OP014653_OP014653_1_SEVERE_ACUTE_RESPIRATORY_Shuman    0.89%    passed     99.98%
 116  ENA_OP014649_OP014649_1_SEVERE_ACUTE_RESPIRATORY_Shuman    0.94%    passed    100.00%
 117  ENA_OP014634_OP014634_1_SEVERE_ACUTE_RESPIRATORY_Shuman    2.06%    passed     99.76%
 118  ENA_OP014988_OP014988_1_SEVERE_ACUTE_RESPIRATORY_Shuman    1.10%    passed     99.80%
 119  ENA_OP014655_OP014655_1_SEVERE_ACUTE_RESPIRATORY_Shuman    0.91%    passed     99.97%
 120  ENA_OP014662_OP014662_1_SEVERE_ACUTE_RESPIRATORY_Shuman    1.10%    passed     99.94%
 121  ENA_OP014644_OP014644_1_SEVERE_ACUTE_RESPIRATORY_Shuman    1.12%    passed     99.92%
 122  ENA_OP015252_OP015252_1_SEVERE_ACUTE_RESPIRATORY_Shuman    1.76%    passed     99.48%
 123  ENA_OP015103_OP015103_1_SEVERE_ACUTE_RESPIRATORY_Shuman    1.21%    passed     99.97%
 124  ENA_OP014787_OP014787_1_SEVERE_ACUTE_RESPIRATORY_Shuman    1.48%    passed     99.98%
 125  ENA_OP014805_OP014805_1_SEVERE_ACUTE_RESPIRATORY_Shuman    1.23%    passed     99.98%
 126  ENA_OP016620_OP016620_1_SEVERE_ACUTE_RESPIRATORY_Shuman    0.90%    passed     99.99%
 127  ENA_OP014796_OP014796_1_SEVERE_ACUTE_RESPIRATORY_Shuman    2.06%    passed     99.83%
 128  ENA_OP014809_OP014809_1_SEVERE_ACUTE_RESPIRATORY_Shuman    2.14%    passed     99.93%
 129  ENA_OP014810_OP014810_1_SEVERE_ACUTE_RESPIRATORY_Shuman    1.05%    passed    100.00%
 130  ENA_OP014812_OP014812_1_SEVERE_ACUTE_RESPIRATORY_Shuman    3.59%    passed     98.21%
 131  ENA_OP014797_OP014797_1_SEVERE_ACUTE_RESPIRATORY_Shuman    1.26%    passed     99.96%
 132  ENA_OP014819_OP014819_1_SEVERE_ACUTE_RESPIRATORY_Shuman    2.75%    passed     98.50%
 133  ENA_OP014793_OP014793_1_SEVERE_ACUTE_RESPIRATORY_Shuman    1.75%    passed     99.93%
 134  ENA_OP014811_OP014811_1_SEVERE_ACUTE_RESPIRATORY_Shuman    2.93%    passed     98.15%
 135  ENA_OP014795_OP014795_1_SEVERE_ACUTE_RESPIRATORY_Shuman    1.95%    passed     99.95%
 136  ENA_OP016656_OP016656_1_SEVERE_ACUTE_RESPIRATORY_Shuman    1.84%    passed     99.76%
 137  ENA_OP014801_OP014801_1_SEVERE_ACUTE_RESPIRATORY_Shuman    0.94%    passed    100.00%
 138  ENA_OP014814_OP014814_1_SEVERE_ACUTE_RESPIRATORY_Shuman    0.91%    passed    100.00%
 139  ENA_OP014804_OP014804_1_SEVERE_ACUTE_RESPIRATORY_Shuman    0.91%    passed    100.00%
 140  ENA_OP014834_OP014834_1_SEVERE_ACUTE_RESPIRATORY_Shuman    0.89%    passed     99.97%
 141  ENA_OP014841_OP014841_1_SEVERE_ACUTE_RESPIRATORY_Shuman    1.21%    passed     99.96%
 142  ENA_OP014825_OP014825_1_SEVERE_ACUTE_RESPIRATORY_Shuman    1.38%    passed     99.93%
 143  ENA_OP014828_OP014828_1_SEVERE_ACUTE_RESPIRATORY_Shuman    0.91%    passed     99.99%
 144  ENA_OP015373_OP015373_1_SEVERE_ACUTE_RESPIRATORY_Shuman    1.12%    passed     99.91%
 145  ENA_OP014815_OP014815_1_SEVERE_ACUTE_RESPIRATORY_Shuman    1.03%    passed     99.91%
 146  ENA_OP014844_OP014844_1_SEVERE_ACUTE_RESPIRATORY_Shuman    1.02%    passed     99.94%
 147  ENA_OP014853_OP014853_1_SEVERE_ACUTE_RESPIRATORY_Shuman    0.91%    passed     99.97%
 148  ENA_OP014850_OP014850_1_SEVERE_ACUTE_RESPIRATORY_Shuman    1.53%    passed     99.72%
 149  ENA_OP014838_OP014838_1_SEVERE_ACUTE_RESPIRATORY_Shuman    1.00%    passed     99.97%
 150  ENA_OP019407_OP019407_1_SEVERE_ACUTE_RESPIRATORY_Shuman    0.92%    passed     99.96%
 151  ENA_OP015352_OP015352_1_SEVERE_ACUTE_RESPIRATORY_Shuman    1.34%    passed     99.94%
 152  ENA_OP014851_OP014851_1_SEVERE_ACUTE_RESPIRATORY_Shuman    1.23%    passed     99.92%
 153  ENA_OP014836_OP014836_1_SEVERE_ACUTE_RESPIRATORY_Shuman    0.89%    passed     99.75%
 154  ENA_OP014854_OP014854_1_SEVERE_ACUTE_RESPIRATORY_Shuman    0.97%    passed     99.98%
 155  ENA_OP014820_OP014820_1_SEVERE_ACUTE_RESPIRATORY_Shuman    1.03%    passed     99.93%
 156  ENA_OP014874_OP014874_1_SEVERE_ACUTE_RESPIRATORY_Shuman    1.93%    passed     99.95%
 157  ENA_OP014848_OP014848_1_SEVERE_ACUTE_RESPIRATORY_Shuman    0.91%    passed     99.99%
 158  ENA_OP014974_OP014974_1_SEVERE_ACUTE_RESPIRATORY_Shuman    3.19%    passed     95.99%
 159  ENA_OP014952_OP014952_1_SEVERE_ACUTE_RESPIRATORY_Shuman    1.16%    passed     99.96%
 160  ENA_OP014935_OP014935_1_SEVERE_ACUTE_RESPIRATORY_Shuman    1.02%    passed     99.95%
 161  ENA_OP014958_OP014958_1_SEVERE_ACUTE_RESPIRATORY_Shuman    1.68%    passed     99.96%
 162  ENA_OP014976_OP014976_1_SEVERE_ACUTE_RESPIRATORY_Shuman    1.05%    passed     99.99%
 163  ENA_OP014943_OP014943_1_SEVERE_ACUTE_RESPIRATORY_Shuman    2.03%    passed     99.68%
 164  ENA_OP015505_OP015505_1_SEVERE_ACUTE_RESPIRATORY_Shuman    1.87%    passed     99.98%
 165  ENA_OP014977_OP014977_1_SEVERE_ACUTE_RESPIRATORY_Shuman    4.54%    passed     92.30%
 166  ENA_OP015018_OP015018_1_SEVERE_ACUTE_RESPIRATORY_Shuman    1.00%    passed     99.94%
 167  ENA_OP015005_OP015005_1_SEVERE_ACUTE_RESPIRATORY_Shuman    0.91%    passed     99.98%
 168  ENA_OP015016_OP015016_1_SEVERE_ACUTE_RESPIRATORY_Shuman    1.79%    passed     99.67%
 169  ENA_OP015011_OP015011_1_SEVERE_ACUTE_RESPIRATORY_Shuman    1.24%    passed     99.96%
 170  ENA_OP015012_OP015012_1_SEVERE_ACUTE_RESPIRATORY_Shuman    1.63%    passed     99.98%
 171  ENA_OP015021_OP015021_1_SEVERE_ACUTE_RESPIRATORY_Shuman    1.58%    passed     99.87%
 172  ENA_OP015020_OP015020_1_SEVERE_ACUTE_RESPIRATORY_Shuman    1.24%    passed     99.91%
 173  ENA_OP015027_OP015027_1_SEVERE_ACUTE_RESPIRATORY_Shuman    1.13%    passed     99.89%
 174  ENA_OP015169_OP015169_1_SEVERE_ACUTE_RESPIRATORY_Shuman    1.27%    passed     99.84%
 175  ENA_OP015024_OP015024_1_SEVERE_ACUTE_RESPIRATORY_Shuman    1.02%    passed     99.99%
 176  ENA_OP015014_OP015014_1_SEVERE_ACUTE_RESPIRATORY_Shuman    0.89%    passed     99.98%
 177  ENA_OP015010_OP015010_1_SEVERE_ACUTE_RESPIRATORY_Shuman    1.89%    passed     99.94%
 178  ENA_OP015037_OP015037_1_SEVERE_ACUTE_RESPIRATORY_Shuman    1.24%    passed     99.97%
 179  ENA_OP015064_OP015064_1_SEVERE_ACUTE_RESPIRATORY_Shuman    1.26%    passed    100.00%
 180  ENA_OP015058_OP015058_1_SEVERE_ACUTE_RESPIRATORY_Shuman    1.16%    passed    100.00%
 181  ENA_OP015054_OP015054_1_SEVERE_ACUTE_RESPIRATORY_Shuman    1.13%    passed     99.93%
 182  ENA_OP015039_OP015039_1_SEVERE_ACUTE_RESPIRATORY_Shuman    1.86%    passed     99.56%
 183  ENA_OP015044_OP015044_1_SEVERE_ACUTE_RESPIRATORY_Shuman    2.49%    passed     98.61%
 184  ENA_OP015589_OP015589_1_SEVERE_ACUTE_RESPIRATORY_Shuman    1.32%    passed     99.95%
 185  ENA_OP015050_OP015050_1_SEVERE_ACUTE_RESPIRATORY_Shuman    1.83%    passed     99.93%
****  TOTAL                                                      2.68%  1 sequences failed composition chi2 test (p-value<5%; df=3)
NOTE: ENA_OP014804_OP014804_1_SEVERE_ACUTE_RESPIRATORY_Shuman is identical to ENA_OP014814_OP014814_1_SEVERE_ACUTE_RESPIRATORY_Shuman but kept for subsequent analysis
Checking for duplicate sequences: done in 0.00653791 secs using 95.87% CPU


Create initial parsimony tree by phylogenetic likelihood library (PLL)... 0.090 seconds
Perform fast likelihood tree search using GTR+I+G model...
Estimate model parameters (epsilon = 5.000)
Perform nearest neighbor interchange...
Optimizing NNI: done in 4.98211 secs using 100% CPU
Estimate model parameters (epsilon = 1.000)
1. Initial log-likelihood: -54840.377
Optimal log-likelihood: -54840.204
Rate parameters:  A-C: 0.30576  A-G: 1.39578  A-T: 0.19449  C-G: 0.28984  C-T: 5.87766  G-T: 1.00000
Base frequencies:  A: 0.299  C: 0.183  G: 0.196  T: 0.322
Proportion of invariable sites: 0.484
Gamma shape alpha: 0.109
Parameters optimization took 1 rounds (2.199 sec)
Time for fast ML tree search: 25.858 seconds

NOTE: ModelFinder requires 188 MB RAM!
ModelFinder will test up to 484 DNA models (sample size: 29994) ...
 No. Model         -LnL         df  AIC          AICc         BIC
  1  GTR+F         55411.167    375 111572.335   111581.856   114688.117
  2  GTR+F+I       54839.964    376 110431.928   110441.501   113556.019
  3  GTR+F+G4      54945.281    376 110642.563   110652.135   113766.654
  4  GTR+F+I+G4    54825.248    377 110404.496   110414.119   113536.896
  5  GTR+F+R2      54758.816    377 110271.633   110281.257   113404.033
  6  GTR+F+R3      54758.503    379 110275.006   110284.733   113424.024
 14  GTR+F+I+R2    54731.399    378 110218.797   110228.472   113359.506
 15  GTR+F+I+R3    54712.663    380 110185.327   110195.105   113342.653
 16  GTR+F+I+R4    54710.965    382 110185.931   110195.813   113359.874
 37  SYM+I+R3      55772.789    377 112299.578   112309.202   115431.978
 59  TVM+F+I+R3    54902.449    379 110562.899   110572.625   113711.916
 81  TVMe+I+R3     55971.334    376 112694.668   112704.240   115818.759
103  TIM3+F+I+R3   54771.712    378 110299.425   110309.100   113440.133
125  TIM3e+I+R3    55815.968    375 112381.936   112391.458   115497.719
147  TIM2+F+I+R3   54743.601    378 110243.201   110252.876   113383.910
169  TIM2e+I+R3    55829.810    375 112409.620   112419.141   115525.402
191  TIM+F+I+R3    54746.430    378 110248.861   110258.536   113389.569
213  TIMe+I+R3     55818.750    375 112387.500   112397.021   115503.282
235  TPM3u+F+I+R3  54963.464    377 110680.928   110690.551   113813.327
257  TPM3+I+R3     56012.709    374 112773.418   112782.888   115880.891
279  TPM2u+F+I+R3  54940.013    377 110634.026   110643.650   113766.426
301  TPM2+I+R3     56035.895    374 112819.789   112829.260   115927.263
323  K3Pu+F+I+R3   54946.516    377 110647.031   110656.655   113779.431
345  K3P+I+R3      56023.352    374 112794.704   112804.174   115902.177
367  TN+F+I+R3     54781.973    377 110317.947   110327.570   113450.347
389  TNe+I+R3      55851.226    374 112450.453   112459.923   115557.926
411  HKY+F+I+R3    54980.479    376 110712.959   110722.531   113837.050
433  K2P+I+R3      56055.691    373 112857.383   112866.802   115956.547
455  F81+F+I+R3    55740.692    375 112231.384   112240.905   115347.166
477  JC+I+R3       56821.353    372 114386.707   114396.075   117477.563
Akaike Information Criterion:           GTR+F+I+R3
Corrected Akaike Information Criterion: GTR+F+I+R3
Bayesian Information Criterion:         GTR+F+I+R3
Best-fit model: GTR+F+I+R3 chosen according to BIC

All model information printed to mafft_alignment.fasta.model.gz
CPU time for ModelFinder: 1127.300 seconds (0h:18m:47s)
Wall-clock time for ModelFinder: 1127.934 seconds (0h:18m:47s)

NOTE: 56 MB RAM (0 GB) is required!
Estimate model parameters (epsilon = 0.100)
1. Initial log-likelihood: -54712.663
Optimal log-likelihood: -54712.583
Rate parameters:  A-C: 0.30815  A-G: 1.40186  A-T: 0.19511  C-G: 0.28629  C-T: 6.04726  G-T: 1.00000
Base frequencies:  A: 0.299  C: 0.183  G: 0.196  T: 0.322
Proportion of invariable sites: 0.678
Site proportion and rates:  (0.195,0.546) (0.125,6.017) (0.002,68.885)
Parameters optimization took 1 rounds (1.059 sec)
Wrote distance file to... 
Computing ML distances based on estimated model parameters...
Calculating distance matrix: done in 0.346829 secs using 100% CPU
Computing ML distances took 0.349800 sec (of wall-clock time) 0.349794 sec (of CPU time)
Setting up auxiliary I and S matrices: done in 0.00111008 secs using 99.9% CPU
Constructing RapidNJ tree: done in 0.00244188 secs using 212.1% CPU
Computing RapidNJ tree took 0.003606 sec (of wall-clock time) 0.006344 sec (of CPU time)
Log-likelihood of RapidNJ tree: -54816.771
--------------------------------------------------------------------
|             INITIALIZING CANDIDATE TREE SET                      |
--------------------------------------------------------------------
Generating 98 parsimony trees... 4.211 second
Computing log-likelihood of 98 initial trees ... 14.199 seconds
Current best score: -54712.583

Do NNI search on 20 best initial trees
Optimizing NNI: done in 0.609716 secs using 100% CPU
Estimate model parameters (epsilon = 0.100)
BETTER TREE FOUND at iteration 1: -54711.122
Optimizing NNI: done in 2.13959 secs using 100% CPU
Optimizing NNI: done in 2.33551 secs using 100% CPU
Optimizing NNI: done in 2.30508 secs using 100% CPU
Optimizing NNI: done in 2.20583 secs using 100% CPU
Optimizing NNI: done in 2.08499 secs using 100% CPU
Optimizing NNI: done in 1.99258 secs using 100% CPU
Optimizing NNI: done in 2.2344 secs using 100% CPU
Optimizing NNI: done in 2.0285 secs using 100% CPU
Optimizing NNI: done in 1.99786 secs using 100% CPU
Iteration 10 / LogL: -54712.830 / Time: 0h:0m:41s
Optimizing NNI: done in 2.24109 secs using 100% CPU
Optimizing NNI: done in 2.4347 secs using 100% CPU
Optimizing NNI: done in 2.24142 secs using 100% CPU
Optimizing NNI: done in 2.39392 secs using 100% CPU
Optimizing NNI: done in 2.544 secs using 100% CPU
Optimizing NNI: done in 1.88216 secs using 100% CPU
Optimizing NNI: done in 1.97213 secs using 100% CPU
Optimizing NNI: done in 1.7047 secs using 100% CPU
Optimizing NNI: done in 2.06393 secs using 100% CPU
Optimizing NNI: done in 1.76158 secs using 100% CPU
Iteration 20 / LogL: -54718.798 / Time: 0h:1m:3s
Finish initializing candidate tree set (20)
Current best tree score: -54711.122 / CPU time: 61.232
Number of iterations: 20
--------------------------------------------------------------------
|               OPTIMIZING CANDIDATE TREE SET                      |
--------------------------------------------------------------------
Optimizing NNI: done in 2.72685 secs using 100% CPU
Optimizing NNI: done in 2.9204 secs using 100% CPU
Optimizing NNI: done in 2.69938 secs using 100% CPU
Optimizing NNI: done in 2.36324 secs using 100% CPU
Optimizing NNI: done in 2.82341 secs using 100% CPU
Optimizing NNI: done in 2.68662 secs using 100% CPU
Optimizing NNI: done in 2.44704 secs using 100% CPU
Optimizing NNI: done in 2.69793 secs using 100% CPU
Optimizing NNI: done in 2.77347 secs using 100% CPU
Optimizing NNI: done in 2.97098 secs using 100% CPU
Iteration 30 / LogL: -54722.320 / Time: 0h:1m:30s (0h:3m:42s left)
Optimizing NNI: done in 2.50467 secs using 100% CPU
Optimizing NNI: done in 2.42207 secs using 100% CPU
Optimizing NNI: done in 2.86658 secs using 100% CPU
Optimizing NNI: done in 2.43326 secs using 100% CPU
Optimizing NNI: done in 2.5804 secs using 100% CPU
Optimizing NNI: done in 2.65622 secs using 100% CPU
Optimizing NNI: done in 3.14531 secs using 100% CPU
Optimizing NNI: done in 2.32684 secs using 100% CPU
Optimizing NNI: done in 2.50947 secs using 100% CPU
Optimizing NNI: done in 2.75641 secs using 100% CPU
Iteration 40 / LogL: -54715.945 / Time: 0h:1m:57s (0h:3m:3s left)
Optimizing NNI: done in 2.60018 secs using 100% CPU
Optimizing NNI: done in 2.99727 secs using 100% CPU
Optimizing NNI: done in 2.77303 secs using 100% CPU
Optimizing NNI: done in 2.69258 secs using 100% CPU
Optimizing NNI: done in 2.60865 secs using 100% CPU
Optimizing NNI: done in 2.99885 secs using 100% CPU
Optimizing NNI: done in 2.49342 secs using 100% CPU
Optimizing NNI: done in 2.54573 secs using 100% CPU
Optimizing NNI: done in 2.61742 secs using 100% CPU
Optimizing NNI: done in 3.03559 secs using 100% CPU
Iteration 50 / LogL: -54784.062 / Time: 0h:2m:24s (0h:2m:30s left)
Optimizing NNI: done in 2.52154 secs using 100% CPU
Optimizing NNI: done in 2.32271 secs using 100% CPU
Optimizing NNI: done in 2.8183 secs using 100% CPU
Optimizing NNI: done in 2.71709 secs using 100% CPU
Optimizing NNI: done in 2.74308 secs using 100% CPU
Optimizing NNI: done in 2.85095 secs using 100% CPU
Optimizing NNI: done in 2.19585 secs using 100% CPU
Optimizing NNI: done in 2.54395 secs using 100% CPU
Optimizing NNI: done in 2.71065 secs using 100% CPU
Optimizing NNI: done in 2.77995 secs using 100% CPU
Iteration 60 / LogL: -54723.698 / Time: 0h:2m:51s (0h:1m:59s left)
Optimizing NNI: done in 2.70312 secs using 100% CPU
Optimizing NNI: done in 2.38447 secs using 100% CPU
Optimizing NNI: done in 2.81467 secs using 100% CPU
Optimizing NNI: done in 2.55519 secs using 100% CPU
Optimizing NNI: done in 2.61734 secs using 100% CPU
Optimizing NNI: done in 2.5959 secs using 100% CPU
Optimizing NNI: done in 3.01165 secs using 100% CPU
Optimizing NNI: done in 2.60154 secs using 100% CPU
Optimizing NNI: done in 3.0895 secs using 100% CPU
Optimizing NNI: done in 2.85219 secs using 100% CPU
Iteration 70 / LogL: -54721.148 / Time: 0h:3m:19s (0h:1m:29s left)
Optimizing NNI: done in 2.75356 secs using 100% CPU
Optimizing NNI: done in 2.21416 secs using 100% CPU
Optimizing NNI: done in 2.78909 secs using 100% CPU
Optimizing NNI: done in 2.68064 secs using 100% CPU
Optimizing NNI: done in 2.32456 secs using 100% CPU
Optimizing NNI: done in 3.05038 secs using 100% CPU
Optimizing NNI: done in 2.90885 secs using 100% CPU
Optimizing NNI: done in 2.69302 secs using 100% CPU
Optimizing NNI: done in 2.95495 secs using 100% CPU
Optimizing NNI: done in 2.75041 secs using 100% CPU
Iteration 80 / LogL: -54738.931 / Time: 0h:3m:46s (0h:1m:0s left)
Optimizing NNI: done in 3.86782 secs using 100% CPU
Optimizing NNI: done in 2.75461 secs using 100% CPU
Optimizing NNI: done in 2.28706 secs using 100% CPU
Optimizing NNI: done in 3.04352 secs using 100% CPU
Optimizing NNI: done in 2.53819 secs using 100% CPU
Optimizing NNI: done in 3.42377 secs using 100% CPU
Optimizing NNI: done in 2.86215 secs using 100% CPU
Optimizing NNI: done in 2.57637 secs using 100% CPU
Optimizing NNI: done in 2.4086 secs using 100% CPU
Optimizing NNI: done in 2.35664 secs using 100% CPU
Iteration 90 / LogL: -54729.822 / Time: 0h:4m:15s (0h:0m:31s left)
Optimizing NNI: done in 2.22194 secs using 100% CPU
Optimizing NNI: done in 2.76954 secs using 100% CPU
Optimizing NNI: done in 2.26058 secs using 100% CPU
Optimizing NNI: done in 2.74839 secs using 100% CPU
Optimizing NNI: done in 2.63795 secs using 100% CPU
Optimizing NNI: done in 2.9902 secs using 100% CPU
Optimizing NNI: done in 2.62131 secs using 100% CPU
Optimizing NNI: done in 2.99483 secs using 100% CPU
Optimizing NNI: done in 2.47498 secs using 100% CPU
Optimizing NNI: done in 2.25134 secs using 100% CPU
Iteration 100 / LogL: -54753.983 / Time: 0h:4m:41s (0h:0m:2s left)
Optimizing NNI: done in 2.58581 secs using 100% CPU
Optimizing NNI: done in 2.65111 secs using 100% CPU
TREE SEARCH COMPLETED AFTER 102 ITERATIONS / Time: 0h:4m:46s

--------------------------------------------------------------------
|                    FINALIZING TREE SEARCH                        |
--------------------------------------------------------------------
Performs final model parameters optimization
Estimate model parameters (epsilon = 0.010)
1. Initial log-likelihood: -54711.122
2. Current log-likelihood: -54711.058
3. Current log-likelihood: -54711.002
4. Current log-likelihood: -54710.952
5. Current log-likelihood: -54710.906
6. Current log-likelihood: -54710.863
7. Current log-likelihood: -54710.820
8. Current log-likelihood: -54710.779
9. Current log-likelihood: -54710.738
10. Current log-likelihood: -54710.696
11. Current log-likelihood: -54710.654
12. Current log-likelihood: -54710.613
13. Current log-likelihood: -54710.570
14. Current log-likelihood: -54710.528
15. Current log-likelihood: -54710.485
16. Current log-likelihood: -54710.441
17. Current log-likelihood: -54710.398
18. Current log-likelihood: -54710.353
19. Current log-likelihood: -54710.308
20. Current log-likelihood: -54710.263
21. Current log-likelihood: -54710.217
22. Current log-likelihood: -54710.171
23. Current log-likelihood: -54710.124
24. Current log-likelihood: -54710.076
25. Current log-likelihood: -54710.028
26. Current log-likelihood: -54709.979
27. Current log-likelihood: -54709.930
28. Current log-likelihood: -54709.880
29. Current log-likelihood: -54709.829
30. Current log-likelihood: -54709.778
31. Current log-likelihood: -54709.725
32. Current log-likelihood: -54709.672
33. Current log-likelihood: -54709.619
34. Current log-likelihood: -54709.563
35. Current log-likelihood: -54709.508
36. Current log-likelihood: -54709.452
37. Current log-likelihood: -54709.394
38. Current log-likelihood: -54709.336
39. Current log-likelihood: -54709.276
40. Current log-likelihood: -54709.216
41. Current log-likelihood: -54709.154
42. Current log-likelihood: -54709.091
43. Current log-likelihood: -54709.027
44. Current log-likelihood: -54708.961
45. Current log-likelihood: -54708.894
46. Current log-likelihood: -54708.825
47. Current log-likelihood: -54708.755
48. Current log-likelihood: -54708.682
49. Current log-likelihood: -54708.608
50. Current log-likelihood: -54708.531
51. Current log-likelihood: -54708.453
52. Current log-likelihood: -54708.371
53. Current log-likelihood: -54708.287
54. Current log-likelihood: -54708.199
55. Current log-likelihood: -54708.109
56. Current log-likelihood: -54708.014
57. Current log-likelihood: -54707.916
58. Current log-likelihood: -54707.813
59. Current log-likelihood: -54707.705
60. Current log-likelihood: -54707.588
61. Current log-likelihood: -54707.466
62. Current log-likelihood: -54707.332
63. Current log-likelihood: -54707.187
64. Current log-likelihood: -54707.028
65. Current log-likelihood: -54706.855
66. Current log-likelihood: -54706.662
67. Current log-likelihood: -54706.450
68. Current log-likelihood: -54706.221
69. Current log-likelihood: -54705.973
70. Current log-likelihood: -54705.717
71. Current log-likelihood: -54705.455
72. Current log-likelihood: -54705.194
73. Current log-likelihood: -54704.933
74. Current log-likelihood: -54704.671
75. Current log-likelihood: -54704.407
76. Current log-likelihood: -54704.141
77. Current log-likelihood: -54703.870
78. Current log-likelihood: -54703.596
79. Current log-likelihood: -54703.318
80. Current log-likelihood: -54703.036
81. Current log-likelihood: -54702.750
82. Current log-likelihood: -54702.459
83. Current log-likelihood: -54702.164
84. Current log-likelihood: -54701.864
85. Current log-likelihood: -54701.560
86. Current log-likelihood: -54701.250
87. Current log-likelihood: -54700.935
88. Current log-likelihood: -54700.615
89. Current log-likelihood: -54700.289
90. Current log-likelihood: -54699.958
91. Current log-likelihood: -54699.622
92. Current log-likelihood: -54699.280
93. Current log-likelihood: -54698.932
94. Current log-likelihood: -54698.578
95. Current log-likelihood: -54698.220
96. Current log-likelihood: -54697.856
97. Current log-likelihood: -54697.487
98. Current log-likelihood: -54697.115
99. Current log-likelihood: -54696.740
Optimal log-likelihood: -54696.740
Rate parameters:  A-C: 0.30901  A-G: 1.36395  A-T: 0.19009  C-G: 0.28563  C-T: 6.03871  G-T: 1.00000
Base frequencies:  A: 0.299  C: 0.183  G: 0.196  T: 0.322
Proportion of invariable sites: 0.714
Site proportion and rates:  (0.239,1.598) (0.046,11.770) (0.000,166.161)
Parameters optimization took 99 rounds (83.588 sec)
BEST SCORE FOUND : -54696.740
Total tree length: 0.055

Total number of iterations: 102
CPU time used for tree search: 284.689 sec (0h:4m:44s)
Wall-clock time used for tree search: 284.695 sec (0h:4m:44s)
Total CPU time used: 370.477 sec (0h:6m:10s)
Total wall-clock time used: 370.308 sec (0h:6m:10s)

Analysis results written to: 
  IQ-TREE report:                mafft_alignment.fasta.iqtree
  Maximum-likelihood tree:       mafft_alignment.fasta.treefile
  Likelihood distances:          mafft_alignment.fasta.mldist
  Screen log file:               mafft_alignment.fasta.log

Date and Time: Sat Mar  2 06:32:38 2024
