
Loaded 'libv3/UtilityFunctions.bf' from '/home/patrick/anaconda3/lib/hyphy/TemplateBatchFiles/libv3/UtilityFunctions.bf'
Loaded 'IOFunctions.bf' from '/home/patrick/anaconda3/lib/hyphy/TemplateBatchFiles/libv3/IOFunctions.bf'
Already loaded 'libv3/UtilityFunctions.bf' from /home/patrick/anaconda3/lib/hyphy/TemplateBatchFiles/libv3/UtilityFunctions.bf
Loaded 'convenience/regexp.bf' from '/home/patrick/anaconda3/lib/hyphy/TemplateBatchFiles/libv3/convenience/regexp.bf'
Loaded 'libv3/all-terms.bf' from '/home/patrick/anaconda3/lib/hyphy/TemplateBatchFiles/libv3/all-terms.bf'
Already loaded 'libv3/IOFunctions.bf' from /home/patrick/anaconda3/lib/hyphy/TemplateBatchFiles/libv3/IOFunctions.bf
Loaded 'libv3/stats.bf' from '/home/patrick/anaconda3/lib/hyphy/TemplateBatchFiles/libv3/stats.bf'
Already loaded 'libv3/all-terms.bf' from /home/patrick/anaconda3/lib/hyphy/TemplateBatchFiles/libv3/all-terms.bf
Loaded 'libv3/tasks/ancestral.bf' from '/home/patrick/anaconda3/lib/hyphy/TemplateBatchFiles/libv3/tasks/ancestral.bf'
Already loaded '../UtilityFunctions.bf' from /home/patrick/anaconda3/lib/hyphy/TemplateBatchFiles/libv3/UtilityFunctions.bf
Loaded 'libv3/tasks/alignments.bf' from '/home/patrick/anaconda3/lib/hyphy/TemplateBatchFiles/libv3/tasks/alignments.bf'
Already loaded '../IOFunctions.bf' from /home/patrick/anaconda3/lib/hyphy/TemplateBatchFiles/libv3/IOFunctions.bf
Already loaded '../all-terms.bf' from /home/patrick/anaconda3/lib/hyphy/TemplateBatchFiles/libv3/all-terms.bf
Loaded 'libv3/tasks/estimators.bf' from '/home/patrick/anaconda3/lib/hyphy/TemplateBatchFiles/libv3/tasks/estimators.bf'
Loaded '../models/model_functions.bf' from '/home/patrick/anaconda3/lib/hyphy/TemplateBatchFiles/libv3/models/model_functions.bf'
Loaded 'DNA.bf' from '/home/patrick/anaconda3/lib/hyphy/TemplateBatchFiles/libv3/models/DNA.bf'
Loaded 'frequencies.bf' from '/home/patrick/anaconda3/lib/hyphy/TemplateBatchFiles/libv3/models/frequencies.bf'
Already loaded '../all-terms.bf' from /home/patrick/anaconda3/lib/hyphy/TemplateBatchFiles/libv3/all-terms.bf
Loaded 'parameters.bf' from '/home/patrick/anaconda3/lib/hyphy/TemplateBatchFiles/libv3/models/parameters.bf'
Loaded 'GrabBag' from '/home/patrick/anaconda3/lib/hyphy/TemplateBatchFiles/Utility/GrabBag.bf'
Overwritten previously defined function:'_sortStringsAux'
Already loaded 'libv3/all-terms.bf' from /home/patrick/anaconda3/lib/hyphy/TemplateBatchFiles/libv3/all-terms.bf
Already loaded '../UtilityFunctions.bf' from /home/patrick/anaconda3/lib/hyphy/TemplateBatchFiles/libv3/UtilityFunctions.bf
Already loaded 'model_functions.bf' from /home/patrick/anaconda3/lib/hyphy/TemplateBatchFiles/libv3/models/model_functions.bf
Already loaded 'libv3/all-terms.bf' from /home/patrick/anaconda3/lib/hyphy/TemplateBatchFiles/libv3/all-terms.bf
Already loaded 'parameters.bf' from /home/patrick/anaconda3/lib/hyphy/TemplateBatchFiles/libv3/models/parameters.bf
Already loaded 'frequencies.bf' from /home/patrick/anaconda3/lib/hyphy/TemplateBatchFiles/libv3/models/frequencies.bf
Already loaded '../UtilityFunctions.bf' from /home/patrick/anaconda3/lib/hyphy/TemplateBatchFiles/libv3/UtilityFunctions.bf
Already loaded '../convenience/regexp.bf' from /home/patrick/anaconda3/lib/hyphy/TemplateBatchFiles/libv3/convenience/regexp.bf
Loaded '../models/DNA/GTR.bf' from '/home/patrick/anaconda3/lib/hyphy/TemplateBatchFiles/libv3/models/DNA/GTR.bf'
Already loaded '../DNA.bf' from /home/patrick/anaconda3/lib/hyphy/TemplateBatchFiles/libv3/models/DNA.bf
Already loaded '../parameters.bf' from /home/patrick/anaconda3/lib/hyphy/TemplateBatchFiles/libv3/models/parameters.bf
Already loaded '../frequencies.bf' from /home/patrick/anaconda3/lib/hyphy/TemplateBatchFiles/libv3/models/frequencies.bf
Already loaded '../../UtilityFunctions.bf' from /home/patrick/anaconda3/lib/hyphy/TemplateBatchFiles/libv3/UtilityFunctions.bf
Already loaded 'libv3/all-terms.bf' from /home/patrick/anaconda3/lib/hyphy/TemplateBatchFiles/libv3/all-terms.bf
Already loaded '../convenience/regexp.bf' from /home/patrick/anaconda3/lib/hyphy/TemplateBatchFiles/libv3/convenience/regexp.bf
Loaded 'mpi.bf' from '/home/patrick/anaconda3/lib/hyphy/TemplateBatchFiles/libv3/tasks/mpi.bf'
Already loaded '../all-terms.bf' from /home/patrick/anaconda3/lib/hyphy/TemplateBatchFiles/libv3/all-terms.bf
Already loaded '../models/parameters.bf' from /home/patrick/anaconda3/lib/hyphy/TemplateBatchFiles/libv3/models/parameters.bf
Already loaded 'libv3/all-terms.bf' from /home/patrick/anaconda3/lib/hyphy/TemplateBatchFiles/libv3/all-terms.bf
Loaded 'libv3/tasks/trees.bf' from '/home/patrick/anaconda3/lib/hyphy/TemplateBatchFiles/libv3/tasks/trees.bf'
Already loaded '../IOFunctions.bf' from /home/patrick/anaconda3/lib/hyphy/TemplateBatchFiles/libv3/IOFunctions.bf
Already loaded '../all-terms.bf' from /home/patrick/anaconda3/lib/hyphy/TemplateBatchFiles/libv3/all-terms.bf
Already loaded '../convenience/regexp.bf' from /home/patrick/anaconda3/lib/hyphy/TemplateBatchFiles/libv3/convenience/regexp.bf
Already loaded '../UtilityFunctions.bf' from /home/patrick/anaconda3/lib/hyphy/TemplateBatchFiles/libv3/UtilityFunctions.bf
Loaded 'TreeTools' from '/home/patrick/anaconda3/lib/hyphy/TemplateBatchFiles/TreeTools.ibf'
Loaded 'distances.bf' from '/home/patrick/anaconda3/lib/hyphy/TemplateBatchFiles/libv3/tasks/distances.bf'
Already loaded '../IOFunctions.bf' from /home/patrick/anaconda3/lib/hyphy/TemplateBatchFiles/libv3/IOFunctions.bf
Already loaded '../all-terms.bf' from /home/patrick/anaconda3/lib/hyphy/TemplateBatchFiles/libv3/all-terms.bf
Already loaded '../models/frequencies.bf' from /home/patrick/anaconda3/lib/hyphy/TemplateBatchFiles/libv3/models/frequencies.bf
Already loaded 'libv3/tasks/mpi.bf' from /home/patrick/anaconda3/lib/hyphy/TemplateBatchFiles/libv3/tasks/mpi.bf
Loaded 'libv3/models/codon/MG_REV.bf' from '/home/patrick/anaconda3/lib/hyphy/TemplateBatchFiles/libv3/models/codon/MG_REV.bf'
Loaded '../codon.bf' from '/home/patrick/anaconda3/lib/hyphy/TemplateBatchFiles/libv3/models/codon.bf'
Loaded '../tasks/genetic_code.bf' from '/home/patrick/anaconda3/lib/hyphy/TemplateBatchFiles/libv3/tasks/genetic_code.bf'
Loaded 'libv3/convenience/matrix.bf' from '/home/patrick/anaconda3/lib/hyphy/TemplateBatchFiles/libv3/convenience/matrix.bf'
Already loaded 'libv3/UtilityFunctions.bf' from /home/patrick/anaconda3/lib/hyphy/TemplateBatchFiles/libv3/UtilityFunctions.bf
Already loaded 'libv3/all-terms.bf' from /home/patrick/anaconda3/lib/hyphy/TemplateBatchFiles/libv3/all-terms.bf
Already loaded '../UtilityFunctions.bf' from /home/patrick/anaconda3/lib/hyphy/TemplateBatchFiles/libv3/UtilityFunctions.bf
Already loaded '../DNA.bf' from /home/patrick/anaconda3/lib/hyphy/TemplateBatchFiles/libv3/models/DNA.bf
Already loaded '../parameters.bf' from /home/patrick/anaconda3/lib/hyphy/TemplateBatchFiles/libv3/models/parameters.bf
Already loaded '../frequencies.bf' from /home/patrick/anaconda3/lib/hyphy/TemplateBatchFiles/libv3/models/frequencies.bf
Already loaded '../../UtilityFunctions.bf' from /home/patrick/anaconda3/lib/hyphy/TemplateBatchFiles/libv3/UtilityFunctions.bf
Loaded 'libv3/convenience/math.bf' from '/home/patrick/anaconda3/lib/hyphy/TemplateBatchFiles/libv3/convenience/math.bf'
Already loaded 'libv3/UtilityFunctions.bf' from /home/patrick/anaconda3/lib/hyphy/TemplateBatchFiles/libv3/UtilityFunctions.bf
Loaded 'modules/io_functions.ibf' from '/home/patrick/anaconda3/lib/hyphy/TemplateBatchFiles/SelectionAnalyses/modules/io_functions.ibf'
Already loaded 'libv3/UtilityFunctions.bf' from /home/patrick/anaconda3/lib/hyphy/TemplateBatchFiles/libv3/UtilityFunctions.bf
Already loaded 'libv3/IOFunctions.bf' from /home/patrick/anaconda3/lib/hyphy/TemplateBatchFiles/libv3/IOFunctions.bf
Already loaded 'libv3/convenience/regexp.bf' from /home/patrick/anaconda3/lib/hyphy/TemplateBatchFiles/libv3/convenience/regexp.bf
Already loaded 'libv3/all-terms.bf' from /home/patrick/anaconda3/lib/hyphy/TemplateBatchFiles/libv3/all-terms.bf
Variable 'NORMALIZE_SEQUENCE_NAMES' was not initialized prior to being used
Loaded 'modules/shared-load-file.bf' from '/home/patrick/anaconda3/lib/hyphy/TemplateBatchFiles/SelectionAnalyses/modules/shared-load-file.bf'
Variable 'MARKDOWN_OUTPUT' was not initialized prior to being used
Already loaded 'libv3/convenience/matrix.bf' from /home/patrick/anaconda3/lib/hyphy/TemplateBatchFiles/libv3/convenience/matrix.bf
Already loaded 'libv3/UtilityFunctions.bf' from /home/patrick/anaconda3/lib/hyphy/TemplateBatchFiles/libv3/UtilityFunctions.bf
Variable 'tfqaJvtz.skipCodeSelectionStep' was not initialized prior to being used
Variable 'DATA_FILE_PARTITION_MATRIX' was not initialized prior to being used
Row and/or column partition is empty. All the data will be used by default.
Variable 'NEXUS_FILE_TREE_MATRIX' was not initialized prior to being used
Variable 'utility.ToggleEnvVariable.cache' was not initialized prior to being used
Variable 'TREE_NODE_NAME_MAPPING' was not initialized prior to being used
Rooted topology. Removing one branch - the left root child has been promoted to be the new root
Variable 'INCLUDE_MODEL_SPECS' was not initialized prior to being used
'flat_tree' is not a supported agrument type for DeleteObject(
'branch_lengths' is not a supported agrument type for DeleteObject(
'branch_names' is not a supported agrument type for DeleteObject(
'branch_count' is not a supported agrument type for DeleteObject(
Variable 'utility.ForEachPair.warn_non_reentrant' was not initialized prior to being used
Variable 'u' was not initialized prior to being used
Overwritten previously defined function:'utility.ForEachPair.CB'
Overwritten previously defined function:'utility.ForEachPair.CB'
Row and/or column partition is empty. All the data will be used by default.
Row and/or column partition is empty. All the data will be used by default.
Overwritten previously defined function:'utility.ForEachPair.CB'
Overwritten previously defined function:'utility.Map.CB'
Overwritten previously defined function:'utility.Map.CB'
Overwritten previously defined function:'utility.Map.CB'
Variable 'vEF_gLHm.cache' was not initialized prior to being used
Overwritten previously defined function:'utility.ForEachPair.CB'
Overwritten previously defined function:'utility.ForEachPair.CB'
Variable 'fel.gtr_results' was not initialized prior to being used
Variable 'BxvNFmav.data_filter' was not initialized prior to being used
Row and/or column partition is empty. All the data will be used by default.
Variable 'COUNT_GAPS_IN_FREQUENCIES' was not initialized prior to being used
Variable 'SAVE_OPT_STATUS_TO' was not initialized prior to being used
Auto-benchmarked an optimal number (4) of threads.
Optimization settings:
	OPTIMIZATION_METHOD = hybrid
	OPTIMIZATION_PRECISION = 0.001
	MAXIMUM_ITERATIONS_PER_VARIABLE = 5000

Initial parameter values

frequencies._aux.CF3x4.p0_0 = 0.3272161361741281
frequencies._aux.CF3x4.p0_1 = 0.2557241305625301
frequencies._aux.CF3x4.p0_2 = 0.6283044192907029
frequencies._aux.CF3x4.p1_0 = 0.321418815952155
frequencies._aux.CF3x4.p1_1 = 0.4006186342378034
frequencies._aux.CF3x4.p1_2 = 0.4420271285291389
frequencies._aux.CF3x4.p2_0 = 0.4044250841024756
frequencies._aux.CF3x4.p2_1 = 0.1058548772539648
frequencies._aux.CF3x4.p2_2 = 0.2046069637638611
Optimization finished in 7 loop passes.
298 likelihood evaluation calls and 0 matrix exponentiations calls were made

Overwritten previously defined function:'utility.Map.CB'
Variable 'BxvNFmav.model_MGREV_pi' was not initialized prior to being used
Model 'BxvNFmav.model_MGREV' assigned to 'MN451679_1_CANINE_PARVOVIRUS_ISOLATE_CPV606_COMPL'
Model 'BxvNFmav.model_MGREV' assigned to 'MF457594_1_CANINE_PARVOVIRUS_STRAIN_OH20219_COMPL'
Model 'BxvNFmav.model_MGREV' assigned to 'KM457127_1_CANINE_PARVOVIRUS_2C_ISOLATE_UY326_COM'
Model 'BxvNFmav.model_MGREV' assigned to 'MF177252_1_CANINE_PARVOVIRUS_2C_ISOLATE_BRA02_10_N'
Model 'BxvNFmav.model_MGREV' assigned to 'MF177261_1_CANINE_PARVOVIRUS_2C_ISOLATE_BRA04_13_N'
Model 'BxvNFmav.model_MGREV' assigned to 'MF177255_1_CANINE_PARVOVIRUS_2C_ISOLATE_BRA01_14_N'
Model 'BxvNFmav.model_MGREV' assigned to 'MF177257_1_CANINE_PARVOVIRUS_2C_ISOLATE_BRA02_14_N'
Model 'BxvNFmav.model_MGREV' assigned to 'MH800217_1_CANINE_PARVOVIRUS_2C_ISOLATE_COATIPV_20'
Model 'BxvNFmav.model_MGREV' assigned to 'Node15'
Model 'BxvNFmav.model_MGREV' assigned to 'Node13'
Model 'BxvNFmav.model_MGREV' assigned to 'MF177260_1_CANINE_PARVOVIRUS_2C_ISOLATE_BRA01_12_N'
Model 'BxvNFmav.model_MGREV' assigned to 'MF177253_1_CANINE_PARVOVIRUS_2C_ISOLATE_BRA03_10_N'
Model 'BxvNFmav.model_MGREV' assigned to 'Node19'
Model 'BxvNFmav.model_MGREV' assigned to 'MN451690_1_CANINE_PARVOVIRUS_ISOLATE_CPV617_COMPL'
Model 'BxvNFmav.model_MGREV' assigned to 'MN451685_1_CANINE_PARVOVIRUS_ISOLATE_CPV612_COMPL'
Model 'BxvNFmav.model_MGREV' assigned to 'Node23'
Model 'BxvNFmav.model_MGREV' assigned to 'MF177254_1_CANINE_PARVOVIRUS_2C_ISOLATE_BRA04_10_N'
Model 'BxvNFmav.model_MGREV' assigned to 'MF177250_1_CANINE_PARVOVIRUS_2C_ISOLATE_BRA01_10_N'
Model 'BxvNFmav.model_MGREV' assigned to 'Node26'
Model 'BxvNFmav.model_MGREV' assigned to 'Node22'
Model 'BxvNFmav.model_MGREV' assigned to 'Node18'
Model 'BxvNFmav.model_MGREV' assigned to 'Node12'
Model 'BxvNFmav.model_MGREV' assigned to 'Node10'
Model 'BxvNFmav.model_MGREV' assigned to 'Node8'
Model 'BxvNFmav.model_MGREV' assigned to 'KM457117_1_CANINE_PARVOVIRUS_2C_ISOLATE_UY187_COM'
Model 'BxvNFmav.model_MGREV' assigned to 'MF177236_1_CANINE_PARVOVIRUS_2C_ISOLATE_244_04_NON'
Model 'BxvNFmav.model_MGREV' assigned to 'MF177237_1_CANINE_PARVOVIRUS_2C_ISOLATE_188_07_NON'
Model 'BxvNFmav.model_MGREV' assigned to 'MF177282_1_CANINE_PARVOVIRUS_2C_ISOLATE_UY21_NON_S'
Model 'BxvNFmav.model_MGREV' assigned to 'KM457111_1_CANINE_PARVOVIRUS_2C_ISOLATE_UY120_COM'
Model 'BxvNFmav.model_MGREV' assigned to 'KM457103_1_CANINE_PARVOVIRUS_2C_ISOLATE_UY12_COMP'
Model 'BxvNFmav.model_MGREV' assigned to 'MF177238_1_CANINE_PARVOVIRUS_2C_ISOLATE_114_05_NON'
Model 'BxvNFmav.model_MGREV' assigned to 'MF177235_1_CANINE_PARVOVIRUS_2C_ISOLATE_283_06_NON'
Model 'BxvNFmav.model_MGREV' assigned to 'Node42'
Model 'BxvNFmav.model_MGREV' assigned to 'MF177242_1_CANINE_PARVOVIRUS_2C_ISOLATE_ARG26_NON_'
Model 'BxvNFmav.model_MGREV' assigned to 'KM457105_1_CANINE_PARVOVIRUS_2C_ISOLATE_UY52_COMP'
Model 'BxvNFmav.model_MGREV' assigned to 'KM457104_1_CANINE_PARVOVIRUS_2C_ISOLATE_UY47_COMP'
Model 'BxvNFmav.model_MGREV' assigned to 'Node48'
Model 'BxvNFmav.model_MGREV' assigned to 'KM457113_1_CANINE_PARVOVIRUS_2C_ISOLATE_UY152_COM'
Model 'BxvNFmav.model_MGREV' assigned to 'KM457107_1_CANINE_PARVOVIRUS_2C_ISOLATE_UY72_COMP'
Model 'BxvNFmav.model_MGREV' assigned to 'KM457130_1_CANINE_PARVOVIRUS_2C_ISOLATE_UY354_COM'
Model 'BxvNFmav.model_MGREV' assigned to 'KM457129_1_CANINE_PARVOVIRUS_2C_ISOLATE_UY349_COM'
Model 'BxvNFmav.model_MGREV' assigned to 'Node56'
Model 'BxvNFmav.model_MGREV' assigned to 'MF177227_1_CANINE_PARVOVIRUS_2C_ISOLATE_202_09_NON'
Model 'BxvNFmav.model_MGREV' assigned to 'KM457119_1_CANINE_PARVOVIRUS_2C_ISOLATE_UY235_COM'
Model 'BxvNFmav.model_MGREV' assigned to 'Node60'
Model 'BxvNFmav.model_MGREV' assigned to 'MF177278_1_CANINE_PARVOVIRUS_2C_ISOLATE_E4_NON_STR'
Model 'BxvNFmav.model_MGREV' assigned to 'MF177239_1_CANINE_PARVOVIRUS_2C_ISOLATE_288_01_NON'
Model 'BxvNFmav.model_MGREV' assigned to 'KM457121_1_CANINE_PARVOVIRUS_2C_ISOLATE_UY247_COM'
Model 'BxvNFmav.model_MGREV' assigned to 'MF177240_1_CANINE_PARVOVIRUS_2C_ISOLATE_189_02_NON'
Model 'BxvNFmav.model_MGREV' assigned to 'MT981024_1_CARNIVORE_PROTOPARVOVIRUS_1_STRAIN_IZSS'
Model 'BxvNFmav.model_MGREV' assigned to 'Node70'
Model 'BxvNFmav.model_MGREV' assigned to 'MF510158_1_CANINE_PARVOVIRUS_STRAIN_CPV_IZSSI_4111'
Model 'BxvNFmav.model_MGREV' assigned to 'MF177230_1_CANINE_PARVOVIRUS_2C_ISOLATE_57_10_NON_'
Model 'BxvNFmav.model_MGREV' assigned to 'Node74'
Model 'BxvNFmav.model_MGREV' assigned to 'KM457106_1_CANINE_PARVOVIRUS_2C_ISOLATE_UY55_COMP'
Model 'BxvNFmav.model_MGREV' assigned to 'KM457126_1_CANINE_PARVOVIRUS_2C_ISOLATE_UY318_COM'
Model 'BxvNFmav.model_MGREV' assigned to 'MF177267_1_CANINE_PARVOVIRUS_2C_ISOLATE_E16_NON_ST'
Model 'BxvNFmav.model_MGREV' assigned to 'MF177270_1_CANINE_PARVOVIRUS_2C_ISOLATE_E23_NON_ST'
Model 'BxvNFmav.model_MGREV' assigned to 'MF177263_1_CANINE_PARVOVIRUS_2C_ISOLATE_E1_NON_STR'
Model 'BxvNFmav.model_MGREV' assigned to 'MW889120_1_CANINE_PARVOVIRUS_2C_STRAIN_CPV26_COMP'
Model 'BxvNFmav.model_MGREV' assigned to 'MF177274_1_CANINE_PARVOVIRUS_2C_ISOLATE_E31_NON_ST'
Model 'BxvNFmav.model_MGREV' assigned to 'KM457118_1_CANINE_PARVOVIRUS_2C_ISOLATE_UY190_COM'
Model 'BxvNFmav.model_MGREV' assigned to 'KM457110_1_CANINE_PARVOVIRUS_2C_ISOLATE_UY101_COM'
Model 'BxvNFmav.model_MGREV' assigned to 'Node92'
Model 'BxvNFmav.model_MGREV' assigned to 'Node90'
Model 'BxvNFmav.model_MGREV' assigned to 'Node88'
Model 'BxvNFmav.model_MGREV' assigned to 'Node86'
Model 'BxvNFmav.model_MGREV' assigned to 'Node84'
Model 'BxvNFmav.model_MGREV' assigned to 'Node82'
Model 'BxvNFmav.model_MGREV' assigned to 'MT448704_1_CANINE_PARVOVIRUS_NONSTRUCTURAL_PROTEIN'
Model 'BxvNFmav.model_MGREV' assigned to 'KM457115_1_CANINE_PARVOVIRUS_2C_ISOLATE_UY173_COM'
Model 'BxvNFmav.model_MGREV' assigned to 'KM457114_1_CANINE_PARVOVIRUS_2C_ISOLATE_UY169_COM'
Model 'BxvNFmav.model_MGREV' assigned to 'Node99'
Model 'BxvNFmav.model_MGREV' assigned to 'Node97'
Model 'BxvNFmav.model_MGREV' assigned to 'MW889106_1_CANINE_PARVOVIRUS_2C_STRAIN_CPV12_COMP'
Model 'BxvNFmav.model_MGREV' assigned to 'MW889116_1_CANINE_PARVOVIRUS_2C_STRAIN_CPV22_COMP'
Model 'BxvNFmav.model_MGREV' assigned to 'Node103'
Model 'BxvNFmav.model_MGREV' assigned to 'MW889110_1_CANINE_PARVOVIRUS_2C_STRAIN_CPV16_COMP'
Model 'BxvNFmav.model_MGREV' assigned to 'MW889108_1_CANINE_PARVOVIRUS_2C_STRAIN_CPV14_COMP'
Model 'BxvNFmav.model_MGREV' assigned to 'Node106'
Model 'BxvNFmav.model_MGREV' assigned to 'Node102'
Model 'BxvNFmav.model_MGREV' assigned to 'Node96'
Model 'BxvNFmav.model_MGREV' assigned to 'KU508693_1_CANINE_PARVOVIRUS_2C_ISOLATE_LW_NON_STR'
Model 'BxvNFmav.model_MGREV' assigned to 'KM457108_1_CANINE_PARVOVIRUS_2C_ISOLATE_UY82_COMP'
Model 'BxvNFmav.model_MGREV' assigned to 'MF177272_1_CANINE_PARVOVIRUS_2C_ISOLATE_E28_NON_ST'
Model 'BxvNFmav.model_MGREV' assigned to 'MF177243_1_CANINE_PARVOVIRUS_2C_ISOLATE_ARG32_NON_'
Model 'BxvNFmav.model_MGREV' assigned to 'MW889097_1_CANINE_PARVOVIRUS_2C_STRAIN_CPV03_COMP'
Model 'BxvNFmav.model_MGREV' assigned to 'Node116'
Model 'BxvNFmav.model_MGREV' assigned to 'KM457124_1_CANINE_PARVOVIRUS_2C_ISOLATE_UY307_COM'
Model 'BxvNFmav.model_MGREV' assigned to 'MF177273_1_CANINE_PARVOVIRUS_2C_ISOLATE_E29_NON_ST'
Model 'BxvNFmav.model_MGREV' assigned to 'MF177229_1_CANINE_PARVOVIRUS_2C_ISOLATE_368_12_17'
Model 'BxvNFmav.model_MGREV' assigned to 'Node122'
Model 'BxvNFmav.model_MGREV' assigned to 'Node120'
Model 'BxvNFmav.model_MGREV' assigned to 'MF177248_1_CANINE_PARVOVIRUS_2C_ISOLATE_ARG68_NON_'
Model 'BxvNFmav.model_MGREV' assigned to 'MF177262_1_CANINE_PARVOVIRUS_2C_ISOLATE_PY1_NON_ST'
Model 'BxvNFmav.model_MGREV' assigned to 'MF177247_1_CANINE_PARVOVIRUS_2C_ISOLATE_ARG66_NON_'
Model 'BxvNFmav.model_MGREV' assigned to 'MF177249_1_CANINE_PARVOVIRUS_2C_ISOLATE_ARG71_NON_'
Model 'BxvNFmav.model_MGREV' assigned to 'MF177285_1_CANINE_PARVOVIRUS_2C_ISOLATE_UY269_NON_'
Model 'BxvNFmav.model_MGREV' assigned to 'MF177283_1_CANINE_PARVOVIRUS_2C_ISOLATE_UY181_NON_'
Model 'BxvNFmav.model_MGREV' assigned to 'MF177284_1_CANINE_PARVOVIRUS_2C_ISOLATE_UY196_NON_'
Model 'BxvNFmav.model_MGREV' assigned to 'Node136'
Model 'BxvNFmav.model_MGREV' assigned to 'Node134'
Model 'BxvNFmav.model_MGREV' assigned to 'Node132'
Model 'BxvNFmav.model_MGREV' assigned to 'Node130'
Model 'BxvNFmav.model_MGREV' assigned to 'Node128'
Model 'BxvNFmav.model_MGREV' assigned to 'Node126'
Model 'BxvNFmav.model_MGREV' assigned to 'KM457116_1_CANINE_PARVOVIRUS_2C_ISOLATE_UY185_COM'
Model 'BxvNFmav.model_MGREV' assigned to 'KM457109_1_CANINE_PARVOVIRUS_2C_ISOLATE_UY95_COMP'
Model 'BxvNFmav.model_MGREV' assigned to 'KM457123_1_CANINE_PARVOVIRUS_2C_ISOLATE_UY261_COM'
Model 'BxvNFmav.model_MGREV' assigned to 'KM457128_1_CANINE_PARVOVIRUS_2C_ISOLATE_UY346_COM'
Model 'BxvNFmav.model_MGREV' assigned to 'MF177286_1_CANINE_PARVOVIRUS_2C_ISOLATE_UY375_NON_'
Model 'BxvNFmav.model_MGREV' assigned to 'Node146'
Model 'BxvNFmav.model_MGREV' assigned to 'Node144'
Model 'BxvNFmav.model_MGREV' assigned to 'Node142'
Model 'BxvNFmav.model_MGREV' assigned to 'Node140'
Model 'BxvNFmav.model_MGREV' assigned to 'EU659121_1_CANINE_PARVOVIRUS_ISOLATE_CPV_411B_US_'
Model 'BxvNFmav.model_MGREV' assigned to 'AY742936_1_CANINE_PARVOVIRUS_STRAIN_CPV_395_NONSTR'
Model 'BxvNFmav.model_MGREV' assigned to 'Node150'
Model 'BxvNFmav.model_MGREV' assigned to 'MF177244_1_CANINE_PARVOVIRUS_2C_ISOLATE_ARG33_NON_'
Model 'BxvNFmav.model_MGREV' assigned to 'KM457131_1_CANINE_PARVOVIRUS_2C_ISOLATE_UY368_COM'
Model 'BxvNFmav.model_MGREV' assigned to 'Node154'
Model 'BxvNFmav.model_MGREV' assigned to 'MN451675_1_CANINE_PARVOVIRUS_ISOLATE_CPV601_COMPL'
Model 'BxvNFmav.model_MGREV' assigned to 'MW732023_1_CANINE_PARVOVIRUS_STRAIN_CN14_NON_STRUC'
Model 'BxvNFmav.model_MGREV' assigned to 'MW732026_1_CANINE_PARVOVIRUS_STRAIN_RVC50_KNA_NON_'
Model 'BxvNFmav.model_MGREV' assigned to 'MW732025_1_CANINE_PARVOVIRUS_STRAIN_CN10_NON_STRUC'
Model 'BxvNFmav.model_MGREV' assigned to 'MW732024_1_CANINE_PARVOVIRUS_STRAIN_CN20_NON_STRUC'
Model 'BxvNFmav.model_MGREV' assigned to 'Node163'
Model 'BxvNFmav.model_MGREV' assigned to 'Node161'
Model 'BxvNFmav.model_MGREV' assigned to 'Node159'
Model 'BxvNFmav.model_MGREV' assigned to 'Node157'
Model 'BxvNFmav.model_MGREV' assigned to 'Node153'
Model 'BxvNFmav.model_MGREV' assigned to 'Node149'
Model 'BxvNFmav.model_MGREV' assigned to 'Node139'
Model 'BxvNFmav.model_MGREV' assigned to 'Node125'
Model 'BxvNFmav.model_MGREV' assigned to 'Node119'
Model 'BxvNFmav.model_MGREV' assigned to 'Node115'
Model 'BxvNFmav.model_MGREV' assigned to 'Node113'
Model 'BxvNFmav.model_MGREV' assigned to 'Node111'
Model 'BxvNFmav.model_MGREV' assigned to 'Node109'
Model 'BxvNFmav.model_MGREV' assigned to 'Node95'
Model 'BxvNFmav.model_MGREV' assigned to 'Node81'
Model 'BxvNFmav.model_MGREV' assigned to 'Node79'
Model 'BxvNFmav.model_MGREV' assigned to 'Node77'
Model 'BxvNFmav.model_MGREV' assigned to 'Node73'
Model 'BxvNFmav.model_MGREV' assigned to 'Node69'
Model 'BxvNFmav.model_MGREV' assigned to 'Node67'
Model 'BxvNFmav.model_MGREV' assigned to 'Node65'
Model 'BxvNFmav.model_MGREV' assigned to 'Node63'
Model 'BxvNFmav.model_MGREV' assigned to 'Node59'
Model 'BxvNFmav.model_MGREV' assigned to 'Node55'
Model 'BxvNFmav.model_MGREV' assigned to 'Node53'
Model 'BxvNFmav.model_MGREV' assigned to 'Node51'
Model 'BxvNFmav.model_MGREV' assigned to 'Node47'
Model 'BxvNFmav.model_MGREV' assigned to 'Node45'
Model 'BxvNFmav.model_MGREV' assigned to 'Node41'
Model 'BxvNFmav.model_MGREV' assigned to 'Node39'
Model 'BxvNFmav.model_MGREV' assigned to 'Node37'
Model 'BxvNFmav.model_MGREV' assigned to 'Node35'
Model 'BxvNFmav.model_MGREV' assigned to 'Node33'
Model 'BxvNFmav.model_MGREV' assigned to 'Node31'
Model 'BxvNFmav.model_MGREV' assigned to 'Node29'
Model 'BxvNFmav.model_MGREV' assigned to 'Node7'
Model 'BxvNFmav.model_MGREV' assigned to 'Node5'
Model 'BxvNFmav.model_MGREV' assigned to 'MT448706_1_CANINE_PARVOVIRUS_NONSTRUCTURAL_PROTEIN'
Model 'BxvNFmav.model_MGREV' assigned to 'MF177228_1_CANINE_PARVOVIRUS_2C_ISOLATE_485_09_NON'
Model 'BxvNFmav.model_MGREV' assigned to 'MW889114_1_CANINE_PARVOVIRUS_2C_STRAIN_CPV20_COMP'
Model 'BxvNFmav.model_MGREV' assigned to 'MW889119_1_CANINE_PARVOVIRUS_2C_STRAIN_CPV25_COMP'
Model 'BxvNFmav.model_MGREV' assigned to 'MW889112_1_CANINE_PARVOVIRUS_2C_STRAIN_CPV18_COMP'
Model 'BxvNFmav.model_MGREV' assigned to 'Node175'
Model 'BxvNFmav.model_MGREV' assigned to 'Node173'
Model 'BxvNFmav.model_MGREV' assigned to 'MW889115_1_CANINE_PARVOVIRUS_2A_STRAIN_CPV21_COMP'
Model 'BxvNFmav.model_MGREV' assigned to 'MW889103_1_CANINE_PARVOVIRUS_2A_STRAIN_CPV09_COMP'
Model 'BxvNFmav.model_MGREV' assigned to 'MW889095_1_CANINE_PARVOVIRUS_2A_STRAIN_CPV01_COMP'
Model 'BxvNFmav.model_MGREV' assigned to 'Node180'
Model 'BxvNFmav.model_MGREV' assigned to 'Node178'
Model 'BxvNFmav.model_MGREV' assigned to 'Node172'
Model 'BxvNFmav.model_MGREV' assigned to 'MW889118_1_CANINE_PARVOVIRUS_2B_STRAIN_CPV24_COMP'
Model 'BxvNFmav.model_MGREV' assigned to 'MW889101_1_CANINE_PARVOVIRUS_2B_STRAIN_CPV07_COMP'
Model 'BxvNFmav.model_MGREV' assigned to 'MF177268_1_CANINE_PARVOVIRUS_2A_ISOLATE_E19_NON_ST'
Model 'BxvNFmav.model_MGREV' assigned to 'MF177269_1_CANINE_PARVOVIRUS_2B_ISOLATE_E20_NON_ST'
Model 'BxvNFmav.model_MGREV' assigned to 'Node188'
Model 'BxvNFmav.model_MGREV' assigned to 'Node186'
Model 'BxvNFmav.model_MGREV' assigned to 'MW889117_1_CANINE_PARVOVIRUS_2C_STRAIN_CPV23_COMP'
Model 'BxvNFmav.model_MGREV' assigned to 'MW889099_1_CANINE_PARVOVIRUS_2B_STRAIN_CPV05_COMP'
Model 'BxvNFmav.model_MGREV' assigned to 'Node192'
Model 'BxvNFmav.model_MGREV' assigned to 'MF177277_1_CANINE_PARVOVIRUS_2A_ISOLATE_E36_NON_ST'
Model 'BxvNFmav.model_MGREV' assigned to 'MW889111_1_CANINE_PARVOVIRUS_2A_STRAIN_CPV17_COMP'
Model 'BxvNFmav.model_MGREV' assigned to 'MW889105_1_CANINE_PARVOVIRUS_2A_STRAIN_CPV11_COMP'
Model 'BxvNFmav.model_MGREV' assigned to 'MW889113_1_CANINE_PARVOVIRUS_2A_STRAIN_CPV19_COMP'
Model 'BxvNFmav.model_MGREV' assigned to 'MW889104_1_CANINE_PARVOVIRUS_2A_STRAIN_CPV10_COMP'
Model 'BxvNFmav.model_MGREV' assigned to 'MW889096_1_CANINE_PARVOVIRUS_2A_STRAIN_CPV02_COMP'
Model 'BxvNFmav.model_MGREV' assigned to 'Node204'
Model 'BxvNFmav.model_MGREV' assigned to 'MW889109_1_CANINE_PARVOVIRUS_2A_STRAIN_CPV15_COMP'
Model 'BxvNFmav.model_MGREV' assigned to 'MW889100_1_CANINE_PARVOVIRUS_2A_STRAIN_CPV06_COMP'
Model 'BxvNFmav.model_MGREV' assigned to 'Node207'
Model 'BxvNFmav.model_MGREV' assigned to 'Node203'
Model 'BxvNFmav.model_MGREV' assigned to 'Node201'
Model 'BxvNFmav.model_MGREV' assigned to 'Node199'
Model 'BxvNFmav.model_MGREV' assigned to 'Node197'
Model 'BxvNFmav.model_MGREV' assigned to 'Node195'
Model 'BxvNFmav.model_MGREV' assigned to 'Node191'
Model 'BxvNFmav.model_MGREV' assigned to 'Node185'
Model 'BxvNFmav.model_MGREV' assigned to 'Node183'
Model 'BxvNFmav.model_MGREV' assigned to 'Node171'
Model 'BxvNFmav.model_MGREV' assigned to 'MN451676_1_CANINE_PARVOVIRUS_ISOLATE_CPV603_COMPL'
Model 'BxvNFmav.model_MGREV' assigned to 'MF416372_1_CANINE_PARVOVIRUS_2_ISOLATE_NYC_BRONX_P'
Model 'BxvNFmav.model_MGREV' assigned to 'Node212'
Model 'BxvNFmav.model_MGREV' assigned to 'MN451684_1_CANINE_PARVOVIRUS_ISOLATE_CPV611_COMPL'
Model 'BxvNFmav.model_MGREV' assigned to 'MN451686_1_CANINE_PARVOVIRUS_ISOLATE_CPV613_COMPL'
Model 'BxvNFmav.model_MGREV' assigned to 'MT448705_1_CANINE_PARVOVIRUS_NONSTRUCTURAL_PROTEIN'
Model 'BxvNFmav.model_MGREV' assigned to 'MT448703_1_CANINE_PARVOVIRUS_NONSTRUCTURAL_PROTEIN'
Model 'BxvNFmav.model_MGREV' assigned to 'MT448702_1_CANINE_PARVOVIRUS_NONSTRUCTURAL_PROTEIN'
Model 'BxvNFmav.model_MGREV' assigned to 'Node221'
Model 'BxvNFmav.model_MGREV' assigned to 'Node219'
Model 'BxvNFmav.model_MGREV' assigned to 'Node217'
Model 'BxvNFmav.model_MGREV' assigned to 'Node215'
Model 'BxvNFmav.model_MGREV' assigned to 'Node211'
Model 'BxvNFmav.model_MGREV' assigned to 'MW539053_1_CANINE_PARVOVIRUS_2B_ISOLATE_I1_COMPLE'
Model 'BxvNFmav.model_MGREV' assigned to 'JQ268284_1_CANINE_PARVOVIRUS_2B_STRAIN_CPV_LZ2_CO'
Model 'BxvNFmav.model_MGREV' assigned to 'MT165692_1_CANINE_PARVOVIRUS_STRAIN_NEWCPV_2B_CHIN'
Model 'BxvNFmav.model_MGREV' assigned to 'MT441832_1_CANINE_PARVOVIRUS_STRAIN_ABT_CPV_MVC_03'
Model 'BxvNFmav.model_MGREV' assigned to 'MH476593_1_CANINE_PARVOVIRUS_STRAIN_CANINE_CHINA_2'
Model 'BxvNFmav.model_MGREV' assigned to 'MT394163_1_CANINE_PARVOVIRUS_ISOLATE_QD_12_COMPLE'
Model 'BxvNFmav.model_MGREV' assigned to 'MH476580_1_CANINE_PARVOVIRUS_STRAIN_CANINE_CHINA_1'
Model 'BxvNFmav.model_MGREV' assigned to 'MH476589_1_CANINE_PARVOVIRUS_STRAIN_CANINE_CHINA_2'
Model 'BxvNFmav.model_MGREV' assigned to 'Node239'
Model 'BxvNFmav.model_MGREV' assigned to 'JQ686671_1_CANINE_PARVOVIRUS_ISOLATE_CPV_2A_NON_ST'
Model 'BxvNFmav.model_MGREV' assigned to 'KT382542_1_CANINE_PARVOVIRUS_ISOLATE_CPV_SH14_COM'
Model 'BxvNFmav.model_MGREV' assigned to 'KR002792_1_CANINE_PARVOVIRUS_2A_STRAIN_CPV_CN_SH1_'
Model 'BxvNFmav.model_MGREV' assigned to 'KR002805_1_CANINE_PARVOVIRUS_2A_STRAIN_CPV_CN_SD19'
Model 'BxvNFmav.model_MGREV' assigned to 'KX618915_1_CANINE_PARVOVIRUS_STRAIN_2A_NON_STRUCTU'
Model 'BxvNFmav.model_MGREV' assigned to 'MW653250_1_CANINE_PARVOVIRUS_2A_STRAIN_CPV_22_IRAN'
Model 'BxvNFmav.model_MGREV' assigned to 'Node251'
Model 'BxvNFmav.model_MGREV' assigned to 'MF805798_1_CANINE_PARVOVIRUS_STRAIN_CANINE_CHINA_1'
Model 'BxvNFmav.model_MGREV' assigned to 'MF805791_1_CANINE_PARVOVIRUS_STRAIN_CANINE_CHINA_0'
Model 'BxvNFmav.model_MGREV' assigned to 'Node255'
Model 'BxvNFmav.model_MGREV' assigned to 'MN661243_1_CANINE_PARVOVIRUS_STRAIN_CPV_NEW_2A_VAR'
Model 'BxvNFmav.model_MGREV' assigned to 'MT648209_1_CANINE_PARVOVIRUS_ISOLATE_CPV_AHMAS17'
Model 'BxvNFmav.model_MGREV' assigned to 'Node259'
Model 'BxvNFmav.model_MGREV' assigned to 'KR002793_1_CANINE_PARVOVIRUS_2B_STRAIN_CPV_CN_HB1_'
Model 'BxvNFmav.model_MGREV' assigned to 'KR002796_1_CANINE_PARVOVIRUS_2B_STRAIN_CPV_CN_JL3_'
Model 'BxvNFmav.model_MGREV' assigned to 'MT648206_1_CANINE_PARVOVIRUS_ISOLATE_CPV_AHMAS3_C'
Model 'BxvNFmav.model_MGREV' assigned to 'Node264'
Model 'BxvNFmav.model_MGREV' assigned to 'Node262'
Model 'BxvNFmav.model_MGREV' assigned to 'Node258'
Model 'BxvNFmav.model_MGREV' assigned to 'Node254'
Model 'BxvNFmav.model_MGREV' assigned to 'Node250'
Model 'BxvNFmav.model_MGREV' assigned to 'Node248'
Model 'BxvNFmav.model_MGREV' assigned to 'Node246'
Model 'BxvNFmav.model_MGREV' assigned to 'Node244'
Model 'BxvNFmav.model_MGREV' assigned to 'Node242'
Model 'BxvNFmav.model_MGREV' assigned to 'Node238'
Model 'BxvNFmav.model_MGREV' assigned to 'Node236'
Model 'BxvNFmav.model_MGREV' assigned to 'Node234'
Model 'BxvNFmav.model_MGREV' assigned to 'Node232'
Model 'BxvNFmav.model_MGREV' assigned to 'Node230'
Model 'BxvNFmav.model_MGREV' assigned to 'Node228'
Model 'BxvNFmav.model_MGREV' assigned to 'Node226'
Model 'BxvNFmav.model_MGREV' assigned to 'MZ362881_1_CANINE_PARVOVIRUS_2B_ISOLATE_EMERALD_QU'
Model 'BxvNFmav.model_MGREV' assigned to 'MK306289_1_CANINE_PARVOVIRUS_ISOLATE_KOREA_CPV2C_1'
Model 'BxvNFmav.model_MGREV' assigned to 'MT394167_1_CANINE_PARVOVIRUS_ISOLATE_QD_20_COMPLE'
Model 'BxvNFmav.model_MGREV' assigned to 'MH476581_1_CANINE_PARVOVIRUS_STRAIN_CANINE_CHINA_1'
Model 'BxvNFmav.model_MGREV' assigned to 'MH476592_1_CANINE_PARVOVIRUS_STRAIN_CANINE_CHINA_2'
Model 'BxvNFmav.model_MGREV' assigned to 'MW650830_1_CANINE_PARVOVIRUS_ISOLATE_CPV_SH2001_NO'
Model 'BxvNFmav.model_MGREV' assigned to 'OM523072_1_CANINE_PARVOVIRUS_STRAIN_W17_PARTIAL_G'
Model 'BxvNFmav.model_MGREV' assigned to 'OM523071_1_CANINE_PARVOVIRUS_STRAIN_W21_PARTIAL_G'
Model 'BxvNFmav.model_MGREV' assigned to 'Node280'
Model 'BxvNFmav.model_MGREV' assigned to 'Node278'
Model 'BxvNFmav.model_MGREV' assigned to 'Node276'
Model 'BxvNFmav.model_MGREV' assigned to 'MT394165_1_CANINE_PARVOVIRUS_ISOLATE_QD_202_COMPL'
Model 'BxvNFmav.model_MGREV' assigned to 'OK094442_1_CANINE_PARVOVIRUS_ISOLATE_VNUA_CPV379_V'
Model 'BxvNFmav.model_MGREV' assigned to 'OK094444_1_CANINE_PARVOVIRUS_ISOLATE_VNUA_CPV384_B'
Model 'BxvNFmav.model_MGREV' assigned to 'Node286'
Model 'BxvNFmav.model_MGREV' assigned to 'MT648203_1_CANINE_PARVOVIRUS_ISOLATE_CPV_AHHF27_C'
Model 'BxvNFmav.model_MGREV' assigned to 'MT648207_1_CANINE_PARVOVIRUS_ISOLATE_CPV_AHMAS9_C'
Model 'BxvNFmav.model_MGREV' assigned to 'MF510157_1_CANINE_PARVOVIRUS_STRAIN_CPV_IZSSI_2743'
Model 'BxvNFmav.model_MGREV' assigned to 'MK306290_1_CANINE_PARVOVIRUS_ISOLATE_KOREA_CPV2C_2'
Model 'BxvNFmav.model_MGREV' assigned to 'OM523074_1_CANINE_PARVOVIRUS_STRAIN_W66_PARTIAL_G'
Model 'BxvNFmav.model_MGREV' assigned to 'MH476583_1_CANINE_PARVOVIRUS_STRAIN_CANINE_CHINA_1'
Model 'BxvNFmav.model_MGREV' assigned to 'Node298'
Model 'BxvNFmav.model_MGREV' assigned to 'MN519258_1_CANINE_PARVOVIRUS_STRAIN_CPV_JL19_NS1'
Model 'BxvNFmav.model_MGREV' assigned to 'MN832850_1_CANINE_PARVOVIRUS_2C_ISOLATE_TAIWAN_201'
Model 'BxvNFmav.model_MGREV' assigned to 'MT648202_1_CANINE_PARVOVIRUS_ISOLATE_CPV_AHHF7_CO'
Model 'BxvNFmav.model_MGREV' assigned to 'MH660909_1_CANINE_PARVOVIRUS_2C_STRAIN_5_MGL_COMP'
Model 'BxvNFmav.model_MGREV' assigned to 'Node306'
Model 'BxvNFmav.model_MGREV' assigned to 'Node304'
Model 'BxvNFmav.model_MGREV' assigned to 'Node302'
Model 'BxvNFmav.model_MGREV' assigned to 'OK094439_1_CANINE_PARVOVIRUS_ISOLATE_VNUA_CPV153_V'
Model 'BxvNFmav.model_MGREV' assigned to 'OK094438_1_CANINE_PARVOVIRUS_ISOLATE_VNUA_CPV152_H'
Model 'BxvNFmav.model_MGREV' assigned to 'Node310'
Model 'BxvNFmav.model_MGREV' assigned to 'MZ614963_1_CANINE_PARVOVIRUS_ISOLATE_CHINA_XA_2_P'
Model 'BxvNFmav.model_MGREV' assigned to 'MZ614964_1_CANINE_PARVOVIRUS_ISOLATE_CHINA_BJ_1_P'
Model 'BxvNFmav.model_MGREV' assigned to 'Node315'
Model 'BxvNFmav.model_MGREV' assigned to 'LC214969_1_CANINE_PARVOVIRUS_2C_NS1_VP2_GENES_FOR'
Model 'BxvNFmav.model_MGREV' assigned to 'MT106228_1_CANINE_PARVOVIRUS_2C_STRAIN_HN07_PARTI'
Model 'BxvNFmav.model_MGREV' assigned to 'MT106237_1_CANINE_PARVOVIRUS_2C_STRAIN_HCM03_PART'
Model 'BxvNFmav.model_MGREV' assigned to 'MT106236_1_CANINE_PARVOVIRUS_2C_STRAIN_DN02_PARTI'
Model 'BxvNFmav.model_MGREV' assigned to 'MT106233_1_CANINE_PARVOVIRUS_2C_STRAIN_DN01_PARTI'
Model 'BxvNFmav.model_MGREV' assigned to 'Node325'
Model 'BxvNFmav.model_MGREV' assigned to 'Node323'
Model 'BxvNFmav.model_MGREV' assigned to 'MT106230_1_CANINE_PARVOVIRUS_2C_STRAIN_HN08_PARTI'
Model 'BxvNFmav.model_MGREV' assigned to 'MT106231_1_CANINE_PARVOVIRUS_2C_STRAIN_HN30_PARTI'
Model 'BxvNFmav.model_MGREV' assigned to 'MT106229_1_CANINE_PARVOVIRUS_2C_STRAIN_HN04_PARTI'
Model 'BxvNFmav.model_MGREV' assigned to 'Node331'
Model 'BxvNFmav.model_MGREV' assigned to 'MT106232_1_CANINE_PARVOVIRUS_2C_STRAIN_HCM09_PART'
Model 'BxvNFmav.model_MGREV' assigned to 'MT106235_1_CANINE_PARVOVIRUS_2C_STRAIN_HN06_PARTI'
Model 'BxvNFmav.model_MGREV' assigned to 'MT106234_1_CANINE_PARVOVIRUS_2C_STRAIN_HCM01_PART'
Model 'BxvNFmav.model_MGREV' assigned to 'Node336'
Model 'BxvNFmav.model_MGREV' assigned to 'Node334'
Model 'BxvNFmav.model_MGREV' assigned to 'Node330'
Model 'BxvNFmav.model_MGREV' assigned to 'Node328'
Model 'BxvNFmav.model_MGREV' assigned to 'Node322'
Model 'BxvNFmav.model_MGREV' assigned to 'Node320'
Model 'BxvNFmav.model_MGREV' assigned to 'Node318'
Model 'BxvNFmav.model_MGREV' assigned to 'Node314'
Model 'BxvNFmav.model_MGREV' assigned to 'MF805796_1_CANINE_PARVOVIRUS_STRAIN_CANINE_CHINA_0'
Model 'BxvNFmav.model_MGREV' assigned to 'OM523070_1_CANINE_PARVOVIRUS_STRAIN_W33_PARTIAL_G'
Model 'BxvNFmav.model_MGREV' assigned to 'MF805797_1_CANINE_PARVOVIRUS_STRAIN_CANINE_CHINA_0'
Model 'BxvNFmav.model_MGREV' assigned to 'Node343'
Model 'BxvNFmav.model_MGREV' assigned to 'MT165693_1_CANINE_PARVOVIRUS_STRAIN_CPV_2C_CHINA_S'
Model 'BxvNFmav.model_MGREV' assigned to 'MW811188_1_CANINE_PARVOVIRUS_2C_STRAIN_CPV_SH2002'
Model 'BxvNFmav.model_MGREV' assigned to 'OM523073_1_CANINE_PARVOVIRUS_STRAIN_W07_PARTIAL_G'
Model 'BxvNFmav.model_MGREV' assigned to 'Node348'
Model 'BxvNFmav.model_MGREV' assigned to 'Node346'
Model 'BxvNFmav.model_MGREV' assigned to 'Node342'
Model 'BxvNFmav.model_MGREV' assigned to 'Node340'
Model 'BxvNFmav.model_MGREV' assigned to 'MT648205_1_CANINE_PARVOVIRUS_ISOLATE_CPV_MAS2_COM'
Model 'BxvNFmav.model_MGREV' assigned to 'OM523077_1_CANINE_PARVOVIRUS_STRAIN_W25_PARTIAL_G'
Model 'BxvNFmav.model_MGREV' assigned to 'MN451680_1_CANINE_PARVOVIRUS_ISOLATE_CPV607_COMPL'
Model 'BxvNFmav.model_MGREV' assigned to 'MN451687_1_CANINE_PARVOVIRUS_ISOLATE_CPV614_COMPL'
Model 'BxvNFmav.model_MGREV' assigned to 'Node356'
Model 'BxvNFmav.model_MGREV' assigned to 'Node354'
Model 'BxvNFmav.model_MGREV' assigned to 'Node352'
Model 'BxvNFmav.model_MGREV' assigned to 'MK806281_1_CARNIVORE_PROTOPARVOVIRUS_1_STRAIN_IZSS'
Model 'BxvNFmav.model_MGREV' assigned to 'MK806285_1_CARNIVORE_PROTOPARVOVIRUS_1_STRAIN_IZSS'
Model 'BxvNFmav.model_MGREV' assigned to 'MK806283_1_CARNIVORE_PROTOPARVOVIRUS_1_STRAIN_IZSS'
Model 'BxvNFmav.model_MGREV' assigned to 'Node362'
Model 'BxvNFmav.model_MGREV' assigned to 'Node360'
Model 'BxvNFmav.model_MGREV' assigned to 'MK806284_1_CARNIVORE_PROTOPARVOVIRUS_1_STRAIN_IZSS'
Model 'BxvNFmav.model_MGREV' assigned to 'OM523075_1_CANINE_PARVOVIRUS_STRAIN_W65_PARTIAL_G'
Model 'BxvNFmav.model_MGREV' assigned to 'MT648204_1_CANINE_PARVOVIRUS_ISOLATE_CPV_AHHF28_C'
Model 'BxvNFmav.model_MGREV' assigned to 'Node368'
Model 'BxvNFmav.model_MGREV' assigned to 'MH476587_1_CANINE_PARVOVIRUS_STRAIN_CANINE_CHINA_1'
Model 'BxvNFmav.model_MGREV' assigned to 'MK806279_1_CARNIVORE_PROTOPARVOVIRUS_1_STRAIN_IZSS'
Model 'BxvNFmav.model_MGREV' assigned to 'MH711894_1_CANINE_PARVOVIRUS_2C_STRAIN_CU24_COMPL'
Model 'BxvNFmav.model_MGREV' assigned to 'MK388674_1_CANINE_PARVOVIRUS_ISOLATE_HB2017_COMPL'
Model 'BxvNFmav.model_MGREV' assigned to 'MT892649_1_CANINE_PARVOVIRUS_ISOLATE_CHINA_XY_COM'
Model 'BxvNFmav.model_MGREV' assigned to 'Node378'
Model 'BxvNFmav.model_MGREV' assigned to 'Node376'
Model 'BxvNFmav.model_MGREV' assigned to 'Node374'
Model 'BxvNFmav.model_MGREV' assigned to 'Node372'
Model 'BxvNFmav.model_MGREV' assigned to 'MH476584_1_CANINE_PARVOVIRUS_STRAIN_CANINE_CHINA_1'
Model 'BxvNFmav.model_MGREV' assigned to 'MG013488_1_CANINE_PARVOVIRUS_ISOLATE_CPV_SH1516_C'
Model 'BxvNFmav.model_MGREV' assigned to 'MT648210_1_CANINE_PARVOVIRUS_ISOLATE_CPV_AHCF4_CO'
Model 'BxvNFmav.model_MGREV' assigned to 'MK895488_1_CARNIVORE_PROTOPARVOVIRUS_1_STRAIN_IZSS'
Model 'BxvNFmav.model_MGREV' assigned to 'MT840292_1_CARNIVORE_PROTOPARVOVIRUS_1_STRAIN_IZSS'
Model 'BxvNFmav.model_MGREV' assigned to 'MT840293_1_CARNIVORE_PROTOPARVOVIRUS_1_STRAIN_IZSS'
Model 'BxvNFmav.model_MGREV' assigned to 'MT840294_1_CARNIVORE_PROTOPARVOVIRUS_1_STRAIN_IZSS'
Model 'BxvNFmav.model_MGREV' assigned to 'MN451678_1_CANINE_PARVOVIRUS_ISOLATE_CPV605_COMPL'
Model 'BxvNFmav.model_MGREV' assigned to 'MT840291_1_CARNIVORE_PROTOPARVOVIRUS_1_STRAIN_IZSS'
Model 'BxvNFmav.model_MGREV' assigned to 'MT840290_1_CARNIVORE_PROTOPARVOVIRUS_1_STRAIN_IZSS'
Model 'BxvNFmav.model_MGREV' assigned to 'MK895487_1_CARNIVORE_PROTOPARVOVIRUS_1_STRAIN_IZSS'
Model 'BxvNFmav.model_MGREV' assigned to 'Node399'
Model 'BxvNFmav.model_MGREV' assigned to 'Node397'
Model 'BxvNFmav.model_MGREV' assigned to 'Node395'
Model 'BxvNFmav.model_MGREV' assigned to 'Node393'
Model 'BxvNFmav.model_MGREV' assigned to 'Node391'
Model 'BxvNFmav.model_MGREV' assigned to 'Node389'
Model 'BxvNFmav.model_MGREV' assigned to 'Node387'
Model 'BxvNFmav.model_MGREV' assigned to 'Node385'
Model 'BxvNFmav.model_MGREV' assigned to 'Node383'
Model 'BxvNFmav.model_MGREV' assigned to 'Node381'
Model 'BxvNFmav.model_MGREV' assigned to 'Node371'
Model 'BxvNFmav.model_MGREV' assigned to 'Node367'
Model 'BxvNFmav.model_MGREV' assigned to 'Node365'
Model 'BxvNFmav.model_MGREV' assigned to 'Node359'
Model 'BxvNFmav.model_MGREV' assigned to 'Node351'
Model 'BxvNFmav.model_MGREV' assigned to 'Node339'
Model 'BxvNFmav.model_MGREV' assigned to 'Node313'
Model 'BxvNFmav.model_MGREV' assigned to 'Node309'
Model 'BxvNFmav.model_MGREV' assigned to 'Node301'
Model 'BxvNFmav.model_MGREV' assigned to 'Node297'
Model 'BxvNFmav.model_MGREV' assigned to 'Node295'
Model 'BxvNFmav.model_MGREV' assigned to 'Node293'
Model 'BxvNFmav.model_MGREV' assigned to 'Node291'
Model 'BxvNFmav.model_MGREV' assigned to 'Node289'
Model 'BxvNFmav.model_MGREV' assigned to 'Node285'
Model 'BxvNFmav.model_MGREV' assigned to 'Node283'
Model 'BxvNFmav.model_MGREV' assigned to 'Node275'
Model 'BxvNFmav.model_MGREV' assigned to 'Node273'
Model 'BxvNFmav.model_MGREV' assigned to 'Node271'
Model 'BxvNFmav.model_MGREV' assigned to 'Node269'
Model 'BxvNFmav.model_MGREV' assigned to 'Node267'
Model 'BxvNFmav.model_MGREV' assigned to 'Node225'
Model 'BxvNFmav.model_MGREV' assigned to 'MF177271_1_CANINE_PARVOVIRUS_2C_ISOLATE_E26_NON_ST'
Model 'BxvNFmav.model_MGREV' assigned to 'MF177266_1_CANINE_PARVOVIRUS_2C_ISOLATE_E13_NON_ST'
Model 'BxvNFmav.model_MGREV' assigned to 'Node404'
Model 'BxvNFmav.model_MGREV' assigned to 'MZ666398_1_CARNIVORE_PROTOPARVOVIRUS_1_STRAIN_SDS2'
Model 'BxvNFmav.model_MGREV' assigned to 'MZ666397_1_CARNIVORE_PROTOPARVOVIRUS_1_STRAIN_SDS2'
Model 'BxvNFmav.model_MGREV' assigned to 'Node407'
Model 'BxvNFmav.model_MGREV' assigned to 'Node403'
Model 'BxvNFmav.model_MGREV' assigned to 'EU659120_1_CANINE_PARVOVIRUS_ISOLATE_CPV_411A_US_9'
Model 'BxvNFmav.model_MGREV' assigned to 'EU659119_1_CANINE_PARVOVIRUS_ISOLATE_CPV_410_US_00'
Model 'BxvNFmav.model_MGREV' assigned to 'Node411'
Model 'BxvNFmav.model_MGREV' assigned to 'MN451672_1_CANINE_PARVOVIRUS_ISOLATE_CPV305_COMPL'
Model 'BxvNFmav.model_MGREV' assigned to 'JN033694_1_CANINE_PARVOVIRUS_STRAIN_LAIKA_1993_CO'
Model 'BxvNFmav.model_MGREV' assigned to 'AY742934_1_CANINE_PARVOVIRUS_STRAIN_CPV_447_NONSTR'
Model 'BxvNFmav.model_MGREV' assigned to 'Node417'
Model 'BxvNFmav.model_MGREV' assigned to 'MF177225_1_CANINE_PARVOVIRUS_2B_ISOLATE_242_98_NON'
Model 'BxvNFmav.model_MGREV' assigned to 'MF177259_1_CANINE_PARVOVIRUS_2B_ISOLATE_BRA02_13_N'
Model 'BxvNFmav.model_MGREV' assigned to 'MF177232_1_CANINE_PARVOVIRUS_2B_ISOLATE_201_98_NON'
Model 'BxvNFmav.model_MGREV' assigned to 'Node423'
Model 'BxvNFmav.model_MGREV' assigned to 'Node421'
Model 'BxvNFmav.model_MGREV' assigned to 'MF177280_1_CANINE_PARVOVIRUS_2B_ISOLATE_E6_NON_STR'
Model 'BxvNFmav.model_MGREV' assigned to 'MN451677_1_CANINE_PARVOVIRUS_ISOLATE_CPV604_COMPL'
Model 'BxvNFmav.model_MGREV' assigned to 'MF423124_1_CANINE_PARVOVIRUS_ISOLATE_CPV_COYOTE_C5'
Model 'BxvNFmav.model_MGREV' assigned to 'Node429'
Model 'BxvNFmav.model_MGREV' assigned to 'Node427'
Model 'BxvNFmav.model_MGREV' assigned to 'MN451666_1_CANINE_PARVOVIRUS_ISOLATE_CPV54_COMPLE'
Model 'BxvNFmav.model_MGREV' assigned to 'MF177226_1_CANINE_PARVOVIRUS_2B_ISOLATE_1_99_NON_S'
Model 'BxvNFmav.model_MGREV' assigned to 'Node433'
Model 'BxvNFmav.model_MGREV' assigned to 'MN451657_1_CANINE_PARVOVIRUS_ISOLATE_CPV29_COMPLE'
Model 'BxvNFmav.model_MGREV' assigned to 'MN451667_1_CANINE_PARVOVIRUS_ISOLATE_CPV58_COMPLE'
Model 'BxvNFmav.model_MGREV' assigned to 'MN451661_1_CANINE_PARVOVIRUS_ISOLATE_CPV35_COMPLE'
Model 'BxvNFmav.model_MGREV' assigned to 'MN451659_1_CANINE_PARVOVIRUS_ISOLATE_CPV31_COMPLE'
Model 'BxvNFmav.model_MGREV' assigned to 'MN451658_1_CANINE_PARVOVIRUS_ISOLATE_CPV30_COMPLE'
Model 'BxvNFmav.model_MGREV' assigned to 'OM640099_1_CANINE_PARVOVIRUS_2_STRAIN_KH18_COMPLE'
Model 'BxvNFmav.model_MGREV' assigned to 'OM640102_1_CANINE_PARVOVIRUS_2_STRAIN_LSD39_COMPL'
Model 'BxvNFmav.model_MGREV' assigned to 'MN451669_1_CANINE_PARVOVIRUS_ISOLATE_CPV81_COMPLE'
Model 'BxvNFmav.model_MGREV' assigned to 'MN451670_1_CANINE_PARVOVIRUS_ISOLATE_CPV87_COMPLE'
Model 'BxvNFmav.model_MGREV' assigned to 'D26079_1_CANINE_PARVOVIRUS_DNA_COMPLETE_GENOME'
Model 'BxvNFmav.model_MGREV' assigned to 'MG763189_1_CANINE_PARVOVIRUS_ISOLATE_CPV_L_COMPLE'
Model 'BxvNFmav.model_MGREV' assigned to 'EU659118_1_CANINE_PARVOVIRUS_ISOLATE_CPV_13_US_81'
Model 'BxvNFmav.model_MGREV' assigned to 'Node457'
Model 'BxvNFmav.model_MGREV' assigned to 'Node455'
Model 'BxvNFmav.model_MGREV' assigned to 'Node453'
Model 'BxvNFmav.model_MGREV' assigned to 'Node451'
Model 'BxvNFmav.model_MGREV' assigned to 'Node449'
Model 'BxvNFmav.model_MGREV' assigned to 'Node447'
Model 'BxvNFmav.model_MGREV' assigned to 'Node445'
Model 'BxvNFmav.model_MGREV' assigned to 'Node443'
Model 'BxvNFmav.model_MGREV' assigned to 'Node441'
Model 'BxvNFmav.model_MGREV' assigned to 'Node439'
Model 'BxvNFmav.model_MGREV' assigned to 'Node437'
Model 'BxvNFmav.model_MGREV' assigned to 'MN451674_1_CANINE_PARVOVIRUS_ISOLATE_CPV353_COMPL'
Model 'BxvNFmav.model_MGREV' assigned to 'MF177281_1_CANINE_PARVOVIRUS_2A_ISOLATE_UY6_NON_ST'
Model 'BxvNFmav.model_MGREV' assigned to 'MF177241_1_CANINE_PARVOVIRUS_2A_ISOLATE_ARG9_NON_S'
Model 'BxvNFmav.model_MGREV' assigned to 'MF177246_1_CANINE_PARVOVIRUS_2B_ISOLATE_ARG50_NON_'
Model 'BxvNFmav.model_MGREV' assigned to 'MF177258_1_CANINE_PARVOVIRUS_2B_ISOLATE_BRA03_13_N'
Model 'BxvNFmav.model_MGREV' assigned to 'MF177256_1_CANINE_PARVOVIRUS_2B_ISOLATE_BRA05_13_N'
Model 'BxvNFmav.model_MGREV' assigned to 'Node471'
Model 'BxvNFmav.model_MGREV' assigned to 'Node469'
Model 'BxvNFmav.model_MGREV' assigned to 'Node467'
Model 'BxvNFmav.model_MGREV' assigned to 'Node465'
Model 'BxvNFmav.model_MGREV' assigned to 'Node463'
Model 'BxvNFmav.model_MGREV' assigned to 'AJ564427_2_CANINE_PARVOVIRUS_NS_GENE_FOR_NON_STRUC'
Model 'BxvNFmav.model_MGREV' assigned to 'AY742933_1_CANINE_PARVOVIRUS_STRAIN_CPV_339_NONSTR'
Model 'BxvNFmav.model_MGREV' assigned to 'AY742935_1_CANINE_PARVOVIRUS_STRAIN_CPV_U6_NONSTRU'
Model 'BxvNFmav.model_MGREV' assigned to 'KX434457_1_CANINE_PARVOVIRUS_STRAIN_CPV_IZSSI_987_'
Model 'BxvNFmav.model_MGREV' assigned to 'MT981023_1_CARNIVORE_PROTOPARVOVIRUS_1_STRAIN_IZSS'
Model 'BxvNFmav.model_MGREV' assigned to 'MF177231_1_CANINE_PARVOVIRUS_2A_ISOLATE_260_00_NON'
Model 'BxvNFmav.model_MGREV' assigned to 'MF177224_1_CANINE_PARVOVIRUS_2A_ISOLATE_43_97_NON_'
Model 'BxvNFmav.model_MGREV' assigned to 'Node484'
Model 'BxvNFmav.model_MGREV' assigned to 'Node482'
Model 'BxvNFmav.model_MGREV' assigned to 'Node480'
Model 'BxvNFmav.model_MGREV' assigned to 'Node478'
Model 'BxvNFmav.model_MGREV' assigned to 'Node476'
Model 'BxvNFmav.model_MGREV' assigned to 'Node474'
Model 'BxvNFmav.model_MGREV' assigned to 'Node462'
Model 'BxvNFmav.model_MGREV' assigned to 'MN451673_1_CANINE_PARVOVIRUS_ISOLATE_CPV307_COMPL'
Model 'BxvNFmav.model_MGREV' assigned to 'MK144546_1_CANINE_PARVOVIRUS_2A_ISOLATE_K01708_3_N'
Model 'BxvNFmav.model_MGREV' assigned to 'MG434740_1_CARNIVORE_PROTOPARVOVIRUS_1_STRAIN_CPV_'
Model 'BxvNFmav.model_MGREV' assigned to 'MG434742_1_CARNIVORE_PROTOPARVOVIRUS_1_STRAIN_CPV_'
Model 'BxvNFmav.model_MGREV' assigned to 'MG434743_1_CARNIVORE_PROTOPARVOVIRUS_1_STRAIN_CPV_'
Model 'BxvNFmav.model_MGREV' assigned to 'MG434741_1_CARNIVORE_PROTOPARVOVIRUS_1_STRAIN_CPV_'
Model 'BxvNFmav.model_MGREV' assigned to 'MT981020_1_CARNIVORE_PROTOPARVOVIRUS_1_STRAIN_IZSS'
Model 'BxvNFmav.model_MGREV' assigned to 'MT981022_1_CARNIVORE_PROTOPARVOVIRUS_1_STRAIN_IZSS'
Model 'BxvNFmav.model_MGREV' assigned to 'Node500'
Model 'BxvNFmav.model_MGREV' assigned to 'Node498'
Model 'BxvNFmav.model_MGREV' assigned to 'Node496'
Model 'BxvNFmav.model_MGREV' assigned to 'Node494'
Model 'BxvNFmav.model_MGREV' assigned to 'Node492'
Model 'BxvNFmav.model_MGREV' assigned to 'MN862741_1_CANINE_PARVOVIRUS_ISOLATE_CPV_2_AMERICA'
Model 'BxvNFmav.model_MGREV' assigned to 'MF069443_1_CANINE_PARVOVIRUS_STRAIN_CPV_RACCOON_RC'
Model 'BxvNFmav.model_MGREV' assigned to 'Node505'
Model 'BxvNFmav.model_MGREV' assigned to 'LC270891_1_CANINE_PARVOVIRUS_2B_NS1_NS2_VP1_VP2'
Model 'BxvNFmav.model_MGREV' assigned to 'KR002795_1_CANINE_PARVOVIRUS_2A_STRAIN_CPV_CN_JL1_'
Model 'BxvNFmav.model_MGREV' assigned to 'KR002797_1_CANINE_PARVOVIRUS_2A_STRAIN_CPV_CN_JL4_'
Model 'BxvNFmav.model_MGREV' assigned to 'EU310373_2_CANINE_PARVOVIRUS_ISOLATE_CPV_NJ01_06'
Model 'BxvNFmav.model_MGREV' assigned to 'KF366250_1_CANINE_PARVOVIRUS_ISOLATE_CPV_915_H_NS1'
Model 'BxvNFmav.model_MGREV' assigned to 'Node514'
Model 'BxvNFmav.model_MGREV' assigned to 'Node512'
Model 'BxvNFmav.model_MGREV' assigned to 'Node510'
Model 'BxvNFmav.model_MGREV' assigned to 'Node508'
Model 'BxvNFmav.model_MGREV' assigned to 'Node504'
Model 'BxvNFmav.model_MGREV' assigned to 'KR002798_1_CANINE_PARVOVIRUS_2A_STRAIN_CPV_CN_JL5_'
Model 'BxvNFmav.model_MGREV' assigned to 'MF423125_1_CANINE_PARVOVIRUS_ISOLATE_CPV_COYOTE_C6'
Model 'BxvNFmav.model_MGREV' assigned to 'OM640097_1_CANINE_PARVOVIRUS_2_STRAIN_CMP10_COMPL'
Model 'BxvNFmav.model_MGREV' assigned to 'KF638400_1_CANINE_PARVOVIRUS_ISOLATE_S5_NONSTRUCTU'
Model 'BxvNFmav.model_MGREV' assigned to 'MH476588_1_CANINE_PARVOVIRUS_STRAIN_CANINE_CHINA_1'
Model 'BxvNFmav.model_MGREV' assigned to 'MF134808_1_CANINE_PARVOVIRUS_STRAIN_CPV_BJ03_17_NO'
Model 'BxvNFmav.model_MGREV' assigned to 'JX660690_1_CANINE_PARVOVIRUS_ISOLATE_SC02_2011_NON'
Model 'BxvNFmav.model_MGREV' assigned to 'Node527'
Model 'BxvNFmav.model_MGREV' assigned to 'Node525'
Model 'BxvNFmav.model_MGREV' assigned to 'Node523'
Model 'BxvNFmav.model_MGREV' assigned to 'Node521'
Model 'BxvNFmav.model_MGREV' assigned to 'Node519'
Model 'BxvNFmav.model_MGREV' assigned to 'Node517'
Model 'BxvNFmav.model_MGREV' assigned to 'Node503'
Model 'BxvNFmav.model_MGREV' assigned to 'Node491'
Model 'BxvNFmav.model_MGREV' assigned to 'Node489'
Model 'BxvNFmav.model_MGREV' assigned to 'Node487'
Model 'BxvNFmav.model_MGREV' assigned to 'Node461'
Model 'BxvNFmav.model_MGREV' assigned to 'JN867613_1_CANINE_PARVOVIRUS_ISOLATE_CPV_RACCOON_F'
Model 'BxvNFmav.model_MGREV' assigned to 'JN867614_1_CANINE_PARVOVIRUS_ISOLATE_CPV_RACCOON_V'
Model 'BxvNFmav.model_MGREV' assigned to 'JN867616_1_CANINE_PARVOVIRUS_ISOLATE_CPV_RACCOON_G'
Model 'BxvNFmav.model_MGREV' assigned to 'JN867617_1_CANINE_PARVOVIRUS_ISOLATE_CPV_RACCOON_3'
Model 'BxvNFmav.model_MGREV' assigned to 'JN867615_1_CANINE_PARVOVIRUS_ISOLATE_CPV_RACCOON_G'
Model 'BxvNFmav.model_MGREV' assigned to 'Node537'
Model 'BxvNFmav.model_MGREV' assigned to 'Node535'
Model 'BxvNFmav.model_MGREV' assigned to 'Node533'
Model 'BxvNFmav.model_MGREV' assigned to 'JN867610_1_CANINE_PARVOVIRUS_ISOLATE_CPV_RACCOON_V'
Model 'BxvNFmav.model_MGREV' assigned to 'JN867611_1_CANINE_PARVOVIRUS_ISOLATE_CPV_RACCOON_K'
Model 'BxvNFmav.model_MGREV' assigned to 'MN451691_1_CANINE_PARVOVIRUS_ISOLATE_RACCPV1_COMP'
Model 'BxvNFmav.model_MGREV' assigned to 'JN867612_1_CANINE_PARVOVIRUS_ISOLATE_CPV_RACCOON_T'
Model 'BxvNFmav.model_MGREV' assigned to 'Node545'
Model 'BxvNFmav.model_MGREV' assigned to 'Node543'
Model 'BxvNFmav.model_MGREV' assigned to 'Node541'
Model 'BxvNFmav.model_MGREV' assigned to 'JN867618_1_CANINE_PARVOVIRUS_ISOLATE_CPV_RACCOON_W'
Model 'BxvNFmav.model_MGREV' assigned to 'NC_001539_1_CANINE_PARVOVIRUS_COMPLETE_GENOME'
Model 'BxvNFmav.model_MGREV' assigned to 'MW650832_1_CANINE_PARVOVIRUS_ISOLATE_NL_35_D_NONST'
Model 'BxvNFmav.model_MGREV' assigned to 'Node552'
Model 'BxvNFmav.model_MGREV' assigned to 'MN451664_1_CANINE_PARVOVIRUS_ISOLATE_CPV48_COMPLE'
Model 'BxvNFmav.model_MGREV' assigned to 'MN451655_1_CANINE_PARVOVIRUS_ISOLATE_CPV12_COMPLE'
Model 'BxvNFmav.model_MGREV' assigned to 'MN451695_1_CANINE_PARVOVIRUS_ISOLATE_RDPV124_COMP'
Model 'BxvNFmav.model_MGREV' assigned to 'MN747143_1_MINK_ENTERITIS_VIRUS_STRAIN_MEV_HB18_C'
Model 'BxvNFmav.model_MGREV' assigned to 'MN451665_1_CANINE_PARVOVIRUS_ISOLATE_CPV50_COMPLE'
Model 'BxvNFmav.model_MGREV' assigned to 'Node561'
Model 'BxvNFmav.model_MGREV' assigned to 'Node559'
Model 'BxvNFmav.model_MGREV' assigned to 'Node557'
Model 'BxvNFmav.model_MGREV' assigned to 'Node555'
Model 'BxvNFmav.model_MGREV' assigned to 'Node551'
Model 'BxvNFmav.model_MGREV' assigned to 'KP769859_1_FELINE_PANLEUKOPENIA_VIRUS_ISOLATE_MG13'
Model 'BxvNFmav.model_MGREV' assigned to 'MN127780_1_FELINE_PANLEUKOPENIA_VIRUS_ISOLATE_19R8'
Model 'BxvNFmav.model_MGREV' assigned to 'KX434462_1_FELINE_PANLEUKOPENIA_VIRUS_STRAIN_FPV_I'
Model 'BxvNFmav.model_MGREV' assigned to 'MH165482_1_FELINE_PANLEUKOPENIA_VIRUS_STRAIN_FPV_B'
Model 'BxvNFmav.model_MGREV' assigned to 'MH165481_1_FELINE_PANLEUKOPENIA_VIRUS_STRAIN_FPV_B'
Model 'BxvNFmav.model_MGREV' assigned to 'MN127781_1_FELINE_PANLEUKOPENIA_VIRUS_ISOLATE_19R1'
Model 'BxvNFmav.model_MGREV' assigned to 'Node573'
Model 'BxvNFmav.model_MGREV' assigned to 'Node571'
Model 'BxvNFmav.model_MGREV' assigned to 'KX434461_1_FELINE_PANLEUKOPENIA_VIRUS_STRAIN_FPV_I'
Model 'BxvNFmav.model_MGREV' assigned to 'MT178243_1_FELINE_PANLEUKOPENIA_VIRUS_ISOLATE_SY_0'
Model 'BxvNFmav.model_MGREV' assigned to 'EF988660_1_FELINE_PANLEUKOPENIA_VIRUS_STRAIN_XJ_1'
Model 'BxvNFmav.model_MGREV' assigned to 'Node580'
Model 'BxvNFmav.model_MGREV' assigned to 'KX900570_1_FELINE_PANLEUKOPENIA_VIRUS_ISOLATE_HH_1'
Model 'BxvNFmav.model_MGREV' assigned to 'MZ357122_1_MAG_FELINE_PANLEUKOPENIA_VIRUS_ISOLATE'
Model 'BxvNFmav.model_MGREV' assigned to 'MG764510_1_FELINE_PANLEUKOPENIA_VIRUS_ISOLATE_FPV_'
Model 'BxvNFmav.model_MGREV' assigned to 'KP280068_1_FELINE_PANLEUKOPENIA_VIRUS_ISOLATE_HRB_'
Model 'BxvNFmav.model_MGREV' assigned to 'Node588'
Model 'BxvNFmav.model_MGREV' assigned to 'Node586'
Model 'BxvNFmav.model_MGREV' assigned to 'MW091487_1_FELINE_PANLEUKOPENIA_VIRUS_ISOLATE_GIAN'
Model 'BxvNFmav.model_MGREV' assigned to 'MG764511_1_FELINE_PANLEUKOPENIA_VIRUS_ISOLATE_FPV_'
Model 'BxvNFmav.model_MGREV' assigned to 'KX685354_1_FELINE_PANLEUKOPENIA_VIRUS_STRAIN_HN_ZZ'
Model 'BxvNFmav.model_MGREV' assigned to 'Node593'
Model 'BxvNFmav.model_MGREV' assigned to 'Node591'
Model 'BxvNFmav.model_MGREV' assigned to 'Node585'
Model 'BxvNFmav.model_MGREV' assigned to 'Node583'
Model 'BxvNFmav.model_MGREV' assigned to 'Node579'
Model 'BxvNFmav.model_MGREV' assigned to 'Node577'
Model 'BxvNFmav.model_MGREV' assigned to 'MN451652_1_FELINE_PANLEUKOPENIA_VIRUS_ISOLATE_BFPV'
Model 'BxvNFmav.model_MGREV' assigned to 'X55115_1_FELINE_PANLEUKOPENIA_VIRUS_FPV_NS1_VP1'
Model 'BxvNFmav.model_MGREV' assigned to 'EU659112_1_FELINE_PANLEUKOPENIA_VIRUS_ISOLATE_FPV_'
Model 'BxvNFmav.model_MGREV' assigned to 'OM640096_1_FELINE_PANLEUKOPENIA_VIRUS_STRAIN_K1830'
Model 'BxvNFmav.model_MGREV' assigned to 'MN862745_1_FELINE_PANLEUKOPENIA_VIRUS_ISOLATE_FPV_'
Model 'BxvNFmav.model_MGREV' assigned to 'Node603'
Model 'BxvNFmav.model_MGREV' assigned to 'Node601'
Model 'BxvNFmav.model_MGREV' assigned to 'Node599'
Model 'BxvNFmav.model_MGREV' assigned to 'EU659115_1_FELINE_PANLEUKOPENIA_VIRUS_ISOLATE_FPV_'
Model 'BxvNFmav.model_MGREV' assigned to 'MZ357120_1_MAG_FELINE_PANLEUKOPENIA_VIRUS_ISOLATE'
Model 'BxvNFmav.model_MGREV' assigned to 'MN908257_1_FELINE_PANLEUKOPENIA_VIRUS_ISOLATE_MHS2'
Model 'BxvNFmav.model_MGREV' assigned to 'MW659466_1_FELINE_PANLEUKOPENIA_VIRUS_STRAIN_FPV_S'
Model 'BxvNFmav.model_MGREV' assigned to 'Node611'
Model 'BxvNFmav.model_MGREV' assigned to 'Node609'
Model 'BxvNFmav.model_MGREV' assigned to 'Node607'
Model 'BxvNFmav.model_MGREV' assigned to 'MF069446_1_FELINE_PANLEUKOPENIA_VIRUS_STRAIN_FPV_R'
Model 'BxvNFmav.model_MGREV' assigned to 'EU659114_1_FELINE_PANLEUKOPENIA_VIRUS_ISOLATE_FPV_'
Model 'BxvNFmav.model_MGREV' assigned to 'EU659113_1_FELINE_PANLEUKOPENIA_VIRUS_ISOLATE_FPV_'
Model 'BxvNFmav.model_MGREV' assigned to 'Node617'
Model 'BxvNFmav.model_MGREV' assigned to 'EU659111_1_FELINE_PANLEUKOPENIA_VIRUS_ISOLATE_FVP_'
Model 'BxvNFmav.model_MGREV' assigned to 'M38246_1_FELINE_PANLEUKOPENIA_VIRUS_NS_1_PROTEIN_A'
Model 'BxvNFmav.model_MGREV' assigned to 'MF069447_1_FELINE_PANLEUKOPENIA_VIRUS_STRAIN_FPV_R'
Model 'BxvNFmav.model_MGREV' assigned to 'Node623'
Model 'BxvNFmav.model_MGREV' assigned to 'Node621'
Model 'BxvNFmav.model_MGREV' assigned to 'MN862743_1_FELINE_PANLEUKOPENIA_VIRUS_ISOLATE_FPV_'
Model 'BxvNFmav.model_MGREV' assigned to 'MF069445_1_FELINE_PANLEUKOPENIA_VIRUS_STRAIN_FPV_R'
Model 'BxvNFmav.model_MGREV' assigned to 'Node627'
Model 'BxvNFmav.model_MGREV' assigned to 'MZ362883_1_FELINE_PARVOVIRUS_ISOLATE_AP_ROSEWORTH'
Model 'BxvNFmav.model_MGREV' assigned to 'MN862746_1_FELINE_PANLEUKOPENIA_VIRUS_ISOLATE_FPV_'
Model 'BxvNFmav.model_MGREV' assigned to 'MN862747_1_FELINE_PANLEUKOPENIA_VIRUS_ISOLATE_FPV_'
Model 'BxvNFmav.model_MGREV' assigned to 'MN862748_1_FELINE_PANLEUKOPENIA_VIRUS_ISOLATE_FPV_'
Model 'BxvNFmav.model_MGREV' assigned to 'MN862744_1_FELINE_PANLEUKOPENIA_VIRUS_ISOLATE_FPV_'
Model 'BxvNFmav.model_MGREV' assigned to 'Node636'
Model 'BxvNFmav.model_MGREV' assigned to 'Node634'
Model 'BxvNFmav.model_MGREV' assigned to 'Node632'
Model 'BxvNFmav.model_MGREV' assigned to 'Node630'
Model 'BxvNFmav.model_MGREV' assigned to 'Node626'
Model 'BxvNFmav.model_MGREV' assigned to 'Node620'
Model 'BxvNFmav.model_MGREV' assigned to 'Node616'
Model 'BxvNFmav.model_MGREV' assigned to 'Node614'
Model 'BxvNFmav.model_MGREV' assigned to 'Node606'
Model 'BxvNFmav.model_MGREV' assigned to 'Node598'
Model 'BxvNFmav.model_MGREV' assigned to 'Node596'
Model 'BxvNFmav.model_MGREV' assigned to 'Node576'
Model 'BxvNFmav.model_MGREV' assigned to 'Node570'
Model 'BxvNFmav.model_MGREV' assigned to 'Node568'
Model 'BxvNFmav.model_MGREV' assigned to 'Node566'
Model 'BxvNFmav.model_MGREV' assigned to 'Node564'
Model 'BxvNFmav.model_MGREV' assigned to 'Node550'
Model 'BxvNFmav.model_MGREV' assigned to 'Node548'
Model 'BxvNFmav.model_MGREV' assigned to 'Node540'
Model 'BxvNFmav.model_MGREV' assigned to 'Node532'
Model 'BxvNFmav.model_MGREV' assigned to 'Node530'
Model 'BxvNFmav.model_MGREV' assigned to 'Node460'
Model 'BxvNFmav.model_MGREV' assigned to 'Node436'
Model 'BxvNFmav.model_MGREV' assigned to 'Node432'
Model 'BxvNFmav.model_MGREV' assigned to 'Node426'
Model 'BxvNFmav.model_MGREV' assigned to 'Node420'
Model 'BxvNFmav.model_MGREV' assigned to 'Node416'
Model 'BxvNFmav.model_MGREV' assigned to 'Node414'
Model 'BxvNFmav.model_MGREV' assigned to 'Node410'
Model 'BxvNFmav.model_MGREV' assigned to 'Node402'
Model 'BxvNFmav.model_MGREV' assigned to 'Node224'
Model 'BxvNFmav.model_MGREV' assigned to 'Node210'
Model 'BxvNFmav.model_MGREV' assigned to 'Node170'
Model 'BxvNFmav.model_MGREV' assigned to 'Node168'
Model 'BxvNFmav.model_MGREV' assigned to 'Node166'
Model 'BxvNFmav.model_MGREV' assigned to 'Node4'
Overwritten previously defined function:'utility.ForEachPair.CB'